[0.703s] Invoking command in '/home/aichou/uni_projects/ROBM/robm-pixi/build/mouse_teleop': PIXI_PROMPT=(robm) PS1=(robm) \[\e]0;\u@\h: \w\a\]${debian_chroot:+($debian_chroot)}\[\033[01;32m\]\u@\h\[\033[00m\]:\[\033[01;34m\]\w\[\033[00m\]\$ PYTHONPATH=/home/aichou/uni_projects/ROBM/robm-pixi/build/mouse_teleop/prefix_override:/home/aichou/uni_projects/ROBM/robm-pixi/.pixi/envs/default/lib/python3.12/site-packages/colcon_core/task/python/colcon_distutils_commands:/home/aichou/uni_projects/ROBM/robm-pixi/install/mouse_teleop/lib/python3.12/site-packages:${PYTHONPATH} /home/aichou/uni_projects/ROBM/robm-pixi/.pixi/envs/default/bin/python3.12 -W ignore:setup.py install is deprecated -W ignore:easy_install command is deprecated setup.py develop --uninstall --editable --build-directory /home/aichou/uni_projects/ROBM/robm-pixi/build/mouse_teleop/build
[0.931s] /home/aichou/uni_projects/ROBM/robm-pixi/.pixi/envs/default/lib/python3.12/site-packages/setuptools/_distutils/dist.py:289: UserWarning: Unknown distribution option: 'tests_require'
[0.931s]   warnings.warn(msg)
[0.952s] /home/aichou/uni_projects/ROBM/robm-pixi/.pixi/envs/default/lib/python3.12/site-packages/setuptools/dist.py:759: SetuptoolsDeprecationWarning: License classifiers are deprecated.
[0.952s] !!
[0.952s] 
[0.952s]         ********************************************************************************
[0.952s]         Please consider removing the following classifiers in favor of a SPDX license expression:
[0.952s] 
[0.953s]         License :: OSI Approved :: BSD
[0.953s] 
[0.953s]         See https://packaging.python.org/en/latest/guides/writing-pyproject-toml/#license for details.
[0.953s]         ********************************************************************************
[0.953s] 
[0.953s] !!
[0.953s]   self._finalize_license_expression()
[1.019s] running develop
[1.161s] Removing /home/aichou/uni_projects/ROBM/robm-pixi/install/mouse_teleop/lib/python3.12/site-packages/mouse-teleop.egg-link (link to .)
[1.182s] Invoked command in '/home/aichou/uni_projects/ROBM/robm-pixi/build/mouse_teleop' returned '0': PIXI_PROMPT=(robm) PS1=(robm) \[\e]0;\u@\h: \w\a\]${debian_chroot:+($debian_chroot)}\[\033[01;32m\]\u@\h\[\033[00m\]:\[\033[01;34m\]\w\[\033[00m\]\$ PYTHONPATH=/home/aichou/uni_projects/ROBM/robm-pixi/build/mouse_teleop/prefix_override:/home/aichou/uni_projects/ROBM/robm-pixi/.pixi/envs/default/lib/python3.12/site-packages/colcon_core/task/python/colcon_distutils_commands:/home/aichou/uni_projects/ROBM/robm-pixi/install/mouse_teleop/lib/python3.12/site-packages:${PYTHONPATH} /home/aichou/uni_projects/ROBM/robm-pixi/.pixi/envs/default/bin/python3.12 -W ignore:setup.py install is deprecated -W ignore:easy_install command is deprecated setup.py develop --uninstall --editable --build-directory /home/aichou/uni_projects/ROBM/robm-pixi/build/mouse_teleop/build
[1.183s] Invoking command in '/home/aichou/uni_projects/ROBM/robm-pixi/src/teleop_tools/mouse_teleop': PIXI_PROMPT=(robm) PS1=(robm) \[\e]0;\u@\h: \w\a\]${debian_chroot:+($debian_chroot)}\[\033[01;32m\]\u@\h\[\033[00m\]:\[\033[01;34m\]\w\[\033[00m\]\$ PYTHONPATH=/home/aichou/uni_projects/ROBM/robm-pixi/build/mouse_teleop/prefix_override:/home/aichou/uni_projects/ROBM/robm-pixi/.pixi/envs/default/lib/python3.12/site-packages/colcon_core/task/python/colcon_distutils_commands:/home/aichou/uni_projects/ROBM/robm-pixi/install/mouse_teleop/lib/python3.12/site-packages:${PYTHONPATH} /home/aichou/uni_projects/ROBM/robm-pixi/.pixi/envs/default/bin/python3.12 -W ignore:setup.py install is deprecated -W ignore:easy_install command is deprecated setup.py egg_info --egg-base ../../../build/mouse_teleop build --build-base /home/aichou/uni_projects/ROBM/robm-pixi/build/mouse_teleop/build install --record /home/aichou/uni_projects/ROBM/robm-pixi/build/mouse_teleop/install.log --single-version-externally-managed install_data --force
[1.317s] /home/aichou/uni_projects/ROBM/robm-pixi/.pixi/envs/default/lib/python3.12/site-packages/setuptools/_distutils/dist.py:289: UserWarning: Unknown distribution option: 'tests_require'
[1.317s]   warnings.warn(msg)
[1.339s] /home/aichou/uni_projects/ROBM/robm-pixi/.pixi/envs/default/lib/python3.12/site-packages/setuptools/dist.py:759: SetuptoolsDeprecationWarning: License classifiers are deprecated.
[1.339s] !!
[1.339s] 
[1.339s]         ********************************************************************************
[1.339s]         Please consider removing the following classifiers in favor of a SPDX license expression:
[1.339s] 
[1.339s]         License :: OSI Approved :: BSD
[1.339s] 
[1.339s]         See https://packaging.python.org/en/latest/guides/writing-pyproject-toml/#license for details.
[1.339s]         ********************************************************************************
[1.339s] 
[1.339s] !!
[1.339s]   self._finalize_license_expression()
[1.388s] running egg_info
[1.398s] writing ../../../build/mouse_teleop/mouse_teleop.egg-info/PKG-INFO
[1.399s] writing dependency_links to ../../../build/mouse_teleop/mouse_teleop.egg-info/dependency_links.txt
[1.399s] writing entry points to ../../../build/mouse_teleop/mouse_teleop.egg-info/entry_points.txt
[1.399s] writing requirements to ../../../build/mouse_teleop/mouse_teleop.egg-info/requires.txt
[1.399s] writing top-level names to ../../../build/mouse_teleop/mouse_teleop.egg-info/top_level.txt
[1.420s] reading manifest file '../../../build/mouse_teleop/mouse_teleop.egg-info/SOURCES.txt'
[1.420s] adding license file 'LICENSE'
[1.421s] writing manifest file '../../../build/mouse_teleop/mouse_teleop.egg-info/SOURCES.txt'
[1.421s] running build
[1.421s] running build_py
[1.421s] creating /home/aichou/uni_projects/ROBM/robm-pixi/build/mouse_teleop/build/lib/mouse_teleop
[1.422s] copying mouse_teleop/mouse_teleop.py -> /home/aichou/uni_projects/ROBM/robm-pixi/build/mouse_teleop/build/lib/mouse_teleop
[1.422s] copying mouse_teleop/__init__.py -> /home/aichou/uni_projects/ROBM/robm-pixi/build/mouse_teleop/build/lib/mouse_teleop
[1.422s] running install
[1.425s] running install_lib
[1.437s] creating /home/aichou/uni_projects/ROBM/robm-pixi/install/mouse_teleop/lib/python3.12/site-packages/mouse_teleop
[1.437s] copying /home/aichou/uni_projects/ROBM/robm-pixi/build/mouse_teleop/build/lib/mouse_teleop/mouse_teleop.py -> /home/aichou/uni_projects/ROBM/robm-pixi/install/mouse_teleop/lib/python3.12/site-packages/mouse_teleop
[1.437s] copying /home/aichou/uni_projects/ROBM/robm-pixi/build/mouse_teleop/build/lib/mouse_teleop/__init__.py -> /home/aichou/uni_projects/ROBM/robm-pixi/install/mouse_teleop/lib/python3.12/site-packages/mouse_teleop
[1.438s] byte-compiling /home/aichou/uni_projects/ROBM/robm-pixi/install/mouse_teleop/lib/python3.12/site-packages/mouse_teleop/mouse_teleop.py to mouse_teleop.cpython-312.pyc
[1.439s] byte-compiling /home/aichou/uni_projects/ROBM/robm-pixi/install/mouse_teleop/lib/python3.12/site-packages/mouse_teleop/__init__.py to __init__.cpython-312.pyc
[1.439s] running install_data
[1.439s] copying package.xml -> /home/aichou/uni_projects/ROBM/robm-pixi/install/mouse_teleop/share/mouse_teleop
[1.440s] copying config/mouse_teleop.yaml -> /home/aichou/uni_projects/ROBM/robm-pixi/install/mouse_teleop/share/mouse_teleop/config
[1.440s] copying launch/mouse_teleop.launch.py -> /home/aichou/uni_projects/ROBM/robm-pixi/install/mouse_teleop/share/mouse_teleop/launch
[1.440s] copying resource/mouse_teleop -> /home/aichou/uni_projects/ROBM/robm-pixi/install/mouse_teleop/share/ament_index/resource_index/packages
[1.440s] running install_egg_info
[1.452s] Copying ../../../build/mouse_teleop/mouse_teleop.egg-info to /home/aichou/uni_projects/ROBM/robm-pixi/install/mouse_teleop/lib/python3.12/site-packages/mouse_teleop-1.8.0-py3.12.egg-info
[1.453s] running install_scripts
[1.510s] Installing mouse_teleop script to /home/aichou/uni_projects/ROBM/robm-pixi/install/mouse_teleop/lib/mouse_teleop
[1.510s] writing list of installed files to '/home/aichou/uni_projects/ROBM/robm-pixi/build/mouse_teleop/install.log'
[1.531s] Invoked command in '/home/aichou/uni_projects/ROBM/robm-pixi/src/teleop_tools/mouse_teleop' returned '0': PIXI_PROMPT=(robm) PS1=(robm) \[\e]0;\u@\h: \w\a\]${debian_chroot:+($debian_chroot)}\[\033[01;32m\]\u@\h\[\033[00m\]:\[\033[01;34m\]\w\[\033[00m\]\$ PYTHONPATH=/home/aichou/uni_projects/ROBM/robm-pixi/build/mouse_teleop/prefix_override:/home/aichou/uni_projects/ROBM/robm-pixi/.pixi/envs/default/lib/python3.12/site-packages/colcon_core/task/python/colcon_distutils_commands:/home/aichou/uni_projects/ROBM/robm-pixi/install/mouse_teleop/lib/python3.12/site-packages:${PYTHONPATH} /home/aichou/uni_projects/ROBM/robm-pixi/.pixi/envs/default/bin/python3.12 -W ignore:setup.py install is deprecated -W ignore:easy_install command is deprecated setup.py egg_info --egg-base ../../../build/mouse_teleop build --build-base /home/aichou/uni_projects/ROBM/robm-pixi/build/mouse_teleop/build install --record /home/aichou/uni_projects/ROBM/robm-pixi/build/mouse_teleop/install.log --single-version-externally-managed install_data --force
