[1.054s] Invoking command in '/home/aichou/uni_projects/ROBM/robm-pixi/src/teleop_tools/key_teleop': PIXI_PROMPT=(robm) PS1=(robm) \[\e]0;\u@\h: \w\a\]${debian_chroot:+($debian_chroot)}\[\033[01;32m\]\u@\h\[\033[00m\]:\[\033[01;34m\]\w\[\033[00m\]\$ PYTHONPATH=/home/aichou/uni_projects/ROBM/robm-pixi/src/build/key_teleop/prefix_override:/home/aichou/uni_projects/ROBM/robm-pixi/.pixi/envs/default/lib/python3.12/site-packages/colcon_core/task/python/colcon_distutils_commands:/home/aichou/uni_projects/ROBM/robm-pixi/src/install/key_teleop/lib/python3.12/site-packages:${PYTHONPATH} /home/aichou/uni_projects/ROBM/robm-pixi/.pixi/envs/default/bin/python3.12 -W ignore:setup.py install is deprecated -W ignore:easy_install command is deprecated setup.py egg_info --egg-base ../../build/key_teleop build --build-base /home/aichou/uni_projects/ROBM/robm-pixi/src/build/key_teleop/build install --record /home/aichou/uni_projects/ROBM/robm-pixi/src/build/key_teleop/install.log --single-version-externally-managed install_data
[1.164s] /home/aichou/uni_projects/ROBM/robm-pixi/.pixi/envs/default/lib/python3.12/site-packages/setuptools/_distutils/dist.py:289: UserWarning: Unknown distribution option: 'tests_require'
[1.164s]   warnings.warn(msg)
[1.183s] /home/aichou/uni_projects/ROBM/robm-pixi/.pixi/envs/default/lib/python3.12/site-packages/setuptools/dist.py:759: SetuptoolsDeprecationWarning: License classifiers are deprecated.
[1.183s] !!
[1.183s] 
[1.183s]         ********************************************************************************
[1.183s]         Please consider removing the following classifiers in favor of a SPDX license expression:
[1.183s] 
[1.183s]         License :: OSI Approved :: BSD
[1.183s] 
[1.183s]         See https://packaging.python.org/en/latest/guides/writing-pyproject-toml/#license for details.
[1.183s]         ********************************************************************************
[1.183s] 
[1.183s] !!
[1.183s]   self._finalize_license_expression()
[1.225s] running egg_info
[1.239s] writing ../../build/key_teleop/key_teleop.egg-info/PKG-INFO
[1.240s] writing dependency_links to ../../build/key_teleop/key_teleop.egg-info/dependency_links.txt
[1.240s] writing entry points to ../../build/key_teleop/key_teleop.egg-info/entry_points.txt
[1.240s] writing requirements to ../../build/key_teleop/key_teleop.egg-info/requires.txt
[1.240s] writing top-level names to ../../build/key_teleop/key_teleop.egg-info/top_level.txt
[1.261s] reading manifest file '../../build/key_teleop/key_teleop.egg-info/SOURCES.txt'
[1.262s] adding license file 'LICENSE'
[1.263s] writing manifest file '../../build/key_teleop/key_teleop.egg-info/SOURCES.txt'
[1.263s] running build
[1.263s] running build_py
[1.263s] copying key_teleop/key_teleop.py -> /home/aichou/uni_projects/ROBM/robm-pixi/src/build/key_teleop/build/lib/key_teleop
[1.263s] copying key_teleop/__init__.py -> /home/aichou/uni_projects/ROBM/robm-pixi/src/build/key_teleop/build/lib/key_teleop
[1.264s] running install
[1.267s] running install_lib
[1.281s] running install_data
[1.281s] copying package.xml -> /home/aichou/uni_projects/ROBM/robm-pixi/src/install/key_teleop/share/key_teleop
[1.281s] copying config/key_teleop.yaml -> /home/aichou/uni_projects/ROBM/robm-pixi/src/install/key_teleop/share/key_teleop/config
[1.282s] copying resource/key_teleop -> /home/aichou/uni_projects/ROBM/robm-pixi/src/install/key_teleop/share/ament_index/resource_index/packages
[1.282s] running install_egg_info
[1.294s] removing '/home/aichou/uni_projects/ROBM/robm-pixi/src/install/key_teleop/lib/python3.12/site-packages/key_teleop-1.8.0-py3.12.egg-info' (and everything under it)
[1.295s] Copying ../../build/key_teleop/key_teleop.egg-info to /home/aichou/uni_projects/ROBM/robm-pixi/src/install/key_teleop/lib/python3.12/site-packages/key_teleop-1.8.0-py3.12.egg-info
[1.296s] running install_scripts
[1.354s] Installing key_teleop script to /home/aichou/uni_projects/ROBM/robm-pixi/src/install/key_teleop/lib/key_teleop
[1.354s] writing list of installed files to '/home/aichou/uni_projects/ROBM/robm-pixi/src/build/key_teleop/install.log'
[1.375s] Invoked command in '/home/aichou/uni_projects/ROBM/robm-pixi/src/teleop_tools/key_teleop' returned '0': PIXI_PROMPT=(robm) PS1=(robm) \[\e]0;\u@\h: \w\a\]${debian_chroot:+($debian_chroot)}\[\033[01;32m\]\u@\h\[\033[00m\]:\[\033[01;34m\]\w\[\033[00m\]\$ PYTHONPATH=/home/aichou/uni_projects/ROBM/robm-pixi/src/build/key_teleop/prefix_override:/home/aichou/uni_projects/ROBM/robm-pixi/.pixi/envs/default/lib/python3.12/site-packages/colcon_core/task/python/colcon_distutils_commands:/home/aichou/uni_projects/ROBM/robm-pixi/src/install/key_teleop/lib/python3.12/site-packages:${PYTHONPATH} /home/aichou/uni_projects/ROBM/robm-pixi/.pixi/envs/default/bin/python3.12 -W ignore:setup.py install is deprecated -W ignore:easy_install command is deprecated setup.py egg_info --egg-base ../../build/key_teleop build --build-base /home/aichou/uni_projects/ROBM/robm-pixi/src/build/key_teleop/build install --record /home/aichou/uni_projects/ROBM/robm-pixi/src/build/key_teleop/install.log --single-version-externally-managed install_data
