[0.698s] Invoking command in '/home/aichou/uni_projects/ROBM/robm-pixi/build/key_teleop': PIXI_PROMPT=(robm) PS1=(robm) \[\e]0;\u@\h: \w\a\]${debian_chroot:+($debian_chroot)}\[\033[01;32m\]\u@\h\[\033[00m\]:\[\033[01;34m\]\w\[\033[00m\]\$ PYTHONPATH=/home/aichou/uni_projects/ROBM/robm-pixi/build/key_teleop/prefix_override:/home/aichou/uni_projects/ROBM/robm-pixi/.pixi/envs/default/lib/python3.12/site-packages/colcon_core/task/python/colcon_distutils_commands:/home/aichou/uni_projects/ROBM/robm-pixi/install/key_teleop/lib/python3.12/site-packages:${PYTHONPATH} /home/aichou/uni_projects/ROBM/robm-pixi/.pixi/envs/default/bin/python3.12 -W ignore:setup.py install is deprecated -W ignore:easy_install command is deprecated setup.py develop --uninstall --editable --build-directory /home/aichou/uni_projects/ROBM/robm-pixi/build/key_teleop/build
[0.815s] /home/aichou/uni_projects/ROBM/robm-pixi/.pixi/envs/default/lib/python3.12/site-packages/setuptools/_distutils/dist.py:289: UserWarning: Unknown distribution option: 'tests_require'
[0.815s]   warnings.warn(msg)
[0.858s] /home/aichou/uni_projects/ROBM/robm-pixi/.pixi/envs/default/lib/python3.12/site-packages/setuptools/dist.py:759: SetuptoolsDeprecationWarning: License classifiers are deprecated.
[0.858s] !!
[0.858s] 
[0.858s]         ********************************************************************************
[0.858s]         Please consider removing the following classifiers in favor of a SPDX license expression:
[0.858s] 
[0.858s]         License :: OSI Approved :: BSD
[0.858s] 
[0.859s]         See https://packaging.python.org/en/latest/guides/writing-pyproject-toml/#license for details.
[0.859s]         ********************************************************************************
[0.859s] 
[0.859s] !!
[0.859s]   self._finalize_license_expression()
[0.932s] running develop
[1.072s] Removing /home/aichou/uni_projects/ROBM/robm-pixi/install/key_teleop/lib/python3.12/site-packages/key-teleop.egg-link (link to .)
[1.099s] Invoked command in '/home/aichou/uni_projects/ROBM/robm-pixi/build/key_teleop' returned '0': PIXI_PROMPT=(robm) PS1=(robm) \[\e]0;\u@\h: \w\a\]${debian_chroot:+($debian_chroot)}\[\033[01;32m\]\u@\h\[\033[00m\]:\[\033[01;34m\]\w\[\033[00m\]\$ PYTHONPATH=/home/aichou/uni_projects/ROBM/robm-pixi/build/key_teleop/prefix_override:/home/aichou/uni_projects/ROBM/robm-pixi/.pixi/envs/default/lib/python3.12/site-packages/colcon_core/task/python/colcon_distutils_commands:/home/aichou/uni_projects/ROBM/robm-pixi/install/key_teleop/lib/python3.12/site-packages:${PYTHONPATH} /home/aichou/uni_projects/ROBM/robm-pixi/.pixi/envs/default/bin/python3.12 -W ignore:setup.py install is deprecated -W ignore:easy_install command is deprecated setup.py develop --uninstall --editable --build-directory /home/aichou/uni_projects/ROBM/robm-pixi/build/key_teleop/build
[1.101s] Invoking command in '/home/aichou/uni_projects/ROBM/robm-pixi/src/teleop_tools/key_teleop': PIXI_PROMPT=(robm) PS1=(robm) \[\e]0;\u@\h: \w\a\]${debian_chroot:+($debian_chroot)}\[\033[01;32m\]\u@\h\[\033[00m\]:\[\033[01;34m\]\w\[\033[00m\]\$ PYTHONPATH=/home/aichou/uni_projects/ROBM/robm-pixi/build/key_teleop/prefix_override:/home/aichou/uni_projects/ROBM/robm-pixi/.pixi/envs/default/lib/python3.12/site-packages/colcon_core/task/python/colcon_distutils_commands:/home/aichou/uni_projects/ROBM/robm-pixi/install/key_teleop/lib/python3.12/site-packages:${PYTHONPATH} /home/aichou/uni_projects/ROBM/robm-pixi/.pixi/envs/default/bin/python3.12 -W ignore:setup.py install is deprecated -W ignore:easy_install command is deprecated setup.py egg_info --egg-base ../../../build/key_teleop build --build-base /home/aichou/uni_projects/ROBM/robm-pixi/build/key_teleop/build install --record /home/aichou/uni_projects/ROBM/robm-pixi/build/key_teleop/install.log --single-version-externally-managed install_data --force
[1.204s] /home/aichou/uni_projects/ROBM/robm-pixi/.pixi/envs/default/lib/python3.12/site-packages/setuptools/_distutils/dist.py:289: UserWarning: Unknown distribution option: 'tests_require'
[1.204s]   warnings.warn(msg)
[1.230s] /home/aichou/uni_projects/ROBM/robm-pixi/.pixi/envs/default/lib/python3.12/site-packages/setuptools/dist.py:759: SetuptoolsDeprecationWarning: License classifiers are deprecated.
[1.230s] !!
[1.230s] 
[1.230s]         ********************************************************************************
[1.230s]         Please consider removing the following classifiers in favor of a SPDX license expression:
[1.230s] 
[1.230s]         License :: OSI Approved :: BSD
[1.230s] 
[1.230s]         See https://packaging.python.org/en/latest/guides/writing-pyproject-toml/#license for details.
[1.230s]         ********************************************************************************
[1.230s] 
[1.230s] !!
[1.230s]   self._finalize_license_expression()
[1.291s] running egg_info
[1.302s] writing ../../../build/key_teleop/key_teleop.egg-info/PKG-INFO
[1.302s] writing dependency_links to ../../../build/key_teleop/key_teleop.egg-info/dependency_links.txt
[1.302s] writing entry points to ../../../build/key_teleop/key_teleop.egg-info/entry_points.txt
[1.302s] writing requirements to ../../../build/key_teleop/key_teleop.egg-info/requires.txt
[1.302s] writing top-level names to ../../../build/key_teleop/key_teleop.egg-info/top_level.txt
[1.331s] reading manifest file '../../../build/key_teleop/key_teleop.egg-info/SOURCES.txt'
[1.331s] adding license file 'LICENSE'
[1.331s] writing manifest file '../../../build/key_teleop/key_teleop.egg-info/SOURCES.txt'
[1.332s] running build
[1.332s] running build_py
[1.332s] creating /home/aichou/uni_projects/ROBM/robm-pixi/build/key_teleop/build/lib/key_teleop
[1.332s] copying key_teleop/key_teleop.py -> /home/aichou/uni_projects/ROBM/robm-pixi/build/key_teleop/build/lib/key_teleop
[1.332s] copying key_teleop/__init__.py -> /home/aichou/uni_projects/ROBM/robm-pixi/build/key_teleop/build/lib/key_teleop
[1.332s] running install
[1.336s] running install_lib
[1.353s] creating /home/aichou/uni_projects/ROBM/robm-pixi/install/key_teleop/lib/python3.12/site-packages/key_teleop
[1.353s] copying /home/aichou/uni_projects/ROBM/robm-pixi/build/key_teleop/build/lib/key_teleop/key_teleop.py -> /home/aichou/uni_projects/ROBM/robm-pixi/install/key_teleop/lib/python3.12/site-packages/key_teleop
[1.353s] copying /home/aichou/uni_projects/ROBM/robm-pixi/build/key_teleop/build/lib/key_teleop/__init__.py -> /home/aichou/uni_projects/ROBM/robm-pixi/install/key_teleop/lib/python3.12/site-packages/key_teleop
[1.354s] byte-compiling /home/aichou/uni_projects/ROBM/robm-pixi/install/key_teleop/lib/python3.12/site-packages/key_teleop/key_teleop.py to key_teleop.cpython-312.pyc
[1.356s] byte-compiling /home/aichou/uni_projects/ROBM/robm-pixi/install/key_teleop/lib/python3.12/site-packages/key_teleop/__init__.py to __init__.cpython-312.pyc
[1.356s] running install_data
[1.356s] copying package.xml -> /home/aichou/uni_projects/ROBM/robm-pixi/install/key_teleop/share/key_teleop
[1.356s] copying config/key_teleop.yaml -> /home/aichou/uni_projects/ROBM/robm-pixi/install/key_teleop/share/key_teleop/config
[1.356s] copying resource/key_teleop -> /home/aichou/uni_projects/ROBM/robm-pixi/install/key_teleop/share/ament_index/resource_index/packages
[1.357s] running install_egg_info
[1.367s] Copying ../../../build/key_teleop/key_teleop.egg-info to /home/aichou/uni_projects/ROBM/robm-pixi/install/key_teleop/lib/python3.12/site-packages/key_teleop-1.8.0-py3.12.egg-info
[1.369s] running install_scripts
[1.424s] Installing key_teleop script to /home/aichou/uni_projects/ROBM/robm-pixi/install/key_teleop/lib/key_teleop
[1.424s] writing list of installed files to '/home/aichou/uni_projects/ROBM/robm-pixi/build/key_teleop/install.log'
[1.447s] Invoked command in '/home/aichou/uni_projects/ROBM/robm-pixi/src/teleop_tools/key_teleop' returned '0': PIXI_PROMPT=(robm) PS1=(robm) \[\e]0;\u@\h: \w\a\]${debian_chroot:+($debian_chroot)}\[\033[01;32m\]\u@\h\[\033[00m\]:\[\033[01;34m\]\w\[\033[00m\]\$ PYTHONPATH=/home/aichou/uni_projects/ROBM/robm-pixi/build/key_teleop/prefix_override:/home/aichou/uni_projects/ROBM/robm-pixi/.pixi/envs/default/lib/python3.12/site-packages/colcon_core/task/python/colcon_distutils_commands:/home/aichou/uni_projects/ROBM/robm-pixi/install/key_teleop/lib/python3.12/site-packages:${PYTHONPATH} /home/aichou/uni_projects/ROBM/robm-pixi/.pixi/envs/default/bin/python3.12 -W ignore:setup.py install is deprecated -W ignore:easy_install command is deprecated setup.py egg_info --egg-base ../../../build/key_teleop build --build-base /home/aichou/uni_projects/ROBM/robm-pixi/build/key_teleop/build install --record /home/aichou/uni_projects/ROBM/robm-pixi/build/key_teleop/install.log --single-version-externally-managed install_data --force
