[0.151s] Invoking command in '/home/aichou/uni_projects/ROBM/robm-pixi/build/robm_interfaces': CMAKE_PREFIX_PATH=${CMAKE_PREFIX_PATH}:/home/aichou/uni_projects/ROBM/robm-pixi/install/robm_tp2_move:/home/aichou/uni_projects/ROBM/robm-pixi/install/joy_teleop:/home/aichou/uni_projects/ROBM/robm-pixi/install/robm_tp1_color:/home/aichou/uni_projects/ROBM/robm-pixi/install/robm_bridge:/home/aichou/uni_projects/ROBM/robm-pixi/install/mouse_teleop:/home/aichou/uni_projects/ROBM/robm-pixi/install/key_teleop PIXI_PROMPT=(robm) PS1=(robm) \[\e]0;\u@\h: \w\a\]${debian_chroot:+($debian_chroot)}\[\033[01;32m\]\u@\h\[\033[00m\]:\[\033[01;34m\]\w\[\033[00m\]\$ /home/aichou/uni_projects/ROBM/robm-pixi/.pixi/envs/default/bin/cmake --build /home/aichou/uni_projects/ROBM/robm-pixi/build/robm_interfaces -- -j22 -l22
[0.544s] [  1%] Built target robm_interfaces__rosidl_generator_type_description
[0.544s] [  1%] Built target ament_cmake_python_symlink_robm_interfaces
[0.544s] [  3%] Built target robm_interfaces__cpp
[0.544s] [ 25%] Built target robm_interfaces__rosidl_generator_c
[0.544s] [ 34%] Built target robm_interfaces__rosidl_typesupport_introspection_c
[0.544s] [ 43%] Built target robm_interfaces__rosidl_typesupport_c
[0.544s] [ 53%] Built target robm_interfaces__rosidl_typesupport_introspection_cpp
[0.544s] [ 67%] Built target robm_interfaces__rosidl_typesupport_cpp
[0.544s] [ 71%] Built target robm_interfaces__rosidl_typesupport_fastrtps_cpp
[0.544s] [ 81%] Built target robm_interfaces__rosidl_typesupport_fastrtps_c
[0.545s] [ 81%] Built target robm_interfaces
[0.545s] [ 82%] Built target robm_interfaces__py
[0.545s] [ 90%] Built target robm_interfaces__rosidl_generator_py
[0.545s] [ 96%] Built target robm_interfaces_s__rosidl_typesupport_fastrtps_c
[0.545s] [ 96%] Built target robm_interfaces_s__rosidl_typesupport_introspection_c
[0.545s] [100%] Built target robm_interfaces_s__rosidl_typesupport_c
[0.545s] running egg_info
[0.545s] writing robm_interfaces.egg-info/PKG-INFO
[0.545s] writing dependency_links to robm_interfaces.egg-info/dependency_links.txt
[0.545s] writing top-level names to robm_interfaces.egg-info/top_level.txt
[0.545s] reading manifest file 'robm_interfaces.egg-info/SOURCES.txt'
[0.545s] writing manifest file 'robm_interfaces.egg-info/SOURCES.txt'
[0.546s] [100%] Built target ament_cmake_python_build_robm_interfaces_egg
[0.552s] Invoked command in '/home/aichou/uni_projects/ROBM/robm-pixi/build/robm_interfaces' returned '0': CMAKE_PREFIX_PATH=${CMAKE_PREFIX_PATH}:/home/aichou/uni_projects/ROBM/robm-pixi/install/robm_tp2_move:/home/aichou/uni_projects/ROBM/robm-pixi/install/joy_teleop:/home/aichou/uni_projects/ROBM/robm-pixi/install/robm_tp1_color:/home/aichou/uni_projects/ROBM/robm-pixi/install/robm_bridge:/home/aichou/uni_projects/ROBM/robm-pixi/install/mouse_teleop:/home/aichou/uni_projects/ROBM/robm-pixi/install/key_teleop PIXI_PROMPT=(robm) PS1=(robm) \[\e]0;\u@\h: \w\a\]${debian_chroot:+($debian_chroot)}\[\033[01;32m\]\u@\h\[\033[00m\]:\[\033[01;34m\]\w\[\033[00m\]\$ /home/aichou/uni_projects/ROBM/robm-pixi/.pixi/envs/default/bin/cmake --build /home/aichou/uni_projects/ROBM/robm-pixi/build/robm_interfaces -- -j22 -l22
[0.553s] Invoking command in '/home/aichou/uni_projects/ROBM/robm-pixi/build/robm_interfaces': CMAKE_PREFIX_PATH=${CMAKE_PREFIX_PATH}:/home/aichou/uni_projects/ROBM/robm-pixi/install/robm_tp2_move:/home/aichou/uni_projects/ROBM/robm-pixi/install/joy_teleop:/home/aichou/uni_projects/ROBM/robm-pixi/install/robm_tp1_color:/home/aichou/uni_projects/ROBM/robm-pixi/install/robm_bridge:/home/aichou/uni_projects/ROBM/robm-pixi/install/mouse_teleop:/home/aichou/uni_projects/ROBM/robm-pixi/install/key_teleop PIXI_PROMPT=(robm) PS1=(robm) \[\e]0;\u@\h: \w\a\]${debian_chroot:+($debian_chroot)}\[\033[01;32m\]\u@\h\[\033[00m\]:\[\033[01;34m\]\w\[\033[00m\]\$ /home/aichou/uni_projects/ROBM/robm-pixi/.pixi/envs/default/bin/cmake --install /home/aichou/uni_projects/ROBM/robm-pixi/build/robm_interfaces
[0.558s] -- Install configuration: ""
[0.558s] -- Execute custom install script
[0.560s] -- Up-to-date symlink: /home/aichou/uni_projects/ROBM/robm-pixi/install/robm_interfaces/share/ament_index/resource_index/rosidl_interfaces/robm_interfaces
[0.561s] -- Up-to-date symlink: /home/aichou/uni_projects/ROBM/robm-pixi/install/robm_interfaces/share/robm_interfaces/msg/Color.json
[0.563s] -- Up-to-date symlink: /home/aichou/uni_projects/ROBM/robm-pixi/install/robm_interfaces/share/robm_interfaces/msg/RoverMotorsCmd.json
[0.564s] -- Up-to-date symlink: /home/aichou/uni_projects/ROBM/robm-pixi/install/robm_interfaces/share/robm_interfaces/msg/GripperCommand.json
[0.564s] -- Up-to-date symlink: /home/aichou/uni_projects/ROBM/robm-pixi/install/robm_interfaces/share/robm_interfaces/msg/ServoCommand.json
[0.565s] -- Up-to-date symlink: /home/aichou/uni_projects/ROBM/robm-pixi/install/robm_interfaces/include/robm_interfaces/robm_interfaces/msg/color.h
[0.566s] -- Up-to-date symlink: /home/aichou/uni_projects/ROBM/robm-pixi/install/robm_interfaces/include/robm_interfaces/robm_interfaces/msg/detail/color__functions.h
[0.566s] -- Up-to-date symlink: /home/aichou/uni_projects/ROBM/robm-pixi/install/robm_interfaces/include/robm_interfaces/robm_interfaces/msg/detail/color__struct.h
[0.567s] -- Up-to-date symlink: /home/aichou/uni_projects/ROBM/robm-pixi/install/robm_interfaces/include/robm_interfaces/robm_interfaces/msg/detail/color__type_support.h
[0.567s] -- Up-to-date symlink: /home/aichou/uni_projects/ROBM/robm-pixi/install/robm_interfaces/include/robm_interfaces/robm_interfaces/msg/detail/gripper_command__functions.h
[0.568s] -- Up-to-date symlink: /home/aichou/uni_projects/ROBM/robm-pixi/install/robm_interfaces/include/robm_interfaces/robm_interfaces/msg/detail/gripper_command__struct.h
[0.568s] -- Up-to-date symlink: /home/aichou/uni_projects/ROBM/robm-pixi/install/robm_interfaces/include/robm_interfaces/robm_interfaces/msg/detail/gripper_command__type_support.h
[0.568s] -- Up-to-date symlink: /home/aichou/uni_projects/ROBM/robm-pixi/install/robm_interfaces/include/robm_interfaces/robm_interfaces/msg/detail/rover_motors_cmd__functions.h
[0.569s] -- Up-to-date symlink: /home/aichou/uni_projects/ROBM/robm-pixi/install/robm_interfaces/include/robm_interfaces/robm_interfaces/msg/detail/rover_motors_cmd__struct.h
[0.569s] -- Up-to-date symlink: /home/aichou/uni_projects/ROBM/robm-pixi/install/robm_interfaces/include/robm_interfaces/robm_interfaces/msg/detail/rover_motors_cmd__type_support.h
[0.570s] -- Up-to-date symlink: /home/aichou/uni_projects/ROBM/robm-pixi/install/robm_interfaces/include/robm_interfaces/robm_interfaces/msg/detail/servo_command__functions.h
[0.570s] -- Up-to-date symlink: /home/aichou/uni_projects/ROBM/robm-pixi/install/robm_interfaces/include/robm_interfaces/robm_interfaces/msg/detail/servo_command__struct.h
[0.570s] -- Up-to-date symlink: /home/aichou/uni_projects/ROBM/robm-pixi/install/robm_interfaces/include/robm_interfaces/robm_interfaces/msg/detail/servo_command__type_support.h
[0.571s] -- Up-to-date symlink: /home/aichou/uni_projects/ROBM/robm-pixi/install/robm_interfaces/include/robm_interfaces/robm_interfaces/msg/gripper_command.h
[0.571s] -- Up-to-date symlink: /home/aichou/uni_projects/ROBM/robm-pixi/install/robm_interfaces/include/robm_interfaces/robm_interfaces/msg/rosidl_generator_c__visibility_control.h
[0.572s] -- Up-to-date symlink: /home/aichou/uni_projects/ROBM/robm-pixi/install/robm_interfaces/include/robm_interfaces/robm_interfaces/msg/rover_motors_cmd.h
[0.572s] -- Up-to-date symlink: /home/aichou/uni_projects/ROBM/robm-pixi/install/robm_interfaces/include/robm_interfaces/robm_interfaces/msg/servo_command.h
[0.573s] -- Up-to-date symlink: /home/aichou/uni_projects/ROBM/robm-pixi/install/robm_interfaces/share/robm_interfaces/environment/library_path.sh
[0.573s] -- Up-to-date symlink: /home/aichou/uni_projects/ROBM/robm-pixi/install/robm_interfaces/share/robm_interfaces/environment/library_path.dsv
[0.575s] -- Up-to-date symlink: /home/aichou/uni_projects/ROBM/robm-pixi/install/robm_interfaces/include/robm_interfaces/robm_interfaces/msg/detail/color__rosidl_typesupport_fastrtps_c.h
[0.575s] -- Up-to-date symlink: /home/aichou/uni_projects/ROBM/robm-pixi/install/robm_interfaces/include/robm_interfaces/robm_interfaces/msg/detail/gripper_command__rosidl_typesupport_fastrtps_c.h
[0.576s] -- Up-to-date symlink: /home/aichou/uni_projects/ROBM/robm-pixi/install/robm_interfaces/include/robm_interfaces/robm_interfaces/msg/detail/rover_motors_cmd__rosidl_typesupport_fastrtps_c.h
[0.576s] -- Up-to-date symlink: /home/aichou/uni_projects/ROBM/robm-pixi/install/robm_interfaces/include/robm_interfaces/robm_interfaces/msg/detail/servo_command__rosidl_typesupport_fastrtps_c.h
[0.576s] -- Up-to-date symlink: /home/aichou/uni_projects/ROBM/robm-pixi/install/robm_interfaces/include/robm_interfaces/robm_interfaces/msg/rosidl_typesupport_fastrtps_c__visibility_control.h
[0.578s] -- Up-to-date symlink: /home/aichou/uni_projects/ROBM/robm-pixi/install/robm_interfaces/include/robm_interfaces/robm_interfaces/msg/color.hpp
[0.578s] -- Up-to-date symlink: /home/aichou/uni_projects/ROBM/robm-pixi/install/robm_interfaces/include/robm_interfaces/robm_interfaces/msg/detail/color__builder.hpp
[0.578s] -- Up-to-date symlink: /home/aichou/uni_projects/ROBM/robm-pixi/install/robm_interfaces/include/robm_interfaces/robm_interfaces/msg/detail/color__struct.hpp
[0.579s] -- Up-to-date symlink: /home/aichou/uni_projects/ROBM/robm-pixi/install/robm_interfaces/include/robm_interfaces/robm_interfaces/msg/detail/color__traits.hpp
[0.579s] -- Up-to-date symlink: /home/aichou/uni_projects/ROBM/robm-pixi/install/robm_interfaces/include/robm_interfaces/robm_interfaces/msg/detail/color__type_support.hpp
[0.579s] -- Up-to-date symlink: /home/aichou/uni_projects/ROBM/robm-pixi/install/robm_interfaces/include/robm_interfaces/robm_interfaces/msg/detail/gripper_command__builder.hpp
[0.580s] -- Up-to-date symlink: /home/aichou/uni_projects/ROBM/robm-pixi/install/robm_interfaces/include/robm_interfaces/robm_interfaces/msg/detail/gripper_command__struct.hpp
[0.580s] -- Up-to-date symlink: /home/aichou/uni_projects/ROBM/robm-pixi/install/robm_interfaces/include/robm_interfaces/robm_interfaces/msg/detail/gripper_command__traits.hpp
[0.580s] -- Up-to-date symlink: /home/aichou/uni_projects/ROBM/robm-pixi/install/robm_interfaces/include/robm_interfaces/robm_interfaces/msg/detail/gripper_command__type_support.hpp
[0.581s] -- Up-to-date symlink: /home/aichou/uni_projects/ROBM/robm-pixi/install/robm_interfaces/include/robm_interfaces/robm_interfaces/msg/detail/rover_motors_cmd__builder.hpp
[0.581s] -- Up-to-date symlink: /home/aichou/uni_projects/ROBM/robm-pixi/install/robm_interfaces/include/robm_interfaces/robm_interfaces/msg/detail/rover_motors_cmd__struct.hpp
[0.581s] -- Up-to-date symlink: /home/aichou/uni_projects/ROBM/robm-pixi/install/robm_interfaces/include/robm_interfaces/robm_interfaces/msg/detail/rover_motors_cmd__traits.hpp
[0.582s] -- Up-to-date symlink: /home/aichou/uni_projects/ROBM/robm-pixi/install/robm_interfaces/include/robm_interfaces/robm_interfaces/msg/detail/rover_motors_cmd__type_support.hpp
[0.583s] -- Up-to-date symlink: /home/aichou/uni_projects/ROBM/robm-pixi/install/robm_interfaces/include/robm_interfaces/robm_interfaces/msg/detail/servo_command__builder.hpp
[0.583s] -- Up-to-date symlink: /home/aichou/uni_projects/ROBM/robm-pixi/install/robm_interfaces/include/robm_interfaces/robm_interfaces/msg/detail/servo_command__struct.hpp
[0.583s] -- Up-to-date symlink: /home/aichou/uni_projects/ROBM/robm-pixi/install/robm_interfaces/include/robm_interfaces/robm_interfaces/msg/detail/servo_command__traits.hpp
[0.583s] -- Up-to-date symlink: /home/aichou/uni_projects/ROBM/robm-pixi/install/robm_interfaces/include/robm_interfaces/robm_interfaces/msg/detail/servo_command__type_support.hpp
[0.583s] -- Up-to-date symlink: /home/aichou/uni_projects/ROBM/robm-pixi/install/robm_interfaces/include/robm_interfaces/robm_interfaces/msg/gripper_command.hpp
[0.584s] -- Up-to-date symlink: /home/aichou/uni_projects/ROBM/robm-pixi/install/robm_interfaces/include/robm_interfaces/robm_interfaces/msg/rosidl_generator_cpp__visibility_control.hpp
[0.584s] -- Up-to-date symlink: /home/aichou/uni_projects/ROBM/robm-pixi/install/robm_interfaces/include/robm_interfaces/robm_interfaces/msg/rover_motors_cmd.hpp
[0.584s] -- Up-to-date symlink: /home/aichou/uni_projects/ROBM/robm-pixi/install/robm_interfaces/include/robm_interfaces/robm_interfaces/msg/servo_command.hpp
[0.586s] -- Up-to-date symlink: /home/aichou/uni_projects/ROBM/robm-pixi/install/robm_interfaces/include/robm_interfaces/robm_interfaces/msg/detail/color__rosidl_typesupport_fastrtps_cpp.hpp
[0.586s] -- Up-to-date symlink: /home/aichou/uni_projects/ROBM/robm-pixi/install/robm_interfaces/include/robm_interfaces/robm_interfaces/msg/detail/gripper_command__rosidl_typesupport_fastrtps_cpp.hpp
[0.586s] -- Up-to-date symlink: /home/aichou/uni_projects/ROBM/robm-pixi/install/robm_interfaces/include/robm_interfaces/robm_interfaces/msg/detail/rover_motors_cmd__rosidl_typesupport_fastrtps_cpp.hpp
[0.587s] -- Up-to-date symlink: /home/aichou/uni_projects/ROBM/robm-pixi/install/robm_interfaces/include/robm_interfaces/robm_interfaces/msg/detail/servo_command__rosidl_typesupport_fastrtps_cpp.hpp
[0.587s] -- Up-to-date symlink: /home/aichou/uni_projects/ROBM/robm-pixi/install/robm_interfaces/include/robm_interfaces/robm_interfaces/msg/rosidl_typesupport_fastrtps_cpp__visibility_control.h
[0.588s] -- Up-to-date symlink: /home/aichou/uni_projects/ROBM/robm-pixi/install/robm_interfaces/include/robm_interfaces/robm_interfaces/msg/detail/color__rosidl_typesupport_introspection_c.h
[0.588s] -- Up-to-date symlink: /home/aichou/uni_projects/ROBM/robm-pixi/install/robm_interfaces/include/robm_interfaces/robm_interfaces/msg/detail/gripper_command__rosidl_typesupport_introspection_c.h
[0.588s] -- Up-to-date symlink: /home/aichou/uni_projects/ROBM/robm-pixi/install/robm_interfaces/include/robm_interfaces/robm_interfaces/msg/detail/rover_motors_cmd__rosidl_typesupport_introspection_c.h
[0.588s] -- Up-to-date symlink: /home/aichou/uni_projects/ROBM/robm-pixi/install/robm_interfaces/include/robm_interfaces/robm_interfaces/msg/detail/servo_command__rosidl_typesupport_introspection_c.h
[0.589s] -- Up-to-date symlink: /home/aichou/uni_projects/ROBM/robm-pixi/install/robm_interfaces/include/robm_interfaces/robm_interfaces/msg/rosidl_typesupport_introspection_c__visibility_control.h
[0.590s] -- Up-to-date symlink: /home/aichou/uni_projects/ROBM/robm-pixi/install/robm_interfaces/include/robm_interfaces/robm_interfaces/msg/detail/color__rosidl_typesupport_introspection_cpp.hpp
[0.590s] -- Up-to-date symlink: /home/aichou/uni_projects/ROBM/robm-pixi/install/robm_interfaces/include/robm_interfaces/robm_interfaces/msg/detail/gripper_command__rosidl_typesupport_introspection_cpp.hpp
[0.590s] -- Up-to-date symlink: /home/aichou/uni_projects/ROBM/robm-pixi/install/robm_interfaces/include/robm_interfaces/robm_interfaces/msg/detail/rover_motors_cmd__rosidl_typesupport_introspection_cpp.hpp
[0.591s] -- Up-to-date symlink: /home/aichou/uni_projects/ROBM/robm-pixi/install/robm_interfaces/include/robm_interfaces/robm_interfaces/msg/detail/servo_command__rosidl_typesupport_introspection_cpp.hpp
[0.591s] -- Up-to-date symlink: /home/aichou/uni_projects/ROBM/robm-pixi/install/robm_interfaces/share/robm_interfaces/environment/pythonpath.sh
[0.592s] -- Up-to-date symlink: /home/aichou/uni_projects/ROBM/robm-pixi/install/robm_interfaces/share/robm_interfaces/environment/pythonpath.dsv
[0.592s] -- Up-to-date symlink: /home/aichou/uni_projects/ROBM/robm-pixi/install/robm_interfaces/lib/python3.12/site-packages/robm_interfaces-0.1.0-py3.12.egg-info/PKG-INFO
[0.592s] -- Up-to-date symlink: /home/aichou/uni_projects/ROBM/robm-pixi/install/robm_interfaces/lib/python3.12/site-packages/robm_interfaces-0.1.0-py3.12.egg-info/SOURCES.txt
[0.592s] -- Up-to-date symlink: /home/aichou/uni_projects/ROBM/robm-pixi/install/robm_interfaces/lib/python3.12/site-packages/robm_interfaces-0.1.0-py3.12.egg-info/dependency_links.txt
[0.593s] -- Up-to-date symlink: /home/aichou/uni_projects/ROBM/robm-pixi/install/robm_interfaces/lib/python3.12/site-packages/robm_interfaces-0.1.0-py3.12.egg-info/top_level.txt
[0.593s] -- Up-to-date symlink: /home/aichou/uni_projects/ROBM/robm-pixi/install/robm_interfaces/lib/python3.12/site-packages/robm_interfaces/__init__.py
[0.593s] -- Up-to-date symlink: /home/aichou/uni_projects/ROBM/robm-pixi/install/robm_interfaces/lib/python3.12/site-packages/robm_interfaces/_robm_interfaces_s.ep.rosidl_typesupport_c.c
[0.594s] -- Up-to-date symlink: /home/aichou/uni_projects/ROBM/robm-pixi/install/robm_interfaces/lib/python3.12/site-packages/robm_interfaces/_robm_interfaces_s.ep.rosidl_typesupport_fastrtps_c.c
[0.594s] -- Up-to-date symlink: /home/aichou/uni_projects/ROBM/robm-pixi/install/robm_interfaces/lib/python3.12/site-packages/robm_interfaces/_robm_interfaces_s.ep.rosidl_typesupport_introspection_c.c
[0.594s] -- Up-to-date symlink: /home/aichou/uni_projects/ROBM/robm-pixi/install/robm_interfaces/lib/python3.12/site-packages/robm_interfaces/msg/__init__.py
[0.595s] -- Up-to-date symlink: /home/aichou/uni_projects/ROBM/robm-pixi/install/robm_interfaces/lib/python3.12/site-packages/robm_interfaces/msg/_color.py
[0.595s] -- Up-to-date symlink: /home/aichou/uni_projects/ROBM/robm-pixi/install/robm_interfaces/lib/python3.12/site-packages/robm_interfaces/msg/_color_s.c
[0.595s] -- Up-to-date symlink: /home/aichou/uni_projects/ROBM/robm-pixi/install/robm_interfaces/lib/python3.12/site-packages/robm_interfaces/msg/_gripper_command.py
[0.596s] -- Up-to-date symlink: /home/aichou/uni_projects/ROBM/robm-pixi/install/robm_interfaces/lib/python3.12/site-packages/robm_interfaces/msg/_gripper_command_s.c
[0.596s] -- Up-to-date symlink: /home/aichou/uni_projects/ROBM/robm-pixi/install/robm_interfaces/lib/python3.12/site-packages/robm_interfaces/msg/_rover_motors_cmd.py
[0.596s] -- Up-to-date symlink: /home/aichou/uni_projects/ROBM/robm-pixi/install/robm_interfaces/lib/python3.12/site-packages/robm_interfaces/msg/_rover_motors_cmd_s.c
[0.596s] -- Up-to-date symlink: /home/aichou/uni_projects/ROBM/robm-pixi/install/robm_interfaces/lib/python3.12/site-packages/robm_interfaces/msg/_servo_command.py
[0.597s] -- Up-to-date symlink: /home/aichou/uni_projects/ROBM/robm-pixi/install/robm_interfaces/lib/python3.12/site-packages/robm_interfaces/msg/_servo_command_s.c
[0.597s] -- Up-to-date symlink: /home/aichou/uni_projects/ROBM/robm-pixi/install/robm_interfaces/lib/python3.12/site-packages/robm_interfaces/robm_interfaces_s__rosidl_typesupport_c.so
[0.597s] -- Up-to-date symlink: /home/aichou/uni_projects/ROBM/robm-pixi/install/robm_interfaces/lib/python3.12/site-packages/robm_interfaces/robm_interfaces_s__rosidl_typesupport_fastrtps_c.so
[0.598s] -- Up-to-date symlink: /home/aichou/uni_projects/ROBM/robm-pixi/install/robm_interfaces/lib/python3.12/site-packages/robm_interfaces/robm_interfaces_s__rosidl_typesupport_introspection_c.so
[0.598s] -- Up-to-date symlink: /home/aichou/uni_projects/ROBM/robm-pixi/install/robm_interfaces/lib/python3.12/site-packages/robm_interfaces/robm_interfaces_s__rosidl_typesupport_fastrtps_c.so
[0.598s] -- Up-to-date symlink: /home/aichou/uni_projects/ROBM/robm-pixi/install/robm_interfaces/lib/python3.12/site-packages/robm_interfaces/robm_interfaces_s__rosidl_typesupport_introspection_c.so
[0.599s] -- Up-to-date symlink: /home/aichou/uni_projects/ROBM/robm-pixi/install/robm_interfaces/lib/python3.12/site-packages/robm_interfaces/robm_interfaces_s__rosidl_typesupport_c.so
[0.599s] -- Up-to-date symlink: /home/aichou/uni_projects/ROBM/robm-pixi/install/robm_interfaces/share/robm_interfaces/msg/Color.idl
[0.600s] -- Up-to-date symlink: /home/aichou/uni_projects/ROBM/robm-pixi/install/robm_interfaces/share/robm_interfaces/msg/RoverMotorsCmd.idl
[0.600s] -- Up-to-date symlink: /home/aichou/uni_projects/ROBM/robm-pixi/install/robm_interfaces/share/robm_interfaces/msg/GripperCommand.idl
[0.600s] -- Up-to-date symlink: /home/aichou/uni_projects/ROBM/robm-pixi/install/robm_interfaces/share/robm_interfaces/msg/ServoCommand.idl
[0.601s] -- Up-to-date symlink: /home/aichou/uni_projects/ROBM/robm-pixi/install/robm_interfaces/share/robm_interfaces/msg/Color.msg
[0.601s] -- Up-to-date symlink: /home/aichou/uni_projects/ROBM/robm-pixi/install/robm_interfaces/share/robm_interfaces/msg/RoverMotorsCmd.msg
[0.602s] -- Up-to-date symlink: /home/aichou/uni_projects/ROBM/robm-pixi/install/robm_interfaces/share/robm_interfaces/msg/GripperCommand.msg
[0.602s] -- Up-to-date symlink: /home/aichou/uni_projects/ROBM/robm-pixi/install/robm_interfaces/share/robm_interfaces/msg/ServoCommand.msg
[0.603s] -- Up-to-date symlink: /home/aichou/uni_projects/ROBM/robm-pixi/install/robm_interfaces/share/ament_index/resource_index/package_run_dependencies/robm_interfaces
[0.604s] -- Up-to-date symlink: /home/aichou/uni_projects/ROBM/robm-pixi/install/robm_interfaces/share/ament_index/resource_index/parent_prefix_path/robm_interfaces
[0.605s] -- Up-to-date symlink: /home/aichou/uni_projects/ROBM/robm-pixi/install/robm_interfaces/share/robm_interfaces/environment/ament_prefix_path.sh
[0.605s] -- Up-to-date symlink: /home/aichou/uni_projects/ROBM/robm-pixi/install/robm_interfaces/share/robm_interfaces/environment/ament_prefix_path.dsv
[0.606s] -- Up-to-date symlink: /home/aichou/uni_projects/ROBM/robm-pixi/install/robm_interfaces/share/robm_interfaces/environment/path.sh
[0.606s] -- Up-to-date symlink: /home/aichou/uni_projects/ROBM/robm-pixi/install/robm_interfaces/share/robm_interfaces/environment/path.dsv
[0.607s] -- Up-to-date symlink: /home/aichou/uni_projects/ROBM/robm-pixi/install/robm_interfaces/share/robm_interfaces/local_setup.bash
[0.607s] -- Up-to-date symlink: /home/aichou/uni_projects/ROBM/robm-pixi/install/robm_interfaces/share/robm_interfaces/local_setup.sh
[0.608s] -- Up-to-date symlink: /home/aichou/uni_projects/ROBM/robm-pixi/install/robm_interfaces/share/robm_interfaces/local_setup.zsh
[0.608s] -- Up-to-date symlink: /home/aichou/uni_projects/ROBM/robm-pixi/install/robm_interfaces/share/robm_interfaces/local_setup.dsv
[0.609s] -- Symlinking: /home/aichou/uni_projects/ROBM/robm-pixi/install/robm_interfaces/share/robm_interfaces/package.dsv
[0.614s] -- Up-to-date symlink: /home/aichou/uni_projects/ROBM/robm-pixi/install/robm_interfaces/share/ament_index/resource_index/packages/robm_interfaces
[0.614s] -- Up-to-date symlink: /home/aichou/uni_projects/ROBM/robm-pixi/install/robm_interfaces/share/robm_interfaces/cmake/rosidl_cmake-extras.cmake
[0.615s] -- Up-to-date symlink: /home/aichou/uni_projects/ROBM/robm-pixi/install/robm_interfaces/share/robm_interfaces/cmake/ament_cmake_export_dependencies-extras.cmake
[0.616s] -- Up-to-date symlink: /home/aichou/uni_projects/ROBM/robm-pixi/install/robm_interfaces/share/robm_interfaces/cmake/ament_cmake_export_include_directories-extras.cmake
[0.616s] -- Up-to-date symlink: /home/aichou/uni_projects/ROBM/robm-pixi/install/robm_interfaces/share/robm_interfaces/cmake/ament_cmake_export_libraries-extras.cmake
[0.616s] -- Up-to-date symlink: /home/aichou/uni_projects/ROBM/robm-pixi/install/robm_interfaces/share/robm_interfaces/cmake/ament_cmake_export_targets-extras.cmake
[0.617s] -- Up-to-date symlink: /home/aichou/uni_projects/ROBM/robm-pixi/install/robm_interfaces/share/robm_interfaces/cmake/rosidl_cmake_export_typesupport_targets-extras.cmake
[0.617s] -- Up-to-date symlink: /home/aichou/uni_projects/ROBM/robm-pixi/install/robm_interfaces/share/robm_interfaces/cmake/rosidl_cmake_export_typesupport_libraries-extras.cmake
[0.618s] -- Up-to-date symlink: /home/aichou/uni_projects/ROBM/robm-pixi/install/robm_interfaces/share/robm_interfaces/cmake/robm_interfacesConfig.cmake
[0.618s] -- Up-to-date symlink: /home/aichou/uni_projects/ROBM/robm-pixi/install/robm_interfaces/share/robm_interfaces/cmake/robm_interfacesConfig-version.cmake
[0.619s] -- Up-to-date symlink: /home/aichou/uni_projects/ROBM/robm-pixi/install/robm_interfaces/share/robm_interfaces/package.xml
[0.620s] -- Installing: /home/aichou/uni_projects/ROBM/robm-pixi/install/robm_interfaces/lib/librobm_interfaces__rosidl_generator_c.so
[0.622s] -- Installing: /home/aichou/uni_projects/ROBM/robm-pixi/install/robm_interfaces/lib/librobm_interfaces__rosidl_typesupport_fastrtps_c.so
[0.622s] -- Set non-toolchain portion of runtime path of "/home/aichou/uni_projects/ROBM/robm-pixi/install/robm_interfaces/lib/librobm_interfaces__rosidl_typesupport_fastrtps_c.so" to ""
[0.623s] -- Installing: /home/aichou/uni_projects/ROBM/robm-pixi/install/robm_interfaces/lib/librobm_interfaces__rosidl_typesupport_fastrtps_cpp.so
[0.623s] -- Set non-toolchain portion of runtime path of "/home/aichou/uni_projects/ROBM/robm-pixi/install/robm_interfaces/lib/librobm_interfaces__rosidl_typesupport_fastrtps_cpp.so" to ""
[0.624s] -- Installing: /home/aichou/uni_projects/ROBM/robm-pixi/install/robm_interfaces/lib/librobm_interfaces__rosidl_typesupport_introspection_c.so
[0.625s] -- Set non-toolchain portion of runtime path of "/home/aichou/uni_projects/ROBM/robm-pixi/install/robm_interfaces/lib/librobm_interfaces__rosidl_typesupport_introspection_c.so" to ""
[0.625s] -- Installing: /home/aichou/uni_projects/ROBM/robm-pixi/install/robm_interfaces/lib/librobm_interfaces__rosidl_typesupport_c.so
[0.626s] -- Set non-toolchain portion of runtime path of "/home/aichou/uni_projects/ROBM/robm-pixi/install/robm_interfaces/lib/librobm_interfaces__rosidl_typesupport_c.so" to ""
[0.626s] -- Installing: /home/aichou/uni_projects/ROBM/robm-pixi/install/robm_interfaces/lib/librobm_interfaces__rosidl_typesupport_introspection_cpp.so
[0.627s] -- Set non-toolchain portion of runtime path of "/home/aichou/uni_projects/ROBM/robm-pixi/install/robm_interfaces/lib/librobm_interfaces__rosidl_typesupport_introspection_cpp.so" to ""
[0.627s] -- Installing: /home/aichou/uni_projects/ROBM/robm-pixi/install/robm_interfaces/lib/librobm_interfaces__rosidl_typesupport_cpp.so
[0.628s] -- Set non-toolchain portion of runtime path of "/home/aichou/uni_projects/ROBM/robm-pixi/install/robm_interfaces/lib/librobm_interfaces__rosidl_typesupport_cpp.so" to ""
[0.655s] Listing '/home/aichou/uni_projects/ROBM/robm-pixi/install/robm_interfaces/lib/python3.12/site-packages/robm_interfaces'...
[0.655s] Listing '/home/aichou/uni_projects/ROBM/robm-pixi/install/robm_interfaces/lib/python3.12/site-packages/robm_interfaces/msg'...
[0.659s] -- Installing: /home/aichou/uni_projects/ROBM/robm-pixi/install/robm_interfaces/lib/librobm_interfaces__rosidl_generator_py.so
[0.660s] -- Set non-toolchain portion of runtime path of "/home/aichou/uni_projects/ROBM/robm-pixi/install/robm_interfaces/lib/librobm_interfaces__rosidl_generator_py.so" to ""
[0.660s] -- Up-to-date: /home/aichou/uni_projects/ROBM/robm-pixi/install/robm_interfaces/share/robm_interfaces/cmake/export_robm_interfaces__rosidl_generator_cExport.cmake
[0.661s] -- Up-to-date: /home/aichou/uni_projects/ROBM/robm-pixi/install/robm_interfaces/share/robm_interfaces/cmake/export_robm_interfaces__rosidl_generator_cExport-noconfig.cmake
[0.661s] -- Up-to-date: /home/aichou/uni_projects/ROBM/robm-pixi/install/robm_interfaces/share/robm_interfaces/cmake/export_robm_interfaces__rosidl_typesupport_fastrtps_cExport.cmake
[0.661s] -- Up-to-date: /home/aichou/uni_projects/ROBM/robm-pixi/install/robm_interfaces/share/robm_interfaces/cmake/export_robm_interfaces__rosidl_typesupport_fastrtps_cExport-noconfig.cmake
[0.661s] -- Up-to-date: /home/aichou/uni_projects/ROBM/robm-pixi/install/robm_interfaces/share/robm_interfaces/cmake/export_robm_interfaces__rosidl_generator_cppExport.cmake
[0.661s] -- Up-to-date: /home/aichou/uni_projects/ROBM/robm-pixi/install/robm_interfaces/share/robm_interfaces/cmake/export_robm_interfaces__rosidl_typesupport_fastrtps_cppExport.cmake
[0.662s] -- Up-to-date: /home/aichou/uni_projects/ROBM/robm-pixi/install/robm_interfaces/share/robm_interfaces/cmake/export_robm_interfaces__rosidl_typesupport_fastrtps_cppExport-noconfig.cmake
[0.662s] -- Up-to-date: /home/aichou/uni_projects/ROBM/robm-pixi/install/robm_interfaces/share/robm_interfaces/cmake/robm_interfaces__rosidl_typesupport_introspection_cExport.cmake
[0.662s] -- Up-to-date: /home/aichou/uni_projects/ROBM/robm-pixi/install/robm_interfaces/share/robm_interfaces/cmake/robm_interfaces__rosidl_typesupport_introspection_cExport-noconfig.cmake
[0.662s] -- Up-to-date: /home/aichou/uni_projects/ROBM/robm-pixi/install/robm_interfaces/share/robm_interfaces/cmake/robm_interfaces__rosidl_typesupport_cExport.cmake
[0.662s] -- Up-to-date: /home/aichou/uni_projects/ROBM/robm-pixi/install/robm_interfaces/share/robm_interfaces/cmake/robm_interfaces__rosidl_typesupport_cExport-noconfig.cmake
[0.663s] -- Up-to-date: /home/aichou/uni_projects/ROBM/robm-pixi/install/robm_interfaces/share/robm_interfaces/cmake/robm_interfaces__rosidl_typesupport_introspection_cppExport.cmake
[0.663s] -- Up-to-date: /home/aichou/uni_projects/ROBM/robm-pixi/install/robm_interfaces/share/robm_interfaces/cmake/robm_interfaces__rosidl_typesupport_introspection_cppExport-noconfig.cmake
[0.663s] -- Up-to-date: /home/aichou/uni_projects/ROBM/robm-pixi/install/robm_interfaces/share/robm_interfaces/cmake/robm_interfaces__rosidl_typesupport_cppExport.cmake
[0.663s] -- Up-to-date: /home/aichou/uni_projects/ROBM/robm-pixi/install/robm_interfaces/share/robm_interfaces/cmake/robm_interfaces__rosidl_typesupport_cppExport-noconfig.cmake
[0.663s] -- Up-to-date: /home/aichou/uni_projects/ROBM/robm-pixi/install/robm_interfaces/share/robm_interfaces/cmake/export_robm_interfaces__rosidl_generator_pyExport.cmake
[0.664s] -- Up-to-date: /home/aichou/uni_projects/ROBM/robm-pixi/install/robm_interfaces/share/robm_interfaces/cmake/export_robm_interfaces__rosidl_generator_pyExport-noconfig.cmake
[0.683s] Invoked command in '/home/aichou/uni_projects/ROBM/robm-pixi/build/robm_interfaces' returned '0': CMAKE_PREFIX_PATH=${CMAKE_PREFIX_PATH}:/home/aichou/uni_projects/ROBM/robm-pixi/install/robm_tp2_move:/home/aichou/uni_projects/ROBM/robm-pixi/install/joy_teleop:/home/aichou/uni_projects/ROBM/robm-pixi/install/robm_tp1_color:/home/aichou/uni_projects/ROBM/robm-pixi/install/robm_bridge:/home/aichou/uni_projects/ROBM/robm-pixi/install/mouse_teleop:/home/aichou/uni_projects/ROBM/robm-pixi/install/key_teleop PIXI_PROMPT=(robm) PS1=(robm) \[\e]0;\u@\h: \w\a\]${debian_chroot:+($debian_chroot)}\[\033[01;32m\]\u@\h\[\033[00m\]:\[\033[01;34m\]\w\[\033[00m\]\$ /home/aichou/uni_projects/ROBM/robm-pixi/.pixi/envs/default/bin/cmake --install /home/aichou/uni_projects/ROBM/robm-pixi/build/robm_interfaces
