[1.088s] Invoking command in '/home/aichou/uni_projects/ROBM/robm-pixi/src/teleop_tools/key_teleop': PIXI_PROMPT=(robm) PS1=(robm) \[\e]0;\u@\h: \w\a\]${debian_chroot:+($debian_chroot)}\[\033[01;32m\]\u@\h\[\033[00m\]:\[\033[01;34m\]\w\[\033[00m\]\$ PYTHONPATH=/home/aichou/uni_projects/ROBM/robm-pixi/build/key_teleop/prefix_override:/home/aichou/uni_projects/ROBM/robm-pixi/.pixi/envs/default/lib/python3.12/site-packages/colcon_core/task/python/colcon_distutils_commands:/home/aichou/uni_projects/ROBM/robm-pixi/install/key_teleop/lib/python3.12/site-packages:${PYTHONPATH} /home/aichou/uni_projects/ROBM/robm-pixi/.pixi/envs/default/bin/python3.12 -W ignore:setup.py install is deprecated -W ignore:easy_install command is deprecated setup.py egg_info --egg-base ../../../build/key_teleop build --build-base /home/aichou/uni_projects/ROBM/robm-pixi/build/key_teleop/build install --record /home/aichou/uni_projects/ROBM/robm-pixi/build/key_teleop/install.log --single-version-externally-managed install_data
[1.182s] /home/aichou/uni_projects/ROBM/robm-pixi/.pixi/envs/default/lib/python3.12/site-packages/setuptools/_distutils/dist.py:289: UserWarning: Unknown distribution option: 'tests_require'
[1.182s]   warnings.warn(msg)
[1.208s] /home/aichou/uni_projects/ROBM/robm-pixi/.pixi/envs/default/lib/python3.12/site-packages/setuptools/dist.py:759: SetuptoolsDeprecationWarning: License classifiers are deprecated.
[1.208s] !!
[1.208s] 
[1.208s]         ********************************************************************************
[1.208s]         Please consider removing the following classifiers in favor of a SPDX license expression:
[1.208s] 
[1.208s]         License :: OSI Approved :: BSD
[1.208s] 
[1.208s]         See https://packaging.python.org/en/latest/guides/writing-pyproject-toml/#license for details.
[1.208s]         ********************************************************************************
[1.208s] 
[1.208s] !!
[1.208s]   self._finalize_license_expression()
[1.252s] running egg_info
[1.262s] writing ../../../build/key_teleop/key_teleop.egg-info/PKG-INFO
[1.262s] writing dependency_links to ../../../build/key_teleop/key_teleop.egg-info/dependency_links.txt
[1.262s] writing entry points to ../../../build/key_teleop/key_teleop.egg-info/entry_points.txt
[1.262s] writing requirements to ../../../build/key_teleop/key_teleop.egg-info/requires.txt
[1.263s] writing top-level names to ../../../build/key_teleop/key_teleop.egg-info/top_level.txt
[1.286s] reading manifest file '../../../build/key_teleop/key_teleop.egg-info/SOURCES.txt'
[1.286s] adding license file 'LICENSE'
[1.287s] writing manifest file '../../../build/key_teleop/key_teleop.egg-info/SOURCES.txt'
[1.287s] running build
[1.287s] running build_py
[1.287s] copying key_teleop/key_teleop.py -> /home/aichou/uni_projects/ROBM/robm-pixi/build/key_teleop/build/lib/key_teleop
[1.288s] copying key_teleop/__init__.py -> /home/aichou/uni_projects/ROBM/robm-pixi/build/key_teleop/build/lib/key_teleop
[1.288s] running install
[1.291s] running install_lib
[1.302s] running install_data
[1.302s] copying package.xml -> /home/aichou/uni_projects/ROBM/robm-pixi/install/key_teleop/share/key_teleop
[1.303s] copying config/key_teleop.yaml -> /home/aichou/uni_projects/ROBM/robm-pixi/install/key_teleop/share/key_teleop/config
[1.303s] copying resource/key_teleop -> /home/aichou/uni_projects/ROBM/robm-pixi/install/key_teleop/share/ament_index/resource_index/packages
[1.304s] running install_egg_info
[1.314s] removing '/home/aichou/uni_projects/ROBM/robm-pixi/install/key_teleop/lib/python3.12/site-packages/key_teleop-1.8.0-py3.12.egg-info' (and everything under it)
[1.314s] Copying ../../../build/key_teleop/key_teleop.egg-info to /home/aichou/uni_projects/ROBM/robm-pixi/install/key_teleop/lib/python3.12/site-packages/key_teleop-1.8.0-py3.12.egg-info
[1.315s] running install_scripts
[1.367s] Installing key_teleop script to /home/aichou/uni_projects/ROBM/robm-pixi/install/key_teleop/lib/key_teleop
[1.367s] writing list of installed files to '/home/aichou/uni_projects/ROBM/robm-pixi/build/key_teleop/install.log'
[1.400s] Invoked command in '/home/aichou/uni_projects/ROBM/robm-pixi/src/teleop_tools/key_teleop' returned '0': PIXI_PROMPT=(robm) PS1=(robm) \[\e]0;\u@\h: \w\a\]${debian_chroot:+($debian_chroot)}\[\033[01;32m\]\u@\h\[\033[00m\]:\[\033[01;34m\]\w\[\033[00m\]\$ PYTHONPATH=/home/aichou/uni_projects/ROBM/robm-pixi/build/key_teleop/prefix_override:/home/aichou/uni_projects/ROBM/robm-pixi/.pixi/envs/default/lib/python3.12/site-packages/colcon_core/task/python/colcon_distutils_commands:/home/aichou/uni_projects/ROBM/robm-pixi/install/key_teleop/lib/python3.12/site-packages:${PYTHONPATH} /home/aichou/uni_projects/ROBM/robm-pixi/.pixi/envs/default/bin/python3.12 -W ignore:setup.py install is deprecated -W ignore:easy_install command is deprecated setup.py egg_info --egg-base ../../../build/key_teleop build --build-base /home/aichou/uni_projects/ROBM/robm-pixi/build/key_teleop/build install --record /home/aichou/uni_projects/ROBM/robm-pixi/build/key_teleop/install.log --single-version-externally-managed install_data
