[0.010s] Invoking command in '/home/aichou/uni_projects/ROBM/robm-pixi/src/build/robm_interfaces': CMAKE_PREFIX_PATH=${CMAKE_PREFIX_PATH}:/home/aichou/uni_projects/ROBM/robm-pixi/install/robm_tp1_color:/home/aichou/uni_projects/ROBM/robm-pixi/install/robm_bridge PIXI_PROMPT=(robm) PS1=(robm) \[\e]0;\u@\h: \w\a\]${debian_chroot:+($debian_chroot)}\[\033[01;32m\]\u@\h\[\033[00m\]:\[\033[01;34m\]\w\[\033[00m\]\$ /home/aichou/uni_projects/ROBM/robm-pixi/.pixi/envs/default/bin/cmake /home/aichou/uni_projects/ROBM/robm-pixi/src/robm_interfaces -DCMAKE_INSTALL_PREFIX=/home/aichou/uni_projects/ROBM/robm-pixi/src/install/robm_interfaces
[0.058s] [0mCMake Deprecation Warning at CMakeLists.txt:1 (cmake_minimum_required):
[0.058s]   Compatibility with CMake < 3.10 will be removed from a future version of
[0.058s]   CMake.
[0.058s] 
[0.058s]   Update the VERSION argument <min> value.  Or, use the <min>...<max> syntax
[0.058s]   to tell CMake that the project requires at least <min> but has been updated
[0.058s]   to work with policies introduced by <max> or earlier.
[0.058s] 
[0.058s] [0m
[0.359s] -- The C compiler identification is GNU 14.3.0
[1.421s] -- The CXX compiler identification is GNU 14.3.0
[2.401s] -- Detecting C compiler ABI info
[2.519s] -- Detecting C compiler ABI info - done
[2.530s] -- Check for working C compiler: /home/aichou/uni_projects/ROBM/robm-pixi/.pixi/envs/default/bin/x86_64-conda-linux-gnu-cc - skipped
[2.531s] -- Detecting C compile features
[2.531s] -- Detecting C compile features - done
[2.540s] -- Detecting CXX compiler ABI info
[2.647s] -- Detecting CXX compiler ABI info - done
[2.658s] -- Check for working CXX compiler: /home/aichou/uni_projects/ROBM/robm-pixi/.pixi/envs/default/bin/x86_64-conda-linux-gnu-c++ - skipped
[2.659s] -- Detecting CXX compile features
[2.659s] -- Detecting CXX compile features - done
[2.669s] -- Found ament_cmake: 2.7.3 (/home/aichou/uni_projects/ROBM/robm-pixi/.pixi/envs/default/share/ament_cmake/cmake)
[2.746s] -- Found Python3: /home/aichou/uni_projects/ROBM/robm-pixi/.pixi/envs/default/bin/python3 (found version "3.12.12") found components: Interpreter
[2.851s] -- Found std_msgs: 5.5.0 (/home/aichou/uni_projects/ROBM/robm-pixi/.pixi/envs/default/share/std_msgs/cmake)
[2.957s] -- Found rosidl_generator_c: 4.9.5 (/home/aichou/uni_projects/ROBM/robm-pixi/.pixi/envs/default/share/rosidl_generator_c/cmake)
[2.975s] -- Found rosidl_generator_cpp: 4.9.5 (/home/aichou/uni_projects/ROBM/robm-pixi/.pixi/envs/default/share/rosidl_generator_cpp/cmake)
[2.997s] -- Using all available rosidl_typesupport_c: rosidl_typesupport_fastrtps_c;rosidl_typesupport_introspection_c
[3.020s] -- Using all available rosidl_typesupport_cpp: rosidl_typesupport_fastrtps_cpp;rosidl_typesupport_introspection_cpp
[3.064s] -- Found rosidl_default_generators: 1.7.1 (/home/aichou/uni_projects/ROBM/robm-pixi/.pixi/envs/default/share/rosidl_default_generators/cmake)
[3.082s] -- Found rosidl_adapter: 4.9.5 (/home/aichou/uni_projects/ROBM/robm-pixi/.pixi/envs/default/share/rosidl_adapter/cmake)
[3.435s] -- Found ament_cmake_ros_core: 0.14.3 (/home/aichou/uni_projects/ROBM/robm-pixi/.pixi/envs/default/share/ament_cmake_ros_core/cmake)
[3.876s] -- Using all available rosidl_typesupport_c: rosidl_typesupport_fastrtps_c;rosidl_typesupport_introspection_c
[4.046s] -- Using all available rosidl_typesupport_cpp: rosidl_typesupport_fastrtps_cpp;rosidl_typesupport_introspection_cpp
[4.477s] -- Found Python3: /home/aichou/uni_projects/ROBM/robm-pixi/.pixi/envs/default/bin/python3 (found version "3.12.12") found components: Interpreter Development NumPy Development.Module Development.Embed
[4.515s] -- Found ament_lint_auto: 0.19.2 (/home/aichou/uni_projects/ROBM/robm-pixi/.pixi/envs/default/share/ament_lint_auto/cmake)
[4.552s] -- Added test 'lint_cmake' to check CMake code style
[4.554s] -- Added test 'xmllint' to check XML markup files
[4.557s] -- Configuring done (4.5s)
[4.593s] -- Generating done (0.0s)
[4.599s] -- Build files have been written to: /home/aichou/uni_projects/ROBM/robm-pixi/src/build/robm_interfaces
[4.606s] Invoked command in '/home/aichou/uni_projects/ROBM/robm-pixi/src/build/robm_interfaces' returned '0': CMAKE_PREFIX_PATH=${CMAKE_PREFIX_PATH}:/home/aichou/uni_projects/ROBM/robm-pixi/install/robm_tp1_color:/home/aichou/uni_projects/ROBM/robm-pixi/install/robm_bridge PIXI_PROMPT=(robm) PS1=(robm) \[\e]0;\u@\h: \w\a\]${debian_chroot:+($debian_chroot)}\[\033[01;32m\]\u@\h\[\033[00m\]:\[\033[01;34m\]\w\[\033[00m\]\$ /home/aichou/uni_projects/ROBM/robm-pixi/.pixi/envs/default/bin/cmake /home/aichou/uni_projects/ROBM/robm-pixi/src/robm_interfaces -DCMAKE_INSTALL_PREFIX=/home/aichou/uni_projects/ROBM/robm-pixi/src/install/robm_interfaces
[4.607s] Invoking command in '/home/aichou/uni_projects/ROBM/robm-pixi/src/build/robm_interfaces': CMAKE_PREFIX_PATH=${CMAKE_PREFIX_PATH}:/home/aichou/uni_projects/ROBM/robm-pixi/install/robm_tp1_color:/home/aichou/uni_projects/ROBM/robm-pixi/install/robm_bridge PIXI_PROMPT=(robm) PS1=(robm) \[\e]0;\u@\h: \w\a\]${debian_chroot:+($debian_chroot)}\[\033[01;32m\]\u@\h\[\033[00m\]:\[\033[01;34m\]\w\[\033[00m\]\$ /home/aichou/uni_projects/ROBM/robm-pixi/.pixi/envs/default/bin/cmake --build /home/aichou/uni_projects/ROBM/robm-pixi/src/build/robm_interfaces -- -j22 -l22
[4.629s] [  1%] [1m[34mGenerating type hashes for ROS interfaces[0m
[4.633s] [  1%] Built target ament_cmake_python_copy_robm_interfaces
[4.774s] running egg_info
[4.780s] [  1%] Built target robm_interfaces__rosidl_generator_type_description
[4.783s] creating robm_interfaces.egg-info
[4.783s] writing robm_interfaces.egg-info/PKG-INFO
[4.784s] writing dependency_links to robm_interfaces.egg-info/dependency_links.txt
[4.784s] writing top-level names to robm_interfaces.egg-info/top_level.txt
[4.784s] writing manifest file 'robm_interfaces.egg-info/SOURCES.txt'
[4.784s] [  3%] [1m[34mGenerating C code for ROS interfaces[0m
[4.788s] [  4%] [1m[34mGenerating C++ code for ROS interfaces[0m
[4.816s] reading manifest file 'robm_interfaces.egg-info/SOURCES.txt'
[4.816s] writing manifest file 'robm_interfaces.egg-info/SOURCES.txt'
[4.836s] [  4%] Built target ament_cmake_python_build_robm_interfaces_egg
[4.991s] [  4%] Built target robm_interfaces__cpp
[5.021s] [  7%] [32mBuilding C object CMakeFiles/robm_interfaces__rosidl_generator_c.dir/rosidl_generator_c/robm_interfaces/msg/detail/color__description.c.o[0m
[5.021s] [  7%] [32mBuilding C object CMakeFiles/robm_interfaces__rosidl_generator_c.dir/rosidl_generator_c/robm_interfaces/msg/detail/color__functions.c.o[0m
[5.021s] [  9%] [32mBuilding C object CMakeFiles/robm_interfaces__rosidl_generator_c.dir/rosidl_generator_c/robm_interfaces/msg/detail/color__type_support.c.o[0m
[5.022s] [ 10%] [32mBuilding C object CMakeFiles/robm_interfaces__rosidl_generator_c.dir/rosidl_generator_c/robm_interfaces/msg/detail/rover_motors_cmd__functions.c.o[0m
[5.022s] [ 12%] [32mBuilding C object CMakeFiles/robm_interfaces__rosidl_generator_c.dir/rosidl_generator_c/robm_interfaces/msg/detail/rover_motors_cmd__description.c.o[0m
[5.023s] [ 14%] [32mBuilding C object CMakeFiles/robm_interfaces__rosidl_generator_c.dir/rosidl_generator_c/robm_interfaces/msg/detail/gripper_command__type_support.c.o[0m
[5.023s] [ 15%] [32mBuilding C object CMakeFiles/robm_interfaces__rosidl_generator_c.dir/rosidl_generator_c/robm_interfaces/msg/detail/gripper_command__description.c.o[0m
[5.024s] [ 17%] [32mBuilding C object CMakeFiles/robm_interfaces__rosidl_generator_c.dir/rosidl_generator_c/robm_interfaces/msg/detail/servo_command__description.c.o[0m
[5.024s] [ 18%] [32mBuilding C object CMakeFiles/robm_interfaces__rosidl_generator_c.dir/rosidl_generator_c/robm_interfaces/msg/detail/servo_command__type_support.c.o[0m
[5.024s] [ 20%] [32mBuilding C object CMakeFiles/robm_interfaces__rosidl_generator_c.dir/rosidl_generator_c/robm_interfaces/msg/detail/servo_command__functions.c.o[0m
[5.024s] [ 23%] [32mBuilding C object CMakeFiles/robm_interfaces__rosidl_generator_c.dir/rosidl_generator_c/robm_interfaces/msg/detail/gripper_command__functions.c.o[0m
[5.024s] [ 23%] [32mBuilding C object CMakeFiles/robm_interfaces__rosidl_generator_c.dir/rosidl_generator_c/robm_interfaces/msg/detail/rover_motors_cmd__type_support.c.o[0m
[5.109s] [ 25%] [1m[32mLinking C shared library librobm_interfaces__rosidl_generator_c.so[0m
[5.199s] [ 25%] Built target robm_interfaces__rosidl_generator_c
[5.203s] [ 26%] [1m[34mGenerating C++ type support for eProsima Fast-RTPS[0m
[5.204s] [ 29%] [1m[34mGenerating C++ type support dispatch for ROS interfaces[0m
[5.204s] [ 29%] [1m[34mGenerating C++ introspection for ROS interfaces[0m
[5.204s] [ 31%] [1m[34mGenerating C type support for eProsima Fast-RTPS[0m
[5.204s] [ 32%] [1m[34mGenerating C type support dispatch for ROS interfaces[0m
[5.205s] [ 34%] [1m[34mGenerating C introspection for ROS interfaces[0m
[5.367s] [ 35%] [32mBuilding CXX object CMakeFiles/robm_interfaces__rosidl_typesupport_cpp.dir/rosidl_typesupport_cpp/robm_interfaces/msg/gripper_command__type_support.cpp.o[0m
[5.368s] [ 37%] [32mBuilding CXX object CMakeFiles/robm_interfaces__rosidl_typesupport_cpp.dir/rosidl_typesupport_cpp/robm_interfaces/msg/rover_motors_cmd__type_support.cpp.o[0m
[5.368s] [ 39%] [32mBuilding CXX object CMakeFiles/robm_interfaces__rosidl_typesupport_cpp.dir/rosidl_typesupport_cpp/robm_interfaces/msg/servo_command__type_support.cpp.o[0m
[5.369s] [ 40%] [32mBuilding CXX object CMakeFiles/robm_interfaces__rosidl_typesupport_cpp.dir/rosidl_typesupport_cpp/robm_interfaces/msg/color__type_support.cpp.o[0m
[5.380s] [ 43%] [32mBuilding CXX object CMakeFiles/robm_interfaces__rosidl_typesupport_c.dir/rosidl_typesupport_c/robm_interfaces/msg/gripper_command__type_support.cpp.o[0m
[5.380s] [ 43%] [32mBuilding CXX object CMakeFiles/robm_interfaces__rosidl_typesupport_c.dir/rosidl_typesupport_c/robm_interfaces/msg/color__type_support.cpp.o[0m
[5.381s] [ 45%] [32mBuilding CXX object CMakeFiles/robm_interfaces__rosidl_typesupport_c.dir/rosidl_typesupport_c/robm_interfaces/msg/rover_motors_cmd__type_support.cpp.o[0m
[5.382s] [ 46%] [32mBuilding CXX object CMakeFiles/robm_interfaces__rosidl_typesupport_c.dir/rosidl_typesupport_c/robm_interfaces/msg/servo_command__type_support.cpp.o[0m
[5.405s] [ 50%] [32mBuilding CXX object CMakeFiles/robm_interfaces__rosidl_typesupport_introspection_cpp.dir/rosidl_typesupport_introspection_cpp/robm_interfaces/msg/detail/gripper_command__type_support.cpp.o[0m
[5.405s] [ 50%] [32mBuilding CXX object CMakeFiles/robm_interfaces__rosidl_typesupport_introspection_cpp.dir/rosidl_typesupport_introspection_cpp/robm_interfaces/msg/detail/servo_command__type_support.cpp.o[0m
[5.406s] [ 51%] [32mBuilding CXX object CMakeFiles/robm_interfaces__rosidl_typesupport_introspection_cpp.dir/rosidl_typesupport_introspection_cpp/robm_interfaces/msg/detail/color__type_support.cpp.o[0m
[5.406s] [ 53%] [32mBuilding CXX object CMakeFiles/robm_interfaces__rosidl_typesupport_introspection_cpp.dir/rosidl_typesupport_introspection_cpp/robm_interfaces/msg/detail/rover_motors_cmd__type_support.cpp.o[0m
[5.412s] [ 54%] [32mBuilding C object CMakeFiles/robm_interfaces__rosidl_typesupport_introspection_c.dir/rosidl_typesupport_introspection_c/robm_interfaces/msg/detail/color__type_support.c.o[0m
[5.412s] [ 57%] [32mBuilding C object CMakeFiles/robm_interfaces__rosidl_typesupport_introspection_c.dir/rosidl_typesupport_introspection_c/robm_interfaces/msg/detail/servo_command__type_support.c.o[0m
[5.412s] [ 57%] [32mBuilding C object CMakeFiles/robm_interfaces__rosidl_typesupport_introspection_c.dir/rosidl_typesupport_introspection_c/robm_interfaces/msg/detail/gripper_command__type_support.c.o[0m
[5.414s] [ 59%] [32mBuilding C object CMakeFiles/robm_interfaces__rosidl_typesupport_introspection_c.dir/rosidl_typesupport_introspection_c/robm_interfaces/msg/detail/rover_motors_cmd__type_support.c.o[0m
[5.428s] [ 60%] [1m[32mLinking CXX shared library librobm_interfaces__rosidl_typesupport_c.so[0m
[5.460s] [ 62%] [32mBuilding CXX object CMakeFiles/robm_interfaces__rosidl_typesupport_fastrtps_cpp.dir/rosidl_typesupport_fastrtps_cpp/robm_interfaces/msg/detail/dds_fastrtps/rover_motors_cmd__type_support.cpp.o[0m
[5.460s] [ 64%] [1m[32mLinking C shared library librobm_interfaces__rosidl_typesupport_introspection_c.so[0m
[5.460s] [ 67%] [32mBuilding CXX object CMakeFiles/robm_interfaces__rosidl_typesupport_fastrtps_cpp.dir/rosidl_typesupport_fastrtps_cpp/robm_interfaces/msg/detail/dds_fastrtps/gripper_command__type_support.cpp.o[0m
[5.460s] [ 67%] [32mBuilding CXX object CMakeFiles/robm_interfaces__rosidl_typesupport_fastrtps_cpp.dir/rosidl_typesupport_fastrtps_cpp/robm_interfaces/msg/detail/dds_fastrtps/color__type_support.cpp.o[0m
[5.464s] [ 68%] [32mBuilding CXX object CMakeFiles/robm_interfaces__rosidl_typesupport_fastrtps_cpp.dir/rosidl_typesupport_fastrtps_cpp/robm_interfaces/msg/detail/dds_fastrtps/servo_command__type_support.cpp.o[0m
[5.464s] [ 70%] [32mBuilding CXX object CMakeFiles/robm_interfaces__rosidl_typesupport_fastrtps_c.dir/rosidl_typesupport_fastrtps_c/robm_interfaces/msg/detail/color__type_support_c.cpp.o[0m
[5.464s] [ 71%] [32mBuilding CXX object CMakeFiles/robm_interfaces__rosidl_typesupport_fastrtps_c.dir/rosidl_typesupport_fastrtps_c/robm_interfaces/msg/detail/rover_motors_cmd__type_support_c.cpp.o[0m
[5.464s] [ 73%] [32mBuilding CXX object CMakeFiles/robm_interfaces__rosidl_typesupport_fastrtps_c.dir/rosidl_typesupport_fastrtps_c/robm_interfaces/msg/detail/gripper_command__type_support_c.cpp.o[0m
[5.464s] [ 75%] [32mBuilding CXX object CMakeFiles/robm_interfaces__rosidl_typesupport_fastrtps_c.dir/rosidl_typesupport_fastrtps_c/robm_interfaces/msg/detail/servo_command__type_support_c.cpp.o[0m
[5.608s] [ 75%] Built target robm_interfaces__rosidl_typesupport_c
[5.608s] [ 75%] Built target robm_interfaces__rosidl_typesupport_introspection_c
[5.948s] [ 76%] [1m[32mLinking CXX shared library librobm_interfaces__rosidl_typesupport_cpp.so[0m
[5.948s] [ 78%] [1m[32mLinking CXX shared library librobm_interfaces__rosidl_typesupport_introspection_cpp.so[0m
[6.059s] [ 78%] Built target robm_interfaces__rosidl_typesupport_cpp
[6.069s] [ 78%] Built target robm_interfaces__rosidl_typesupport_introspection_cpp
[6.142s] [ 79%] [1m[32mLinking CXX shared library librobm_interfaces__rosidl_typesupport_fastrtps_c.so[0m
[6.175s] [ 81%] [1m[32mLinking CXX shared library librobm_interfaces__rosidl_typesupport_fastrtps_cpp.so[0m
[6.278s] [ 81%] Built target robm_interfaces__rosidl_typesupport_fastrtps_c
[6.300s] [ 81%] Built target robm_interfaces__rosidl_typesupport_fastrtps_cpp
[6.309s] [ 81%] Built target robm_interfaces
[6.318s] [ 82%] [1m[34mGenerating Python code for ROS interfaces[0m
[6.578s] [ 82%] Built target robm_interfaces__py
[6.585s] [ 84%] [32mBuilding C object CMakeFiles/robm_interfaces__rosidl_generator_py.dir/rosidl_generator_py/robm_interfaces/msg/_color_s.c.o[0m
[6.586s] [ 85%] [32mBuilding C object CMakeFiles/robm_interfaces__rosidl_generator_py.dir/rosidl_generator_py/robm_interfaces/msg/_rover_motors_cmd_s.c.o[0m
[6.586s] [ 87%] [32mBuilding C object CMakeFiles/robm_interfaces__rosidl_generator_py.dir/rosidl_generator_py/robm_interfaces/msg/_gripper_command_s.c.o[0m
[6.586s] [ 89%] [32mBuilding C object CMakeFiles/robm_interfaces__rosidl_generator_py.dir/rosidl_generator_py/robm_interfaces/msg/_servo_command_s.c.o[0m
[6.734s] [ 90%] [1m[32mLinking C shared library librobm_interfaces__rosidl_generator_py.so[0m
[6.839s] [ 90%] Built target robm_interfaces__rosidl_generator_py
[6.847s] [ 92%] [32mBuilding C object CMakeFiles/robm_interfaces_s__rosidl_typesupport_c.dir/rosidl_generator_py/robm_interfaces/_robm_interfaces_s.ep.rosidl_typesupport_c.c.o[0m
[6.847s] [ 93%] [32mBuilding C object CMakeFiles/robm_interfaces_s__rosidl_typesupport_fastrtps_c.dir/rosidl_generator_py/robm_interfaces/_robm_interfaces_s.ep.rosidl_typesupport_fastrtps_c.c.o[0m
[6.847s] [ 95%] [32mBuilding C object CMakeFiles/robm_interfaces_s__rosidl_typesupport_introspection_c.dir/rosidl_generator_py/robm_interfaces/_robm_interfaces_s.ep.rosidl_typesupport_introspection_c.c.o[0m
[6.936s] [ 96%] [1m[32mLinking C shared module rosidl_generator_py/robm_interfaces/robm_interfaces_s__rosidl_typesupport_c.so[0m
[6.936s] [100%] [1m[32mLinking C shared module rosidl_generator_py/robm_interfaces/robm_interfaces_s__rosidl_typesupport_fastrtps_c.so[0m
[6.936s] [100%] [1m[32mLinking C shared module rosidl_generator_py/robm_interfaces/robm_interfaces_s__rosidl_typesupport_introspection_c.so[0m
[7.003s] [100%] Built target robm_interfaces_s__rosidl_typesupport_c
[7.003s] [100%] Built target robm_interfaces_s__rosidl_typesupport_introspection_c
[7.004s] [100%] Built target robm_interfaces_s__rosidl_typesupport_fastrtps_c
[7.008s] Invoked command in '/home/aichou/uni_projects/ROBM/robm-pixi/src/build/robm_interfaces' returned '0': CMAKE_PREFIX_PATH=${CMAKE_PREFIX_PATH}:/home/aichou/uni_projects/ROBM/robm-pixi/install/robm_tp1_color:/home/aichou/uni_projects/ROBM/robm-pixi/install/robm_bridge PIXI_PROMPT=(robm) PS1=(robm) \[\e]0;\u@\h: \w\a\]${debian_chroot:+($debian_chroot)}\[\033[01;32m\]\u@\h\[\033[00m\]:\[\033[01;34m\]\w\[\033[00m\]\$ /home/aichou/uni_projects/ROBM/robm-pixi/.pixi/envs/default/bin/cmake --build /home/aichou/uni_projects/ROBM/robm-pixi/src/build/robm_interfaces -- -j22 -l22
[7.012s] Invoking command in '/home/aichou/uni_projects/ROBM/robm-pixi/src/build/robm_interfaces': CMAKE_PREFIX_PATH=${CMAKE_PREFIX_PATH}:/home/aichou/uni_projects/ROBM/robm-pixi/install/robm_tp1_color:/home/aichou/uni_projects/ROBM/robm-pixi/install/robm_bridge PIXI_PROMPT=(robm) PS1=(robm) \[\e]0;\u@\h: \w\a\]${debian_chroot:+($debian_chroot)}\[\033[01;32m\]\u@\h\[\033[00m\]:\[\033[01;34m\]\w\[\033[00m\]\$ /home/aichou/uni_projects/ROBM/robm-pixi/.pixi/envs/default/bin/cmake --install /home/aichou/uni_projects/ROBM/robm-pixi/src/build/robm_interfaces
[7.015s] -- Install configuration: ""
[7.016s] -- Installing: /home/aichou/uni_projects/ROBM/robm-pixi/src/install/robm_interfaces/share/ament_index/resource_index/rosidl_interfaces/robm_interfaces
[7.016s] -- Installing: /home/aichou/uni_projects/ROBM/robm-pixi/src/install/robm_interfaces/share/robm_interfaces/msg/Color.json
[7.016s] -- Installing: /home/aichou/uni_projects/ROBM/robm-pixi/src/install/robm_interfaces/share/robm_interfaces/msg/RoverMotorsCmd.json
[7.016s] -- Installing: /home/aichou/uni_projects/ROBM/robm-pixi/src/install/robm_interfaces/share/robm_interfaces/msg/GripperCommand.json
[7.016s] -- Installing: /home/aichou/uni_projects/ROBM/robm-pixi/src/install/robm_interfaces/share/robm_interfaces/msg/ServoCommand.json
[7.016s] -- Installing: /home/aichou/uni_projects/ROBM/robm-pixi/src/install/robm_interfaces/include/robm_interfaces/robm_interfaces
[7.017s] -- Installing: /home/aichou/uni_projects/ROBM/robm-pixi/src/install/robm_interfaces/include/robm_interfaces/robm_interfaces/msg
[7.017s] -- Installing: /home/aichou/uni_projects/ROBM/robm-pixi/src/install/robm_interfaces/include/robm_interfaces/robm_interfaces/msg/servo_command.h
[7.017s] -- Installing: /home/aichou/uni_projects/ROBM/robm-pixi/src/install/robm_interfaces/include/robm_interfaces/robm_interfaces/msg/color.h
[7.017s] -- Installing: /home/aichou/uni_projects/ROBM/robm-pixi/src/install/robm_interfaces/include/robm_interfaces/robm_interfaces/msg/detail
[7.017s] -- Installing: /home/aichou/uni_projects/ROBM/robm-pixi/src/install/robm_interfaces/include/robm_interfaces/robm_interfaces/msg/detail/rover_motors_cmd__functions.h
[7.017s] -- Installing: /home/aichou/uni_projects/ROBM/robm-pixi/src/install/robm_interfaces/include/robm_interfaces/robm_interfaces/msg/detail/color__type_support.h
[7.017s] -- Installing: /home/aichou/uni_projects/ROBM/robm-pixi/src/install/robm_interfaces/include/robm_interfaces/robm_interfaces/msg/detail/servo_command__functions.c
[7.017s] -- Installing: /home/aichou/uni_projects/ROBM/robm-pixi/src/install/robm_interfaces/include/robm_interfaces/robm_interfaces/msg/detail/gripper_command__type_support.c
[7.017s] -- Installing: /home/aichou/uni_projects/ROBM/robm-pixi/src/install/robm_interfaces/include/robm_interfaces/robm_interfaces/msg/detail/servo_command__description.c
[7.017s] -- Installing: /home/aichou/uni_projects/ROBM/robm-pixi/src/install/robm_interfaces/include/robm_interfaces/robm_interfaces/msg/detail/color__type_support.c
[7.017s] -- Installing: /home/aichou/uni_projects/ROBM/robm-pixi/src/install/robm_interfaces/include/robm_interfaces/robm_interfaces/msg/detail/color__description.c
[7.017s] -- Installing: /home/aichou/uni_projects/ROBM/robm-pixi/src/install/robm_interfaces/include/robm_interfaces/robm_interfaces/msg/detail/gripper_command__description.c
[7.018s] -- Installing: /home/aichou/uni_projects/ROBM/robm-pixi/src/install/robm_interfaces/include/robm_interfaces/robm_interfaces/msg/detail/servo_command__type_support.c
[7.018s] -- Installing: /home/aichou/uni_projects/ROBM/robm-pixi/src/install/robm_interfaces/include/robm_interfaces/robm_interfaces/msg/detail/color__struct.h
[7.018s] -- Installing: /home/aichou/uni_projects/ROBM/robm-pixi/src/install/robm_interfaces/include/robm_interfaces/robm_interfaces/msg/detail/color__functions.c
[7.018s] -- Installing: /home/aichou/uni_projects/ROBM/robm-pixi/src/install/robm_interfaces/include/robm_interfaces/robm_interfaces/msg/detail/color__functions.h
[7.018s] -- Installing: /home/aichou/uni_projects/ROBM/robm-pixi/src/install/robm_interfaces/include/robm_interfaces/robm_interfaces/msg/detail/gripper_command__struct.h
[7.018s] -- Installing: /home/aichou/uni_projects/ROBM/robm-pixi/src/install/robm_interfaces/include/robm_interfaces/robm_interfaces/msg/detail/gripper_command__functions.c
[7.018s] -- Installing: /home/aichou/uni_projects/ROBM/robm-pixi/src/install/robm_interfaces/include/robm_interfaces/robm_interfaces/msg/detail/servo_command__type_support.h
[7.018s] -- Installing: /home/aichou/uni_projects/ROBM/robm-pixi/src/install/robm_interfaces/include/robm_interfaces/robm_interfaces/msg/detail/servo_command__functions.h
[7.018s] -- Installing: /home/aichou/uni_projects/ROBM/robm-pixi/src/install/robm_interfaces/include/robm_interfaces/robm_interfaces/msg/detail/servo_command__struct.h
[7.018s] -- Installing: /home/aichou/uni_projects/ROBM/robm-pixi/src/install/robm_interfaces/include/robm_interfaces/robm_interfaces/msg/detail/rover_motors_cmd__type_support.h
[7.018s] -- Installing: /home/aichou/uni_projects/ROBM/robm-pixi/src/install/robm_interfaces/include/robm_interfaces/robm_interfaces/msg/detail/rover_motors_cmd__functions.c
[7.018s] -- Installing: /home/aichou/uni_projects/ROBM/robm-pixi/src/install/robm_interfaces/include/robm_interfaces/robm_interfaces/msg/detail/rover_motors_cmd__description.c
[7.018s] -- Installing: /home/aichou/uni_projects/ROBM/robm-pixi/src/install/robm_interfaces/include/robm_interfaces/robm_interfaces/msg/detail/gripper_command__type_support.h
[7.018s] -- Installing: /home/aichou/uni_projects/ROBM/robm-pixi/src/install/robm_interfaces/include/robm_interfaces/robm_interfaces/msg/detail/rover_motors_cmd__struct.h
[7.018s] -- Installing: /home/aichou/uni_projects/ROBM/robm-pixi/src/install/robm_interfaces/include/robm_interfaces/robm_interfaces/msg/detail/rover_motors_cmd__type_support.c
[7.018s] -- Installing: /home/aichou/uni_projects/ROBM/robm-pixi/src/install/robm_interfaces/include/robm_interfaces/robm_interfaces/msg/detail/gripper_command__functions.h
[7.018s] -- Installing: /home/aichou/uni_projects/ROBM/robm-pixi/src/install/robm_interfaces/include/robm_interfaces/robm_interfaces/msg/gripper_command.h
[7.018s] -- Installing: /home/aichou/uni_projects/ROBM/robm-pixi/src/install/robm_interfaces/include/robm_interfaces/robm_interfaces/msg/rover_motors_cmd.h
[7.018s] -- Installing: /home/aichou/uni_projects/ROBM/robm-pixi/src/install/robm_interfaces/include/robm_interfaces/robm_interfaces/msg/rosidl_generator_c__visibility_control.h
[7.019s] -- Installing: /home/aichou/uni_projects/ROBM/robm-pixi/src/install/robm_interfaces/share/robm_interfaces/environment/library_path.sh
[7.019s] -- Installing: /home/aichou/uni_projects/ROBM/robm-pixi/src/install/robm_interfaces/share/robm_interfaces/environment/library_path.dsv
[7.019s] -- Installing: /home/aichou/uni_projects/ROBM/robm-pixi/src/install/robm_interfaces/lib/librobm_interfaces__rosidl_generator_c.so
[7.019s] -- Up-to-date: /home/aichou/uni_projects/ROBM/robm-pixi/src/install/robm_interfaces/include/robm_interfaces/robm_interfaces
[7.019s] -- Up-to-date: /home/aichou/uni_projects/ROBM/robm-pixi/src/install/robm_interfaces/include/robm_interfaces/robm_interfaces/msg
[7.019s] -- Installing: /home/aichou/uni_projects/ROBM/robm-pixi/src/install/robm_interfaces/include/robm_interfaces/robm_interfaces/msg/rosidl_typesupport_fastrtps_c__visibility_control.h
[7.019s] -- Up-to-date: /home/aichou/uni_projects/ROBM/robm-pixi/src/install/robm_interfaces/include/robm_interfaces/robm_interfaces/msg/detail
[7.019s] -- Installing: /home/aichou/uni_projects/ROBM/robm-pixi/src/install/robm_interfaces/include/robm_interfaces/robm_interfaces/msg/detail/color__rosidl_typesupport_fastrtps_c.h
[7.019s] -- Installing: /home/aichou/uni_projects/ROBM/robm-pixi/src/install/robm_interfaces/include/robm_interfaces/robm_interfaces/msg/detail/servo_command__rosidl_typesupport_fastrtps_c.h
[7.020s] -- Installing: /home/aichou/uni_projects/ROBM/robm-pixi/src/install/robm_interfaces/include/robm_interfaces/robm_interfaces/msg/detail/gripper_command__rosidl_typesupport_fastrtps_c.h
[7.020s] -- Installing: /home/aichou/uni_projects/ROBM/robm-pixi/src/install/robm_interfaces/include/robm_interfaces/robm_interfaces/msg/detail/rover_motors_cmd__rosidl_typesupport_fastrtps_c.h
[7.020s] -- Installing: /home/aichou/uni_projects/ROBM/robm-pixi/src/install/robm_interfaces/lib/librobm_interfaces__rosidl_typesupport_fastrtps_c.so
[7.020s] -- Set non-toolchain portion of runtime path of "/home/aichou/uni_projects/ROBM/robm-pixi/src/install/robm_interfaces/lib/librobm_interfaces__rosidl_typesupport_fastrtps_c.so" to ""
[7.020s] -- Up-to-date: /home/aichou/uni_projects/ROBM/robm-pixi/src/install/robm_interfaces/include/robm_interfaces/robm_interfaces
[7.020s] -- Up-to-date: /home/aichou/uni_projects/ROBM/robm-pixi/src/install/robm_interfaces/include/robm_interfaces/robm_interfaces/msg
[7.020s] -- Installing: /home/aichou/uni_projects/ROBM/robm-pixi/src/install/robm_interfaces/include/robm_interfaces/robm_interfaces/msg/color.hpp
[7.020s] -- Installing: /home/aichou/uni_projects/ROBM/robm-pixi/src/install/robm_interfaces/include/robm_interfaces/robm_interfaces/msg/rover_motors_cmd.hpp
[7.020s] -- Up-to-date: /home/aichou/uni_projects/ROBM/robm-pixi/src/install/robm_interfaces/include/robm_interfaces/robm_interfaces/msg/detail
[7.020s] -- Installing: /home/aichou/uni_projects/ROBM/robm-pixi/src/install/robm_interfaces/include/robm_interfaces/robm_interfaces/msg/detail/gripper_command__struct.hpp
[7.020s] -- Installing: /home/aichou/uni_projects/ROBM/robm-pixi/src/install/robm_interfaces/include/robm_interfaces/robm_interfaces/msg/detail/servo_command__builder.hpp
[7.021s] -- Installing: /home/aichou/uni_projects/ROBM/robm-pixi/src/install/robm_interfaces/include/robm_interfaces/robm_interfaces/msg/detail/color__builder.hpp
[7.021s] -- Installing: /home/aichou/uni_projects/ROBM/robm-pixi/src/install/robm_interfaces/include/robm_interfaces/robm_interfaces/msg/detail/rover_motors_cmd__builder.hpp
[7.021s] -- Installing: /home/aichou/uni_projects/ROBM/robm-pixi/src/install/robm_interfaces/include/robm_interfaces/robm_interfaces/msg/detail/rover_motors_cmd__struct.hpp
[7.021s] -- Installing: /home/aichou/uni_projects/ROBM/robm-pixi/src/install/robm_interfaces/include/robm_interfaces/robm_interfaces/msg/detail/rover_motors_cmd__type_support.hpp
[7.021s] -- Installing: /home/aichou/uni_projects/ROBM/robm-pixi/src/install/robm_interfaces/include/robm_interfaces/robm_interfaces/msg/detail/color__type_support.hpp
[7.021s] -- Installing: /home/aichou/uni_projects/ROBM/robm-pixi/src/install/robm_interfaces/include/robm_interfaces/robm_interfaces/msg/detail/color__traits.hpp
[7.021s] -- Installing: /home/aichou/uni_projects/ROBM/robm-pixi/src/install/robm_interfaces/include/robm_interfaces/robm_interfaces/msg/detail/servo_command__traits.hpp
[7.021s] -- Installing: /home/aichou/uni_projects/ROBM/robm-pixi/src/install/robm_interfaces/include/robm_interfaces/robm_interfaces/msg/detail/rover_motors_cmd__traits.hpp
[7.021s] -- Installing: /home/aichou/uni_projects/ROBM/robm-pixi/src/install/robm_interfaces/include/robm_interfaces/robm_interfaces/msg/detail/color__struct.hpp
[7.021s] -- Installing: /home/aichou/uni_projects/ROBM/robm-pixi/src/install/robm_interfaces/include/robm_interfaces/robm_interfaces/msg/detail/servo_command__struct.hpp
[7.021s] -- Installing: /home/aichou/uni_projects/ROBM/robm-pixi/src/install/robm_interfaces/include/robm_interfaces/robm_interfaces/msg/detail/gripper_command__type_support.hpp
[7.021s] -- Installing: /home/aichou/uni_projects/ROBM/robm-pixi/src/install/robm_interfaces/include/robm_interfaces/robm_interfaces/msg/detail/gripper_command__builder.hpp
[7.021s] -- Installing: /home/aichou/uni_projects/ROBM/robm-pixi/src/install/robm_interfaces/include/robm_interfaces/robm_interfaces/msg/detail/gripper_command__traits.hpp
[7.022s] -- Installing: /home/aichou/uni_projects/ROBM/robm-pixi/src/install/robm_interfaces/include/robm_interfaces/robm_interfaces/msg/detail/servo_command__type_support.hpp
[7.022s] -- Installing: /home/aichou/uni_projects/ROBM/robm-pixi/src/install/robm_interfaces/include/robm_interfaces/robm_interfaces/msg/servo_command.hpp
[7.022s] -- Installing: /home/aichou/uni_projects/ROBM/robm-pixi/src/install/robm_interfaces/include/robm_interfaces/robm_interfaces/msg/rosidl_generator_cpp__visibility_control.hpp
[7.022s] -- Installing: /home/aichou/uni_projects/ROBM/robm-pixi/src/install/robm_interfaces/include/robm_interfaces/robm_interfaces/msg/gripper_command.hpp
[7.022s] -- Up-to-date: /home/aichou/uni_projects/ROBM/robm-pixi/src/install/robm_interfaces/include/robm_interfaces/robm_interfaces
[7.022s] -- Up-to-date: /home/aichou/uni_projects/ROBM/robm-pixi/src/install/robm_interfaces/include/robm_interfaces/robm_interfaces/msg
[7.022s] -- Up-to-date: /home/aichou/uni_projects/ROBM/robm-pixi/src/install/robm_interfaces/include/robm_interfaces/robm_interfaces/msg/detail
[7.022s] -- Installing: /home/aichou/uni_projects/ROBM/robm-pixi/src/install/robm_interfaces/include/robm_interfaces/robm_interfaces/msg/detail/dds_fastrtps
[7.022s] -- Installing: /home/aichou/uni_projects/ROBM/robm-pixi/src/install/robm_interfaces/include/robm_interfaces/robm_interfaces/msg/detail/servo_command__rosidl_typesupport_fastrtps_cpp.hpp
[7.022s] -- Installing: /home/aichou/uni_projects/ROBM/robm-pixi/src/install/robm_interfaces/include/robm_interfaces/robm_interfaces/msg/detail/gripper_command__rosidl_typesupport_fastrtps_cpp.hpp
[7.022s] -- Installing: /home/aichou/uni_projects/ROBM/robm-pixi/src/install/robm_interfaces/include/robm_interfaces/robm_interfaces/msg/detail/color__rosidl_typesupport_fastrtps_cpp.hpp
[7.022s] -- Installing: /home/aichou/uni_projects/ROBM/robm-pixi/src/install/robm_interfaces/include/robm_interfaces/robm_interfaces/msg/detail/rover_motors_cmd__rosidl_typesupport_fastrtps_cpp.hpp
[7.023s] -- Installing: /home/aichou/uni_projects/ROBM/robm-pixi/src/install/robm_interfaces/include/robm_interfaces/robm_interfaces/msg/rosidl_typesupport_fastrtps_cpp__visibility_control.h
[7.023s] -- Installing: /home/aichou/uni_projects/ROBM/robm-pixi/src/install/robm_interfaces/lib/librobm_interfaces__rosidl_typesupport_fastrtps_cpp.so
[7.023s] -- Set non-toolchain portion of runtime path of "/home/aichou/uni_projects/ROBM/robm-pixi/src/install/robm_interfaces/lib/librobm_interfaces__rosidl_typesupport_fastrtps_cpp.so" to ""
[7.023s] -- Up-to-date: /home/aichou/uni_projects/ROBM/robm-pixi/src/install/robm_interfaces/include/robm_interfaces/robm_interfaces
[7.023s] -- Up-to-date: /home/aichou/uni_projects/ROBM/robm-pixi/src/install/robm_interfaces/include/robm_interfaces/robm_interfaces/msg
[7.023s] -- Installing: /home/aichou/uni_projects/ROBM/robm-pixi/src/install/robm_interfaces/include/robm_interfaces/robm_interfaces/msg/rosidl_typesupport_introspection_c__visibility_control.h
[7.023s] -- Up-to-date: /home/aichou/uni_projects/ROBM/robm-pixi/src/install/robm_interfaces/include/robm_interfaces/robm_interfaces/msg/detail
[7.023s] -- Up-to-date: /home/aichou/uni_projects/ROBM/robm-pixi/src/install/robm_interfaces/include/robm_interfaces/robm_interfaces/msg/detail/gripper_command__type_support.c
[7.023s] -- Installing: /home/aichou/uni_projects/ROBM/robm-pixi/src/install/robm_interfaces/include/robm_interfaces/robm_interfaces/msg/detail/color__rosidl_typesupport_introspection_c.h
[7.023s] -- Up-to-date: /home/aichou/uni_projects/ROBM/robm-pixi/src/install/robm_interfaces/include/robm_interfaces/robm_interfaces/msg/detail/color__type_support.c
[7.023s] -- Up-to-date: /home/aichou/uni_projects/ROBM/robm-pixi/src/install/robm_interfaces/include/robm_interfaces/robm_interfaces/msg/detail/servo_command__type_support.c
[7.023s] -- Installing: /home/aichou/uni_projects/ROBM/robm-pixi/src/install/robm_interfaces/include/robm_interfaces/robm_interfaces/msg/detail/gripper_command__rosidl_typesupport_introspection_c.h
[7.024s] -- Installing: /home/aichou/uni_projects/ROBM/robm-pixi/src/install/robm_interfaces/include/robm_interfaces/robm_interfaces/msg/detail/servo_command__rosidl_typesupport_introspection_c.h
[7.024s] -- Installing: /home/aichou/uni_projects/ROBM/robm-pixi/src/install/robm_interfaces/include/robm_interfaces/robm_interfaces/msg/detail/rover_motors_cmd__rosidl_typesupport_introspection_c.h
[7.024s] -- Up-to-date: /home/aichou/uni_projects/ROBM/robm-pixi/src/install/robm_interfaces/include/robm_interfaces/robm_interfaces/msg/detail/rover_motors_cmd__type_support.c
[7.024s] -- Installing: /home/aichou/uni_projects/ROBM/robm-pixi/src/install/robm_interfaces/lib/librobm_interfaces__rosidl_typesupport_introspection_c.so
[7.024s] -- Set non-toolchain portion of runtime path of "/home/aichou/uni_projects/ROBM/robm-pixi/src/install/robm_interfaces/lib/librobm_interfaces__rosidl_typesupport_introspection_c.so" to ""
[7.024s] -- Installing: /home/aichou/uni_projects/ROBM/robm-pixi/src/install/robm_interfaces/lib/librobm_interfaces__rosidl_typesupport_c.so
[7.024s] -- Set non-toolchain portion of runtime path of "/home/aichou/uni_projects/ROBM/robm-pixi/src/install/robm_interfaces/lib/librobm_interfaces__rosidl_typesupport_c.so" to ""
[7.024s] -- Up-to-date: /home/aichou/uni_projects/ROBM/robm-pixi/src/install/robm_interfaces/include/robm_interfaces/robm_interfaces
[7.024s] -- Up-to-date: /home/aichou/uni_projects/ROBM/robm-pixi/src/install/robm_interfaces/include/robm_interfaces/robm_interfaces/msg
[7.024s] -- Up-to-date: /home/aichou/uni_projects/ROBM/robm-pixi/src/install/robm_interfaces/include/robm_interfaces/robm_interfaces/msg/detail
[7.024s] -- Installing: /home/aichou/uni_projects/ROBM/robm-pixi/src/install/robm_interfaces/include/robm_interfaces/robm_interfaces/msg/detail/rover_motors_cmd__rosidl_typesupport_introspection_cpp.hpp
[7.024s] -- Installing: /home/aichou/uni_projects/ROBM/robm-pixi/src/install/robm_interfaces/include/robm_interfaces/robm_interfaces/msg/detail/servo_command__type_support.cpp
[7.024s] -- Installing: /home/aichou/uni_projects/ROBM/robm-pixi/src/install/robm_interfaces/include/robm_interfaces/robm_interfaces/msg/detail/color__type_support.cpp
[7.024s] -- Installing: /home/aichou/uni_projects/ROBM/robm-pixi/src/install/robm_interfaces/include/robm_interfaces/robm_interfaces/msg/detail/gripper_command__rosidl_typesupport_introspection_cpp.hpp
[7.024s] -- Installing: /home/aichou/uni_projects/ROBM/robm-pixi/src/install/robm_interfaces/include/robm_interfaces/robm_interfaces/msg/detail/rover_motors_cmd__type_support.cpp
[7.024s] -- Installing: /home/aichou/uni_projects/ROBM/robm-pixi/src/install/robm_interfaces/include/robm_interfaces/robm_interfaces/msg/detail/servo_command__rosidl_typesupport_introspection_cpp.hpp
[7.024s] -- Installing: /home/aichou/uni_projects/ROBM/robm-pixi/src/install/robm_interfaces/include/robm_interfaces/robm_interfaces/msg/detail/gripper_command__type_support.cpp
[7.024s] -- Installing: /home/aichou/uni_projects/ROBM/robm-pixi/src/install/robm_interfaces/include/robm_interfaces/robm_interfaces/msg/detail/color__rosidl_typesupport_introspection_cpp.hpp
[7.024s] -- Installing: /home/aichou/uni_projects/ROBM/robm-pixi/src/install/robm_interfaces/lib/librobm_interfaces__rosidl_typesupport_introspection_cpp.so
[7.024s] -- Set non-toolchain portion of runtime path of "/home/aichou/uni_projects/ROBM/robm-pixi/src/install/robm_interfaces/lib/librobm_interfaces__rosidl_typesupport_introspection_cpp.so" to ""
[7.024s] -- Installing: /home/aichou/uni_projects/ROBM/robm-pixi/src/install/robm_interfaces/lib/librobm_interfaces__rosidl_typesupport_cpp.so
[7.024s] -- Set non-toolchain portion of runtime path of "/home/aichou/uni_projects/ROBM/robm-pixi/src/install/robm_interfaces/lib/librobm_interfaces__rosidl_typesupport_cpp.so" to ""
[7.024s] -- Installing: /home/aichou/uni_projects/ROBM/robm-pixi/src/install/robm_interfaces/share/robm_interfaces/environment/pythonpath.sh
[7.024s] -- Installing: /home/aichou/uni_projects/ROBM/robm-pixi/src/install/robm_interfaces/share/robm_interfaces/environment/pythonpath.dsv
[7.025s] -- Installing: /home/aichou/uni_projects/ROBM/robm-pixi/src/install/robm_interfaces/lib/python3.12/site-packages/robm_interfaces-0.1.0-py3.12.egg-info
[7.025s] -- Installing: /home/aichou/uni_projects/ROBM/robm-pixi/src/install/robm_interfaces/lib/python3.12/site-packages/robm_interfaces-0.1.0-py3.12.egg-info/top_level.txt
[7.025s] -- Installing: /home/aichou/uni_projects/ROBM/robm-pixi/src/install/robm_interfaces/lib/python3.12/site-packages/robm_interfaces-0.1.0-py3.12.egg-info/SOURCES.txt
[7.025s] -- Installing: /home/aichou/uni_projects/ROBM/robm-pixi/src/install/robm_interfaces/lib/python3.12/site-packages/robm_interfaces-0.1.0-py3.12.egg-info/PKG-INFO
[7.025s] -- Installing: /home/aichou/uni_projects/ROBM/robm-pixi/src/install/robm_interfaces/lib/python3.12/site-packages/robm_interfaces-0.1.0-py3.12.egg-info/dependency_links.txt
[7.025s] -- Installing: /home/aichou/uni_projects/ROBM/robm-pixi/src/install/robm_interfaces/lib/python3.12/site-packages/robm_interfaces
[7.025s] -- Installing: /home/aichou/uni_projects/ROBM/robm-pixi/src/install/robm_interfaces/lib/python3.12/site-packages/robm_interfaces/robm_interfaces_s__rosidl_typesupport_c.so
[7.025s] -- Installing: /home/aichou/uni_projects/ROBM/robm-pixi/src/install/robm_interfaces/lib/python3.12/site-packages/robm_interfaces/_robm_interfaces_s.ep.rosidl_typesupport_introspection_c.c
[7.025s] -- Installing: /home/aichou/uni_projects/ROBM/robm-pixi/src/install/robm_interfaces/lib/python3.12/site-packages/robm_interfaces/_robm_interfaces_s.ep.rosidl_typesupport_fastrtps_c.c
[7.025s] -- Installing: /home/aichou/uni_projects/ROBM/robm-pixi/src/install/robm_interfaces/lib/python3.12/site-packages/robm_interfaces/msg
[7.025s] -- Installing: /home/aichou/uni_projects/ROBM/robm-pixi/src/install/robm_interfaces/lib/python3.12/site-packages/robm_interfaces/msg/_rover_motors_cmd_s.c
[7.025s] -- Installing: /home/aichou/uni_projects/ROBM/robm-pixi/src/install/robm_interfaces/lib/python3.12/site-packages/robm_interfaces/msg/_rover_motors_cmd.py
[7.025s] -- Installing: /home/aichou/uni_projects/ROBM/robm-pixi/src/install/robm_interfaces/lib/python3.12/site-packages/robm_interfaces/msg/_color.py
[7.025s] -- Installing: /home/aichou/uni_projects/ROBM/robm-pixi/src/install/robm_interfaces/lib/python3.12/site-packages/robm_interfaces/msg/_servo_command_s.c
[7.025s] -- Installing: /home/aichou/uni_projects/ROBM/robm-pixi/src/install/robm_interfaces/lib/python3.12/site-packages/robm_interfaces/msg/_gripper_command_s.c
[7.025s] -- Installing: /home/aichou/uni_projects/ROBM/robm-pixi/src/install/robm_interfaces/lib/python3.12/site-packages/robm_interfaces/msg/_color_s.c
[7.025s] -- Installing: /home/aichou/uni_projects/ROBM/robm-pixi/src/install/robm_interfaces/lib/python3.12/site-packages/robm_interfaces/msg/_gripper_command.py
[7.025s] -- Installing: /home/aichou/uni_projects/ROBM/robm-pixi/src/install/robm_interfaces/lib/python3.12/site-packages/robm_interfaces/msg/__init__.py
[7.025s] -- Installing: /home/aichou/uni_projects/ROBM/robm-pixi/src/install/robm_interfaces/lib/python3.12/site-packages/robm_interfaces/msg/_servo_command.py
[7.025s] -- Installing: /home/aichou/uni_projects/ROBM/robm-pixi/src/install/robm_interfaces/lib/python3.12/site-packages/robm_interfaces/robm_interfaces_s__rosidl_typesupport_fastrtps_c.so
[7.025s] -- Installing: /home/aichou/uni_projects/ROBM/robm-pixi/src/install/robm_interfaces/lib/python3.12/site-packages/robm_interfaces/__init__.py
[7.025s] -- Installing: /home/aichou/uni_projects/ROBM/robm-pixi/src/install/robm_interfaces/lib/python3.12/site-packages/robm_interfaces/_robm_interfaces_s.ep.rosidl_typesupport_c.c
[7.025s] -- Installing: /home/aichou/uni_projects/ROBM/robm-pixi/src/install/robm_interfaces/lib/python3.12/site-packages/robm_interfaces/robm_interfaces_s__rosidl_typesupport_introspection_c.so
[7.052s] Listing '/home/aichou/uni_projects/ROBM/robm-pixi/src/install/robm_interfaces/lib/python3.12/site-packages/robm_interfaces'...
[7.052s] Compiling '/home/aichou/uni_projects/ROBM/robm-pixi/src/install/robm_interfaces/lib/python3.12/site-packages/robm_interfaces/__init__.py'...
[7.052s] Listing '/home/aichou/uni_projects/ROBM/robm-pixi/src/install/robm_interfaces/lib/python3.12/site-packages/robm_interfaces/msg'...
[7.052s] Compiling '/home/aichou/uni_projects/ROBM/robm-pixi/src/install/robm_interfaces/lib/python3.12/site-packages/robm_interfaces/msg/__init__.py'...
[7.052s] Compiling '/home/aichou/uni_projects/ROBM/robm-pixi/src/install/robm_interfaces/lib/python3.12/site-packages/robm_interfaces/msg/_color.py'...
[7.052s] Compiling '/home/aichou/uni_projects/ROBM/robm-pixi/src/install/robm_interfaces/lib/python3.12/site-packages/robm_interfaces/msg/_gripper_command.py'...
[7.052s] Compiling '/home/aichou/uni_projects/ROBM/robm-pixi/src/install/robm_interfaces/lib/python3.12/site-packages/robm_interfaces/msg/_rover_motors_cmd.py'...
[7.052s] Compiling '/home/aichou/uni_projects/ROBM/robm-pixi/src/install/robm_interfaces/lib/python3.12/site-packages/robm_interfaces/msg/_servo_command.py'...
[7.055s] -- Installing: /home/aichou/uni_projects/ROBM/robm-pixi/src/install/robm_interfaces/lib/python3.12/site-packages/robm_interfaces/robm_interfaces_s__rosidl_typesupport_fastrtps_c.so
[7.055s] -- Set non-toolchain portion of runtime path of "/home/aichou/uni_projects/ROBM/robm-pixi/src/install/robm_interfaces/lib/python3.12/site-packages/robm_interfaces/robm_interfaces_s__rosidl_typesupport_fastrtps_c.so" to ""
[7.055s] -- Installing: /home/aichou/uni_projects/ROBM/robm-pixi/src/install/robm_interfaces/lib/python3.12/site-packages/robm_interfaces/robm_interfaces_s__rosidl_typesupport_introspection_c.so
[7.055s] -- Set non-toolchain portion of runtime path of "/home/aichou/uni_projects/ROBM/robm-pixi/src/install/robm_interfaces/lib/python3.12/site-packages/robm_interfaces/robm_interfaces_s__rosidl_typesupport_introspection_c.so" to ""
[7.056s] -- Installing: /home/aichou/uni_projects/ROBM/robm-pixi/src/install/robm_interfaces/lib/python3.12/site-packages/robm_interfaces/robm_interfaces_s__rosidl_typesupport_c.so
[7.056s] -- Set non-toolchain portion of runtime path of "/home/aichou/uni_projects/ROBM/robm-pixi/src/install/robm_interfaces/lib/python3.12/site-packages/robm_interfaces/robm_interfaces_s__rosidl_typesupport_c.so" to ""
[7.056s] -- Installing: /home/aichou/uni_projects/ROBM/robm-pixi/src/install/robm_interfaces/lib/librobm_interfaces__rosidl_generator_py.so
[7.056s] -- Set non-toolchain portion of runtime path of "/home/aichou/uni_projects/ROBM/robm-pixi/src/install/robm_interfaces/lib/librobm_interfaces__rosidl_generator_py.so" to ""
[7.056s] -- Installing: /home/aichou/uni_projects/ROBM/robm-pixi/src/install/robm_interfaces/share/robm_interfaces/msg/Color.idl
[7.056s] -- Installing: /home/aichou/uni_projects/ROBM/robm-pixi/src/install/robm_interfaces/share/robm_interfaces/msg/RoverMotorsCmd.idl
[7.056s] -- Installing: /home/aichou/uni_projects/ROBM/robm-pixi/src/install/robm_interfaces/share/robm_interfaces/msg/GripperCommand.idl
[7.056s] -- Installing: /home/aichou/uni_projects/ROBM/robm-pixi/src/install/robm_interfaces/share/robm_interfaces/msg/ServoCommand.idl
[7.056s] -- Installing: /home/aichou/uni_projects/ROBM/robm-pixi/src/install/robm_interfaces/share/robm_interfaces/msg/Color.msg
[7.056s] -- Installing: /home/aichou/uni_projects/ROBM/robm-pixi/src/install/robm_interfaces/share/robm_interfaces/msg/RoverMotorsCmd.msg
[7.056s] -- Installing: /home/aichou/uni_projects/ROBM/robm-pixi/src/install/robm_interfaces/share/robm_interfaces/msg/GripperCommand.msg
[7.056s] -- Installing: /home/aichou/uni_projects/ROBM/robm-pixi/src/install/robm_interfaces/share/robm_interfaces/msg/ServoCommand.msg
[7.056s] -- Installing: /home/aichou/uni_projects/ROBM/robm-pixi/src/install/robm_interfaces/share/ament_index/resource_index/package_run_dependencies/robm_interfaces
[7.057s] -- Installing: /home/aichou/uni_projects/ROBM/robm-pixi/src/install/robm_interfaces/share/ament_index/resource_index/parent_prefix_path/robm_interfaces
[7.057s] -- Installing: /home/aichou/uni_projects/ROBM/robm-pixi/src/install/robm_interfaces/share/robm_interfaces/environment/ament_prefix_path.sh
[7.057s] -- Installing: /home/aichou/uni_projects/ROBM/robm-pixi/src/install/robm_interfaces/share/robm_interfaces/environment/ament_prefix_path.dsv
[7.057s] -- Installing: /home/aichou/uni_projects/ROBM/robm-pixi/src/install/robm_interfaces/share/robm_interfaces/environment/path.sh
[7.057s] -- Installing: /home/aichou/uni_projects/ROBM/robm-pixi/src/install/robm_interfaces/share/robm_interfaces/environment/path.dsv
[7.057s] -- Installing: /home/aichou/uni_projects/ROBM/robm-pixi/src/install/robm_interfaces/share/robm_interfaces/local_setup.bash
[7.057s] -- Installing: /home/aichou/uni_projects/ROBM/robm-pixi/src/install/robm_interfaces/share/robm_interfaces/local_setup.sh
[7.057s] -- Installing: /home/aichou/uni_projects/ROBM/robm-pixi/src/install/robm_interfaces/share/robm_interfaces/local_setup.zsh
[7.057s] -- Installing: /home/aichou/uni_projects/ROBM/robm-pixi/src/install/robm_interfaces/share/robm_interfaces/local_setup.dsv
[7.057s] -- Installing: /home/aichou/uni_projects/ROBM/robm-pixi/src/install/robm_interfaces/share/robm_interfaces/package.dsv
[7.057s] -- Installing: /home/aichou/uni_projects/ROBM/robm-pixi/src/install/robm_interfaces/share/ament_index/resource_index/packages/robm_interfaces
[7.057s] -- Installing: /home/aichou/uni_projects/ROBM/robm-pixi/src/install/robm_interfaces/share/robm_interfaces/cmake/export_robm_interfaces__rosidl_generator_cExport.cmake
[7.057s] -- Installing: /home/aichou/uni_projects/ROBM/robm-pixi/src/install/robm_interfaces/share/robm_interfaces/cmake/export_robm_interfaces__rosidl_generator_cExport-noconfig.cmake
[7.057s] -- Installing: /home/aichou/uni_projects/ROBM/robm-pixi/src/install/robm_interfaces/share/robm_interfaces/cmake/export_robm_interfaces__rosidl_typesupport_fastrtps_cExport.cmake
[7.057s] -- Installing: /home/aichou/uni_projects/ROBM/robm-pixi/src/install/robm_interfaces/share/robm_interfaces/cmake/export_robm_interfaces__rosidl_typesupport_fastrtps_cExport-noconfig.cmake
[7.058s] -- Installing: /home/aichou/uni_projects/ROBM/robm-pixi/src/install/robm_interfaces/share/robm_interfaces/cmake/export_robm_interfaces__rosidl_generator_cppExport.cmake
[7.058s] -- Installing: /home/aichou/uni_projects/ROBM/robm-pixi/src/install/robm_interfaces/share/robm_interfaces/cmake/export_robm_interfaces__rosidl_typesupport_fastrtps_cppExport.cmake
[7.058s] -- Installing: /home/aichou/uni_projects/ROBM/robm-pixi/src/install/robm_interfaces/share/robm_interfaces/cmake/export_robm_interfaces__rosidl_typesupport_fastrtps_cppExport-noconfig.cmake
[7.058s] -- Installing: /home/aichou/uni_projects/ROBM/robm-pixi/src/install/robm_interfaces/share/robm_interfaces/cmake/robm_interfaces__rosidl_typesupport_introspection_cExport.cmake
[7.058s] -- Installing: /home/aichou/uni_projects/ROBM/robm-pixi/src/install/robm_interfaces/share/robm_interfaces/cmake/robm_interfaces__rosidl_typesupport_introspection_cExport-noconfig.cmake
[7.058s] -- Installing: /home/aichou/uni_projects/ROBM/robm-pixi/src/install/robm_interfaces/share/robm_interfaces/cmake/robm_interfaces__rosidl_typesupport_cExport.cmake
[7.058s] -- Installing: /home/aichou/uni_projects/ROBM/robm-pixi/src/install/robm_interfaces/share/robm_interfaces/cmake/robm_interfaces__rosidl_typesupport_cExport-noconfig.cmake
[7.058s] -- Installing: /home/aichou/uni_projects/ROBM/robm-pixi/src/install/robm_interfaces/share/robm_interfaces/cmake/robm_interfaces__rosidl_typesupport_introspection_cppExport.cmake
[7.058s] -- Installing: /home/aichou/uni_projects/ROBM/robm-pixi/src/install/robm_interfaces/share/robm_interfaces/cmake/robm_interfaces__rosidl_typesupport_introspection_cppExport-noconfig.cmake
[7.058s] -- Installing: /home/aichou/uni_projects/ROBM/robm-pixi/src/install/robm_interfaces/share/robm_interfaces/cmake/robm_interfaces__rosidl_typesupport_cppExport.cmake
[7.058s] -- Installing: /home/aichou/uni_projects/ROBM/robm-pixi/src/install/robm_interfaces/share/robm_interfaces/cmake/robm_interfaces__rosidl_typesupport_cppExport-noconfig.cmake
[7.059s] -- Installing: /home/aichou/uni_projects/ROBM/robm-pixi/src/install/robm_interfaces/share/robm_interfaces/cmake/export_robm_interfaces__rosidl_generator_pyExport.cmake
[7.059s] -- Installing: /home/aichou/uni_projects/ROBM/robm-pixi/src/install/robm_interfaces/share/robm_interfaces/cmake/export_robm_interfaces__rosidl_generator_pyExport-noconfig.cmake
[7.059s] -- Installing: /home/aichou/uni_projects/ROBM/robm-pixi/src/install/robm_interfaces/share/robm_interfaces/cmake/rosidl_cmake-extras.cmake
[7.059s] -- Installing: /home/aichou/uni_projects/ROBM/robm-pixi/src/install/robm_interfaces/share/robm_interfaces/cmake/ament_cmake_export_dependencies-extras.cmake
[7.059s] -- Installing: /home/aichou/uni_projects/ROBM/robm-pixi/src/install/robm_interfaces/share/robm_interfaces/cmake/ament_cmake_export_include_directories-extras.cmake
[7.059s] -- Installing: /home/aichou/uni_projects/ROBM/robm-pixi/src/install/robm_interfaces/share/robm_interfaces/cmake/ament_cmake_export_libraries-extras.cmake
[7.059s] -- Installing: /home/aichou/uni_projects/ROBM/robm-pixi/src/install/robm_interfaces/share/robm_interfaces/cmake/ament_cmake_export_targets-extras.cmake
[7.059s] -- Installing: /home/aichou/uni_projects/ROBM/robm-pixi/src/install/robm_interfaces/share/robm_interfaces/cmake/rosidl_cmake_export_typesupport_targets-extras.cmake
[7.059s] -- Installing: /home/aichou/uni_projects/ROBM/robm-pixi/src/install/robm_interfaces/share/robm_interfaces/cmake/rosidl_cmake_export_typesupport_libraries-extras.cmake
[7.059s] -- Installing: /home/aichou/uni_projects/ROBM/robm-pixi/src/install/robm_interfaces/share/robm_interfaces/cmake/robm_interfacesConfig.cmake
[7.059s] -- Installing: /home/aichou/uni_projects/ROBM/robm-pixi/src/install/robm_interfaces/share/robm_interfaces/cmake/robm_interfacesConfig-version.cmake
[7.059s] -- Installing: /home/aichou/uni_projects/ROBM/robm-pixi/src/install/robm_interfaces/share/robm_interfaces/package.xml
[7.061s] Invoked command in '/home/aichou/uni_projects/ROBM/robm-pixi/src/build/robm_interfaces' returned '0': CMAKE_PREFIX_PATH=${CMAKE_PREFIX_PATH}:/home/aichou/uni_projects/ROBM/robm-pixi/install/robm_tp1_color:/home/aichou/uni_projects/ROBM/robm-pixi/install/robm_bridge PIXI_PROMPT=(robm) PS1=(robm) \[\e]0;\u@\h: \w\a\]${debian_chroot:+($debian_chroot)}\[\033[01;32m\]\u@\h\[\033[00m\]:\[\033[01;34m\]\w\[\033[00m\]\$ /home/aichou/uni_projects/ROBM/robm-pixi/.pixi/envs/default/bin/cmake --install /home/aichou/uni_projects/ROBM/robm-pixi/src/build/robm_interfaces
