-- Found ament_cmake: 2.7.3 (/home/aichou/uni_projects/ROBM/robm-pixi/.pixi/envs/default/share/ament_cmake/cmake)
-- Override CMake install command with custom implementation using symlinks instead of copying resources
-- Configuring done (0.1s)
-- Generating done (0.0s)
-- Build files have been written to: /home/aichou/uni_projects/ROBM/robm-pixi/build/teleop_tools
-- Install configuration: ""
-- Execute custom install script
-- Up-to-date symlink: /home/aichou/uni_projects/ROBM/robm-pixi/install/teleop_tools/share/ament_index/resource_index/package_run_dependencies/teleop_tools
-- Up-to-date symlink: /home/aichou/uni_projects/ROBM/robm-pixi/install/teleop_tools/share/ament_index/resource_index/parent_prefix_path/teleop_tools
-- Up-to-date symlink: /home/aichou/uni_projects/ROBM/robm-pixi/install/teleop_tools/share/teleop_tools/environment/ament_prefix_path.sh
-- Up-to-date symlink: /home/aichou/uni_projects/ROBM/robm-pixi/install/teleop_tools/share/teleop_tools/environment/ament_prefix_path.dsv
-- Up-to-date symlink: /home/aichou/uni_projects/ROBM/robm-pixi/install/teleop_tools/share/teleop_tools/environment/path.sh
-- Up-to-date symlink: /home/aichou/uni_projects/ROBM/robm-pixi/install/teleop_tools/share/teleop_tools/environment/path.dsv
-- Up-to-date symlink: /home/aichou/uni_projects/ROBM/robm-pixi/install/teleop_tools/share/teleop_tools/local_setup.bash
-- Up-to-date symlink: /home/aichou/uni_projects/ROBM/robm-pixi/install/teleop_tools/share/teleop_tools/local_setup.sh
-- Up-to-date symlink: /home/aichou/uni_projects/ROBM/robm-pixi/install/teleop_tools/share/teleop_tools/local_setup.zsh
-- Up-to-date symlink: /home/aichou/uni_projects/ROBM/robm-pixi/install/teleop_tools/share/teleop_tools/local_setup.dsv
-- Symlinking: /home/aichou/uni_projects/ROBM/robm-pixi/install/teleop_tools/share/teleop_tools/package.dsv
-- Up-to-date symlink: /home/aichou/uni_projects/ROBM/robm-pixi/install/teleop_tools/share/ament_index/resource_index/packages/teleop_tools
-- Up-to-date symlink: /home/aichou/uni_projects/ROBM/robm-pixi/install/teleop_tools/share/teleop_tools/cmake/teleop_toolsConfig.cmake
-- Up-to-date symlink: /home/aichou/uni_projects/ROBM/robm-pixi/install/teleop_tools/share/teleop_tools/cmake/teleop_toolsConfig-version.cmake
-- Up-to-date symlink: /home/aichou/uni_projects/ROBM/robm-pixi/install/teleop_tools/share/teleop_tools/package.xml
