[0.023s] Invoking command in '/home/aichou/uni_projects/ROBM/robm-pixi/build/teleop_tools_msgs': CMAKE_PREFIX_PATH=${CMAKE_PREFIX_PATH}:/home/aichou/uni_projects/ROBM/robm-pixi/install/robm_tp2_move:/home/aichou/uni_projects/ROBM/robm-pixi/install/joy_teleop:/home/aichou/uni_projects/ROBM/robm-pixi/install/robm_tp1_color:/home/aichou/uni_projects/ROBM/robm-pixi/install/robm_bridge:/home/aichou/uni_projects/ROBM/robm-pixi/install/mouse_teleop:/home/aichou/uni_projects/ROBM/robm-pixi/install/key_teleop PIXI_PROMPT=(robm) PS1=(robm) \[\e]0;\u@\h: \w\a\]${debian_chroot:+($debian_chroot)}\[\033[01;32m\]\u@\h\[\033[00m\]:\[\033[01;34m\]\w\[\033[00m\]\$ /home/aichou/uni_projects/ROBM/robm-pixi/.pixi/envs/default/bin/cmake --build /home/aichou/uni_projects/ROBM/robm-pixi/build/teleop_tools_msgs -- -j22 -l22
[0.424s] [  2%] Built target teleop_tools_msgs__rosidl_generator_type_description
[0.424s] [  2%] Built target ament_cmake_python_symlink_teleop_tools_msgs
[0.424s] [  5%] Built target teleop_tools_msgs__cpp
[0.424s] [ 20%] Built target teleop_tools_msgs__rosidl_generator_c
[0.424s] [ 29%] Built target teleop_tools_msgs__rosidl_typesupport_introspection_cpp
[0.424s] [ 38%] Built target teleop_tools_msgs__rosidl_typesupport_cpp
[0.424s] [ 47%] Built target teleop_tools_msgs__rosidl_typesupport_introspection_c
[0.424s] [ 55%] Built target teleop_tools_msgs__rosidl_typesupport_fastrtps_cpp
[0.424s] [ 64%] Built target teleop_tools_msgs__rosidl_typesupport_fastrtps_c
[0.424s] [ 73%] Built target teleop_tools_msgs__rosidl_typesupport_c
[0.425s] [ 73%] Built target teleop_tools_msgs
[0.425s] [ 76%] Built target teleop_tools_msgs__py
[0.425s] [ 82%] Built target teleop_tools_msgs__rosidl_generator_py
[0.425s] [ 88%] Built target teleop_tools_msgs_s__rosidl_typesupport_fastrtps_c
[0.425s] [ 94%] Built target teleop_tools_msgs_s__rosidl_typesupport_c
[0.425s] [100%] Built target teleop_tools_msgs_s__rosidl_typesupport_introspection_c
[0.425s] running egg_info
[0.425s] writing teleop_tools_msgs.egg-info/PKG-INFO
[0.425s] writing dependency_links to teleop_tools_msgs.egg-info/dependency_links.txt
[0.425s] writing top-level names to teleop_tools_msgs.egg-info/top_level.txt
[0.426s] reading manifest file 'teleop_tools_msgs.egg-info/SOURCES.txt'
[0.426s] writing manifest file 'teleop_tools_msgs.egg-info/SOURCES.txt'
[0.426s] [100%] Built target ament_cmake_python_build_teleop_tools_msgs_egg
[0.429s] Invoked command in '/home/aichou/uni_projects/ROBM/robm-pixi/build/teleop_tools_msgs' returned '0': CMAKE_PREFIX_PATH=${CMAKE_PREFIX_PATH}:/home/aichou/uni_projects/ROBM/robm-pixi/install/robm_tp2_move:/home/aichou/uni_projects/ROBM/robm-pixi/install/joy_teleop:/home/aichou/uni_projects/ROBM/robm-pixi/install/robm_tp1_color:/home/aichou/uni_projects/ROBM/robm-pixi/install/robm_bridge:/home/aichou/uni_projects/ROBM/robm-pixi/install/mouse_teleop:/home/aichou/uni_projects/ROBM/robm-pixi/install/key_teleop PIXI_PROMPT=(robm) PS1=(robm) \[\e]0;\u@\h: \w\a\]${debian_chroot:+($debian_chroot)}\[\033[01;32m\]\u@\h\[\033[00m\]:\[\033[01;34m\]\w\[\033[00m\]\$ /home/aichou/uni_projects/ROBM/robm-pixi/.pixi/envs/default/bin/cmake --build /home/aichou/uni_projects/ROBM/robm-pixi/build/teleop_tools_msgs -- -j22 -l22
[0.433s] Invoking command in '/home/aichou/uni_projects/ROBM/robm-pixi/build/teleop_tools_msgs': CMAKE_PREFIX_PATH=${CMAKE_PREFIX_PATH}:/home/aichou/uni_projects/ROBM/robm-pixi/install/robm_tp2_move:/home/aichou/uni_projects/ROBM/robm-pixi/install/joy_teleop:/home/aichou/uni_projects/ROBM/robm-pixi/install/robm_tp1_color:/home/aichou/uni_projects/ROBM/robm-pixi/install/robm_bridge:/home/aichou/uni_projects/ROBM/robm-pixi/install/mouse_teleop:/home/aichou/uni_projects/ROBM/robm-pixi/install/key_teleop PIXI_PROMPT=(robm) PS1=(robm) \[\e]0;\u@\h: \w\a\]${debian_chroot:+($debian_chroot)}\[\033[01;32m\]\u@\h\[\033[00m\]:\[\033[01;34m\]\w\[\033[00m\]\$ /home/aichou/uni_projects/ROBM/robm-pixi/.pixi/envs/default/bin/cmake --install /home/aichou/uni_projects/ROBM/robm-pixi/build/teleop_tools_msgs
[0.556s] -- Install configuration: ""
[0.556s] -- Execute custom install script
[0.556s] -- Up-to-date symlink: /home/aichou/uni_projects/ROBM/robm-pixi/install/teleop_tools_msgs/share/ament_index/resource_index/rosidl_interfaces/teleop_tools_msgs
[0.556s] -- Up-to-date symlink: /home/aichou/uni_projects/ROBM/robm-pixi/install/teleop_tools_msgs/share/teleop_tools_msgs/action/Increment.json
[0.556s] -- Up-to-date symlink: /home/aichou/uni_projects/ROBM/robm-pixi/install/teleop_tools_msgs/include/teleop_tools_msgs/teleop_tools_msgs/action/detail/increment__functions.h
[0.557s] -- Up-to-date symlink: /home/aichou/uni_projects/ROBM/robm-pixi/install/teleop_tools_msgs/include/teleop_tools_msgs/teleop_tools_msgs/action/detail/increment__struct.h
[0.557s] -- Up-to-date symlink: /home/aichou/uni_projects/ROBM/robm-pixi/install/teleop_tools_msgs/include/teleop_tools_msgs/teleop_tools_msgs/action/detail/increment__type_support.h
[0.557s] -- Up-to-date symlink: /home/aichou/uni_projects/ROBM/robm-pixi/install/teleop_tools_msgs/include/teleop_tools_msgs/teleop_tools_msgs/action/increment.h
[0.557s] -- Up-to-date symlink: /home/aichou/uni_projects/ROBM/robm-pixi/install/teleop_tools_msgs/include/teleop_tools_msgs/teleop_tools_msgs/msg/rosidl_generator_c__visibility_control.h
[0.557s] -- Up-to-date symlink: /home/aichou/uni_projects/ROBM/robm-pixi/install/teleop_tools_msgs/share/teleop_tools_msgs/environment/library_path.sh
[0.557s] -- Up-to-date symlink: /home/aichou/uni_projects/ROBM/robm-pixi/install/teleop_tools_msgs/share/teleop_tools_msgs/environment/library_path.dsv
[0.557s] -- Up-to-date symlink: /home/aichou/uni_projects/ROBM/robm-pixi/install/teleop_tools_msgs/include/teleop_tools_msgs/teleop_tools_msgs/action/detail/increment__rosidl_typesupport_fastrtps_c.h
[0.557s] -- Up-to-date symlink: /home/aichou/uni_projects/ROBM/robm-pixi/install/teleop_tools_msgs/include/teleop_tools_msgs/teleop_tools_msgs/msg/rosidl_typesupport_fastrtps_c__visibility_control.h
[0.557s] -- Up-to-date symlink: /home/aichou/uni_projects/ROBM/robm-pixi/install/teleop_tools_msgs/include/teleop_tools_msgs/teleop_tools_msgs/action/detail/increment__rosidl_typesupport_introspection_c.h
[0.557s] -- Up-to-date symlink: /home/aichou/uni_projects/ROBM/robm-pixi/install/teleop_tools_msgs/include/teleop_tools_msgs/teleop_tools_msgs/msg/rosidl_typesupport_introspection_c__visibility_control.h
[0.557s] -- Up-to-date symlink: /home/aichou/uni_projects/ROBM/robm-pixi/install/teleop_tools_msgs/include/teleop_tools_msgs/teleop_tools_msgs/action/detail/increment__builder.hpp
[0.558s] -- Up-to-date symlink: /home/aichou/uni_projects/ROBM/robm-pixi/install/teleop_tools_msgs/include/teleop_tools_msgs/teleop_tools_msgs/action/detail/increment__struct.hpp
[0.558s] -- Up-to-date symlink: /home/aichou/uni_projects/ROBM/robm-pixi/install/teleop_tools_msgs/include/teleop_tools_msgs/teleop_tools_msgs/action/detail/increment__traits.hpp
[0.558s] -- Up-to-date symlink: /home/aichou/uni_projects/ROBM/robm-pixi/install/teleop_tools_msgs/include/teleop_tools_msgs/teleop_tools_msgs/action/detail/increment__type_support.hpp
[0.558s] -- Up-to-date symlink: /home/aichou/uni_projects/ROBM/robm-pixi/install/teleop_tools_msgs/include/teleop_tools_msgs/teleop_tools_msgs/action/increment.hpp
[0.558s] -- Up-to-date symlink: /home/aichou/uni_projects/ROBM/robm-pixi/install/teleop_tools_msgs/include/teleop_tools_msgs/teleop_tools_msgs/msg/rosidl_generator_cpp__visibility_control.hpp
[0.558s] -- Up-to-date symlink: /home/aichou/uni_projects/ROBM/robm-pixi/install/teleop_tools_msgs/include/teleop_tools_msgs/teleop_tools_msgs/action/detail/increment__rosidl_typesupport_fastrtps_cpp.hpp
[0.558s] -- Up-to-date symlink: /home/aichou/uni_projects/ROBM/robm-pixi/install/teleop_tools_msgs/include/teleop_tools_msgs/teleop_tools_msgs/msg/rosidl_typesupport_fastrtps_cpp__visibility_control.h
[0.558s] -- Up-to-date symlink: /home/aichou/uni_projects/ROBM/robm-pixi/install/teleop_tools_msgs/include/teleop_tools_msgs/teleop_tools_msgs/action/detail/increment__rosidl_typesupport_introspection_cpp.hpp
[0.558s] -- Up-to-date symlink: /home/aichou/uni_projects/ROBM/robm-pixi/install/teleop_tools_msgs/share/teleop_tools_msgs/environment/pythonpath.sh
[0.558s] -- Up-to-date symlink: /home/aichou/uni_projects/ROBM/robm-pixi/install/teleop_tools_msgs/share/teleop_tools_msgs/environment/pythonpath.dsv
[0.558s] -- Up-to-date symlink: /home/aichou/uni_projects/ROBM/robm-pixi/install/teleop_tools_msgs/lib/python3.12/site-packages/teleop_tools_msgs-2.0.0-py3.12.egg-info/PKG-INFO
[0.558s] -- Up-to-date symlink: /home/aichou/uni_projects/ROBM/robm-pixi/install/teleop_tools_msgs/lib/python3.12/site-packages/teleop_tools_msgs-2.0.0-py3.12.egg-info/SOURCES.txt
[0.559s] -- Up-to-date symlink: /home/aichou/uni_projects/ROBM/robm-pixi/install/teleop_tools_msgs/lib/python3.12/site-packages/teleop_tools_msgs-2.0.0-py3.12.egg-info/dependency_links.txt
[0.559s] -- Up-to-date symlink: /home/aichou/uni_projects/ROBM/robm-pixi/install/teleop_tools_msgs/lib/python3.12/site-packages/teleop_tools_msgs-2.0.0-py3.12.egg-info/top_level.txt
[0.559s] -- Up-to-date symlink: /home/aichou/uni_projects/ROBM/robm-pixi/install/teleop_tools_msgs/lib/python3.12/site-packages/teleop_tools_msgs/__init__.py
[0.559s] -- Up-to-date symlink: /home/aichou/uni_projects/ROBM/robm-pixi/install/teleop_tools_msgs/lib/python3.12/site-packages/teleop_tools_msgs/_teleop_tools_msgs_s.ep.rosidl_typesupport_c.c
[0.559s] -- Up-to-date symlink: /home/aichou/uni_projects/ROBM/robm-pixi/install/teleop_tools_msgs/lib/python3.12/site-packages/teleop_tools_msgs/_teleop_tools_msgs_s.ep.rosidl_typesupport_fastrtps_c.c
[0.559s] -- Up-to-date symlink: /home/aichou/uni_projects/ROBM/robm-pixi/install/teleop_tools_msgs/lib/python3.12/site-packages/teleop_tools_msgs/_teleop_tools_msgs_s.ep.rosidl_typesupport_introspection_c.c
[0.559s] -- Up-to-date symlink: /home/aichou/uni_projects/ROBM/robm-pixi/install/teleop_tools_msgs/lib/python3.12/site-packages/teleop_tools_msgs/action/__init__.py
[0.559s] -- Up-to-date symlink: /home/aichou/uni_projects/ROBM/robm-pixi/install/teleop_tools_msgs/lib/python3.12/site-packages/teleop_tools_msgs/action/_increment.py
[0.559s] -- Up-to-date symlink: /home/aichou/uni_projects/ROBM/robm-pixi/install/teleop_tools_msgs/lib/python3.12/site-packages/teleop_tools_msgs/action/_increment_s.c
[0.559s] -- Up-to-date symlink: /home/aichou/uni_projects/ROBM/robm-pixi/install/teleop_tools_msgs/lib/python3.12/site-packages/teleop_tools_msgs/teleop_tools_msgs_s__rosidl_typesupport_c.so
[0.559s] -- Up-to-date symlink: /home/aichou/uni_projects/ROBM/robm-pixi/install/teleop_tools_msgs/lib/python3.12/site-packages/teleop_tools_msgs/teleop_tools_msgs_s__rosidl_typesupport_fastrtps_c.so
[0.559s] -- Up-to-date symlink: /home/aichou/uni_projects/ROBM/robm-pixi/install/teleop_tools_msgs/lib/python3.12/site-packages/teleop_tools_msgs/teleop_tools_msgs_s__rosidl_typesupport_introspection_c.so
[0.560s] -- Up-to-date symlink: /home/aichou/uni_projects/ROBM/robm-pixi/install/teleop_tools_msgs/lib/python3.12/site-packages/teleop_tools_msgs/teleop_tools_msgs_s__rosidl_typesupport_fastrtps_c.so
[0.560s] -- Up-to-date symlink: /home/aichou/uni_projects/ROBM/robm-pixi/install/teleop_tools_msgs/lib/python3.12/site-packages/teleop_tools_msgs/teleop_tools_msgs_s__rosidl_typesupport_introspection_c.so
[0.560s] -- Up-to-date symlink: /home/aichou/uni_projects/ROBM/robm-pixi/install/teleop_tools_msgs/lib/python3.12/site-packages/teleop_tools_msgs/teleop_tools_msgs_s__rosidl_typesupport_c.so
[0.560s] -- Up-to-date symlink: /home/aichou/uni_projects/ROBM/robm-pixi/install/teleop_tools_msgs/share/teleop_tools_msgs/action/Increment.idl
[0.560s] -- Up-to-date symlink: /home/aichou/uni_projects/ROBM/robm-pixi/install/teleop_tools_msgs/share/teleop_tools_msgs/action/Increment.action
[0.560s] -- Up-to-date symlink: /home/aichou/uni_projects/ROBM/robm-pixi/install/teleop_tools_msgs/share/ament_index/resource_index/package_run_dependencies/teleop_tools_msgs
[0.560s] -- Up-to-date symlink: /home/aichou/uni_projects/ROBM/robm-pixi/install/teleop_tools_msgs/share/ament_index/resource_index/parent_prefix_path/teleop_tools_msgs
[0.560s] -- Up-to-date symlink: /home/aichou/uni_projects/ROBM/robm-pixi/install/teleop_tools_msgs/share/teleop_tools_msgs/environment/ament_prefix_path.sh
[0.560s] -- Up-to-date symlink: /home/aichou/uni_projects/ROBM/robm-pixi/install/teleop_tools_msgs/share/teleop_tools_msgs/environment/ament_prefix_path.dsv
[0.560s] -- Up-to-date symlink: /home/aichou/uni_projects/ROBM/robm-pixi/install/teleop_tools_msgs/share/teleop_tools_msgs/environment/path.sh
[0.560s] -- Up-to-date symlink: /home/aichou/uni_projects/ROBM/robm-pixi/install/teleop_tools_msgs/share/teleop_tools_msgs/environment/path.dsv
[0.561s] -- Up-to-date symlink: /home/aichou/uni_projects/ROBM/robm-pixi/install/teleop_tools_msgs/share/teleop_tools_msgs/local_setup.bash
[0.561s] -- Up-to-date symlink: /home/aichou/uni_projects/ROBM/robm-pixi/install/teleop_tools_msgs/share/teleop_tools_msgs/local_setup.sh
[0.561s] -- Up-to-date symlink: /home/aichou/uni_projects/ROBM/robm-pixi/install/teleop_tools_msgs/share/teleop_tools_msgs/local_setup.zsh
[0.561s] -- Up-to-date symlink: /home/aichou/uni_projects/ROBM/robm-pixi/install/teleop_tools_msgs/share/teleop_tools_msgs/local_setup.dsv
[0.561s] -- Up-to-date symlink: /home/aichou/uni_projects/ROBM/robm-pixi/install/teleop_tools_msgs/share/teleop_tools_msgs/package.dsv
[0.561s] -- Up-to-date symlink: /home/aichou/uni_projects/ROBM/robm-pixi/install/teleop_tools_msgs/share/ament_index/resource_index/packages/teleop_tools_msgs
[0.561s] -- Up-to-date symlink: /home/aichou/uni_projects/ROBM/robm-pixi/install/teleop_tools_msgs/share/teleop_tools_msgs/cmake/rosidl_cmake-extras.cmake
[0.561s] -- Up-to-date symlink: /home/aichou/uni_projects/ROBM/robm-pixi/install/teleop_tools_msgs/share/teleop_tools_msgs/cmake/ament_cmake_export_dependencies-extras.cmake
[0.561s] -- Up-to-date symlink: /home/aichou/uni_projects/ROBM/robm-pixi/install/teleop_tools_msgs/share/teleop_tools_msgs/cmake/ament_cmake_export_include_directories-extras.cmake
[0.561s] -- Up-to-date symlink: /home/aichou/uni_projects/ROBM/robm-pixi/install/teleop_tools_msgs/share/teleop_tools_msgs/cmake/ament_cmake_export_libraries-extras.cmake
[0.561s] -- Up-to-date symlink: /home/aichou/uni_projects/ROBM/robm-pixi/install/teleop_tools_msgs/share/teleop_tools_msgs/cmake/ament_cmake_export_targets-extras.cmake
[0.561s] -- Up-to-date symlink: /home/aichou/uni_projects/ROBM/robm-pixi/install/teleop_tools_msgs/share/teleop_tools_msgs/cmake/rosidl_cmake_export_typesupport_targets-extras.cmake
[0.561s] -- Up-to-date symlink: /home/aichou/uni_projects/ROBM/robm-pixi/install/teleop_tools_msgs/share/teleop_tools_msgs/cmake/rosidl_cmake_export_typesupport_libraries-extras.cmake
[0.561s] -- Up-to-date symlink: /home/aichou/uni_projects/ROBM/robm-pixi/install/teleop_tools_msgs/share/teleop_tools_msgs/cmake/teleop_tools_msgsConfig.cmake
[0.561s] -- Up-to-date symlink: /home/aichou/uni_projects/ROBM/robm-pixi/install/teleop_tools_msgs/share/teleop_tools_msgs/cmake/teleop_tools_msgsConfig-version.cmake
[0.561s] -- Up-to-date symlink: /home/aichou/uni_projects/ROBM/robm-pixi/install/teleop_tools_msgs/share/teleop_tools_msgs/package.xml
[0.562s] -- Installing: /home/aichou/uni_projects/ROBM/robm-pixi/install/teleop_tools_msgs/lib/libteleop_tools_msgs__rosidl_generator_c.so
[0.562s] -- Installing: /home/aichou/uni_projects/ROBM/robm-pixi/install/teleop_tools_msgs/lib/libteleop_tools_msgs__rosidl_typesupport_fastrtps_c.so
[0.562s] -- Set non-toolchain portion of runtime path of "/home/aichou/uni_projects/ROBM/robm-pixi/install/teleop_tools_msgs/lib/libteleop_tools_msgs__rosidl_typesupport_fastrtps_c.so" to ""
[0.562s] -- Installing: /home/aichou/uni_projects/ROBM/robm-pixi/install/teleop_tools_msgs/lib/libteleop_tools_msgs__rosidl_typesupport_introspection_c.so
[0.562s] -- Set non-toolchain portion of runtime path of "/home/aichou/uni_projects/ROBM/robm-pixi/install/teleop_tools_msgs/lib/libteleop_tools_msgs__rosidl_typesupport_introspection_c.so" to ""
[0.562s] -- Installing: /home/aichou/uni_projects/ROBM/robm-pixi/install/teleop_tools_msgs/lib/libteleop_tools_msgs__rosidl_typesupport_c.so
[0.562s] -- Set non-toolchain portion of runtime path of "/home/aichou/uni_projects/ROBM/robm-pixi/install/teleop_tools_msgs/lib/libteleop_tools_msgs__rosidl_typesupport_c.so" to ""
[0.562s] -- Installing: /home/aichou/uni_projects/ROBM/robm-pixi/install/teleop_tools_msgs/lib/libteleop_tools_msgs__rosidl_typesupport_fastrtps_cpp.so
[0.562s] -- Set non-toolchain portion of runtime path of "/home/aichou/uni_projects/ROBM/robm-pixi/install/teleop_tools_msgs/lib/libteleop_tools_msgs__rosidl_typesupport_fastrtps_cpp.so" to ""
[0.562s] -- Installing: /home/aichou/uni_projects/ROBM/robm-pixi/install/teleop_tools_msgs/lib/libteleop_tools_msgs__rosidl_typesupport_introspection_cpp.so
[0.562s] -- Set non-toolchain portion of runtime path of "/home/aichou/uni_projects/ROBM/robm-pixi/install/teleop_tools_msgs/lib/libteleop_tools_msgs__rosidl_typesupport_introspection_cpp.so" to ""
[0.562s] -- Installing: /home/aichou/uni_projects/ROBM/robm-pixi/install/teleop_tools_msgs/lib/libteleop_tools_msgs__rosidl_typesupport_cpp.so
[0.563s] -- Set non-toolchain portion of runtime path of "/home/aichou/uni_projects/ROBM/robm-pixi/install/teleop_tools_msgs/lib/libteleop_tools_msgs__rosidl_typesupport_cpp.so" to ""
[0.563s] Listing '/home/aichou/uni_projects/ROBM/robm-pixi/install/teleop_tools_msgs/lib/python3.12/site-packages/teleop_tools_msgs'...
[0.563s] Listing '/home/aichou/uni_projects/ROBM/robm-pixi/install/teleop_tools_msgs/lib/python3.12/site-packages/teleop_tools_msgs/action'...
[0.563s] -- Installing: /home/aichou/uni_projects/ROBM/robm-pixi/install/teleop_tools_msgs/lib/libteleop_tools_msgs__rosidl_generator_py.so
[0.563s] -- Set non-toolchain portion of runtime path of "/home/aichou/uni_projects/ROBM/robm-pixi/install/teleop_tools_msgs/lib/libteleop_tools_msgs__rosidl_generator_py.so" to ""
[0.563s] -- Up-to-date: /home/aichou/uni_projects/ROBM/robm-pixi/install/teleop_tools_msgs/share/teleop_tools_msgs/cmake/export_teleop_tools_msgs__rosidl_generator_cExport.cmake
[0.563s] -- Up-to-date: /home/aichou/uni_projects/ROBM/robm-pixi/install/teleop_tools_msgs/share/teleop_tools_msgs/cmake/export_teleop_tools_msgs__rosidl_generator_cExport-noconfig.cmake
[0.563s] -- Up-to-date: /home/aichou/uni_projects/ROBM/robm-pixi/install/teleop_tools_msgs/share/teleop_tools_msgs/cmake/export_teleop_tools_msgs__rosidl_typesupport_fastrtps_cExport.cmake
[0.563s] -- Up-to-date: /home/aichou/uni_projects/ROBM/robm-pixi/install/teleop_tools_msgs/share/teleop_tools_msgs/cmake/export_teleop_tools_msgs__rosidl_typesupport_fastrtps_cExport-noconfig.cmake
[0.563s] -- Up-to-date: /home/aichou/uni_projects/ROBM/robm-pixi/install/teleop_tools_msgs/share/teleop_tools_msgs/cmake/teleop_tools_msgs__rosidl_typesupport_introspection_cExport.cmake
[0.564s] -- Up-to-date: /home/aichou/uni_projects/ROBM/robm-pixi/install/teleop_tools_msgs/share/teleop_tools_msgs/cmake/teleop_tools_msgs__rosidl_typesupport_introspection_cExport-noconfig.cmake
[0.564s] -- Up-to-date: /home/aichou/uni_projects/ROBM/robm-pixi/install/teleop_tools_msgs/share/teleop_tools_msgs/cmake/teleop_tools_msgs__rosidl_typesupport_cExport.cmake
[0.564s] -- Up-to-date: /home/aichou/uni_projects/ROBM/robm-pixi/install/teleop_tools_msgs/share/teleop_tools_msgs/cmake/teleop_tools_msgs__rosidl_typesupport_cExport-noconfig.cmake
[0.564s] -- Up-to-date: /home/aichou/uni_projects/ROBM/robm-pixi/install/teleop_tools_msgs/share/teleop_tools_msgs/cmake/export_teleop_tools_msgs__rosidl_generator_cppExport.cmake
[0.564s] -- Up-to-date: /home/aichou/uni_projects/ROBM/robm-pixi/install/teleop_tools_msgs/share/teleop_tools_msgs/cmake/export_teleop_tools_msgs__rosidl_typesupport_fastrtps_cppExport.cmake
[0.564s] -- Up-to-date: /home/aichou/uni_projects/ROBM/robm-pixi/install/teleop_tools_msgs/share/teleop_tools_msgs/cmake/export_teleop_tools_msgs__rosidl_typesupport_fastrtps_cppExport-noconfig.cmake
[0.564s] -- Up-to-date: /home/aichou/uni_projects/ROBM/robm-pixi/install/teleop_tools_msgs/share/teleop_tools_msgs/cmake/teleop_tools_msgs__rosidl_typesupport_introspection_cppExport.cmake
[0.565s] -- Up-to-date: /home/aichou/uni_projects/ROBM/robm-pixi/install/teleop_tools_msgs/share/teleop_tools_msgs/cmake/teleop_tools_msgs__rosidl_typesupport_introspection_cppExport-noconfig.cmake
[0.565s] -- Up-to-date: /home/aichou/uni_projects/ROBM/robm-pixi/install/teleop_tools_msgs/share/teleop_tools_msgs/cmake/teleop_tools_msgs__rosidl_typesupport_cppExport.cmake
[0.565s] -- Up-to-date: /home/aichou/uni_projects/ROBM/robm-pixi/install/teleop_tools_msgs/share/teleop_tools_msgs/cmake/teleop_tools_msgs__rosidl_typesupport_cppExport-noconfig.cmake
[0.565s] -- Up-to-date: /home/aichou/uni_projects/ROBM/robm-pixi/install/teleop_tools_msgs/share/teleop_tools_msgs/cmake/export_teleop_tools_msgs__rosidl_generator_pyExport.cmake
[0.565s] -- Up-to-date: /home/aichou/uni_projects/ROBM/robm-pixi/install/teleop_tools_msgs/share/teleop_tools_msgs/cmake/export_teleop_tools_msgs__rosidl_generator_pyExport-noconfig.cmake
[0.582s] Invoked command in '/home/aichou/uni_projects/ROBM/robm-pixi/build/teleop_tools_msgs' returned '0': CMAKE_PREFIX_PATH=${CMAKE_PREFIX_PATH}:/home/aichou/uni_projects/ROBM/robm-pixi/install/robm_tp2_move:/home/aichou/uni_projects/ROBM/robm-pixi/install/joy_teleop:/home/aichou/uni_projects/ROBM/robm-pixi/install/robm_tp1_color:/home/aichou/uni_projects/ROBM/robm-pixi/install/robm_bridge:/home/aichou/uni_projects/ROBM/robm-pixi/install/mouse_teleop:/home/aichou/uni_projects/ROBM/robm-pixi/install/key_teleop PIXI_PROMPT=(robm) PS1=(robm) \[\e]0;\u@\h: \w\a\]${debian_chroot:+($debian_chroot)}\[\033[01;32m\]\u@\h\[\033[00m\]:\[\033[01;34m\]\w\[\033[00m\]\$ /home/aichou/uni_projects/ROBM/robm-pixi/.pixi/envs/default/bin/cmake --install /home/aichou/uni_projects/ROBM/robm-pixi/build/teleop_tools_msgs
