[0.700s] Invoking command in '/home/aichou/uni_projects/ROBM/robm-pixi/src/teleop_tools/joy_teleop': CMAKE_PREFIX_PATH=/home/aichou/uni_projects/ROBM/robm-pixi/install/teleop_tools_msgs:/home/aichou/uni_projects/ROBM/robm-pixi/install/teleop_tools:/home/aichou/uni_projects/ROBM/robm-pixi/install/robm_interfaces:/home/aichou/uni_projects/ROBM/robm-pixi/.pixi/envs/default:/home/aichou/uni_projects/ROBM/robm-pixi/.pixi/envs/default/x86_64-conda-linux-gnu/sysroot/usr PIXI_PROMPT=(robm) PS1=(robm) \[\e]0;\u@\h: \w\a\]${debian_chroot:+($debian_chroot)}\[\033[01;32m\]\u@\h\[\033[00m\]:\[\033[01;34m\]\w\[\033[00m\]\$ PYTHONPATH=/home/aichou/uni_projects/ROBM/robm-pixi/build/joy_teleop/prefix_override:/home/aichou/uni_projects/ROBM/robm-pixi/.pixi/envs/default/lib/python3.12/site-packages/colcon_core/task/python/colcon_distutils_commands:/home/aichou/uni_projects/ROBM/robm-pixi/install/joy_teleop/lib/python3.12/site-packages:/home/aichou/uni_projects/ROBM/robm-pixi/install/teleop_tools_msgs/lib/python3.12/site-packages:/home/aichou/uni_projects/ROBM/robm-pixi/install/robm_tp2_move/lib/python3.12/site-packages:/home/aichou/uni_projects/ROBM/robm-pixi/build/joy_teleop:/home/aichou/uni_projects/ROBM/robm-pixi/install/joy_teleop/lib/python3.12/site-packages:/home/aichou/uni_projects/ROBM/robm-pixi/build/robm_tp1_color:/home/aichou/uni_projects/ROBM/robm-pixi/install/robm_tp1_color/lib/python3.12/site-packages:/home/aichou/uni_projects/ROBM/robm-pixi/build/robm_bridge:/home/aichou/uni_projects/ROBM/robm-pixi/install/robm_bridge/lib/python3.12/site-packages:/home/aichou/uni_projects/ROBM/robm-pixi/install/robm_interfaces/lib/python3.12/site-packages:/home/aichou/uni_projects/ROBM/robm-pixi/build/mouse_teleop:/home/aichou/uni_projects/ROBM/robm-pixi/install/mouse_teleop/lib/python3.12/site-packages:/home/aichou/uni_projects/ROBM/robm-pixi/build/key_teleop:/home/aichou/uni_projects/ROBM/robm-pixi/install/key_teleop/lib/python3.12/site-packages:/home/aichou/uni_projects/ROBM/robm-pixi/.pixi/envs/default/lib/python/site-packages:/home/aichou/uni_projects/ROBM/robm-pixi/.pixi/envs/default/lib/python3.12/site-packages /home/aichou/uni_projects/ROBM/robm-pixi/.pixi/envs/default/bin/python3.12 -W ignore:setup.py install is deprecated -W ignore:easy_install command is deprecated setup.py egg_info --egg-base ../../../build/joy_teleop build --build-base /home/aichou/uni_projects/ROBM/robm-pixi/build/joy_teleop/build install --record /home/aichou/uni_projects/ROBM/robm-pixi/build/joy_teleop/install.log --single-version-externally-managed install_data
[0.790s] /home/aichou/uni_projects/ROBM/robm-pixi/.pixi/envs/default/lib/python3.12/site-packages/setuptools/_distutils/dist.py:289: UserWarning: Unknown distribution option: 'tests_require'
[0.790s]   warnings.warn(msg)
[0.808s] /home/aichou/uni_projects/ROBM/robm-pixi/.pixi/envs/default/lib/python3.12/site-packages/setuptools/dist.py:759: SetuptoolsDeprecationWarning: License classifiers are deprecated.
[0.808s] !!
[0.808s] 
[0.808s]         ********************************************************************************
[0.808s]         Please consider removing the following classifiers in favor of a SPDX license expression:
[0.808s] 
[0.808s]         License :: OSI Approved :: BSD
[0.808s] 
[0.808s]         See https://packaging.python.org/en/latest/guides/writing-pyproject-toml/#license for details.
[0.809s]         ********************************************************************************
[0.809s] 
[0.809s] !!
[0.809s]   self._finalize_license_expression()
[0.850s] running egg_info
[0.859s] writing ../../../build/joy_teleop/joy_teleop.egg-info/PKG-INFO
[0.859s] writing dependency_links to ../../../build/joy_teleop/joy_teleop.egg-info/dependency_links.txt
[0.859s] writing entry points to ../../../build/joy_teleop/joy_teleop.egg-info/entry_points.txt
[0.859s] writing requirements to ../../../build/joy_teleop/joy_teleop.egg-info/requires.txt
[0.860s] writing top-level names to ../../../build/joy_teleop/joy_teleop.egg-info/top_level.txt
[0.879s] reading manifest file '../../../build/joy_teleop/joy_teleop.egg-info/SOURCES.txt'
[0.883s] writing manifest file '../../../build/joy_teleop/joy_teleop.egg-info/SOURCES.txt'
[0.883s] running build
[0.883s] running build_py
[0.883s] copying joy_teleop/joy_teleop.py -> /home/aichou/uni_projects/ROBM/robm-pixi/build/joy_teleop/build/lib/joy_teleop
[0.884s] copying joy_teleop/__init__.py -> /home/aichou/uni_projects/ROBM/robm-pixi/build/joy_teleop/build/lib/joy_teleop
[0.884s] copying joy_teleop/incrementer_server.py -> /home/aichou/uni_projects/ROBM/robm-pixi/build/joy_teleop/build/lib/joy_teleop
[0.885s] running install
[0.887s] running install_lib
[0.898s] running install_data
[0.898s] copying package.xml -> /home/aichou/uni_projects/ROBM/robm-pixi/install/joy_teleop/share/joy_teleop
[0.898s] copying config/joy_teleop_example.yaml -> /home/aichou/uni_projects/ROBM/robm-pixi/install/joy_teleop/share/joy_teleop/config
[0.899s] copying launch/example.launch.py -> /home/aichou/uni_projects/ROBM/robm-pixi/install/joy_teleop/share/joy_teleop/launch
[0.899s] copying resource/joy_teleop -> /home/aichou/uni_projects/ROBM/robm-pixi/install/joy_teleop/share/ament_index/resource_index/packages
[0.900s] running install_egg_info
[0.909s] removing '/home/aichou/uni_projects/ROBM/robm-pixi/install/joy_teleop/lib/python3.12/site-packages/joy_teleop-1.8.0-py3.12.egg-info' (and everything under it)
[0.909s] Copying ../../../build/joy_teleop/joy_teleop.egg-info to /home/aichou/uni_projects/ROBM/robm-pixi/install/joy_teleop/lib/python3.12/site-packages/joy_teleop-1.8.0-py3.12.egg-info
[0.910s] running install_scripts
[0.962s] Installing incrementer_server script to /home/aichou/uni_projects/ROBM/robm-pixi/install/joy_teleop/lib/joy_teleop
[0.962s] Installing joy_teleop script to /home/aichou/uni_projects/ROBM/robm-pixi/install/joy_teleop/lib/joy_teleop
[0.962s] writing list of installed files to '/home/aichou/uni_projects/ROBM/robm-pixi/build/joy_teleop/install.log'
[0.982s] Invoked command in '/home/aichou/uni_projects/ROBM/robm-pixi/src/teleop_tools/joy_teleop' returned '0': CMAKE_PREFIX_PATH=/home/aichou/uni_projects/ROBM/robm-pixi/install/teleop_tools_msgs:/home/aichou/uni_projects/ROBM/robm-pixi/install/teleop_tools:/home/aichou/uni_projects/ROBM/robm-pixi/install/robm_interfaces:/home/aichou/uni_projects/ROBM/robm-pixi/.pixi/envs/default:/home/aichou/uni_projects/ROBM/robm-pixi/.pixi/envs/default/x86_64-conda-linux-gnu/sysroot/usr PIXI_PROMPT=(robm) PS1=(robm) \[\e]0;\u@\h: \w\a\]${debian_chroot:+($debian_chroot)}\[\033[01;32m\]\u@\h\[\033[00m\]:\[\033[01;34m\]\w\[\033[00m\]\$ PYTHONPATH=/home/aichou/uni_projects/ROBM/robm-pixi/build/joy_teleop/prefix_override:/home/aichou/uni_projects/ROBM/robm-pixi/.pixi/envs/default/lib/python3.12/site-packages/colcon_core/task/python/colcon_distutils_commands:/home/aichou/uni_projects/ROBM/robm-pixi/install/joy_teleop/lib/python3.12/site-packages:/home/aichou/uni_projects/ROBM/robm-pixi/install/teleop_tools_msgs/lib/python3.12/site-packages:/home/aichou/uni_projects/ROBM/robm-pixi/install/robm_tp2_move/lib/python3.12/site-packages:/home/aichou/uni_projects/ROBM/robm-pixi/build/joy_teleop:/home/aichou/uni_projects/ROBM/robm-pixi/install/joy_teleop/lib/python3.12/site-packages:/home/aichou/uni_projects/ROBM/robm-pixi/build/robm_tp1_color:/home/aichou/uni_projects/ROBM/robm-pixi/install/robm_tp1_color/lib/python3.12/site-packages:/home/aichou/uni_projects/ROBM/robm-pixi/build/robm_bridge:/home/aichou/uni_projects/ROBM/robm-pixi/install/robm_bridge/lib/python3.12/site-packages:/home/aichou/uni_projects/ROBM/robm-pixi/install/robm_interfaces/lib/python3.12/site-packages:/home/aichou/uni_projects/ROBM/robm-pixi/build/mouse_teleop:/home/aichou/uni_projects/ROBM/robm-pixi/install/mouse_teleop/lib/python3.12/site-packages:/home/aichou/uni_projects/ROBM/robm-pixi/build/key_teleop:/home/aichou/uni_projects/ROBM/robm-pixi/install/key_teleop/lib/python3.12/site-packages:/home/aichou/uni_projects/ROBM/robm-pixi/.pixi/envs/default/lib/python/site-packages:/home/aichou/uni_projects/ROBM/robm-pixi/.pixi/envs/default/lib/python3.12/site-packages /home/aichou/uni_projects/ROBM/robm-pixi/.pixi/envs/default/bin/python3.12 -W ignore:setup.py install is deprecated -W ignore:easy_install command is deprecated setup.py egg_info --egg-base ../../../build/joy_teleop build --build-base /home/aichou/uni_projects/ROBM/robm-pixi/build/joy_teleop/build install --record /home/aichou/uni_projects/ROBM/robm-pixi/build/joy_teleop/install.log --single-version-externally-managed install_data
