[0.021s] Invoking command in '/home/aichou/uni_projects/ROBM/robm-pixi/build/teleop_tools_msgs': CMAKE_PREFIX_PATH=${CMAKE_PREFIX_PATH}:/home/aichou/uni_projects/ROBM/robm-pixi/install/robm_tp2_move:/home/aichou/uni_projects/ROBM/robm-pixi/install/joy_teleop:/home/aichou/uni_projects/ROBM/robm-pixi/install/robm_tp1_color:/home/aichou/uni_projects/ROBM/robm-pixi/install/robm_bridge:/home/aichou/uni_projects/ROBM/robm-pixi/install/mouse_teleop:/home/aichou/uni_projects/ROBM/robm-pixi/install/key_teleop PIXI_PROMPT=(robm) PS1=(robm) \[\e]0;\u@\h: \w\a\]${debian_chroot:+($debian_chroot)}\[\033[01;32m\]\u@\h\[\033[00m\]:\[\033[01;34m\]\w\[\033[00m\]\$ /home/aichou/uni_projects/ROBM/robm-pixi/.pixi/envs/default/bin/cmake --build /home/aichou/uni_projects/ROBM/robm-pixi/build/teleop_tools_msgs -- -j22 -l22
[0.432s] [  2%] Built target teleop_tools_msgs__rosidl_generator_type_description
[0.432s] [  2%] Built target ament_cmake_python_symlink_teleop_tools_msgs
[0.432s] [  5%] Built target teleop_tools_msgs__cpp
[0.432s] [ 20%] Built target teleop_tools_msgs__rosidl_generator_c
[0.432s] [ 38%] Built target teleop_tools_msgs__rosidl_typesupport_fastrtps_cpp
[0.432s] [ 38%] Built target teleop_tools_msgs__rosidl_typesupport_c
[0.432s] [ 47%] Built target teleop_tools_msgs__rosidl_typesupport_introspection_c
[0.432s] [ 55%] Built target teleop_tools_msgs__rosidl_typesupport_introspection_cpp
[0.433s] [ 64%] Built target teleop_tools_msgs__rosidl_typesupport_cpp
[0.433s] [ 73%] Built target teleop_tools_msgs__rosidl_typesupport_fastrtps_c
[0.433s] [ 73%] Built target teleop_tools_msgs
[0.433s] [ 76%] Built target teleop_tools_msgs__py
[0.433s] [ 82%] Built target teleop_tools_msgs__rosidl_generator_py
[0.433s] [ 94%] Built target teleop_tools_msgs_s__rosidl_typesupport_introspection_c
[0.433s] [ 94%] Built target teleop_tools_msgs_s__rosidl_typesupport_fastrtps_c
[0.433s] [100%] Built target teleop_tools_msgs_s__rosidl_typesupport_c
[0.433s] running egg_info
[0.433s] writing teleop_tools_msgs.egg-info/PKG-INFO
[0.434s] writing dependency_links to teleop_tools_msgs.egg-info/dependency_links.txt
[0.434s] writing top-level names to teleop_tools_msgs.egg-info/top_level.txt
[0.434s] reading manifest file 'teleop_tools_msgs.egg-info/SOURCES.txt'
[0.434s] writing manifest file 'teleop_tools_msgs.egg-info/SOURCES.txt'
[0.434s] [100%] Built target ament_cmake_python_build_teleop_tools_msgs_egg
[0.570s] Invoked command in '/home/aichou/uni_projects/ROBM/robm-pixi/build/teleop_tools_msgs' returned '0': CMAKE_PREFIX_PATH=${CMAKE_PREFIX_PATH}:/home/aichou/uni_projects/ROBM/robm-pixi/install/robm_tp2_move:/home/aichou/uni_projects/ROBM/robm-pixi/install/joy_teleop:/home/aichou/uni_projects/ROBM/robm-pixi/install/robm_tp1_color:/home/aichou/uni_projects/ROBM/robm-pixi/install/robm_bridge:/home/aichou/uni_projects/ROBM/robm-pixi/install/mouse_teleop:/home/aichou/uni_projects/ROBM/robm-pixi/install/key_teleop PIXI_PROMPT=(robm) PS1=(robm) \[\e]0;\u@\h: \w\a\]${debian_chroot:+($debian_chroot)}\[\033[01;32m\]\u@\h\[\033[00m\]:\[\033[01;34m\]\w\[\033[00m\]\$ /home/aichou/uni_projects/ROBM/robm-pixi/.pixi/envs/default/bin/cmake --build /home/aichou/uni_projects/ROBM/robm-pixi/build/teleop_tools_msgs -- -j22 -l22
[0.573s] Invoking command in '/home/aichou/uni_projects/ROBM/robm-pixi/build/teleop_tools_msgs': CMAKE_PREFIX_PATH=${CMAKE_PREFIX_PATH}:/home/aichou/uni_projects/ROBM/robm-pixi/install/robm_tp2_move:/home/aichou/uni_projects/ROBM/robm-pixi/install/joy_teleop:/home/aichou/uni_projects/ROBM/robm-pixi/install/robm_tp1_color:/home/aichou/uni_projects/ROBM/robm-pixi/install/robm_bridge:/home/aichou/uni_projects/ROBM/robm-pixi/install/mouse_teleop:/home/aichou/uni_projects/ROBM/robm-pixi/install/key_teleop PIXI_PROMPT=(robm) PS1=(robm) \[\e]0;\u@\h: \w\a\]${debian_chroot:+($debian_chroot)}\[\033[01;32m\]\u@\h\[\033[00m\]:\[\033[01;34m\]\w\[\033[00m\]\$ /home/aichou/uni_projects/ROBM/robm-pixi/.pixi/envs/default/bin/cmake --install /home/aichou/uni_projects/ROBM/robm-pixi/build/teleop_tools_msgs
