[0.077s] Invoking command in '/home/aichou/uni_projects/ROBM/robm-pixi/build/teleop_tools_msgs': CMAKE_PREFIX_PATH=${CMAKE_PREFIX_PATH}:/home/aichou/uni_projects/ROBM/robm-pixi/install/robm_tp1_color:/home/aichou/uni_projects/ROBM/robm-pixi/install/robm_bridge PIXI_PROMPT=(robm) PS1=(robm) \[\e]0;\u@\h: \w\a\]${debian_chroot:+($debian_chroot)}\[\033[01;32m\]\u@\h\[\033[00m\]:\[\033[01;34m\]\w\[\033[00m\]\$ /home/aichou/uni_projects/ROBM/robm-pixi/.pixi/envs/default/bin/cmake /home/aichou/uni_projects/ROBM/robm-pixi/src/teleop_tools/teleop_tools_msgs -DCMAKE_INSTALL_PREFIX=/home/aichou/uni_projects/ROBM/robm-pixi/install/teleop_tools_msgs
[0.625s] [0mCMake Deprecation Warning at CMakeLists.txt:1 (cmake_minimum_required):
[0.625s]   Compatibility with CMake < 3.10 will be removed from a future version of
[0.625s]   CMake.
[0.625s] 
[0.626s]   Update the VERSION argument <min> value.  Or, use the <min>...<max> syntax
[0.626s]   to tell CMake that the project requires at least <min> but has been updated
[0.626s]   to work with policies introduced by <max> or earlier.
[0.626s] 
[0.626s] [0m
[1.169s] -- The C compiler identification is GNU 14.3.0
[5.139s] -- The CXX compiler identification is GNU 14.3.0
[7.968s] -- Detecting C compiler ABI info
[8.382s] -- Detecting C compiler ABI info - done
[8.405s] -- Check for working C compiler: /home/aichou/uni_projects/ROBM/robm-pixi/.pixi/envs/default/bin/x86_64-conda-linux-gnu-cc - skipped
[8.406s] -- Detecting C compile features
[8.407s] -- Detecting C compile features - done
[8.425s] -- Detecting CXX compiler ABI info
[8.827s] -- Detecting CXX compiler ABI info - done
[8.849s] -- Check for working CXX compiler: /home/aichou/uni_projects/ROBM/robm-pixi/.pixi/envs/default/bin/x86_64-conda-linux-gnu-c++ - skipped
[8.850s] -- Detecting CXX compile features
[8.850s] -- Detecting CXX compile features - done
[8.901s] -- Found ament_cmake: 2.7.3 (/home/aichou/uni_projects/ROBM/robm-pixi/.pixi/envs/default/share/ament_cmake/cmake)
[9.066s] -- Found Python3: /home/aichou/uni_projects/ROBM/robm-pixi/.pixi/envs/default/bin/python3 (found version "3.12.12") found components: Interpreter
[9.350s] -- Found rosidl_default_generators: 1.7.1 (/home/aichou/uni_projects/ROBM/robm-pixi/.pixi/envs/default/share/rosidl_default_generators/cmake)
[9.371s] -- Using all available rosidl_typesupport_c: rosidl_typesupport_fastrtps_c;rosidl_typesupport_introspection_c
[9.628s] -- Using all available rosidl_typesupport_cpp: rosidl_typesupport_fastrtps_cpp;rosidl_typesupport_introspection_cpp
[9.749s] -- Found rosidl_adapter: 4.9.5 (/home/aichou/uni_projects/ROBM/robm-pixi/.pixi/envs/default/share/rosidl_adapter/cmake)
[9.762s] -- Found ament_lint_auto: 0.19.2 (/home/aichou/uni_projects/ROBM/robm-pixi/.pixi/envs/default/share/ament_lint_auto/cmake)
[10.742s] -- Found ament_cmake_ros_core: 0.14.3 (/home/aichou/uni_projects/ROBM/robm-pixi/.pixi/envs/default/share/ament_cmake_ros_core/cmake)
[11.243s] -- Using all available rosidl_typesupport_c: rosidl_typesupport_fastrtps_c;rosidl_typesupport_introspection_c
[11.976s] -- Using all available rosidl_typesupport_cpp: rosidl_typesupport_fastrtps_cpp;rosidl_typesupport_introspection_cpp
[12.725s] -- Found Python3: /home/aichou/uni_projects/ROBM/robm-pixi/.pixi/envs/default/bin/python3 (found version "3.12.12") found components: Interpreter Development NumPy Development.Module Development.Embed
[12.776s] -- Added test 'copyright' to check source files copyright and LICENSE
[12.779s] -- Added test 'lint_cmake' to check CMake code style
[12.782s] -- Added test 'xmllint' to check XML markup files
[12.797s] -- Configuring done (12.6s)
[12.844s] -- Generating done (0.0s)
[12.854s] -- Build files have been written to: /home/aichou/uni_projects/ROBM/robm-pixi/build/teleop_tools_msgs
