[0.027s] Invoking command in '/home/aichou/uni_projects/ROBM/robm-pixi/build/teleop_tools_msgs': CMAKE_PREFIX_PATH=${CMAKE_PREFIX_PATH}:/home/aichou/uni_projects/ROBM/robm-pixi/install/joy_teleop:/home/aichou/uni_projects/ROBM/robm-pixi/install/robm_tp1_color:/home/aichou/uni_projects/ROBM/robm-pixi/install/robm_bridge:/home/aichou/uni_projects/ROBM/robm-pixi/install/mouse_teleop:/home/aichou/uni_projects/ROBM/robm-pixi/install/key_teleop PIXI_PROMPT=(robm) /home/aichou/uni_projects/ROBM/robm-pixi/.pixi/envs/default/bin/cmake --build /home/aichou/uni_projects/ROBM/robm-pixi/build/teleop_tools_msgs -- -j22 -l22
[0.325s] [  2%] Built target teleop_tools_msgs__rosidl_generator_type_description
[0.325s] [  2%] Built target ament_cmake_python_symlink_teleop_tools_msgs
[0.325s] [  5%] Built target teleop_tools_msgs__cpp
[0.325s] [ 20%] Built target teleop_tools_msgs__rosidl_generator_c
[0.326s] [ 29%] Built target teleop_tools_msgs__rosidl_typesupport_introspection_c
[0.326s] [ 38%] Built target teleop_tools_msgs__rosidl_typesupport_c
[0.326s] [ 67%] Built target teleop_tools_msgs__rosidl_typesupport_introspection_cpp
[0.326s] [ 67%] Built target teleop_tools_msgs__rosidl_typesupport_fastrtps_c
[0.326s] [ 73%] Built target teleop_tools_msgs__rosidl_typesupport_fastrtps_cpp
[0.326s] [ 73%] Built target teleop_tools_msgs__rosidl_typesupport_cpp
[0.326s] [ 73%] Built target teleop_tools_msgs
[0.326s] [ 76%] Built target teleop_tools_msgs__py
[0.326s] [ 82%] Built target teleop_tools_msgs__rosidl_generator_py
[0.326s] [ 97%] Built target teleop_tools_msgs_s__rosidl_typesupport_introspection_c
[0.326s] [100%] Built target teleop_tools_msgs_s__rosidl_typesupport_fastrtps_c
[0.326s] [100%] Built target teleop_tools_msgs_s__rosidl_typesupport_c
[0.327s] running egg_info
[0.327s] writing teleop_tools_msgs.egg-info/PKG-INFO
[0.327s] writing dependency_links to teleop_tools_msgs.egg-info/dependency_links.txt
[0.327s] writing top-level names to teleop_tools_msgs.egg-info/top_level.txt
[0.327s] reading manifest file 'teleop_tools_msgs.egg-info/SOURCES.txt'
[0.327s] writing manifest file 'teleop_tools_msgs.egg-info/SOURCES.txt'
[0.328s] [100%] Built target ament_cmake_python_build_teleop_tools_msgs_egg
[0.452s] Invoked command in '/home/aichou/uni_projects/ROBM/robm-pixi/build/teleop_tools_msgs' returned '0': CMAKE_PREFIX_PATH=${CMAKE_PREFIX_PATH}:/home/aichou/uni_projects/ROBM/robm-pixi/install/joy_teleop:/home/aichou/uni_projects/ROBM/robm-pixi/install/robm_tp1_color:/home/aichou/uni_projects/ROBM/robm-pixi/install/robm_bridge:/home/aichou/uni_projects/ROBM/robm-pixi/install/mouse_teleop:/home/aichou/uni_projects/ROBM/robm-pixi/install/key_teleop PIXI_PROMPT=(robm) /home/aichou/uni_projects/ROBM/robm-pixi/.pixi/envs/default/bin/cmake --build /home/aichou/uni_projects/ROBM/robm-pixi/build/teleop_tools_msgs -- -j22 -l22
[0.458s] Invoking command in '/home/aichou/uni_projects/ROBM/robm-pixi/build/teleop_tools_msgs': CMAKE_PREFIX_PATH=${CMAKE_PREFIX_PATH}:/home/aichou/uni_projects/ROBM/robm-pixi/install/joy_teleop:/home/aichou/uni_projects/ROBM/robm-pixi/install/robm_tp1_color:/home/aichou/uni_projects/ROBM/robm-pixi/install/robm_bridge:/home/aichou/uni_projects/ROBM/robm-pixi/install/mouse_teleop:/home/aichou/uni_projects/ROBM/robm-pixi/install/key_teleop PIXI_PROMPT=(robm) /home/aichou/uni_projects/ROBM/robm-pixi/.pixi/envs/default/bin/cmake --install /home/aichou/uni_projects/ROBM/robm-pixi/build/teleop_tools_msgs
[0.463s] -- Install configuration: ""
[0.464s] -- Execute custom install script
[0.465s] -- Up-to-date symlink: /home/aichou/uni_projects/ROBM/robm-pixi/install/teleop_tools_msgs/share/ament_index/resource_index/rosidl_interfaces/teleop_tools_msgs
[0.467s] -- Up-to-date symlink: /home/aichou/uni_projects/ROBM/robm-pixi/install/teleop_tools_msgs/share/teleop_tools_msgs/action/Increment.json
[0.468s] -- Up-to-date symlink: /home/aichou/uni_projects/ROBM/robm-pixi/install/teleop_tools_msgs/include/teleop_tools_msgs/teleop_tools_msgs/action/detail/increment__functions.h
[0.468s] -- Up-to-date symlink: /home/aichou/uni_projects/ROBM/robm-pixi/install/teleop_tools_msgs/include/teleop_tools_msgs/teleop_tools_msgs/action/detail/increment__struct.h
[0.468s] -- Up-to-date symlink: /home/aichou/uni_projects/ROBM/robm-pixi/install/teleop_tools_msgs/include/teleop_tools_msgs/teleop_tools_msgs/action/detail/increment__type_support.h
[0.470s] -- Up-to-date symlink: /home/aichou/uni_projects/ROBM/robm-pixi/install/teleop_tools_msgs/include/teleop_tools_msgs/teleop_tools_msgs/action/increment.h
[0.470s] -- Up-to-date symlink: /home/aichou/uni_projects/ROBM/robm-pixi/install/teleop_tools_msgs/include/teleop_tools_msgs/teleop_tools_msgs/msg/rosidl_generator_c__visibility_control.h
[0.470s] -- Up-to-date symlink: /home/aichou/uni_projects/ROBM/robm-pixi/install/teleop_tools_msgs/share/teleop_tools_msgs/environment/library_path.sh
[0.470s] -- Up-to-date symlink: /home/aichou/uni_projects/ROBM/robm-pixi/install/teleop_tools_msgs/share/teleop_tools_msgs/environment/library_path.dsv
[0.471s] -- Up-to-date symlink: /home/aichou/uni_projects/ROBM/robm-pixi/install/teleop_tools_msgs/include/teleop_tools_msgs/teleop_tools_msgs/action/detail/increment__rosidl_typesupport_fastrtps_c.h
[0.472s] -- Up-to-date symlink: /home/aichou/uni_projects/ROBM/robm-pixi/install/teleop_tools_msgs/include/teleop_tools_msgs/teleop_tools_msgs/msg/rosidl_typesupport_fastrtps_c__visibility_control.h
[0.472s] -- Up-to-date symlink: /home/aichou/uni_projects/ROBM/robm-pixi/install/teleop_tools_msgs/include/teleop_tools_msgs/teleop_tools_msgs/action/detail/increment__rosidl_typesupport_introspection_c.h
[0.472s] -- Up-to-date symlink: /home/aichou/uni_projects/ROBM/robm-pixi/install/teleop_tools_msgs/include/teleop_tools_msgs/teleop_tools_msgs/msg/rosidl_typesupport_introspection_c__visibility_control.h
[0.473s] -- Up-to-date symlink: /home/aichou/uni_projects/ROBM/robm-pixi/install/teleop_tools_msgs/include/teleop_tools_msgs/teleop_tools_msgs/action/detail/increment__builder.hpp
[0.473s] -- Up-to-date symlink: /home/aichou/uni_projects/ROBM/robm-pixi/install/teleop_tools_msgs/include/teleop_tools_msgs/teleop_tools_msgs/action/detail/increment__struct.hpp
[0.474s] -- Up-to-date symlink: /home/aichou/uni_projects/ROBM/robm-pixi/install/teleop_tools_msgs/include/teleop_tools_msgs/teleop_tools_msgs/action/detail/increment__traits.hpp
[0.474s] -- Up-to-date symlink: /home/aichou/uni_projects/ROBM/robm-pixi/install/teleop_tools_msgs/include/teleop_tools_msgs/teleop_tools_msgs/action/detail/increment__type_support.hpp
[0.474s] -- Up-to-date symlink: /home/aichou/uni_projects/ROBM/robm-pixi/install/teleop_tools_msgs/include/teleop_tools_msgs/teleop_tools_msgs/action/increment.hpp
[0.475s] -- Up-to-date symlink: /home/aichou/uni_projects/ROBM/robm-pixi/install/teleop_tools_msgs/include/teleop_tools_msgs/teleop_tools_msgs/msg/rosidl_generator_cpp__visibility_control.hpp
[0.475s] -- Up-to-date symlink: /home/aichou/uni_projects/ROBM/robm-pixi/install/teleop_tools_msgs/include/teleop_tools_msgs/teleop_tools_msgs/action/detail/increment__rosidl_typesupport_fastrtps_cpp.hpp
[0.475s] -- Up-to-date symlink: /home/aichou/uni_projects/ROBM/robm-pixi/install/teleop_tools_msgs/include/teleop_tools_msgs/teleop_tools_msgs/msg/rosidl_typesupport_fastrtps_cpp__visibility_control.h
[0.475s] -- Up-to-date symlink: /home/aichou/uni_projects/ROBM/robm-pixi/install/teleop_tools_msgs/include/teleop_tools_msgs/teleop_tools_msgs/action/detail/increment__rosidl_typesupport_introspection_cpp.hpp
[0.476s] -- Up-to-date symlink: /home/aichou/uni_projects/ROBM/robm-pixi/install/teleop_tools_msgs/share/teleop_tools_msgs/environment/pythonpath.sh
[0.476s] -- Up-to-date symlink: /home/aichou/uni_projects/ROBM/robm-pixi/install/teleop_tools_msgs/share/teleop_tools_msgs/environment/pythonpath.dsv
[0.477s] -- Up-to-date symlink: /home/aichou/uni_projects/ROBM/robm-pixi/install/teleop_tools_msgs/lib/python3.12/site-packages/teleop_tools_msgs-2.0.0-py3.12.egg-info/PKG-INFO
[0.477s] -- Up-to-date symlink: /home/aichou/uni_projects/ROBM/robm-pixi/install/teleop_tools_msgs/lib/python3.12/site-packages/teleop_tools_msgs-2.0.0-py3.12.egg-info/SOURCES.txt
[0.477s] -- Up-to-date symlink: /home/aichou/uni_projects/ROBM/robm-pixi/install/teleop_tools_msgs/lib/python3.12/site-packages/teleop_tools_msgs-2.0.0-py3.12.egg-info/dependency_links.txt
[0.478s] -- Up-to-date symlink: /home/aichou/uni_projects/ROBM/robm-pixi/install/teleop_tools_msgs/lib/python3.12/site-packages/teleop_tools_msgs-2.0.0-py3.12.egg-info/top_level.txt
[0.478s] -- Up-to-date symlink: /home/aichou/uni_projects/ROBM/robm-pixi/install/teleop_tools_msgs/lib/python3.12/site-packages/teleop_tools_msgs/__init__.py
[0.478s] -- Up-to-date symlink: /home/aichou/uni_projects/ROBM/robm-pixi/install/teleop_tools_msgs/lib/python3.12/site-packages/teleop_tools_msgs/_teleop_tools_msgs_s.ep.rosidl_typesupport_c.c
[0.479s] -- Up-to-date symlink: /home/aichou/uni_projects/ROBM/robm-pixi/install/teleop_tools_msgs/lib/python3.12/site-packages/teleop_tools_msgs/_teleop_tools_msgs_s.ep.rosidl_typesupport_fastrtps_c.c
[0.479s] -- Up-to-date symlink: /home/aichou/uni_projects/ROBM/robm-pixi/install/teleop_tools_msgs/lib/python3.12/site-packages/teleop_tools_msgs/_teleop_tools_msgs_s.ep.rosidl_typesupport_introspection_c.c
[0.479s] -- Up-to-date symlink: /home/aichou/uni_projects/ROBM/robm-pixi/install/teleop_tools_msgs/lib/python3.12/site-packages/teleop_tools_msgs/action/__init__.py
[0.480s] -- Up-to-date symlink: /home/aichou/uni_projects/ROBM/robm-pixi/install/teleop_tools_msgs/lib/python3.12/site-packages/teleop_tools_msgs/action/_increment.py
[0.480s] -- Up-to-date symlink: /home/aichou/uni_projects/ROBM/robm-pixi/install/teleop_tools_msgs/lib/python3.12/site-packages/teleop_tools_msgs/action/_increment_s.c
[0.480s] -- Up-to-date symlink: /home/aichou/uni_projects/ROBM/robm-pixi/install/teleop_tools_msgs/lib/python3.12/site-packages/teleop_tools_msgs/teleop_tools_msgs_s__rosidl_typesupport_c.so
[0.480s] -- Up-to-date symlink: /home/aichou/uni_projects/ROBM/robm-pixi/install/teleop_tools_msgs/lib/python3.12/site-packages/teleop_tools_msgs/teleop_tools_msgs_s__rosidl_typesupport_fastrtps_c.so
[0.481s] -- Up-to-date symlink: /home/aichou/uni_projects/ROBM/robm-pixi/install/teleop_tools_msgs/lib/python3.12/site-packages/teleop_tools_msgs/teleop_tools_msgs_s__rosidl_typesupport_introspection_c.so
[0.481s] -- Up-to-date symlink: /home/aichou/uni_projects/ROBM/robm-pixi/install/teleop_tools_msgs/lib/python3.12/site-packages/teleop_tools_msgs/teleop_tools_msgs_s__rosidl_typesupport_fastrtps_c.so
[0.482s] -- Up-to-date symlink: /home/aichou/uni_projects/ROBM/robm-pixi/install/teleop_tools_msgs/lib/python3.12/site-packages/teleop_tools_msgs/teleop_tools_msgs_s__rosidl_typesupport_introspection_c.so
[0.482s] -- Up-to-date symlink: /home/aichou/uni_projects/ROBM/robm-pixi/install/teleop_tools_msgs/lib/python3.12/site-packages/teleop_tools_msgs/teleop_tools_msgs_s__rosidl_typesupport_c.so
[0.482s] -- Up-to-date symlink: /home/aichou/uni_projects/ROBM/robm-pixi/install/teleop_tools_msgs/share/teleop_tools_msgs/action/Increment.idl
[0.483s] -- Up-to-date symlink: /home/aichou/uni_projects/ROBM/robm-pixi/install/teleop_tools_msgs/share/teleop_tools_msgs/action/Increment.action
[0.483s] -- Up-to-date symlink: /home/aichou/uni_projects/ROBM/robm-pixi/install/teleop_tools_msgs/share/ament_index/resource_index/package_run_dependencies/teleop_tools_msgs
[0.484s] -- Up-to-date symlink: /home/aichou/uni_projects/ROBM/robm-pixi/install/teleop_tools_msgs/share/ament_index/resource_index/parent_prefix_path/teleop_tools_msgs
[0.484s] -- Up-to-date symlink: /home/aichou/uni_projects/ROBM/robm-pixi/install/teleop_tools_msgs/share/teleop_tools_msgs/environment/ament_prefix_path.sh
[0.485s] -- Up-to-date symlink: /home/aichou/uni_projects/ROBM/robm-pixi/install/teleop_tools_msgs/share/teleop_tools_msgs/environment/ament_prefix_path.dsv
[0.486s] -- Up-to-date symlink: /home/aichou/uni_projects/ROBM/robm-pixi/install/teleop_tools_msgs/share/teleop_tools_msgs/environment/path.sh
[0.486s] -- Up-to-date symlink: /home/aichou/uni_projects/ROBM/robm-pixi/install/teleop_tools_msgs/share/teleop_tools_msgs/environment/path.dsv
[0.486s] -- Up-to-date symlink: /home/aichou/uni_projects/ROBM/robm-pixi/install/teleop_tools_msgs/share/teleop_tools_msgs/local_setup.bash
[0.487s] -- Up-to-date symlink: /home/aichou/uni_projects/ROBM/robm-pixi/install/teleop_tools_msgs/share/teleop_tools_msgs/local_setup.sh
[0.487s] -- Up-to-date symlink: /home/aichou/uni_projects/ROBM/robm-pixi/install/teleop_tools_msgs/share/teleop_tools_msgs/local_setup.zsh
[0.488s] -- Up-to-date symlink: /home/aichou/uni_projects/ROBM/robm-pixi/install/teleop_tools_msgs/share/teleop_tools_msgs/local_setup.dsv
[0.488s] -- Symlinking: /home/aichou/uni_projects/ROBM/robm-pixi/install/teleop_tools_msgs/share/teleop_tools_msgs/package.dsv
[0.492s] -- Up-to-date symlink: /home/aichou/uni_projects/ROBM/robm-pixi/install/teleop_tools_msgs/share/ament_index/resource_index/packages/teleop_tools_msgs
[0.493s] -- Up-to-date symlink: /home/aichou/uni_projects/ROBM/robm-pixi/install/teleop_tools_msgs/share/teleop_tools_msgs/cmake/rosidl_cmake-extras.cmake
[0.494s] -- Up-to-date symlink: /home/aichou/uni_projects/ROBM/robm-pixi/install/teleop_tools_msgs/share/teleop_tools_msgs/cmake/ament_cmake_export_dependencies-extras.cmake
[0.494s] -- Up-to-date symlink: /home/aichou/uni_projects/ROBM/robm-pixi/install/teleop_tools_msgs/share/teleop_tools_msgs/cmake/ament_cmake_export_include_directories-extras.cmake
[0.495s] -- Up-to-date symlink: /home/aichou/uni_projects/ROBM/robm-pixi/install/teleop_tools_msgs/share/teleop_tools_msgs/cmake/ament_cmake_export_libraries-extras.cmake
[0.495s] -- Up-to-date symlink: /home/aichou/uni_projects/ROBM/robm-pixi/install/teleop_tools_msgs/share/teleop_tools_msgs/cmake/ament_cmake_export_targets-extras.cmake
[0.496s] -- Up-to-date symlink: /home/aichou/uni_projects/ROBM/robm-pixi/install/teleop_tools_msgs/share/teleop_tools_msgs/cmake/rosidl_cmake_export_typesupport_targets-extras.cmake
[0.496s] -- Up-to-date symlink: /home/aichou/uni_projects/ROBM/robm-pixi/install/teleop_tools_msgs/share/teleop_tools_msgs/cmake/rosidl_cmake_export_typesupport_libraries-extras.cmake
[0.497s] -- Up-to-date symlink: /home/aichou/uni_projects/ROBM/robm-pixi/install/teleop_tools_msgs/share/teleop_tools_msgs/cmake/teleop_tools_msgsConfig.cmake
[0.497s] -- Up-to-date symlink: /home/aichou/uni_projects/ROBM/robm-pixi/install/teleop_tools_msgs/share/teleop_tools_msgs/cmake/teleop_tools_msgsConfig-version.cmake
[0.497s] -- Up-to-date symlink: /home/aichou/uni_projects/ROBM/robm-pixi/install/teleop_tools_msgs/share/teleop_tools_msgs/package.xml
[0.498s] -- Installing: /home/aichou/uni_projects/ROBM/robm-pixi/install/teleop_tools_msgs/lib/libteleop_tools_msgs__rosidl_generator_c.so
[0.500s] -- Installing: /home/aichou/uni_projects/ROBM/robm-pixi/install/teleop_tools_msgs/lib/libteleop_tools_msgs__rosidl_typesupport_fastrtps_c.so
[0.501s] -- Set non-toolchain portion of runtime path of "/home/aichou/uni_projects/ROBM/robm-pixi/install/teleop_tools_msgs/lib/libteleop_tools_msgs__rosidl_typesupport_fastrtps_c.so" to ""
[0.502s] -- Installing: /home/aichou/uni_projects/ROBM/robm-pixi/install/teleop_tools_msgs/lib/libteleop_tools_msgs__rosidl_typesupport_introspection_c.so
[0.502s] -- Set non-toolchain portion of runtime path of "/home/aichou/uni_projects/ROBM/robm-pixi/install/teleop_tools_msgs/lib/libteleop_tools_msgs__rosidl_typesupport_introspection_c.so" to ""
[0.503s] -- Installing: /home/aichou/uni_projects/ROBM/robm-pixi/install/teleop_tools_msgs/lib/libteleop_tools_msgs__rosidl_typesupport_c.so
[0.504s] -- Set non-toolchain portion of runtime path of "/home/aichou/uni_projects/ROBM/robm-pixi/install/teleop_tools_msgs/lib/libteleop_tools_msgs__rosidl_typesupport_c.so" to ""
[0.505s] -- Installing: /home/aichou/uni_projects/ROBM/robm-pixi/install/teleop_tools_msgs/lib/libteleop_tools_msgs__rosidl_typesupport_fastrtps_cpp.so
[0.506s] -- Set non-toolchain portion of runtime path of "/home/aichou/uni_projects/ROBM/robm-pixi/install/teleop_tools_msgs/lib/libteleop_tools_msgs__rosidl_typesupport_fastrtps_cpp.so" to ""
[0.506s] -- Installing: /home/aichou/uni_projects/ROBM/robm-pixi/install/teleop_tools_msgs/lib/libteleop_tools_msgs__rosidl_typesupport_introspection_cpp.so
[0.507s] -- Set non-toolchain portion of runtime path of "/home/aichou/uni_projects/ROBM/robm-pixi/install/teleop_tools_msgs/lib/libteleop_tools_msgs__rosidl_typesupport_introspection_cpp.so" to ""
[0.508s] -- Installing: /home/aichou/uni_projects/ROBM/robm-pixi/install/teleop_tools_msgs/lib/libteleop_tools_msgs__rosidl_typesupport_cpp.so
[0.508s] -- Set non-toolchain portion of runtime path of "/home/aichou/uni_projects/ROBM/robm-pixi/install/teleop_tools_msgs/lib/libteleop_tools_msgs__rosidl_typesupport_cpp.so" to ""
[0.531s] Listing '/home/aichou/uni_projects/ROBM/robm-pixi/install/teleop_tools_msgs/lib/python3.12/site-packages/teleop_tools_msgs'...
[0.531s] Listing '/home/aichou/uni_projects/ROBM/robm-pixi/install/teleop_tools_msgs/lib/python3.12/site-packages/teleop_tools_msgs/action'...
[0.535s] -- Installing: /home/aichou/uni_projects/ROBM/robm-pixi/install/teleop_tools_msgs/lib/libteleop_tools_msgs__rosidl_generator_py.so
[0.536s] -- Set non-toolchain portion of runtime path of "/home/aichou/uni_projects/ROBM/robm-pixi/install/teleop_tools_msgs/lib/libteleop_tools_msgs__rosidl_generator_py.so" to ""
[0.536s] -- Up-to-date: /home/aichou/uni_projects/ROBM/robm-pixi/install/teleop_tools_msgs/share/teleop_tools_msgs/cmake/export_teleop_tools_msgs__rosidl_generator_cExport.cmake
[0.536s] -- Up-to-date: /home/aichou/uni_projects/ROBM/robm-pixi/install/teleop_tools_msgs/share/teleop_tools_msgs/cmake/export_teleop_tools_msgs__rosidl_generator_cExport-noconfig.cmake
[0.537s] -- Up-to-date: /home/aichou/uni_projects/ROBM/robm-pixi/install/teleop_tools_msgs/share/teleop_tools_msgs/cmake/export_teleop_tools_msgs__rosidl_typesupport_fastrtps_cExport.cmake
[0.537s] -- Up-to-date: /home/aichou/uni_projects/ROBM/robm-pixi/install/teleop_tools_msgs/share/teleop_tools_msgs/cmake/export_teleop_tools_msgs__rosidl_typesupport_fastrtps_cExport-noconfig.cmake
[0.537s] -- Up-to-date: /home/aichou/uni_projects/ROBM/robm-pixi/install/teleop_tools_msgs/share/teleop_tools_msgs/cmake/teleop_tools_msgs__rosidl_typesupport_introspection_cExport.cmake
[0.537s] -- Up-to-date: /home/aichou/uni_projects/ROBM/robm-pixi/install/teleop_tools_msgs/share/teleop_tools_msgs/cmake/teleop_tools_msgs__rosidl_typesupport_introspection_cExport-noconfig.cmake
[0.538s] -- Up-to-date: /home/aichou/uni_projects/ROBM/robm-pixi/install/teleop_tools_msgs/share/teleop_tools_msgs/cmake/teleop_tools_msgs__rosidl_typesupport_cExport.cmake
[0.538s] -- Up-to-date: /home/aichou/uni_projects/ROBM/robm-pixi/install/teleop_tools_msgs/share/teleop_tools_msgs/cmake/teleop_tools_msgs__rosidl_typesupport_cExport-noconfig.cmake
[0.538s] -- Up-to-date: /home/aichou/uni_projects/ROBM/robm-pixi/install/teleop_tools_msgs/share/teleop_tools_msgs/cmake/export_teleop_tools_msgs__rosidl_generator_cppExport.cmake
[0.539s] -- Up-to-date: /home/aichou/uni_projects/ROBM/robm-pixi/install/teleop_tools_msgs/share/teleop_tools_msgs/cmake/export_teleop_tools_msgs__rosidl_typesupport_fastrtps_cppExport.cmake
[0.539s] -- Up-to-date: /home/aichou/uni_projects/ROBM/robm-pixi/install/teleop_tools_msgs/share/teleop_tools_msgs/cmake/export_teleop_tools_msgs__rosidl_typesupport_fastrtps_cppExport-noconfig.cmake
[0.539s] -- Up-to-date: /home/aichou/uni_projects/ROBM/robm-pixi/install/teleop_tools_msgs/share/teleop_tools_msgs/cmake/teleop_tools_msgs__rosidl_typesupport_introspection_cppExport.cmake
[0.539s] -- Up-to-date: /home/aichou/uni_projects/ROBM/robm-pixi/install/teleop_tools_msgs/share/teleop_tools_msgs/cmake/teleop_tools_msgs__rosidl_typesupport_introspection_cppExport-noconfig.cmake
[0.540s] -- Up-to-date: /home/aichou/uni_projects/ROBM/robm-pixi/install/teleop_tools_msgs/share/teleop_tools_msgs/cmake/teleop_tools_msgs__rosidl_typesupport_cppExport.cmake
[0.540s] -- Up-to-date: /home/aichou/uni_projects/ROBM/robm-pixi/install/teleop_tools_msgs/share/teleop_tools_msgs/cmake/teleop_tools_msgs__rosidl_typesupport_cppExport-noconfig.cmake
[0.540s] -- Up-to-date: /home/aichou/uni_projects/ROBM/robm-pixi/install/teleop_tools_msgs/share/teleop_tools_msgs/cmake/export_teleop_tools_msgs__rosidl_generator_pyExport.cmake
[0.540s] -- Up-to-date: /home/aichou/uni_projects/ROBM/robm-pixi/install/teleop_tools_msgs/share/teleop_tools_msgs/cmake/export_teleop_tools_msgs__rosidl_generator_pyExport-noconfig.cmake
[0.542s] Invoked command in '/home/aichou/uni_projects/ROBM/robm-pixi/build/teleop_tools_msgs' returned '0': CMAKE_PREFIX_PATH=${CMAKE_PREFIX_PATH}:/home/aichou/uni_projects/ROBM/robm-pixi/install/joy_teleop:/home/aichou/uni_projects/ROBM/robm-pixi/install/robm_tp1_color:/home/aichou/uni_projects/ROBM/robm-pixi/install/robm_bridge:/home/aichou/uni_projects/ROBM/robm-pixi/install/mouse_teleop:/home/aichou/uni_projects/ROBM/robm-pixi/install/key_teleop PIXI_PROMPT=(robm) /home/aichou/uni_projects/ROBM/robm-pixi/.pixi/envs/default/bin/cmake --install /home/aichou/uni_projects/ROBM/robm-pixi/build/teleop_tools_msgs
