[0.691s] Invoking command in '/home/aichou/uni_projects/ROBM/robm-pixi/build/joy_teleop': CMAKE_PREFIX_PATH=/home/aichou/uni_projects/ROBM/robm-pixi/install/teleop_tools_msgs:/home/aichou/uni_projects/ROBM/robm-pixi/install/teleop_tools:/home/aichou/uni_projects/ROBM/robm-pixi/install/robm_interfaces:/home/aichou/uni_projects/ROBM/robm-pixi/.pixi/envs/default:/home/aichou/uni_projects/ROBM/robm-pixi/.pixi/envs/default/x86_64-conda-linux-gnu/sysroot/usr PIXI_PROMPT=(robm) PYTHONPATH=/home/aichou/uni_projects/ROBM/robm-pixi/build/joy_teleop/prefix_override:/home/aichou/uni_projects/ROBM/robm-pixi/.pixi/envs/default/lib/python3.12/site-packages/colcon_core/task/python/colcon_distutils_commands:/home/aichou/uni_projects/ROBM/robm-pixi/install/joy_teleop/lib/python3.12/site-packages:/home/aichou/uni_projects/ROBM/robm-pixi/install/teleop_tools_msgs/lib/python3.12/site-packages:/home/aichou/uni_projects/ROBM/robm-pixi/build/joy_teleop:/home/aichou/uni_projects/ROBM/robm-pixi/install/joy_teleop/lib/python3.12/site-packages:/home/aichou/uni_projects/ROBM/robm-pixi/build/robm_tp1_color:/home/aichou/uni_projects/ROBM/robm-pixi/install/robm_tp1_color/lib/python3.12/site-packages:/home/aichou/uni_projects/ROBM/robm-pixi/build/robm_bridge:/home/aichou/uni_projects/ROBM/robm-pixi/install/robm_bridge/lib/python3.12/site-packages:/home/aichou/uni_projects/ROBM/robm-pixi/install/robm_interfaces/lib/python3.12/site-packages:/home/aichou/uni_projects/ROBM/robm-pixi/build/mouse_teleop:/home/aichou/uni_projects/ROBM/robm-pixi/install/mouse_teleop/lib/python3.12/site-packages:/home/aichou/uni_projects/ROBM/robm-pixi/build/key_teleop:/home/aichou/uni_projects/ROBM/robm-pixi/install/key_teleop/lib/python3.12/site-packages:/home/aichou/uni_projects/ROBM/robm-pixi/.pixi/envs/default/lib/python/site-packages:/home/aichou/uni_projects/ROBM/robm-pixi/.pixi/envs/default/lib/python3.12/site-packages /home/aichou/uni_projects/ROBM/robm-pixi/.pixi/envs/default/bin/python3.12 -W ignore:setup.py install is deprecated -W ignore:easy_install command is deprecated setup.py develop --editable --build-directory /home/aichou/uni_projects/ROBM/robm-pixi/build/joy_teleop/build --no-deps symlink_data
[0.788s] /home/aichou/uni_projects/ROBM/robm-pixi/.pixi/envs/default/lib/python3.12/site-packages/setuptools/_distutils/dist.py:289: UserWarning: Unknown distribution option: 'tests_require'
[0.788s]   warnings.warn(msg)
[0.806s] /home/aichou/uni_projects/ROBM/robm-pixi/.pixi/envs/default/lib/python3.12/site-packages/setuptools/dist.py:759: SetuptoolsDeprecationWarning: License classifiers are deprecated.
[0.806s] !!
[0.806s] 
[0.806s]         ********************************************************************************
[0.806s]         Please consider removing the following classifiers in favor of a SPDX license expression:
[0.806s] 
[0.806s]         License :: OSI Approved :: BSD
[0.806s] 
[0.806s]         See https://packaging.python.org/en/latest/guides/writing-pyproject-toml/#license for details.
[0.806s]         ********************************************************************************
[0.806s] 
[0.806s] !!
[0.806s]   self._finalize_license_expression()
[0.858s] running develop
[0.957s] running egg_info
[0.967s] writing joy_teleop.egg-info/PKG-INFO
[0.967s] writing dependency_links to joy_teleop.egg-info/dependency_links.txt
[0.967s] writing entry points to joy_teleop.egg-info/entry_points.txt
[0.968s] writing requirements to joy_teleop.egg-info/requires.txt
[0.968s] writing top-level names to joy_teleop.egg-info/top_level.txt
[0.986s] reading manifest file 'joy_teleop.egg-info/SOURCES.txt'
[0.987s] writing manifest file 'joy_teleop.egg-info/SOURCES.txt'
[0.996s] running build_ext
[0.996s] Creating /home/aichou/uni_projects/ROBM/robm-pixi/install/joy_teleop/lib/python3.12/site-packages/joy-teleop.egg-link (link to .)
[0.996s] Installing incrementer_server script to /home/aichou/uni_projects/ROBM/robm-pixi/install/joy_teleop/lib/joy_teleop
[0.997s] Installing joy_teleop script to /home/aichou/uni_projects/ROBM/robm-pixi/install/joy_teleop/lib/joy_teleop
[0.997s] 
[0.997s] Installed /home/aichou/uni_projects/ROBM/robm-pixi/build/joy_teleop
[0.997s] running symlink_data
[1.017s] Invoked command in '/home/aichou/uni_projects/ROBM/robm-pixi/build/joy_teleop' returned '0': CMAKE_PREFIX_PATH=/home/aichou/uni_projects/ROBM/robm-pixi/install/teleop_tools_msgs:/home/aichou/uni_projects/ROBM/robm-pixi/install/teleop_tools:/home/aichou/uni_projects/ROBM/robm-pixi/install/robm_interfaces:/home/aichou/uni_projects/ROBM/robm-pixi/.pixi/envs/default:/home/aichou/uni_projects/ROBM/robm-pixi/.pixi/envs/default/x86_64-conda-linux-gnu/sysroot/usr PIXI_PROMPT=(robm) PYTHONPATH=/home/aichou/uni_projects/ROBM/robm-pixi/build/joy_teleop/prefix_override:/home/aichou/uni_projects/ROBM/robm-pixi/.pixi/envs/default/lib/python3.12/site-packages/colcon_core/task/python/colcon_distutils_commands:/home/aichou/uni_projects/ROBM/robm-pixi/install/joy_teleop/lib/python3.12/site-packages:/home/aichou/uni_projects/ROBM/robm-pixi/install/teleop_tools_msgs/lib/python3.12/site-packages:/home/aichou/uni_projects/ROBM/robm-pixi/build/joy_teleop:/home/aichou/uni_projects/ROBM/robm-pixi/install/joy_teleop/lib/python3.12/site-packages:/home/aichou/uni_projects/ROBM/robm-pixi/build/robm_tp1_color:/home/aichou/uni_projects/ROBM/robm-pixi/install/robm_tp1_color/lib/python3.12/site-packages:/home/aichou/uni_projects/ROBM/robm-pixi/build/robm_bridge:/home/aichou/uni_projects/ROBM/robm-pixi/install/robm_bridge/lib/python3.12/site-packages:/home/aichou/uni_projects/ROBM/robm-pixi/install/robm_interfaces/lib/python3.12/site-packages:/home/aichou/uni_projects/ROBM/robm-pixi/build/mouse_teleop:/home/aichou/uni_projects/ROBM/robm-pixi/install/mouse_teleop/lib/python3.12/site-packages:/home/aichou/uni_projects/ROBM/robm-pixi/build/key_teleop:/home/aichou/uni_projects/ROBM/robm-pixi/install/key_teleop/lib/python3.12/site-packages:/home/aichou/uni_projects/ROBM/robm-pixi/.pixi/envs/default/lib/python/site-packages:/home/aichou/uni_projects/ROBM/robm-pixi/.pixi/envs/default/lib/python3.12/site-packages /home/aichou/uni_projects/ROBM/robm-pixi/.pixi/envs/default/bin/python3.12 -W ignore:setup.py install is deprecated -W ignore:easy_install command is deprecated setup.py develop --editable --build-directory /home/aichou/uni_projects/ROBM/robm-pixi/build/joy_teleop/build --no-deps symlink_data
