/home/aichou/uni_projects/ROBM/robm-pixi/.pixi/envs/default/lib/python3.12/site-packages/setuptools/_distutils/dist.py:289: UserWarning: Unknown distribution option: 'tests_require'
  warnings.warn(msg)
/home/aichou/uni_projects/ROBM/robm-pixi/.pixi/envs/default/lib/python3.12/site-packages/setuptools/dist.py:759: SetuptoolsDeprecationWarning: License classifiers are deprecated.
!!

        ********************************************************************************
        Please consider removing the following classifiers in favor of a SPDX license expression:

        License :: OSI Approved :: BSD

        See https://packaging.python.org/en/latest/guides/writing-pyproject-toml/#license for details.
        ********************************************************************************

!!
  self._finalize_license_expression()
running egg_info
creating ../../build/key_teleop/key_teleop.egg-info
writing ../../build/key_teleop/key_teleop.egg-info/PKG-INFO
writing dependency_links to ../../build/key_teleop/key_teleop.egg-info/dependency_links.txt
writing entry points to ../../build/key_teleop/key_teleop.egg-info/entry_points.txt
writing requirements to ../../build/key_teleop/key_teleop.egg-info/requires.txt
writing top-level names to ../../build/key_teleop/key_teleop.egg-info/top_level.txt
writing manifest file '../../build/key_teleop/key_teleop.egg-info/SOURCES.txt'
reading manifest file '../../build/key_teleop/key_teleop.egg-info/SOURCES.txt'
adding license file 'LICENSE'
writing manifest file '../../build/key_teleop/key_teleop.egg-info/SOURCES.txt'
running build
running build_py
creating /home/aichou/uni_projects/ROBM/robm-pixi/src/build/key_teleop/build/lib/key_teleop
copying key_teleop/key_teleop.py -> /home/aichou/uni_projects/ROBM/robm-pixi/src/build/key_teleop/build/lib/key_teleop
copying key_teleop/__init__.py -> /home/aichou/uni_projects/ROBM/robm-pixi/src/build/key_teleop/build/lib/key_teleop
running install
running install_lib
creating /home/aichou/uni_projects/ROBM/robm-pixi/src/install/key_teleop/lib/python3.12/site-packages/key_teleop
copying /home/aichou/uni_projects/ROBM/robm-pixi/src/build/key_teleop/build/lib/key_teleop/key_teleop.py -> /home/aichou/uni_projects/ROBM/robm-pixi/src/install/key_teleop/lib/python3.12/site-packages/key_teleop
copying /home/aichou/uni_projects/ROBM/robm-pixi/src/build/key_teleop/build/lib/key_teleop/__init__.py -> /home/aichou/uni_projects/ROBM/robm-pixi/src/install/key_teleop/lib/python3.12/site-packages/key_teleop
byte-compiling /home/aichou/uni_projects/ROBM/robm-pixi/src/install/key_teleop/lib/python3.12/site-packages/key_teleop/key_teleop.py to key_teleop.cpython-312.pyc
byte-compiling /home/aichou/uni_projects/ROBM/robm-pixi/src/install/key_teleop/lib/python3.12/site-packages/key_teleop/__init__.py to __init__.cpython-312.pyc
running install_data
copying package.xml -> /home/aichou/uni_projects/ROBM/robm-pixi/src/install/key_teleop/share/key_teleop
creating /home/aichou/uni_projects/ROBM/robm-pixi/src/install/key_teleop/share/key_teleop/config
copying config/key_teleop.yaml -> /home/aichou/uni_projects/ROBM/robm-pixi/src/install/key_teleop/share/key_teleop/config
creating /home/aichou/uni_projects/ROBM/robm-pixi/src/install/key_teleop/share/ament_index/resource_index/packages
copying resource/key_teleop -> /home/aichou/uni_projects/ROBM/robm-pixi/src/install/key_teleop/share/ament_index/resource_index/packages
running install_egg_info
Copying ../../build/key_teleop/key_teleop.egg-info to /home/aichou/uni_projects/ROBM/robm-pixi/src/install/key_teleop/lib/python3.12/site-packages/key_teleop-1.8.0-py3.12.egg-info
running install_scripts
Installing key_teleop script to /home/aichou/uni_projects/ROBM/robm-pixi/src/install/key_teleop/lib/key_teleop
writing list of installed files to '/home/aichou/uni_projects/ROBM/robm-pixi/src/build/key_teleop/install.log'
