[0.775s] Invoking command in '/home/aichou/uni_projects/ROBM/robm-pixi/src/teleop_tools/key_teleop': PIXI_PROMPT=(robm) PS1=(robm) \[\e]0;\u@\h: \w\a\]${debian_chroot:+($debian_chroot)}\[\033[01;32m\]\u@\h\[\033[00m\]:\[\033[01;34m\]\w\[\033[00m\]\$ PYTHONPATH=/home/aichou/uni_projects/ROBM/robm-pixi/src/build/key_teleop/prefix_override:/home/aichou/uni_projects/ROBM/robm-pixi/.pixi/envs/default/lib/python3.12/site-packages/colcon_core/task/python/colcon_distutils_commands:/home/aichou/uni_projects/ROBM/robm-pixi/src/install/key_teleop/lib/python3.12/site-packages:${PYTHONPATH} /home/aichou/uni_projects/ROBM/robm-pixi/.pixi/envs/default/bin/python3.12 -W ignore:setup.py install is deprecated -W ignore:easy_install command is deprecated setup.py egg_info --egg-base ../../build/key_teleop build --build-base /home/aichou/uni_projects/ROBM/robm-pixi/src/build/key_teleop/build install --record /home/aichou/uni_projects/ROBM/robm-pixi/src/build/key_teleop/install.log --single-version-externally-managed install_data
[0.860s] /home/aichou/uni_projects/ROBM/robm-pixi/.pixi/envs/default/lib/python3.12/site-packages/setuptools/_distutils/dist.py:289: UserWarning: Unknown distribution option: 'tests_require'
[0.860s]   warnings.warn(msg)
[0.880s] /home/aichou/uni_projects/ROBM/robm-pixi/.pixi/envs/default/lib/python3.12/site-packages/setuptools/dist.py:759: SetuptoolsDeprecationWarning: License classifiers are deprecated.
[0.880s] !!
[0.880s] 
[0.880s]         ********************************************************************************
[0.880s]         Please consider removing the following classifiers in favor of a SPDX license expression:
[0.880s] 
[0.880s]         License :: OSI Approved :: BSD
[0.880s] 
[0.880s]         See https://packaging.python.org/en/latest/guides/writing-pyproject-toml/#license for details.
[0.880s]         ********************************************************************************
[0.881s] 
[0.881s] !!
[0.881s]   self._finalize_license_expression()
[0.920s] running egg_info
[0.936s] creating ../../build/key_teleop/key_teleop.egg-info
[0.936s] writing ../../build/key_teleop/key_teleop.egg-info/PKG-INFO
[0.937s] writing dependency_links to ../../build/key_teleop/key_teleop.egg-info/dependency_links.txt
[0.937s] writing entry points to ../../build/key_teleop/key_teleop.egg-info/entry_points.txt
[0.937s] writing requirements to ../../build/key_teleop/key_teleop.egg-info/requires.txt
[0.937s] writing top-level names to ../../build/key_teleop/key_teleop.egg-info/top_level.txt
[0.938s] writing manifest file '../../build/key_teleop/key_teleop.egg-info/SOURCES.txt'
[0.964s] reading manifest file '../../build/key_teleop/key_teleop.egg-info/SOURCES.txt'
[0.964s] adding license file 'LICENSE'
[0.965s] writing manifest file '../../build/key_teleop/key_teleop.egg-info/SOURCES.txt'
[0.965s] running build
[0.966s] running build_py
[0.966s] creating /home/aichou/uni_projects/ROBM/robm-pixi/src/build/key_teleop/build/lib/key_teleop
[0.966s] copying key_teleop/key_teleop.py -> /home/aichou/uni_projects/ROBM/robm-pixi/src/build/key_teleop/build/lib/key_teleop
[0.968s] copying key_teleop/__init__.py -> /home/aichou/uni_projects/ROBM/robm-pixi/src/build/key_teleop/build/lib/key_teleop
[0.968s] running install
[0.971s] running install_lib
[0.981s] creating /home/aichou/uni_projects/ROBM/robm-pixi/src/install/key_teleop/lib/python3.12/site-packages/key_teleop
[0.981s] copying /home/aichou/uni_projects/ROBM/robm-pixi/src/build/key_teleop/build/lib/key_teleop/key_teleop.py -> /home/aichou/uni_projects/ROBM/robm-pixi/src/install/key_teleop/lib/python3.12/site-packages/key_teleop
[0.981s] copying /home/aichou/uni_projects/ROBM/robm-pixi/src/build/key_teleop/build/lib/key_teleop/__init__.py -> /home/aichou/uni_projects/ROBM/robm-pixi/src/install/key_teleop/lib/python3.12/site-packages/key_teleop
[0.982s] byte-compiling /home/aichou/uni_projects/ROBM/robm-pixi/src/install/key_teleop/lib/python3.12/site-packages/key_teleop/key_teleop.py to key_teleop.cpython-312.pyc
[0.983s] byte-compiling /home/aichou/uni_projects/ROBM/robm-pixi/src/install/key_teleop/lib/python3.12/site-packages/key_teleop/__init__.py to __init__.cpython-312.pyc
[0.983s] running install_data
[0.983s] copying package.xml -> /home/aichou/uni_projects/ROBM/robm-pixi/src/install/key_teleop/share/key_teleop
[0.984s] creating /home/aichou/uni_projects/ROBM/robm-pixi/src/install/key_teleop/share/key_teleop/config
[0.984s] copying config/key_teleop.yaml -> /home/aichou/uni_projects/ROBM/robm-pixi/src/install/key_teleop/share/key_teleop/config
[0.984s] creating /home/aichou/uni_projects/ROBM/robm-pixi/src/install/key_teleop/share/ament_index/resource_index/packages
[0.984s] copying resource/key_teleop -> /home/aichou/uni_projects/ROBM/robm-pixi/src/install/key_teleop/share/ament_index/resource_index/packages
[0.984s] running install_egg_info
[0.993s] Copying ../../build/key_teleop/key_teleop.egg-info to /home/aichou/uni_projects/ROBM/robm-pixi/src/install/key_teleop/lib/python3.12/site-packages/key_teleop-1.8.0-py3.12.egg-info
[0.994s] running install_scripts
[1.038s] Installing key_teleop script to /home/aichou/uni_projects/ROBM/robm-pixi/src/install/key_teleop/lib/key_teleop
[1.039s] writing list of installed files to '/home/aichou/uni_projects/ROBM/robm-pixi/src/build/key_teleop/install.log'
[1.073s] Invoked command in '/home/aichou/uni_projects/ROBM/robm-pixi/src/teleop_tools/key_teleop' returned '0': PIXI_PROMPT=(robm) PS1=(robm) \[\e]0;\u@\h: \w\a\]${debian_chroot:+($debian_chroot)}\[\033[01;32m\]\u@\h\[\033[00m\]:\[\033[01;34m\]\w\[\033[00m\]\$ PYTHONPATH=/home/aichou/uni_projects/ROBM/robm-pixi/src/build/key_teleop/prefix_override:/home/aichou/uni_projects/ROBM/robm-pixi/.pixi/envs/default/lib/python3.12/site-packages/colcon_core/task/python/colcon_distutils_commands:/home/aichou/uni_projects/ROBM/robm-pixi/src/install/key_teleop/lib/python3.12/site-packages:${PYTHONPATH} /home/aichou/uni_projects/ROBM/robm-pixi/.pixi/envs/default/bin/python3.12 -W ignore:setup.py install is deprecated -W ignore:easy_install command is deprecated setup.py egg_info --egg-base ../../build/key_teleop build --build-base /home/aichou/uni_projects/ROBM/robm-pixi/src/build/key_teleop/build install --record /home/aichou/uni_projects/ROBM/robm-pixi/src/build/key_teleop/install.log --single-version-externally-managed install_data
