[0.266s] Invoking command in '/home/aichou/uni_projects/ROBM/robm-pixi/src/build/robm_interfaces': CMAKE_PREFIX_PATH=${CMAKE_PREFIX_PATH}:/home/aichou/uni_projects/ROBM/robm-pixi/install/robm_tp1_color:/home/aichou/uni_projects/ROBM/robm-pixi/install/robm_bridge PIXI_PROMPT=(robm) PS1=(robm) \[\e]0;\u@\h: \w\a\]${debian_chroot:+($debian_chroot)}\[\033[01;32m\]\u@\h\[\033[00m\]:\[\033[01;34m\]\w\[\033[00m\]\$ /home/aichou/uni_projects/ROBM/robm-pixi/.pixi/envs/default/bin/cmake --build /home/aichou/uni_projects/ROBM/robm-pixi/src/build/robm_interfaces -- -j22 -l22
[0.519s] [  1%] Built target robm_interfaces__rosidl_generator_type_description
[0.519s] [  1%] Built target ament_cmake_python_copy_robm_interfaces
[0.520s] [  3%] Built target robm_interfaces__cpp
[0.520s] [ 25%] Built target robm_interfaces__rosidl_generator_c
[0.520s] [ 34%] Built target robm_interfaces__rosidl_typesupport_cpp
[0.520s] [ 43%] Built target robm_interfaces__rosidl_typesupport_introspection_c
[0.520s] [ 53%] Built target robm_interfaces__rosidl_typesupport_introspection_cpp
[0.520s] [ 62%] Built target robm_interfaces__rosidl_typesupport_fastrtps_c
[0.521s] [ 71%] Built target robm_interfaces__rosidl_typesupport_fastrtps_cpp
[0.521s] [ 81%] Built target robm_interfaces__rosidl_typesupport_c
[0.521s] [ 81%] Built target robm_interfaces
[0.521s] [ 82%] Built target robm_interfaces__py
[0.521s] [ 90%] Built target robm_interfaces__rosidl_generator_py
[0.521s] [ 93%] Built target robm_interfaces_s__rosidl_typesupport_introspection_c
[0.521s] [ 96%] Built target robm_interfaces_s__rosidl_typesupport_fastrtps_c
[0.523s] [100%] Built target robm_interfaces_s__rosidl_typesupport_c
[0.553s] running egg_info
[0.566s] writing robm_interfaces.egg-info/PKG-INFO
[0.569s] writing dependency_links to robm_interfaces.egg-info/dependency_links.txt
[0.569s] writing top-level names to robm_interfaces.egg-info/top_level.txt
[0.612s] reading manifest file 'robm_interfaces.egg-info/SOURCES.txt'
[0.614s] writing manifest file 'robm_interfaces.egg-info/SOURCES.txt'
[0.637s] [100%] Built target ament_cmake_python_build_robm_interfaces_egg
[0.720s] Invoked command in '/home/aichou/uni_projects/ROBM/robm-pixi/src/build/robm_interfaces' returned '0': CMAKE_PREFIX_PATH=${CMAKE_PREFIX_PATH}:/home/aichou/uni_projects/ROBM/robm-pixi/install/robm_tp1_color:/home/aichou/uni_projects/ROBM/robm-pixi/install/robm_bridge PIXI_PROMPT=(robm) PS1=(robm) \[\e]0;\u@\h: \w\a\]${debian_chroot:+($debian_chroot)}\[\033[01;32m\]\u@\h\[\033[00m\]:\[\033[01;34m\]\w\[\033[00m\]\$ /home/aichou/uni_projects/ROBM/robm-pixi/.pixi/envs/default/bin/cmake --build /home/aichou/uni_projects/ROBM/robm-pixi/src/build/robm_interfaces -- -j22 -l22
[0.722s] Invoking command in '/home/aichou/uni_projects/ROBM/robm-pixi/src/build/robm_interfaces': CMAKE_PREFIX_PATH=${CMAKE_PREFIX_PATH}:/home/aichou/uni_projects/ROBM/robm-pixi/install/robm_tp1_color:/home/aichou/uni_projects/ROBM/robm-pixi/install/robm_bridge PIXI_PROMPT=(robm) PS1=(robm) \[\e]0;\u@\h: \w\a\]${debian_chroot:+($debian_chroot)}\[\033[01;32m\]\u@\h\[\033[00m\]:\[\033[01;34m\]\w\[\033[00m\]\$ /home/aichou/uni_projects/ROBM/robm-pixi/.pixi/envs/default/bin/cmake --install /home/aichou/uni_projects/ROBM/robm-pixi/src/build/robm_interfaces
[0.731s] -- Install configuration: ""
[0.731s] -- Up-to-date: /home/aichou/uni_projects/ROBM/robm-pixi/src/install/robm_interfaces/share/ament_index/resource_index/rosidl_interfaces/robm_interfaces
[0.731s] -- Up-to-date: /home/aichou/uni_projects/ROBM/robm-pixi/src/install/robm_interfaces/share/robm_interfaces/msg/Color.json
[0.731s] -- Up-to-date: /home/aichou/uni_projects/ROBM/robm-pixi/src/install/robm_interfaces/share/robm_interfaces/msg/RoverMotorsCmd.json
[0.731s] -- Up-to-date: /home/aichou/uni_projects/ROBM/robm-pixi/src/install/robm_interfaces/share/robm_interfaces/msg/GripperCommand.json
[0.732s] -- Up-to-date: /home/aichou/uni_projects/ROBM/robm-pixi/src/install/robm_interfaces/share/robm_interfaces/msg/ServoCommand.json
[0.732s] -- Up-to-date: /home/aichou/uni_projects/ROBM/robm-pixi/src/install/robm_interfaces/include/robm_interfaces/robm_interfaces
[0.732s] -- Up-to-date: /home/aichou/uni_projects/ROBM/robm-pixi/src/install/robm_interfaces/include/robm_interfaces/robm_interfaces/msg
[0.732s] -- Up-to-date: /home/aichou/uni_projects/ROBM/robm-pixi/src/install/robm_interfaces/include/robm_interfaces/robm_interfaces/msg/servo_command.h
[0.732s] -- Up-to-date: /home/aichou/uni_projects/ROBM/robm-pixi/src/install/robm_interfaces/include/robm_interfaces/robm_interfaces/msg/color.h
[0.732s] -- Up-to-date: /home/aichou/uni_projects/ROBM/robm-pixi/src/install/robm_interfaces/include/robm_interfaces/robm_interfaces/msg/detail
[0.732s] -- Up-to-date: /home/aichou/uni_projects/ROBM/robm-pixi/src/install/robm_interfaces/include/robm_interfaces/robm_interfaces/msg/detail/rover_motors_cmd__functions.h
[0.733s] -- Up-to-date: /home/aichou/uni_projects/ROBM/robm-pixi/src/install/robm_interfaces/include/robm_interfaces/robm_interfaces/msg/detail/color__type_support.h
[0.733s] -- Up-to-date: /home/aichou/uni_projects/ROBM/robm-pixi/src/install/robm_interfaces/include/robm_interfaces/robm_interfaces/msg/detail/servo_command__functions.c
[0.733s] -- Up-to-date: /home/aichou/uni_projects/ROBM/robm-pixi/src/install/robm_interfaces/include/robm_interfaces/robm_interfaces/msg/detail/gripper_command__type_support.c
[0.733s] -- Up-to-date: /home/aichou/uni_projects/ROBM/robm-pixi/src/install/robm_interfaces/include/robm_interfaces/robm_interfaces/msg/detail/servo_command__description.c
[0.733s] -- Up-to-date: /home/aichou/uni_projects/ROBM/robm-pixi/src/install/robm_interfaces/include/robm_interfaces/robm_interfaces/msg/detail/color__type_support.c
[0.734s] -- Up-to-date: /home/aichou/uni_projects/ROBM/robm-pixi/src/install/robm_interfaces/include/robm_interfaces/robm_interfaces/msg/detail/color__description.c
[0.734s] -- Up-to-date: /home/aichou/uni_projects/ROBM/robm-pixi/src/install/robm_interfaces/include/robm_interfaces/robm_interfaces/msg/detail/gripper_command__description.c
[0.735s] -- Up-to-date: /home/aichou/uni_projects/ROBM/robm-pixi/src/install/robm_interfaces/include/robm_interfaces/robm_interfaces/msg/detail/servo_command__type_support.c
[0.735s] -- Up-to-date: /home/aichou/uni_projects/ROBM/robm-pixi/src/install/robm_interfaces/include/robm_interfaces/robm_interfaces/msg/detail/color__struct.h
[0.735s] -- Up-to-date: /home/aichou/uni_projects/ROBM/robm-pixi/src/install/robm_interfaces/include/robm_interfaces/robm_interfaces/msg/detail/color__functions.c
[0.735s] -- Up-to-date: /home/aichou/uni_projects/ROBM/robm-pixi/src/install/robm_interfaces/include/robm_interfaces/robm_interfaces/msg/detail/color__functions.h
[0.735s] -- Up-to-date: /home/aichou/uni_projects/ROBM/robm-pixi/src/install/robm_interfaces/include/robm_interfaces/robm_interfaces/msg/detail/gripper_command__struct.h
[0.736s] -- Up-to-date: /home/aichou/uni_projects/ROBM/robm-pixi/src/install/robm_interfaces/include/robm_interfaces/robm_interfaces/msg/detail/gripper_command__functions.c
[0.736s] -- Up-to-date: /home/aichou/uni_projects/ROBM/robm-pixi/src/install/robm_interfaces/include/robm_interfaces/robm_interfaces/msg/detail/servo_command__type_support.h
[0.736s] -- Up-to-date: /home/aichou/uni_projects/ROBM/robm-pixi/src/install/robm_interfaces/include/robm_interfaces/robm_interfaces/msg/detail/servo_command__functions.h
[0.736s] -- Up-to-date: /home/aichou/uni_projects/ROBM/robm-pixi/src/install/robm_interfaces/include/robm_interfaces/robm_interfaces/msg/detail/servo_command__struct.h
[0.736s] -- Up-to-date: /home/aichou/uni_projects/ROBM/robm-pixi/src/install/robm_interfaces/include/robm_interfaces/robm_interfaces/msg/detail/rover_motors_cmd__type_support.h
[0.736s] -- Up-to-date: /home/aichou/uni_projects/ROBM/robm-pixi/src/install/robm_interfaces/include/robm_interfaces/robm_interfaces/msg/detail/rover_motors_cmd__functions.c
[0.736s] -- Up-to-date: /home/aichou/uni_projects/ROBM/robm-pixi/src/install/robm_interfaces/include/robm_interfaces/robm_interfaces/msg/detail/rover_motors_cmd__description.c
[0.736s] -- Up-to-date: /home/aichou/uni_projects/ROBM/robm-pixi/src/install/robm_interfaces/include/robm_interfaces/robm_interfaces/msg/detail/gripper_command__type_support.h
[0.736s] -- Up-to-date: /home/aichou/uni_projects/ROBM/robm-pixi/src/install/robm_interfaces/include/robm_interfaces/robm_interfaces/msg/detail/rover_motors_cmd__struct.h
[0.737s] -- Up-to-date: /home/aichou/uni_projects/ROBM/robm-pixi/src/install/robm_interfaces/include/robm_interfaces/robm_interfaces/msg/detail/rover_motors_cmd__type_support.c
[0.737s] -- Up-to-date: /home/aichou/uni_projects/ROBM/robm-pixi/src/install/robm_interfaces/include/robm_interfaces/robm_interfaces/msg/detail/gripper_command__functions.h
[0.737s] -- Up-to-date: /home/aichou/uni_projects/ROBM/robm-pixi/src/install/robm_interfaces/include/robm_interfaces/robm_interfaces/msg/gripper_command.h
[0.737s] -- Up-to-date: /home/aichou/uni_projects/ROBM/robm-pixi/src/install/robm_interfaces/include/robm_interfaces/robm_interfaces/msg/rover_motors_cmd.h
[0.737s] -- Up-to-date: /home/aichou/uni_projects/ROBM/robm-pixi/src/install/robm_interfaces/include/robm_interfaces/robm_interfaces/msg/rosidl_generator_c__visibility_control.h
[0.737s] -- Up-to-date: /home/aichou/uni_projects/ROBM/robm-pixi/src/install/robm_interfaces/share/robm_interfaces/environment/library_path.sh
[0.737s] -- Up-to-date: /home/aichou/uni_projects/ROBM/robm-pixi/src/install/robm_interfaces/share/robm_interfaces/environment/library_path.dsv
[0.739s] -- Installing: /home/aichou/uni_projects/ROBM/robm-pixi/src/install/robm_interfaces/lib/librobm_interfaces__rosidl_generator_c.so
[0.739s] -- Up-to-date: /home/aichou/uni_projects/ROBM/robm-pixi/src/install/robm_interfaces/include/robm_interfaces/robm_interfaces
[0.739s] -- Up-to-date: /home/aichou/uni_projects/ROBM/robm-pixi/src/install/robm_interfaces/include/robm_interfaces/robm_interfaces/msg
[0.740s] -- Up-to-date: /home/aichou/uni_projects/ROBM/robm-pixi/src/install/robm_interfaces/include/robm_interfaces/robm_interfaces/msg/rosidl_typesupport_fastrtps_c__visibility_control.h
[0.741s] -- Up-to-date: /home/aichou/uni_projects/ROBM/robm-pixi/src/install/robm_interfaces/include/robm_interfaces/robm_interfaces/msg/detail
[0.741s] -- Up-to-date: /home/aichou/uni_projects/ROBM/robm-pixi/src/install/robm_interfaces/include/robm_interfaces/robm_interfaces/msg/detail/color__rosidl_typesupport_fastrtps_c.h
[0.741s] -- Up-to-date: /home/aichou/uni_projects/ROBM/robm-pixi/src/install/robm_interfaces/include/robm_interfaces/robm_interfaces/msg/detail/servo_command__rosidl_typesupport_fastrtps_c.h
[0.741s] -- Up-to-date: /home/aichou/uni_projects/ROBM/robm-pixi/src/install/robm_interfaces/include/robm_interfaces/robm_interfaces/msg/detail/gripper_command__rosidl_typesupport_fastrtps_c.h
[0.742s] -- Up-to-date: /home/aichou/uni_projects/ROBM/robm-pixi/src/install/robm_interfaces/include/robm_interfaces/robm_interfaces/msg/detail/rover_motors_cmd__rosidl_typesupport_fastrtps_c.h
[0.742s] -- Installing: /home/aichou/uni_projects/ROBM/robm-pixi/src/install/robm_interfaces/lib/librobm_interfaces__rosidl_typesupport_fastrtps_c.so
[0.742s] -- Set non-toolchain portion of runtime path of "/home/aichou/uni_projects/ROBM/robm-pixi/src/install/robm_interfaces/lib/librobm_interfaces__rosidl_typesupport_fastrtps_c.so" to ""
[0.742s] -- Up-to-date: /home/aichou/uni_projects/ROBM/robm-pixi/src/install/robm_interfaces/include/robm_interfaces/robm_interfaces
[0.742s] -- Up-to-date: /home/aichou/uni_projects/ROBM/robm-pixi/src/install/robm_interfaces/include/robm_interfaces/robm_interfaces/msg
[0.743s] -- Up-to-date: /home/aichou/uni_projects/ROBM/robm-pixi/src/install/robm_interfaces/include/robm_interfaces/robm_interfaces/msg/color.hpp
[0.744s] -- Up-to-date: /home/aichou/uni_projects/ROBM/robm-pixi/src/install/robm_interfaces/include/robm_interfaces/robm_interfaces/msg/rover_motors_cmd.hpp
[0.744s] -- Up-to-date: /home/aichou/uni_projects/ROBM/robm-pixi/src/install/robm_interfaces/include/robm_interfaces/robm_interfaces/msg/detail
[0.744s] -- Up-to-date: /home/aichou/uni_projects/ROBM/robm-pixi/src/install/robm_interfaces/include/robm_interfaces/robm_interfaces/msg/detail/gripper_command__struct.hpp
[0.744s] -- Up-to-date: /home/aichou/uni_projects/ROBM/robm-pixi/src/install/robm_interfaces/include/robm_interfaces/robm_interfaces/msg/detail/servo_command__builder.hpp
[0.744s] -- Up-to-date: /home/aichou/uni_projects/ROBM/robm-pixi/src/install/robm_interfaces/include/robm_interfaces/robm_interfaces/msg/detail/color__builder.hpp
[0.745s] -- Up-to-date: /home/aichou/uni_projects/ROBM/robm-pixi/src/install/robm_interfaces/include/robm_interfaces/robm_interfaces/msg/detail/rover_motors_cmd__builder.hpp
[0.745s] -- Up-to-date: /home/aichou/uni_projects/ROBM/robm-pixi/src/install/robm_interfaces/include/robm_interfaces/robm_interfaces/msg/detail/rover_motors_cmd__struct.hpp
[0.745s] -- Up-to-date: /home/aichou/uni_projects/ROBM/robm-pixi/src/install/robm_interfaces/include/robm_interfaces/robm_interfaces/msg/detail/rover_motors_cmd__type_support.hpp
[0.745s] -- Up-to-date: /home/aichou/uni_projects/ROBM/robm-pixi/src/install/robm_interfaces/include/robm_interfaces/robm_interfaces/msg/detail/color__type_support.hpp
[0.745s] -- Up-to-date: /home/aichou/uni_projects/ROBM/robm-pixi/src/install/robm_interfaces/include/robm_interfaces/robm_interfaces/msg/detail/color__traits.hpp
[0.746s] -- Up-to-date: /home/aichou/uni_projects/ROBM/robm-pixi/src/install/robm_interfaces/include/robm_interfaces/robm_interfaces/msg/detail/servo_command__traits.hpp
[0.746s] -- Up-to-date: /home/aichou/uni_projects/ROBM/robm-pixi/src/install/robm_interfaces/include/robm_interfaces/robm_interfaces/msg/detail/rover_motors_cmd__traits.hpp
[0.746s] -- Up-to-date: /home/aichou/uni_projects/ROBM/robm-pixi/src/install/robm_interfaces/include/robm_interfaces/robm_interfaces/msg/detail/color__struct.hpp
[0.746s] -- Up-to-date: /home/aichou/uni_projects/ROBM/robm-pixi/src/install/robm_interfaces/include/robm_interfaces/robm_interfaces/msg/detail/servo_command__struct.hpp
[0.746s] -- Up-to-date: /home/aichou/uni_projects/ROBM/robm-pixi/src/install/robm_interfaces/include/robm_interfaces/robm_interfaces/msg/detail/gripper_command__type_support.hpp
[0.746s] -- Up-to-date: /home/aichou/uni_projects/ROBM/robm-pixi/src/install/robm_interfaces/include/robm_interfaces/robm_interfaces/msg/detail/gripper_command__builder.hpp
[0.746s] -- Up-to-date: /home/aichou/uni_projects/ROBM/robm-pixi/src/install/robm_interfaces/include/robm_interfaces/robm_interfaces/msg/detail/gripper_command__traits.hpp
[0.746s] -- Up-to-date: /home/aichou/uni_projects/ROBM/robm-pixi/src/install/robm_interfaces/include/robm_interfaces/robm_interfaces/msg/detail/servo_command__type_support.hpp
[0.746s] -- Up-to-date: /home/aichou/uni_projects/ROBM/robm-pixi/src/install/robm_interfaces/include/robm_interfaces/robm_interfaces/msg/servo_command.hpp
[0.746s] -- Up-to-date: /home/aichou/uni_projects/ROBM/robm-pixi/src/install/robm_interfaces/include/robm_interfaces/robm_interfaces/msg/rosidl_generator_cpp__visibility_control.hpp
[0.747s] -- Up-to-date: /home/aichou/uni_projects/ROBM/robm-pixi/src/install/robm_interfaces/include/robm_interfaces/robm_interfaces/msg/gripper_command.hpp
[0.747s] -- Up-to-date: /home/aichou/uni_projects/ROBM/robm-pixi/src/install/robm_interfaces/include/robm_interfaces/robm_interfaces
[0.747s] -- Up-to-date: /home/aichou/uni_projects/ROBM/robm-pixi/src/install/robm_interfaces/include/robm_interfaces/robm_interfaces/msg
[0.747s] -- Up-to-date: /home/aichou/uni_projects/ROBM/robm-pixi/src/install/robm_interfaces/include/robm_interfaces/robm_interfaces/msg/detail
[0.747s] -- Up-to-date: /home/aichou/uni_projects/ROBM/robm-pixi/src/install/robm_interfaces/include/robm_interfaces/robm_interfaces/msg/detail/dds_fastrtps
[0.747s] -- Up-to-date: /home/aichou/uni_projects/ROBM/robm-pixi/src/install/robm_interfaces/include/robm_interfaces/robm_interfaces/msg/detail/servo_command__rosidl_typesupport_fastrtps_cpp.hpp
[0.747s] -- Up-to-date: /home/aichou/uni_projects/ROBM/robm-pixi/src/install/robm_interfaces/include/robm_interfaces/robm_interfaces/msg/detail/gripper_command__rosidl_typesupport_fastrtps_cpp.hpp
[0.747s] -- Up-to-date: /home/aichou/uni_projects/ROBM/robm-pixi/src/install/robm_interfaces/include/robm_interfaces/robm_interfaces/msg/detail/color__rosidl_typesupport_fastrtps_cpp.hpp
[0.747s] -- Up-to-date: /home/aichou/uni_projects/ROBM/robm-pixi/src/install/robm_interfaces/include/robm_interfaces/robm_interfaces/msg/detail/rover_motors_cmd__rosidl_typesupport_fastrtps_cpp.hpp
[0.747s] -- Up-to-date: /home/aichou/uni_projects/ROBM/robm-pixi/src/install/robm_interfaces/include/robm_interfaces/robm_interfaces/msg/rosidl_typesupport_fastrtps_cpp__visibility_control.h
[0.747s] -- Installing: /home/aichou/uni_projects/ROBM/robm-pixi/src/install/robm_interfaces/lib/librobm_interfaces__rosidl_typesupport_fastrtps_cpp.so
[0.748s] -- Set non-toolchain portion of runtime path of "/home/aichou/uni_projects/ROBM/robm-pixi/src/install/robm_interfaces/lib/librobm_interfaces__rosidl_typesupport_fastrtps_cpp.so" to ""
[0.748s] -- Up-to-date: /home/aichou/uni_projects/ROBM/robm-pixi/src/install/robm_interfaces/include/robm_interfaces/robm_interfaces
[0.748s] -- Up-to-date: /home/aichou/uni_projects/ROBM/robm-pixi/src/install/robm_interfaces/include/robm_interfaces/robm_interfaces/msg
[0.748s] -- Up-to-date: /home/aichou/uni_projects/ROBM/robm-pixi/src/install/robm_interfaces/include/robm_interfaces/robm_interfaces/msg/rosidl_typesupport_introspection_c__visibility_control.h
[0.748s] -- Up-to-date: /home/aichou/uni_projects/ROBM/robm-pixi/src/install/robm_interfaces/include/robm_interfaces/robm_interfaces/msg/detail
[0.748s] -- Up-to-date: /home/aichou/uni_projects/ROBM/robm-pixi/src/install/robm_interfaces/include/robm_interfaces/robm_interfaces/msg/detail/gripper_command__type_support.c
[0.748s] -- Up-to-date: /home/aichou/uni_projects/ROBM/robm-pixi/src/install/robm_interfaces/include/robm_interfaces/robm_interfaces/msg/detail/color__rosidl_typesupport_introspection_c.h
[0.748s] -- Up-to-date: /home/aichou/uni_projects/ROBM/robm-pixi/src/install/robm_interfaces/include/robm_interfaces/robm_interfaces/msg/detail/color__type_support.c
[0.748s] -- Up-to-date: /home/aichou/uni_projects/ROBM/robm-pixi/src/install/robm_interfaces/include/robm_interfaces/robm_interfaces/msg/detail/servo_command__type_support.c
[0.748s] -- Up-to-date: /home/aichou/uni_projects/ROBM/robm-pixi/src/install/robm_interfaces/include/robm_interfaces/robm_interfaces/msg/detail/gripper_command__rosidl_typesupport_introspection_c.h
[0.748s] -- Up-to-date: /home/aichou/uni_projects/ROBM/robm-pixi/src/install/robm_interfaces/include/robm_interfaces/robm_interfaces/msg/detail/servo_command__rosidl_typesupport_introspection_c.h
[0.748s] -- Up-to-date: /home/aichou/uni_projects/ROBM/robm-pixi/src/install/robm_interfaces/include/robm_interfaces/robm_interfaces/msg/detail/rover_motors_cmd__rosidl_typesupport_introspection_c.h
[0.748s] -- Up-to-date: /home/aichou/uni_projects/ROBM/robm-pixi/src/install/robm_interfaces/include/robm_interfaces/robm_interfaces/msg/detail/rover_motors_cmd__type_support.c
[0.749s] -- Installing: /home/aichou/uni_projects/ROBM/robm-pixi/src/install/robm_interfaces/lib/librobm_interfaces__rosidl_typesupport_introspection_c.so
[0.749s] -- Set non-toolchain portion of runtime path of "/home/aichou/uni_projects/ROBM/robm-pixi/src/install/robm_interfaces/lib/librobm_interfaces__rosidl_typesupport_introspection_c.so" to ""
[0.749s] -- Installing: /home/aichou/uni_projects/ROBM/robm-pixi/src/install/robm_interfaces/lib/librobm_interfaces__rosidl_typesupport_c.so
[0.751s] -- Set non-toolchain portion of runtime path of "/home/aichou/uni_projects/ROBM/robm-pixi/src/install/robm_interfaces/lib/librobm_interfaces__rosidl_typesupport_c.so" to ""
[0.751s] -- Up-to-date: /home/aichou/uni_projects/ROBM/robm-pixi/src/install/robm_interfaces/include/robm_interfaces/robm_interfaces
[0.751s] -- Up-to-date: /home/aichou/uni_projects/ROBM/robm-pixi/src/install/robm_interfaces/include/robm_interfaces/robm_interfaces/msg
[0.751s] -- Up-to-date: /home/aichou/uni_projects/ROBM/robm-pixi/src/install/robm_interfaces/include/robm_interfaces/robm_interfaces/msg/detail
[0.751s] -- Up-to-date: /home/aichou/uni_projects/ROBM/robm-pixi/src/install/robm_interfaces/include/robm_interfaces/robm_interfaces/msg/detail/rover_motors_cmd__rosidl_typesupport_introspection_cpp.hpp
[0.751s] -- Up-to-date: /home/aichou/uni_projects/ROBM/robm-pixi/src/install/robm_interfaces/include/robm_interfaces/robm_interfaces/msg/detail/servo_command__type_support.cpp
[0.751s] -- Up-to-date: /home/aichou/uni_projects/ROBM/robm-pixi/src/install/robm_interfaces/include/robm_interfaces/robm_interfaces/msg/detail/color__type_support.cpp
[0.751s] -- Up-to-date: /home/aichou/uni_projects/ROBM/robm-pixi/src/install/robm_interfaces/include/robm_interfaces/robm_interfaces/msg/detail/gripper_command__rosidl_typesupport_introspection_cpp.hpp
[0.751s] -- Up-to-date: /home/aichou/uni_projects/ROBM/robm-pixi/src/install/robm_interfaces/include/robm_interfaces/robm_interfaces/msg/detail/rover_motors_cmd__type_support.cpp
[0.751s] -- Up-to-date: /home/aichou/uni_projects/ROBM/robm-pixi/src/install/robm_interfaces/include/robm_interfaces/robm_interfaces/msg/detail/servo_command__rosidl_typesupport_introspection_cpp.hpp
[0.751s] -- Up-to-date: /home/aichou/uni_projects/ROBM/robm-pixi/src/install/robm_interfaces/include/robm_interfaces/robm_interfaces/msg/detail/gripper_command__type_support.cpp
[0.751s] -- Up-to-date: /home/aichou/uni_projects/ROBM/robm-pixi/src/install/robm_interfaces/include/robm_interfaces/robm_interfaces/msg/detail/color__rosidl_typesupport_introspection_cpp.hpp
[0.755s] -- Installing: /home/aichou/uni_projects/ROBM/robm-pixi/src/install/robm_interfaces/lib/librobm_interfaces__rosidl_typesupport_introspection_cpp.so
[0.755s] -- Set non-toolchain portion of runtime path of "/home/aichou/uni_projects/ROBM/robm-pixi/src/install/robm_interfaces/lib/librobm_interfaces__rosidl_typesupport_introspection_cpp.so" to ""
[0.756s] -- Installing: /home/aichou/uni_projects/ROBM/robm-pixi/src/install/robm_interfaces/lib/librobm_interfaces__rosidl_typesupport_cpp.so
[0.759s] -- Set non-toolchain portion of runtime path of "/home/aichou/uni_projects/ROBM/robm-pixi/src/install/robm_interfaces/lib/librobm_interfaces__rosidl_typesupport_cpp.so" to ""
[0.759s] -- Up-to-date: /home/aichou/uni_projects/ROBM/robm-pixi/src/install/robm_interfaces/share/robm_interfaces/environment/pythonpath.sh
[0.759s] -- Up-to-date: /home/aichou/uni_projects/ROBM/robm-pixi/src/install/robm_interfaces/share/robm_interfaces/environment/pythonpath.dsv
[0.759s] -- Up-to-date: /home/aichou/uni_projects/ROBM/robm-pixi/src/install/robm_interfaces/lib/python3.12/site-packages/robm_interfaces-0.1.0-py3.12.egg-info
[0.759s] -- Installing: /home/aichou/uni_projects/ROBM/robm-pixi/src/install/robm_interfaces/lib/python3.12/site-packages/robm_interfaces-0.1.0-py3.12.egg-info/top_level.txt
[0.759s] -- Installing: /home/aichou/uni_projects/ROBM/robm-pixi/src/install/robm_interfaces/lib/python3.12/site-packages/robm_interfaces-0.1.0-py3.12.egg-info/SOURCES.txt
[0.760s] -- Installing: /home/aichou/uni_projects/ROBM/robm-pixi/src/install/robm_interfaces/lib/python3.12/site-packages/robm_interfaces-0.1.0-py3.12.egg-info/PKG-INFO
[0.760s] -- Installing: /home/aichou/uni_projects/ROBM/robm-pixi/src/install/robm_interfaces/lib/python3.12/site-packages/robm_interfaces-0.1.0-py3.12.egg-info/dependency_links.txt
[0.760s] -- Up-to-date: /home/aichou/uni_projects/ROBM/robm-pixi/src/install/robm_interfaces/lib/python3.12/site-packages/robm_interfaces
[0.760s] -- Up-to-date: /home/aichou/uni_projects/ROBM/robm-pixi/src/install/robm_interfaces/lib/python3.12/site-packages/robm_interfaces/robm_interfaces_s__rosidl_typesupport_c.so
[0.760s] -- Up-to-date: /home/aichou/uni_projects/ROBM/robm-pixi/src/install/robm_interfaces/lib/python3.12/site-packages/robm_interfaces/_robm_interfaces_s.ep.rosidl_typesupport_introspection_c.c
[0.760s] -- Up-to-date: /home/aichou/uni_projects/ROBM/robm-pixi/src/install/robm_interfaces/lib/python3.12/site-packages/robm_interfaces/_robm_interfaces_s.ep.rosidl_typesupport_fastrtps_c.c
[0.760s] -- Up-to-date: /home/aichou/uni_projects/ROBM/robm-pixi/src/install/robm_interfaces/lib/python3.12/site-packages/robm_interfaces/msg
[0.760s] -- Up-to-date: /home/aichou/uni_projects/ROBM/robm-pixi/src/install/robm_interfaces/lib/python3.12/site-packages/robm_interfaces/msg/_rover_motors_cmd_s.c
[0.761s] -- Up-to-date: /home/aichou/uni_projects/ROBM/robm-pixi/src/install/robm_interfaces/lib/python3.12/site-packages/robm_interfaces/msg/_rover_motors_cmd.py
[0.761s] -- Up-to-date: /home/aichou/uni_projects/ROBM/robm-pixi/src/install/robm_interfaces/lib/python3.12/site-packages/robm_interfaces/msg/_color.py
[0.761s] -- Up-to-date: /home/aichou/uni_projects/ROBM/robm-pixi/src/install/robm_interfaces/lib/python3.12/site-packages/robm_interfaces/msg/_servo_command_s.c
[0.761s] -- Up-to-date: /home/aichou/uni_projects/ROBM/robm-pixi/src/install/robm_interfaces/lib/python3.12/site-packages/robm_interfaces/msg/_gripper_command_s.c
[0.761s] -- Up-to-date: /home/aichou/uni_projects/ROBM/robm-pixi/src/install/robm_interfaces/lib/python3.12/site-packages/robm_interfaces/msg/_color_s.c
[0.761s] -- Up-to-date: /home/aichou/uni_projects/ROBM/robm-pixi/src/install/robm_interfaces/lib/python3.12/site-packages/robm_interfaces/msg/_gripper_command.py
[0.761s] -- Up-to-date: /home/aichou/uni_projects/ROBM/robm-pixi/src/install/robm_interfaces/lib/python3.12/site-packages/robm_interfaces/msg/__init__.py
[0.761s] -- Up-to-date: /home/aichou/uni_projects/ROBM/robm-pixi/src/install/robm_interfaces/lib/python3.12/site-packages/robm_interfaces/msg/_servo_command.py
[0.761s] -- Up-to-date: /home/aichou/uni_projects/ROBM/robm-pixi/src/install/robm_interfaces/lib/python3.12/site-packages/robm_interfaces/robm_interfaces_s__rosidl_typesupport_fastrtps_c.so
[0.761s] -- Up-to-date: /home/aichou/uni_projects/ROBM/robm-pixi/src/install/robm_interfaces/lib/python3.12/site-packages/robm_interfaces/__init__.py
[0.762s] -- Up-to-date: /home/aichou/uni_projects/ROBM/robm-pixi/src/install/robm_interfaces/lib/python3.12/site-packages/robm_interfaces/_robm_interfaces_s.ep.rosidl_typesupport_c.c
[0.762s] -- Up-to-date: /home/aichou/uni_projects/ROBM/robm-pixi/src/install/robm_interfaces/lib/python3.12/site-packages/robm_interfaces/robm_interfaces_s__rosidl_typesupport_introspection_c.so
[0.797s] Listing '/home/aichou/uni_projects/ROBM/robm-pixi/src/install/robm_interfaces/lib/python3.12/site-packages/robm_interfaces'...
[0.797s] Listing '/home/aichou/uni_projects/ROBM/robm-pixi/src/install/robm_interfaces/lib/python3.12/site-packages/robm_interfaces/msg'...
[0.802s] -- Installing: /home/aichou/uni_projects/ROBM/robm-pixi/src/install/robm_interfaces/lib/python3.12/site-packages/robm_interfaces/robm_interfaces_s__rosidl_typesupport_fastrtps_c.so
[0.802s] -- Set non-toolchain portion of runtime path of "/home/aichou/uni_projects/ROBM/robm-pixi/src/install/robm_interfaces/lib/python3.12/site-packages/robm_interfaces/robm_interfaces_s__rosidl_typesupport_fastrtps_c.so" to ""
[0.803s] -- Installing: /home/aichou/uni_projects/ROBM/robm-pixi/src/install/robm_interfaces/lib/python3.12/site-packages/robm_interfaces/robm_interfaces_s__rosidl_typesupport_introspection_c.so
[0.803s] -- Set non-toolchain portion of runtime path of "/home/aichou/uni_projects/ROBM/robm-pixi/src/install/robm_interfaces/lib/python3.12/site-packages/robm_interfaces/robm_interfaces_s__rosidl_typesupport_introspection_c.so" to ""
[0.804s] -- Installing: /home/aichou/uni_projects/ROBM/robm-pixi/src/install/robm_interfaces/lib/python3.12/site-packages/robm_interfaces/robm_interfaces_s__rosidl_typesupport_c.so
[0.804s] -- Set non-toolchain portion of runtime path of "/home/aichou/uni_projects/ROBM/robm-pixi/src/install/robm_interfaces/lib/python3.12/site-packages/robm_interfaces/robm_interfaces_s__rosidl_typesupport_c.so" to ""
[0.806s] -- Installing: /home/aichou/uni_projects/ROBM/robm-pixi/src/install/robm_interfaces/lib/librobm_interfaces__rosidl_generator_py.so
[0.807s] -- Set non-toolchain portion of runtime path of "/home/aichou/uni_projects/ROBM/robm-pixi/src/install/robm_interfaces/lib/librobm_interfaces__rosidl_generator_py.so" to ""
[0.808s] -- Up-to-date: /home/aichou/uni_projects/ROBM/robm-pixi/src/install/robm_interfaces/share/robm_interfaces/msg/Color.idl
[0.808s] -- Up-to-date: /home/aichou/uni_projects/ROBM/robm-pixi/src/install/robm_interfaces/share/robm_interfaces/msg/RoverMotorsCmd.idl
[0.808s] -- Up-to-date: /home/aichou/uni_projects/ROBM/robm-pixi/src/install/robm_interfaces/share/robm_interfaces/msg/GripperCommand.idl
[0.809s] -- Up-to-date: /home/aichou/uni_projects/ROBM/robm-pixi/src/install/robm_interfaces/share/robm_interfaces/msg/ServoCommand.idl
[0.809s] -- Up-to-date: /home/aichou/uni_projects/ROBM/robm-pixi/src/install/robm_interfaces/share/robm_interfaces/msg/Color.msg
[0.809s] -- Up-to-date: /home/aichou/uni_projects/ROBM/robm-pixi/src/install/robm_interfaces/share/robm_interfaces/msg/RoverMotorsCmd.msg
[0.809s] -- Up-to-date: /home/aichou/uni_projects/ROBM/robm-pixi/src/install/robm_interfaces/share/robm_interfaces/msg/GripperCommand.msg
[0.809s] -- Up-to-date: /home/aichou/uni_projects/ROBM/robm-pixi/src/install/robm_interfaces/share/robm_interfaces/msg/ServoCommand.msg
[0.809s] -- Up-to-date: /home/aichou/uni_projects/ROBM/robm-pixi/src/install/robm_interfaces/share/ament_index/resource_index/package_run_dependencies/robm_interfaces
[0.809s] -- Up-to-date: /home/aichou/uni_projects/ROBM/robm-pixi/src/install/robm_interfaces/share/ament_index/resource_index/parent_prefix_path/robm_interfaces
[0.809s] -- Up-to-date: /home/aichou/uni_projects/ROBM/robm-pixi/src/install/robm_interfaces/share/robm_interfaces/environment/ament_prefix_path.sh
[0.809s] -- Up-to-date: /home/aichou/uni_projects/ROBM/robm-pixi/src/install/robm_interfaces/share/robm_interfaces/environment/ament_prefix_path.dsv
[0.809s] -- Up-to-date: /home/aichou/uni_projects/ROBM/robm-pixi/src/install/robm_interfaces/share/robm_interfaces/environment/path.sh
[0.809s] -- Up-to-date: /home/aichou/uni_projects/ROBM/robm-pixi/src/install/robm_interfaces/share/robm_interfaces/environment/path.dsv
[0.810s] -- Up-to-date: /home/aichou/uni_projects/ROBM/robm-pixi/src/install/robm_interfaces/share/robm_interfaces/local_setup.bash
[0.810s] -- Up-to-date: /home/aichou/uni_projects/ROBM/robm-pixi/src/install/robm_interfaces/share/robm_interfaces/local_setup.sh
[0.810s] -- Up-to-date: /home/aichou/uni_projects/ROBM/robm-pixi/src/install/robm_interfaces/share/robm_interfaces/local_setup.zsh
[0.810s] -- Up-to-date: /home/aichou/uni_projects/ROBM/robm-pixi/src/install/robm_interfaces/share/robm_interfaces/local_setup.dsv
[0.810s] -- Installing: /home/aichou/uni_projects/ROBM/robm-pixi/src/install/robm_interfaces/share/robm_interfaces/package.dsv
[0.810s] -- Up-to-date: /home/aichou/uni_projects/ROBM/robm-pixi/src/install/robm_interfaces/share/ament_index/resource_index/packages/robm_interfaces
[0.811s] -- Up-to-date: /home/aichou/uni_projects/ROBM/robm-pixi/src/install/robm_interfaces/share/robm_interfaces/cmake/export_robm_interfaces__rosidl_generator_cExport.cmake
[0.811s] -- Up-to-date: /home/aichou/uni_projects/ROBM/robm-pixi/src/install/robm_interfaces/share/robm_interfaces/cmake/export_robm_interfaces__rosidl_generator_cExport-noconfig.cmake
[0.813s] -- Up-to-date: /home/aichou/uni_projects/ROBM/robm-pixi/src/install/robm_interfaces/share/robm_interfaces/cmake/export_robm_interfaces__rosidl_typesupport_fastrtps_cExport.cmake
[0.813s] -- Up-to-date: /home/aichou/uni_projects/ROBM/robm-pixi/src/install/robm_interfaces/share/robm_interfaces/cmake/export_robm_interfaces__rosidl_typesupport_fastrtps_cExport-noconfig.cmake
[0.814s] -- Up-to-date: /home/aichou/uni_projects/ROBM/robm-pixi/src/install/robm_interfaces/share/robm_interfaces/cmake/export_robm_interfaces__rosidl_generator_cppExport.cmake
[0.815s] -- Up-to-date: /home/aichou/uni_projects/ROBM/robm-pixi/src/install/robm_interfaces/share/robm_interfaces/cmake/export_robm_interfaces__rosidl_typesupport_fastrtps_cppExport.cmake
[0.815s] -- Up-to-date: /home/aichou/uni_projects/ROBM/robm-pixi/src/install/robm_interfaces/share/robm_interfaces/cmake/export_robm_interfaces__rosidl_typesupport_fastrtps_cppExport-noconfig.cmake
[0.816s] -- Up-to-date: /home/aichou/uni_projects/ROBM/robm-pixi/src/install/robm_interfaces/share/robm_interfaces/cmake/robm_interfaces__rosidl_typesupport_introspection_cExport.cmake
[0.817s] -- Up-to-date: /home/aichou/uni_projects/ROBM/robm-pixi/src/install/robm_interfaces/share/robm_interfaces/cmake/robm_interfaces__rosidl_typesupport_introspection_cExport-noconfig.cmake
[0.817s] -- Up-to-date: /home/aichou/uni_projects/ROBM/robm-pixi/src/install/robm_interfaces/share/robm_interfaces/cmake/robm_interfaces__rosidl_typesupport_cExport.cmake
[0.817s] -- Up-to-date: /home/aichou/uni_projects/ROBM/robm-pixi/src/install/robm_interfaces/share/robm_interfaces/cmake/robm_interfaces__rosidl_typesupport_cExport-noconfig.cmake
[0.820s] -- Up-to-date: /home/aichou/uni_projects/ROBM/robm-pixi/src/install/robm_interfaces/share/robm_interfaces/cmake/robm_interfaces__rosidl_typesupport_introspection_cppExport.cmake
[0.820s] -- Up-to-date: /home/aichou/uni_projects/ROBM/robm-pixi/src/install/robm_interfaces/share/robm_interfaces/cmake/robm_interfaces__rosidl_typesupport_introspection_cppExport-noconfig.cmake
[0.820s] -- Up-to-date: /home/aichou/uni_projects/ROBM/robm-pixi/src/install/robm_interfaces/share/robm_interfaces/cmake/robm_interfaces__rosidl_typesupport_cppExport.cmake
[0.821s] -- Up-to-date: /home/aichou/uni_projects/ROBM/robm-pixi/src/install/robm_interfaces/share/robm_interfaces/cmake/robm_interfaces__rosidl_typesupport_cppExport-noconfig.cmake
[0.822s] -- Up-to-date: /home/aichou/uni_projects/ROBM/robm-pixi/src/install/robm_interfaces/share/robm_interfaces/cmake/export_robm_interfaces__rosidl_generator_pyExport.cmake
[0.822s] -- Up-to-date: /home/aichou/uni_projects/ROBM/robm-pixi/src/install/robm_interfaces/share/robm_interfaces/cmake/export_robm_interfaces__rosidl_generator_pyExport-noconfig.cmake
[0.822s] -- Up-to-date: /home/aichou/uni_projects/ROBM/robm-pixi/src/install/robm_interfaces/share/robm_interfaces/cmake/rosidl_cmake-extras.cmake
[0.822s] -- Up-to-date: /home/aichou/uni_projects/ROBM/robm-pixi/src/install/robm_interfaces/share/robm_interfaces/cmake/ament_cmake_export_dependencies-extras.cmake
[0.822s] -- Up-to-date: /home/aichou/uni_projects/ROBM/robm-pixi/src/install/robm_interfaces/share/robm_interfaces/cmake/ament_cmake_export_include_directories-extras.cmake
[0.822s] -- Up-to-date: /home/aichou/uni_projects/ROBM/robm-pixi/src/install/robm_interfaces/share/robm_interfaces/cmake/ament_cmake_export_libraries-extras.cmake
[0.822s] -- Up-to-date: /home/aichou/uni_projects/ROBM/robm-pixi/src/install/robm_interfaces/share/robm_interfaces/cmake/ament_cmake_export_targets-extras.cmake
[0.822s] -- Up-to-date: /home/aichou/uni_projects/ROBM/robm-pixi/src/install/robm_interfaces/share/robm_interfaces/cmake/rosidl_cmake_export_typesupport_targets-extras.cmake
[0.822s] -- Up-to-date: /home/aichou/uni_projects/ROBM/robm-pixi/src/install/robm_interfaces/share/robm_interfaces/cmake/rosidl_cmake_export_typesupport_libraries-extras.cmake
[0.823s] -- Up-to-date: /home/aichou/uni_projects/ROBM/robm-pixi/src/install/robm_interfaces/share/robm_interfaces/cmake/robm_interfacesConfig.cmake
[0.823s] -- Up-to-date: /home/aichou/uni_projects/ROBM/robm-pixi/src/install/robm_interfaces/share/robm_interfaces/cmake/robm_interfacesConfig-version.cmake
[0.823s] -- Up-to-date: /home/aichou/uni_projects/ROBM/robm-pixi/src/install/robm_interfaces/share/robm_interfaces/package.xml
[0.828s] Invoked command in '/home/aichou/uni_projects/ROBM/robm-pixi/src/build/robm_interfaces' returned '0': CMAKE_PREFIX_PATH=${CMAKE_PREFIX_PATH}:/home/aichou/uni_projects/ROBM/robm-pixi/install/robm_tp1_color:/home/aichou/uni_projects/ROBM/robm-pixi/install/robm_bridge PIXI_PROMPT=(robm) PS1=(robm) \[\e]0;\u@\h: \w\a\]${debian_chroot:+($debian_chroot)}\[\033[01;32m\]\u@\h\[\033[00m\]:\[\033[01;34m\]\w\[\033[00m\]\$ /home/aichou/uni_projects/ROBM/robm-pixi/.pixi/envs/default/bin/cmake --install /home/aichou/uni_projects/ROBM/robm-pixi/src/build/robm_interfaces
