-- Found ament_cmake: 2.7.3 (/home/aichou/uni_projects/ROBM/robm-pixi/.pixi/envs/default/share/ament_cmake/cmake)
-- Found Python3: /home/aichou/uni_projects/ROBM/robm-pixi/.pixi/envs/default/bin/python3 (found version "3.12.12") found components: Interpreter
-- Override CMake install command with custom implementation using symlinks instead of copying resources
-- Found rosidl_default_generators: 1.7.1 (/home/aichou/uni_projects/ROBM/robm-pixi/.pixi/envs/default/share/rosidl_default_generators/cmake)
-- Using all available rosidl_typesupport_c: rosidl_typesupport_fastrtps_c;rosidl_typesupport_introspection_c
-- Using all available rosidl_typesupport_cpp: rosidl_typesupport_fastrtps_cpp;rosidl_typesupport_introspection_cpp
-- Found rosidl_adapter: 4.9.5 (/home/aichou/uni_projects/ROBM/robm-pixi/.pixi/envs/default/share/rosidl_adapter/cmake)
-- Found ament_lint_auto: 0.19.2 (/home/aichou/uni_projects/ROBM/robm-pixi/.pixi/envs/default/share/ament_lint_auto/cmake)
-- Found ament_cmake_ros_core: 0.14.3 (/home/aichou/uni_projects/ROBM/robm-pixi/.pixi/envs/default/share/ament_cmake_ros_core/cmake)
-- Using all available rosidl_typesupport_c: rosidl_typesupport_fastrtps_c;rosidl_typesupport_introspection_c
-- Using all available rosidl_typesupport_cpp: rosidl_typesupport_fastrtps_cpp;rosidl_typesupport_introspection_cpp
-- Found Python3: /home/aichou/uni_projects/ROBM/robm-pixi/.pixi/envs/default/bin/python3 (found version "3.12.12") found components: Interpreter Development NumPy Development.Module Development.Embed
-- Added test 'copyright' to check source files copyright and LICENSE
-- Added test 'lint_cmake' to check CMake code style
-- Added test 'xmllint' to check XML markup files
-- Configuring done (1.1s)
-- Generating done (0.0s)
-- Build files have been written to: /home/aichou/uni_projects/ROBM/robm-pixi/build/teleop_tools_msgs
[  2%] Built target teleop_tools_msgs__rosidl_generator_type_description
[  2%] Built target ament_cmake_python_symlink_teleop_tools_msgs
[  5%] Built target teleop_tools_msgs__cpp
[ 20%] Built target teleop_tools_msgs__rosidl_generator_c
[ 47%] Built target teleop_tools_msgs__rosidl_typesupport_fastrtps_c
[ 47%] Built target teleop_tools_msgs__rosidl_typesupport_cpp
[ 47%] Built target teleop_tools_msgs__rosidl_typesupport_fastrtps_cpp
[ 55%] Built target teleop_tools_msgs__rosidl_typesupport_introspection_c
[ 64%] Built target teleop_tools_msgs__rosidl_typesupport_c
[ 73%] Built target teleop_tools_msgs__rosidl_typesupport_introspection_cpp
[ 73%] Built target teleop_tools_msgs
[ 76%] Built target teleop_tools_msgs__py
[ 82%] Built target teleop_tools_msgs__rosidl_generator_py
[ 88%] Built target teleop_tools_msgs_s__rosidl_typesupport_fastrtps_c
[ 94%] Built target teleop_tools_msgs_s__rosidl_typesupport_introspection_c
[100%] Built target teleop_tools_msgs_s__rosidl_typesupport_c
running egg_info
writing teleop_tools_msgs.egg-info/PKG-INFO
writing dependency_links to teleop_tools_msgs.egg-info/dependency_links.txt
writing top-level names to teleop_tools_msgs.egg-info/top_level.txt
reading manifest file 'teleop_tools_msgs.egg-info/SOURCES.txt'
writing manifest file 'teleop_tools_msgs.egg-info/SOURCES.txt'
[100%] Built target ament_cmake_python_build_teleop_tools_msgs_egg
-- Install configuration: ""
-- Execute custom install script
-- Up-to-date symlink: /home/aichou/uni_projects/ROBM/robm-pixi/install/teleop_tools_msgs/share/ament_index/resource_index/rosidl_interfaces/teleop_tools_msgs
-- Up-to-date symlink: /home/aichou/uni_projects/ROBM/robm-pixi/install/teleop_tools_msgs/share/teleop_tools_msgs/action/Increment.json
-- Up-to-date symlink: /home/aichou/uni_projects/ROBM/robm-pixi/install/teleop_tools_msgs/include/teleop_tools_msgs/teleop_tools_msgs/action/detail/increment__functions.h
-- Up-to-date symlink: /home/aichou/uni_projects/ROBM/robm-pixi/install/teleop_tools_msgs/include/teleop_tools_msgs/teleop_tools_msgs/action/detail/increment__struct.h
-- Up-to-date symlink: /home/aichou/uni_projects/ROBM/robm-pixi/install/teleop_tools_msgs/include/teleop_tools_msgs/teleop_tools_msgs/action/detail/increment__type_support.h
-- Up-to-date symlink: /home/aichou/uni_projects/ROBM/robm-pixi/install/teleop_tools_msgs/include/teleop_tools_msgs/teleop_tools_msgs/action/increment.h
-- Up-to-date symlink: /home/aichou/uni_projects/ROBM/robm-pixi/install/teleop_tools_msgs/include/teleop_tools_msgs/teleop_tools_msgs/msg/rosidl_generator_c__visibility_control.h
-- Up-to-date symlink: /home/aichou/uni_projects/ROBM/robm-pixi/install/teleop_tools_msgs/share/teleop_tools_msgs/environment/library_path.sh
-- Up-to-date symlink: /home/aichou/uni_projects/ROBM/robm-pixi/install/teleop_tools_msgs/share/teleop_tools_msgs/environment/library_path.dsv
-- Up-to-date symlink: /home/aichou/uni_projects/ROBM/robm-pixi/install/teleop_tools_msgs/include/teleop_tools_msgs/teleop_tools_msgs/action/detail/increment__rosidl_typesupport_fastrtps_c.h
-- Up-to-date symlink: /home/aichou/uni_projects/ROBM/robm-pixi/install/teleop_tools_msgs/include/teleop_tools_msgs/teleop_tools_msgs/msg/rosidl_typesupport_fastrtps_c__visibility_control.h
-- Up-to-date symlink: /home/aichou/uni_projects/ROBM/robm-pixi/install/teleop_tools_msgs/include/teleop_tools_msgs/teleop_tools_msgs/action/detail/increment__rosidl_typesupport_introspection_c.h
-- Up-to-date symlink: /home/aichou/uni_projects/ROBM/robm-pixi/install/teleop_tools_msgs/include/teleop_tools_msgs/teleop_tools_msgs/msg/rosidl_typesupport_introspection_c__visibility_control.h
-- Up-to-date symlink: /home/aichou/uni_projects/ROBM/robm-pixi/install/teleop_tools_msgs/include/teleop_tools_msgs/teleop_tools_msgs/action/detail/increment__builder.hpp
-- Up-to-date symlink: /home/aichou/uni_projects/ROBM/robm-pixi/install/teleop_tools_msgs/include/teleop_tools_msgs/teleop_tools_msgs/action/detail/increment__struct.hpp
-- Up-to-date symlink: /home/aichou/uni_projects/ROBM/robm-pixi/install/teleop_tools_msgs/include/teleop_tools_msgs/teleop_tools_msgs/action/detail/increment__traits.hpp
-- Up-to-date symlink: /home/aichou/uni_projects/ROBM/robm-pixi/install/teleop_tools_msgs/include/teleop_tools_msgs/teleop_tools_msgs/action/detail/increment__type_support.hpp
-- Up-to-date symlink: /home/aichou/uni_projects/ROBM/robm-pixi/install/teleop_tools_msgs/include/teleop_tools_msgs/teleop_tools_msgs/action/increment.hpp
-- Up-to-date symlink: /home/aichou/uni_projects/ROBM/robm-pixi/install/teleop_tools_msgs/include/teleop_tools_msgs/teleop_tools_msgs/msg/rosidl_generator_cpp__visibility_control.hpp
-- Up-to-date symlink: /home/aichou/uni_projects/ROBM/robm-pixi/install/teleop_tools_msgs/include/teleop_tools_msgs/teleop_tools_msgs/action/detail/increment__rosidl_typesupport_fastrtps_cpp.hpp
-- Up-to-date symlink: /home/aichou/uni_projects/ROBM/robm-pixi/install/teleop_tools_msgs/include/teleop_tools_msgs/teleop_tools_msgs/msg/rosidl_typesupport_fastrtps_cpp__visibility_control.h
-- Up-to-date symlink: /home/aichou/uni_projects/ROBM/robm-pixi/install/teleop_tools_msgs/include/teleop_tools_msgs/teleop_tools_msgs/action/detail/increment__rosidl_typesupport_introspection_cpp.hpp
-- Up-to-date symlink: /home/aichou/uni_projects/ROBM/robm-pixi/install/teleop_tools_msgs/share/teleop_tools_msgs/environment/pythonpath.sh
-- Up-to-date symlink: /home/aichou/uni_projects/ROBM/robm-pixi/install/teleop_tools_msgs/share/teleop_tools_msgs/environment/pythonpath.dsv
-- Up-to-date symlink: /home/aichou/uni_projects/ROBM/robm-pixi/install/teleop_tools_msgs/lib/python3.12/site-packages/teleop_tools_msgs-2.0.0-py3.12.egg-info/PKG-INFO
-- Up-to-date symlink: /home/aichou/uni_projects/ROBM/robm-pixi/install/teleop_tools_msgs/lib/python3.12/site-packages/teleop_tools_msgs-2.0.0-py3.12.egg-info/SOURCES.txt
-- Up-to-date symlink: /home/aichou/uni_projects/ROBM/robm-pixi/install/teleop_tools_msgs/lib/python3.12/site-packages/teleop_tools_msgs-2.0.0-py3.12.egg-info/dependency_links.txt
-- Up-to-date symlink: /home/aichou/uni_projects/ROBM/robm-pixi/install/teleop_tools_msgs/lib/python3.12/site-packages/teleop_tools_msgs-2.0.0-py3.12.egg-info/top_level.txt
-- Up-to-date symlink: /home/aichou/uni_projects/ROBM/robm-pixi/install/teleop_tools_msgs/lib/python3.12/site-packages/teleop_tools_msgs/__init__.py
-- Up-to-date symlink: /home/aichou/uni_projects/ROBM/robm-pixi/install/teleop_tools_msgs/lib/python3.12/site-packages/teleop_tools_msgs/_teleop_tools_msgs_s.ep.rosidl_typesupport_c.c
-- Up-to-date symlink: /home/aichou/uni_projects/ROBM/robm-pixi/install/teleop_tools_msgs/lib/python3.12/site-packages/teleop_tools_msgs/_teleop_tools_msgs_s.ep.rosidl_typesupport_fastrtps_c.c
-- Up-to-date symlink: /home/aichou/uni_projects/ROBM/robm-pixi/install/teleop_tools_msgs/lib/python3.12/site-packages/teleop_tools_msgs/_teleop_tools_msgs_s.ep.rosidl_typesupport_introspection_c.c
-- Up-to-date symlink: /home/aichou/uni_projects/ROBM/robm-pixi/install/teleop_tools_msgs/lib/python3.12/site-packages/teleop_tools_msgs/action/__init__.py
-- Up-to-date symlink: /home/aichou/uni_projects/ROBM/robm-pixi/install/teleop_tools_msgs/lib/python3.12/site-packages/teleop_tools_msgs/action/_increment.py
-- Up-to-date symlink: /home/aichou/uni_projects/ROBM/robm-pixi/install/teleop_tools_msgs/lib/python3.12/site-packages/teleop_tools_msgs/action/_increment_s.c
-- Up-to-date symlink: /home/aichou/uni_projects/ROBM/robm-pixi/install/teleop_tools_msgs/lib/python3.12/site-packages/teleop_tools_msgs/teleop_tools_msgs_s__rosidl_typesupport_c.so
-- Up-to-date symlink: /home/aichou/uni_projects/ROBM/robm-pixi/install/teleop_tools_msgs/lib/python3.12/site-packages/teleop_tools_msgs/teleop_tools_msgs_s__rosidl_typesupport_fastrtps_c.so
-- Up-to-date symlink: /home/aichou/uni_projects/ROBM/robm-pixi/install/teleop_tools_msgs/lib/python3.12/site-packages/teleop_tools_msgs/teleop_tools_msgs_s__rosidl_typesupport_introspection_c.so
-- Up-to-date symlink: /home/aichou/uni_projects/ROBM/robm-pixi/install/teleop_tools_msgs/lib/python3.12/site-packages/teleop_tools_msgs/teleop_tools_msgs_s__rosidl_typesupport_fastrtps_c.so
-- Up-to-date symlink: /home/aichou/uni_projects/ROBM/robm-pixi/install/teleop_tools_msgs/lib/python3.12/site-packages/teleop_tools_msgs/teleop_tools_msgs_s__rosidl_typesupport_introspection_c.so
-- Up-to-date symlink: /home/aichou/uni_projects/ROBM/robm-pixi/install/teleop_tools_msgs/lib/python3.12/site-packages/teleop_tools_msgs/teleop_tools_msgs_s__rosidl_typesupport_c.so
-- Up-to-date symlink: /home/aichou/uni_projects/ROBM/robm-pixi/install/teleop_tools_msgs/share/teleop_tools_msgs/action/Increment.idl
-- Up-to-date symlink: /home/aichou/uni_projects/ROBM/robm-pixi/install/teleop_tools_msgs/share/teleop_tools_msgs/action/Increment.action
-- Up-to-date symlink: /home/aichou/uni_projects/ROBM/robm-pixi/install/teleop_tools_msgs/share/ament_index/resource_index/package_run_dependencies/teleop_tools_msgs
-- Up-to-date symlink: /home/aichou/uni_projects/ROBM/robm-pixi/install/teleop_tools_msgs/share/ament_index/resource_index/parent_prefix_path/teleop_tools_msgs
-- Up-to-date symlink: /home/aichou/uni_projects/ROBM/robm-pixi/install/teleop_tools_msgs/share/teleop_tools_msgs/environment/ament_prefix_path.sh
-- Up-to-date symlink: /home/aichou/uni_projects/ROBM/robm-pixi/install/teleop_tools_msgs/share/teleop_tools_msgs/environment/ament_prefix_path.dsv
-- Up-to-date symlink: /home/aichou/uni_projects/ROBM/robm-pixi/install/teleop_tools_msgs/share/teleop_tools_msgs/environment/path.sh
-- Up-to-date symlink: /home/aichou/uni_projects/ROBM/robm-pixi/install/teleop_tools_msgs/share/teleop_tools_msgs/environment/path.dsv
-- Up-to-date symlink: /home/aichou/uni_projects/ROBM/robm-pixi/install/teleop_tools_msgs/share/teleop_tools_msgs/local_setup.bash
-- Up-to-date symlink: /home/aichou/uni_projects/ROBM/robm-pixi/install/teleop_tools_msgs/share/teleop_tools_msgs/local_setup.sh
-- Up-to-date symlink: /home/aichou/uni_projects/ROBM/robm-pixi/install/teleop_tools_msgs/share/teleop_tools_msgs/local_setup.zsh
-- Up-to-date symlink: /home/aichou/uni_projects/ROBM/robm-pixi/install/teleop_tools_msgs/share/teleop_tools_msgs/local_setup.dsv
-- Symlinking: /home/aichou/uni_projects/ROBM/robm-pixi/install/teleop_tools_msgs/share/teleop_tools_msgs/package.dsv
-- Up-to-date symlink: /home/aichou/uni_projects/ROBM/robm-pixi/install/teleop_tools_msgs/share/ament_index/resource_index/packages/teleop_tools_msgs
-- Up-to-date symlink: /home/aichou/uni_projects/ROBM/robm-pixi/install/teleop_tools_msgs/share/teleop_tools_msgs/cmake/rosidl_cmake-extras.cmake
-- Up-to-date symlink: /home/aichou/uni_projects/ROBM/robm-pixi/install/teleop_tools_msgs/share/teleop_tools_msgs/cmake/ament_cmake_export_dependencies-extras.cmake
-- Up-to-date symlink: /home/aichou/uni_projects/ROBM/robm-pixi/install/teleop_tools_msgs/share/teleop_tools_msgs/cmake/ament_cmake_export_include_directories-extras.cmake
-- Up-to-date symlink: /home/aichou/uni_projects/ROBM/robm-pixi/install/teleop_tools_msgs/share/teleop_tools_msgs/cmake/ament_cmake_export_libraries-extras.cmake
-- Up-to-date symlink: /home/aichou/uni_projects/ROBM/robm-pixi/install/teleop_tools_msgs/share/teleop_tools_msgs/cmake/ament_cmake_export_targets-extras.cmake
-- Up-to-date symlink: /home/aichou/uni_projects/ROBM/robm-pixi/install/teleop_tools_msgs/share/teleop_tools_msgs/cmake/rosidl_cmake_export_typesupport_targets-extras.cmake
-- Up-to-date symlink: /home/aichou/uni_projects/ROBM/robm-pixi/install/teleop_tools_msgs/share/teleop_tools_msgs/cmake/rosidl_cmake_export_typesupport_libraries-extras.cmake
-- Up-to-date symlink: /home/aichou/uni_projects/ROBM/robm-pixi/install/teleop_tools_msgs/share/teleop_tools_msgs/cmake/teleop_tools_msgsConfig.cmake
-- Up-to-date symlink: /home/aichou/uni_projects/ROBM/robm-pixi/install/teleop_tools_msgs/share/teleop_tools_msgs/cmake/teleop_tools_msgsConfig-version.cmake
-- Up-to-date symlink: /home/aichou/uni_projects/ROBM/robm-pixi/install/teleop_tools_msgs/share/teleop_tools_msgs/package.xml
-- Installing: /home/aichou/uni_projects/ROBM/robm-pixi/install/teleop_tools_msgs/lib/libteleop_tools_msgs__rosidl_generator_c.so
-- Installing: /home/aichou/uni_projects/ROBM/robm-pixi/install/teleop_tools_msgs/lib/libteleop_tools_msgs__rosidl_typesupport_fastrtps_c.so
-- Set non-toolchain portion of runtime path of "/home/aichou/uni_projects/ROBM/robm-pixi/install/teleop_tools_msgs/lib/libteleop_tools_msgs__rosidl_typesupport_fastrtps_c.so" to ""
-- Installing: /home/aichou/uni_projects/ROBM/robm-pixi/install/teleop_tools_msgs/lib/libteleop_tools_msgs__rosidl_typesupport_introspection_c.so
-- Set non-toolchain portion of runtime path of "/home/aichou/uni_projects/ROBM/robm-pixi/install/teleop_tools_msgs/lib/libteleop_tools_msgs__rosidl_typesupport_introspection_c.so" to ""
-- Installing: /home/aichou/uni_projects/ROBM/robm-pixi/install/teleop_tools_msgs/lib/libteleop_tools_msgs__rosidl_typesupport_c.so
-- Set non-toolchain portion of runtime path of "/home/aichou/uni_projects/ROBM/robm-pixi/install/teleop_tools_msgs/lib/libteleop_tools_msgs__rosidl_typesupport_c.so" to ""
-- Installing: /home/aichou/uni_projects/ROBM/robm-pixi/install/teleop_tools_msgs/lib/libteleop_tools_msgs__rosidl_typesupport_fastrtps_cpp.so
-- Set non-toolchain portion of runtime path of "/home/aichou/uni_projects/ROBM/robm-pixi/install/teleop_tools_msgs/lib/libteleop_tools_msgs__rosidl_typesupport_fastrtps_cpp.so" to ""
-- Installing: /home/aichou/uni_projects/ROBM/robm-pixi/install/teleop_tools_msgs/lib/libteleop_tools_msgs__rosidl_typesupport_introspection_cpp.so
-- Set non-toolchain portion of runtime path of "/home/aichou/uni_projects/ROBM/robm-pixi/install/teleop_tools_msgs/lib/libteleop_tools_msgs__rosidl_typesupport_introspection_cpp.so" to ""
-- Installing: /home/aichou/uni_projects/ROBM/robm-pixi/install/teleop_tools_msgs/lib/libteleop_tools_msgs__rosidl_typesupport_cpp.so
-- Set non-toolchain portion of runtime path of "/home/aichou/uni_projects/ROBM/robm-pixi/install/teleop_tools_msgs/lib/libteleop_tools_msgs__rosidl_typesupport_cpp.so" to ""
Listing '/home/aichou/uni_projects/ROBM/robm-pixi/install/teleop_tools_msgs/lib/python3.12/site-packages/teleop_tools_msgs'...
Compiling '/home/aichou/uni_projects/ROBM/robm-pixi/install/teleop_tools_msgs/lib/python3.12/site-packages/teleop_tools_msgs/__init__.py'...
Listing '/home/aichou/uni_projects/ROBM/robm-pixi/install/teleop_tools_msgs/lib/python3.12/site-packages/teleop_tools_msgs/action'...
-- Installing: /home/aichou/uni_projects/ROBM/robm-pixi/install/teleop_tools_msgs/lib/libteleop_tools_msgs__rosidl_generator_py.so
-- Set non-toolchain portion of runtime path of "/home/aichou/uni_projects/ROBM/robm-pixi/install/teleop_tools_msgs/lib/libteleop_tools_msgs__rosidl_generator_py.so" to ""
-- Up-to-date: /home/aichou/uni_projects/ROBM/robm-pixi/install/teleop_tools_msgs/share/teleop_tools_msgs/cmake/export_teleop_tools_msgs__rosidl_generator_cExport.cmake
-- Up-to-date: /home/aichou/uni_projects/ROBM/robm-pixi/install/teleop_tools_msgs/share/teleop_tools_msgs/cmake/export_teleop_tools_msgs__rosidl_generator_cExport-noconfig.cmake
-- Up-to-date: /home/aichou/uni_projects/ROBM/robm-pixi/install/teleop_tools_msgs/share/teleop_tools_msgs/cmake/export_teleop_tools_msgs__rosidl_typesupport_fastrtps_cExport.cmake
-- Up-to-date: /home/aichou/uni_projects/ROBM/robm-pixi/install/teleop_tools_msgs/share/teleop_tools_msgs/cmake/export_teleop_tools_msgs__rosidl_typesupport_fastrtps_cExport-noconfig.cmake
-- Up-to-date: /home/aichou/uni_projects/ROBM/robm-pixi/install/teleop_tools_msgs/share/teleop_tools_msgs/cmake/teleop_tools_msgs__rosidl_typesupport_introspection_cExport.cmake
-- Up-to-date: /home/aichou/uni_projects/ROBM/robm-pixi/install/teleop_tools_msgs/share/teleop_tools_msgs/cmake/teleop_tools_msgs__rosidl_typesupport_introspection_cExport-noconfig.cmake
-- Up-to-date: /home/aichou/uni_projects/ROBM/robm-pixi/install/teleop_tools_msgs/share/teleop_tools_msgs/cmake/teleop_tools_msgs__rosidl_typesupport_cExport.cmake
-- Up-to-date: /home/aichou/uni_projects/ROBM/robm-pixi/install/teleop_tools_msgs/share/teleop_tools_msgs/cmake/teleop_tools_msgs__rosidl_typesupport_cExport-noconfig.cmake
-- Up-to-date: /home/aichou/uni_projects/ROBM/robm-pixi/install/teleop_tools_msgs/share/teleop_tools_msgs/cmake/export_teleop_tools_msgs__rosidl_generator_cppExport.cmake
-- Up-to-date: /home/aichou/uni_projects/ROBM/robm-pixi/install/teleop_tools_msgs/share/teleop_tools_msgs/cmake/export_teleop_tools_msgs__rosidl_typesupport_fastrtps_cppExport.cmake
-- Up-to-date: /home/aichou/uni_projects/ROBM/robm-pixi/install/teleop_tools_msgs/share/teleop_tools_msgs/cmake/export_teleop_tools_msgs__rosidl_typesupport_fastrtps_cppExport-noconfig.cmake
-- Up-to-date: /home/aichou/uni_projects/ROBM/robm-pixi/install/teleop_tools_msgs/share/teleop_tools_msgs/cmake/teleop_tools_msgs__rosidl_typesupport_introspection_cppExport.cmake
-- Up-to-date: /home/aichou/uni_projects/ROBM/robm-pixi/install/teleop_tools_msgs/share/teleop_tools_msgs/cmake/teleop_tools_msgs__rosidl_typesupport_introspection_cppExport-noconfig.cmake
-- Up-to-date: /home/aichou/uni_projects/ROBM/robm-pixi/install/teleop_tools_msgs/share/teleop_tools_msgs/cmake/teleop_tools_msgs__rosidl_typesupport_cppExport.cmake
-- Up-to-date: /home/aichou/uni_projects/ROBM/robm-pixi/install/teleop_tools_msgs/share/teleop_tools_msgs/cmake/teleop_tools_msgs__rosidl_typesupport_cppExport-noconfig.cmake
-- Up-to-date: /home/aichou/uni_projects/ROBM/robm-pixi/install/teleop_tools_msgs/share/teleop_tools_msgs/cmake/export_teleop_tools_msgs__rosidl_generator_pyExport.cmake
-- Up-to-date: /home/aichou/uni_projects/ROBM/robm-pixi/install/teleop_tools_msgs/share/teleop_tools_msgs/cmake/export_teleop_tools_msgs__rosidl_generator_pyExport-noconfig.cmake
