running egg_info
creating ../build/robm_tp2_move/robm_tp2_move.egg-info
writing ../build/robm_tp2_move/robm_tp2_move.egg-info/PKG-INFO
writing dependency_links to ../build/robm_tp2_move/robm_tp2_move.egg-info/dependency_links.txt
writing entry points to ../build/robm_tp2_move/robm_tp2_move.egg-info/entry_points.txt
writing requirements to ../build/robm_tp2_move/robm_tp2_move.egg-info/requires.txt
writing top-level names to ../build/robm_tp2_move/robm_tp2_move.egg-info/top_level.txt
writing manifest file '../build/robm_tp2_move/robm_tp2_move.egg-info/SOURCES.txt'
reading manifest file '../build/robm_tp2_move/robm_tp2_move.egg-info/SOURCES.txt'
writing manifest file '../build/robm_tp2_move/robm_tp2_move.egg-info/SOURCES.txt'
running build
running build_py
creating /home/aichou/uni_projects/ROBM/robm-pixi/src/build/robm_tp2_move/build/lib/robm_tp2_move
copying robm_tp2_move/__init__.py -> /home/aichou/uni_projects/ROBM/robm-pixi/src/build/robm_tp2_move/build/lib/robm_tp2_move
copying robm_tp2_move/avance_motor.py -> /home/aichou/uni_projects/ROBM/robm-pixi/src/build/robm_tp2_move/build/lib/robm_tp2_move
running install
running install_lib
creating /home/aichou/uni_projects/ROBM/robm-pixi/src/install/robm_tp2_move/lib/python3.12/site-packages/robm_tp2_move
copying /home/aichou/uni_projects/ROBM/robm-pixi/src/build/robm_tp2_move/build/lib/robm_tp2_move/__init__.py -> /home/aichou/uni_projects/ROBM/robm-pixi/src/install/robm_tp2_move/lib/python3.12/site-packages/robm_tp2_move
copying /home/aichou/uni_projects/ROBM/robm-pixi/src/build/robm_tp2_move/build/lib/robm_tp2_move/avance_motor.py -> /home/aichou/uni_projects/ROBM/robm-pixi/src/install/robm_tp2_move/lib/python3.12/site-packages/robm_tp2_move
byte-compiling /home/aichou/uni_projects/ROBM/robm-pixi/src/install/robm_tp2_move/lib/python3.12/site-packages/robm_tp2_move/__init__.py to __init__.cpython-312.pyc
byte-compiling /home/aichou/uni_projects/ROBM/robm-pixi/src/install/robm_tp2_move/lib/python3.12/site-packages/robm_tp2_move/avance_motor.py to avance_motor.cpython-312.pyc
running install_data
creating /home/aichou/uni_projects/ROBM/robm-pixi/src/install/robm_tp2_move/share/ament_index/resource_index/packages
copying resource/robm_tp2_move -> /home/aichou/uni_projects/ROBM/robm-pixi/src/install/robm_tp2_move/share/ament_index/resource_index/packages
copying package.xml -> /home/aichou/uni_projects/ROBM/robm-pixi/src/install/robm_tp2_move/share/robm_tp2_move
running install_egg_info
Copying ../build/robm_tp2_move/robm_tp2_move.egg-info to /home/aichou/uni_projects/ROBM/robm-pixi/src/install/robm_tp2_move/lib/python3.12/site-packages/robm_tp2_move-0.0.0-py3.12.egg-info
running install_scripts
Installing avance_motor script to /home/aichou/uni_projects/ROBM/robm-pixi/src/install/robm_tp2_move/lib/robm_tp2_move
writing list of installed files to '/home/aichou/uni_projects/ROBM/robm-pixi/src/build/robm_tp2_move/install.log'
