[0.768s] Invoking command in '/home/aichou/uni_projects/ROBM/robm-pixi/src/robm_tp2_move': PIXI_PROMPT=(robm) PS1=(robm) \[\e]0;\u@\h: \w\a\]${debian_chroot:+($debian_chroot)}\[\033[01;32m\]\u@\h\[\033[00m\]:\[\033[01;34m\]\w\[\033[00m\]\$ PYTHONPATH=/home/aichou/uni_projects/ROBM/robm-pixi/src/build/robm_tp2_move/prefix_override:/home/aichou/uni_projects/ROBM/robm-pixi/.pixi/envs/default/lib/python3.12/site-packages/colcon_core/task/python/colcon_distutils_commands:/home/aichou/uni_projects/ROBM/robm-pixi/src/install/robm_tp2_move/lib/python3.12/site-packages:${PYTHONPATH} /home/aichou/uni_projects/ROBM/robm-pixi/.pixi/envs/default/bin/python3.12 -W ignore:setup.py install is deprecated -W ignore:easy_install command is deprecated setup.py egg_info --egg-base ../build/robm_tp2_move build --build-base /home/aichou/uni_projects/ROBM/robm-pixi/src/build/robm_tp2_move/build install --record /home/aichou/uni_projects/ROBM/robm-pixi/src/build/robm_tp2_move/install.log --single-version-externally-managed install_data
[0.909s] running egg_info
[0.919s] creating ../build/robm_tp2_move/robm_tp2_move.egg-info
[0.919s] writing ../build/robm_tp2_move/robm_tp2_move.egg-info/PKG-INFO
[0.920s] writing dependency_links to ../build/robm_tp2_move/robm_tp2_move.egg-info/dependency_links.txt
[0.920s] writing entry points to ../build/robm_tp2_move/robm_tp2_move.egg-info/entry_points.txt
[0.920s] writing requirements to ../build/robm_tp2_move/robm_tp2_move.egg-info/requires.txt
[0.921s] writing top-level names to ../build/robm_tp2_move/robm_tp2_move.egg-info/top_level.txt
[0.921s] writing manifest file '../build/robm_tp2_move/robm_tp2_move.egg-info/SOURCES.txt'
[0.954s] reading manifest file '../build/robm_tp2_move/robm_tp2_move.egg-info/SOURCES.txt'
[0.955s] writing manifest file '../build/robm_tp2_move/robm_tp2_move.egg-info/SOURCES.txt'
[0.956s] running build
[0.956s] running build_py
[0.956s] creating /home/aichou/uni_projects/ROBM/robm-pixi/src/build/robm_tp2_move/build/lib/robm_tp2_move
[0.956s] copying robm_tp2_move/__init__.py -> /home/aichou/uni_projects/ROBM/robm-pixi/src/build/robm_tp2_move/build/lib/robm_tp2_move
[0.956s] copying robm_tp2_move/avance_motor.py -> /home/aichou/uni_projects/ROBM/robm-pixi/src/build/robm_tp2_move/build/lib/robm_tp2_move
[0.957s] running install
[0.959s] running install_lib
[0.969s] creating /home/aichou/uni_projects/ROBM/robm-pixi/src/install/robm_tp2_move/lib/python3.12/site-packages/robm_tp2_move
[0.969s] copying /home/aichou/uni_projects/ROBM/robm-pixi/src/build/robm_tp2_move/build/lib/robm_tp2_move/__init__.py -> /home/aichou/uni_projects/ROBM/robm-pixi/src/install/robm_tp2_move/lib/python3.12/site-packages/robm_tp2_move
[0.969s] copying /home/aichou/uni_projects/ROBM/robm-pixi/src/build/robm_tp2_move/build/lib/robm_tp2_move/avance_motor.py -> /home/aichou/uni_projects/ROBM/robm-pixi/src/install/robm_tp2_move/lib/python3.12/site-packages/robm_tp2_move
[0.969s] byte-compiling /home/aichou/uni_projects/ROBM/robm-pixi/src/install/robm_tp2_move/lib/python3.12/site-packages/robm_tp2_move/__init__.py to __init__.cpython-312.pyc
[0.969s] byte-compiling /home/aichou/uni_projects/ROBM/robm-pixi/src/install/robm_tp2_move/lib/python3.12/site-packages/robm_tp2_move/avance_motor.py to avance_motor.cpython-312.pyc
[0.970s] running install_data
[0.970s] creating /home/aichou/uni_projects/ROBM/robm-pixi/src/install/robm_tp2_move/share/ament_index/resource_index/packages
[0.970s] copying resource/robm_tp2_move -> /home/aichou/uni_projects/ROBM/robm-pixi/src/install/robm_tp2_move/share/ament_index/resource_index/packages
[0.970s] copying package.xml -> /home/aichou/uni_projects/ROBM/robm-pixi/src/install/robm_tp2_move/share/robm_tp2_move
[0.970s] running install_egg_info
[0.979s] Copying ../build/robm_tp2_move/robm_tp2_move.egg-info to /home/aichou/uni_projects/ROBM/robm-pixi/src/install/robm_tp2_move/lib/python3.12/site-packages/robm_tp2_move-0.0.0-py3.12.egg-info
[0.980s] running install_scripts
[1.028s] Installing avance_motor script to /home/aichou/uni_projects/ROBM/robm-pixi/src/install/robm_tp2_move/lib/robm_tp2_move
[1.028s] writing list of installed files to '/home/aichou/uni_projects/ROBM/robm-pixi/src/build/robm_tp2_move/install.log'
[1.049s] Invoked command in '/home/aichou/uni_projects/ROBM/robm-pixi/src/robm_tp2_move' returned '0': PIXI_PROMPT=(robm) PS1=(robm) \[\e]0;\u@\h: \w\a\]${debian_chroot:+($debian_chroot)}\[\033[01;32m\]\u@\h\[\033[00m\]:\[\033[01;34m\]\w\[\033[00m\]\$ PYTHONPATH=/home/aichou/uni_projects/ROBM/robm-pixi/src/build/robm_tp2_move/prefix_override:/home/aichou/uni_projects/ROBM/robm-pixi/.pixi/envs/default/lib/python3.12/site-packages/colcon_core/task/python/colcon_distutils_commands:/home/aichou/uni_projects/ROBM/robm-pixi/src/install/robm_tp2_move/lib/python3.12/site-packages:${PYTHONPATH} /home/aichou/uni_projects/ROBM/robm-pixi/.pixi/envs/default/bin/python3.12 -W ignore:setup.py install is deprecated -W ignore:easy_install command is deprecated setup.py egg_info --egg-base ../build/robm_tp2_move build --build-base /home/aichou/uni_projects/ROBM/robm-pixi/src/build/robm_tp2_move/build install --record /home/aichou/uni_projects/ROBM/robm-pixi/src/build/robm_tp2_move/install.log --single-version-externally-managed install_data
