[0.573s] Invoking command in '/home/aichou/uni_projects/ROBM/robm-pixi/src/robm_bridge': PIXI_PROMPT=(robm) PS1=(robm) \[\e]0;\u@\h: \w\a\]${debian_chroot:+($debian_chroot)}\[\033[01;32m\]\u@\h\[\033[00m\]:\[\033[01;34m\]\w\[\033[00m\]\$ PYTHONPATH=/home/aichou/uni_projects/ROBM/robm-pixi/build/robm_bridge/prefix_override:/home/aichou/uni_projects/ROBM/robm-pixi/.pixi/envs/default/lib/python3.12/site-packages/colcon_core/task/python/colcon_distutils_commands:/home/aichou/uni_projects/ROBM/robm-pixi/install/robm_bridge/lib/python3.12/site-packages:/home/aichou/uni_projects/ROBM/robm-pixi/install/robm_interfaces/lib/python3.12/site-packages:/home/aichou/uni_projects/ROBM/robm-pixi/install/robm_tp1_color/lib/python3.12/site-packages:/home/aichou/uni_projects/ROBM/robm-pixi/build/robm_bridge:/home/aichou/uni_projects/ROBM/robm-pixi/install/robm_bridge/lib/python3.12/site-packages:/home/aichou/uni_projects/ROBM/robm-pixi/.pixi/envs/default/lib/python/site-packages:/home/aichou/uni_projects/ROBM/robm-pixi/.pixi/envs/default/lib/python3.12/site-packages /home/aichou/uni_projects/ROBM/robm-pixi/.pixi/envs/default/bin/python3.12 -W ignore:setup.py install is deprecated -W ignore:easy_install command is deprecated setup.py egg_info --egg-base ../../build/robm_bridge build --build-base /home/aichou/uni_projects/ROBM/robm-pixi/build/robm_bridge/build install --record /home/aichou/uni_projects/ROBM/robm-pixi/build/robm_bridge/install.log --single-version-externally-managed install_data
[0.655s] /home/aichou/uni_projects/ROBM/robm-pixi/.pixi/envs/default/lib/python3.12/site-packages/setuptools/_distutils/dist.py:289: UserWarning: Unknown distribution option: 'tests_require'
[0.656s]   warnings.warn(msg)
[0.710s] running egg_info
[0.718s] writing ../../build/robm_bridge/robm_bridge.egg-info/PKG-INFO
[0.718s] writing dependency_links to ../../build/robm_bridge/robm_bridge.egg-info/dependency_links.txt
[0.718s] writing entry points to ../../build/robm_bridge/robm_bridge.egg-info/entry_points.txt
[0.719s] writing requirements to ../../build/robm_bridge/robm_bridge.egg-info/requires.txt
[0.719s] writing top-level names to ../../build/robm_bridge/robm_bridge.egg-info/top_level.txt
[0.740s] reading manifest file '../../build/robm_bridge/robm_bridge.egg-info/SOURCES.txt'
[0.740s] adding license file 'LICENSE'
[0.741s] writing manifest file '../../build/robm_bridge/robm_bridge.egg-info/SOURCES.txt'
[0.741s] running build
[0.741s] running build_py
[0.741s] running install
[0.744s] running install_lib
[0.753s] copying /home/aichou/uni_projects/ROBM/robm-pixi/build/robm_bridge/build/lib/robm_bridge/zenoh_bridge.py -> /home/aichou/uni_projects/ROBM/robm-pixi/install/robm_bridge/lib/python3.12/site-packages/robm_bridge
[0.753s] copying /home/aichou/uni_projects/ROBM/robm-pixi/build/robm_bridge/build/lib/robm_bridge/__init__.py -> /home/aichou/uni_projects/ROBM/robm-pixi/install/robm_bridge/lib/python3.12/site-packages/robm_bridge
[0.753s] copying /home/aichou/uni_projects/ROBM/robm-pixi/build/robm_bridge/build/lib/robm_bridge/bridge_node.py -> /home/aichou/uni_projects/ROBM/robm-pixi/install/robm_bridge/lib/python3.12/site-packages/robm_bridge
[0.754s] copying /home/aichou/uni_projects/ROBM/robm-pixi/build/robm_bridge/build/lib/robm_bridge/udp_bridge.py -> /home/aichou/uni_projects/ROBM/robm-pixi/install/robm_bridge/lib/python3.12/site-packages/robm_bridge
[0.754s] running install_data
[0.754s] copying resource/robm_bridge -> /home/aichou/uni_projects/ROBM/robm-pixi/install/robm_bridge/share/ament_index/resource_index/packages
[0.755s] copying package.xml -> /home/aichou/uni_projects/ROBM/robm-pixi/install/robm_bridge/share/robm_bridge
[0.755s] running install_egg_info
[0.765s] removing '/home/aichou/uni_projects/ROBM/robm-pixi/install/robm_bridge/lib/python3.12/site-packages/robm_bridge-0.2.0-py3.12.egg-info' (and everything under it)
[0.765s] Copying ../../build/robm_bridge/robm_bridge.egg-info to /home/aichou/uni_projects/ROBM/robm-pixi/install/robm_bridge/lib/python3.12/site-packages/robm_bridge-0.2.0-py3.12.egg-info
[0.766s] running install_scripts
[0.811s] Installing udp_bridge script to /home/aichou/uni_projects/ROBM/robm-pixi/install/robm_bridge/lib/robm_bridge
[0.811s] Installing zenoh_bridge script to /home/aichou/uni_projects/ROBM/robm-pixi/install/robm_bridge/lib/robm_bridge
[0.811s] writing list of installed files to '/home/aichou/uni_projects/ROBM/robm-pixi/build/robm_bridge/install.log'
[0.828s] Invoked command in '/home/aichou/uni_projects/ROBM/robm-pixi/src/robm_bridge' returned '0': PIXI_PROMPT=(robm) PS1=(robm) \[\e]0;\u@\h: \w\a\]${debian_chroot:+($debian_chroot)}\[\033[01;32m\]\u@\h\[\033[00m\]:\[\033[01;34m\]\w\[\033[00m\]\$ PYTHONPATH=/home/aichou/uni_projects/ROBM/robm-pixi/build/robm_bridge/prefix_override:/home/aichou/uni_projects/ROBM/robm-pixi/.pixi/envs/default/lib/python3.12/site-packages/colcon_core/task/python/colcon_distutils_commands:/home/aichou/uni_projects/ROBM/robm-pixi/install/robm_bridge/lib/python3.12/site-packages:/home/aichou/uni_projects/ROBM/robm-pixi/install/robm_interfaces/lib/python3.12/site-packages:/home/aichou/uni_projects/ROBM/robm-pixi/install/robm_tp1_color/lib/python3.12/site-packages:/home/aichou/uni_projects/ROBM/robm-pixi/build/robm_bridge:/home/aichou/uni_projects/ROBM/robm-pixi/install/robm_bridge/lib/python3.12/site-packages:/home/aichou/uni_projects/ROBM/robm-pixi/.pixi/envs/default/lib/python/site-packages:/home/aichou/uni_projects/ROBM/robm-pixi/.pixi/envs/default/lib/python3.12/site-packages /home/aichou/uni_projects/ROBM/robm-pixi/.pixi/envs/default/bin/python3.12 -W ignore:setup.py install is deprecated -W ignore:easy_install command is deprecated setup.py egg_info --egg-base ../../build/robm_bridge build --build-base /home/aichou/uni_projects/ROBM/robm-pixi/build/robm_bridge/build install --record /home/aichou/uni_projects/ROBM/robm-pixi/build/robm_bridge/install.log --single-version-externally-managed install_data
