[0mCMake Deprecation Warning at CMakeLists.txt:1 (cmake_minimum_required):
  Compatibility with CMake < 3.10 will be removed from a future version of
  CMake.

  Update the VERSION argument <min> value.  Or, use the <min>...<max> syntax
  to tell CMake that the project requires at least <min> but has been updated
  to work with policies introduced by <max> or earlier.

[0m
-- The C compiler identification is GNU 14.3.0
-- The CXX compiler identification is GNU 14.3.0
-- Detecting C compiler ABI info
-- Detecting C compiler ABI info - done
-- Check for working C compiler: /home/aichou/uni_projects/ROBM/robm-pixi/.pixi/envs/default/bin/x86_64-conda-linux-gnu-cc - skipped
-- Detecting C compile features
-- Detecting C compile features - done
-- Detecting CXX compiler ABI info
-- Detecting CXX compiler ABI info - done
-- Check for working CXX compiler: /home/aichou/uni_projects/ROBM/robm-pixi/.pixi/envs/default/bin/x86_64-conda-linux-gnu-c++ - skipped
-- Detecting CXX compile features
-- Detecting CXX compile features - done
-- Found ament_cmake: 2.7.3 (/home/aichou/uni_projects/ROBM/robm-pixi/.pixi/envs/default/share/ament_cmake/cmake)
-- Found Python3: /home/aichou/uni_projects/ROBM/robm-pixi/.pixi/envs/default/bin/python3 (found version "3.12.12") found components: Interpreter
-- Found rosidl_default_generators: 1.7.1 (/home/aichou/uni_projects/ROBM/robm-pixi/.pixi/envs/default/share/rosidl_default_generators/cmake)
-- Using all available rosidl_typesupport_c: rosidl_typesupport_fastrtps_c;rosidl_typesupport_introspection_c
-- Using all available rosidl_typesupport_cpp: rosidl_typesupport_fastrtps_cpp;rosidl_typesupport_introspection_cpp
-- Found rosidl_adapter: 4.9.5 (/home/aichou/uni_projects/ROBM/robm-pixi/.pixi/envs/default/share/rosidl_adapter/cmake)
-- Found ament_lint_auto: 0.19.2 (/home/aichou/uni_projects/ROBM/robm-pixi/.pixi/envs/default/share/ament_lint_auto/cmake)
-- Found ament_cmake_ros_core: 0.14.3 (/home/aichou/uni_projects/ROBM/robm-pixi/.pixi/envs/default/share/ament_cmake_ros_core/cmake)
-- Using all available rosidl_typesupport_c: rosidl_typesupport_fastrtps_c;rosidl_typesupport_introspection_c
-- Using all available rosidl_typesupport_cpp: rosidl_typesupport_fastrtps_cpp;rosidl_typesupport_introspection_cpp
-- Found Python3: /home/aichou/uni_projects/ROBM/robm-pixi/.pixi/envs/default/bin/python3 (found version "3.12.12") found components: Interpreter Development NumPy Development.Module Development.Embed
-- Added test 'copyright' to check source files copyright and LICENSE
-- Added test 'lint_cmake' to check CMake code style
-- Added test 'xmllint' to check XML markup files
-- Configuring done (3.9s)
-- Generating done (0.0s)
-- Build files have been written to: /home/aichou/uni_projects/ROBM/robm-pixi/src/build/teleop_tools_msgs
[  2%] [1m[34mGenerating type hashes for ROS interfaces[0m
[  2%] Built target ament_cmake_python_copy_teleop_tools_msgs
[  2%] Built target teleop_tools_msgs__rosidl_generator_type_description
[  5%] [1m[34mGenerating C code for ROS interfaces[0m
[  8%] [1m[34mGenerating C++ code for ROS interfaces[0m
running egg_info
creating teleop_tools_msgs.egg-info
writing teleop_tools_msgs.egg-info/PKG-INFO
writing dependency_links to teleop_tools_msgs.egg-info/dependency_links.txt
writing top-level names to teleop_tools_msgs.egg-info/top_level.txt
writing manifest file 'teleop_tools_msgs.egg-info/SOURCES.txt'
reading manifest file 'teleop_tools_msgs.egg-info/SOURCES.txt'
writing manifest file 'teleop_tools_msgs.egg-info/SOURCES.txt'
[  8%] Built target ament_cmake_python_build_teleop_tools_msgs_egg
[  8%] Built target teleop_tools_msgs__cpp
[ 14%] [32mBuilding C object CMakeFiles/teleop_tools_msgs__rosidl_generator_c.dir/rosidl_generator_c/teleop_tools_msgs/action/detail/increment__functions.c.o[0m
[ 14%] [32mBuilding C object CMakeFiles/teleop_tools_msgs__rosidl_generator_c.dir/rosidl_generator_c/teleop_tools_msgs/action/detail/increment__description.c.o[0m
[ 17%] [32mBuilding C object CMakeFiles/teleop_tools_msgs__rosidl_generator_c.dir/rosidl_generator_c/teleop_tools_msgs/action/detail/increment__type_support.c.o[0m
[ 20%] [1m[32mLinking C shared library libteleop_tools_msgs__rosidl_generator_c.so[0m
[ 20%] Built target teleop_tools_msgs__rosidl_generator_c
[ 23%] [1m[34mGenerating C type support for eProsima Fast-RTPS[0m
[ 29%] [1m[34mGenerating C type support dispatch for ROS interfaces[0m
[ 29%] [1m[34mGenerating C++ introspection for ROS interfaces[0m
[ 32%] [1m[34mGenerating C++ type support dispatch for ROS interfaces[0m
[ 35%] [1m[34mGenerating C introspection for ROS interfaces[0m
[ 38%] [1m[34mGenerating C++ type support for eProsima Fast-RTPS[0m
[ 41%] [32mBuilding CXX object CMakeFiles/teleop_tools_msgs__rosidl_typesupport_introspection_cpp.dir/rosidl_typesupport_introspection_cpp/teleop_tools_msgs/action/detail/increment__type_support.cpp.o[0m
[ 44%] [32mBuilding CXX object CMakeFiles/teleop_tools_msgs__rosidl_typesupport_c.dir/rosidl_typesupport_c/teleop_tools_msgs/action/increment__type_support.cpp.o[0m
[ 47%] [32mBuilding CXX object CMakeFiles/teleop_tools_msgs__rosidl_typesupport_cpp.dir/rosidl_typesupport_cpp/teleop_tools_msgs/action/increment__type_support.cpp.o[0m
[ 50%] [1m[32mLinking CXX shared library libteleop_tools_msgs__rosidl_typesupport_c.so[0m
[ 52%] [32mBuilding C object CMakeFiles/teleop_tools_msgs__rosidl_typesupport_introspection_c.dir/rosidl_typesupport_introspection_c/teleop_tools_msgs/action/detail/increment__type_support.c.o[0m
[ 55%] [32mBuilding CXX object CMakeFiles/teleop_tools_msgs__rosidl_typesupport_fastrtps_cpp.dir/rosidl_typesupport_fastrtps_cpp/teleop_tools_msgs/action/detail/dds_fastrtps/increment__type_support.cpp.o[0m
[ 58%] [32mBuilding CXX object CMakeFiles/teleop_tools_msgs__rosidl_typesupport_fastrtps_c.dir/rosidl_typesupport_fastrtps_c/teleop_tools_msgs/action/detail/increment__type_support_c.cpp.o[0m
[ 58%] Built target teleop_tools_msgs__rosidl_typesupport_c
[ 61%] [1m[32mLinking C shared library libteleop_tools_msgs__rosidl_typesupport_introspection_c.so[0m
[ 61%] Built target teleop_tools_msgs__rosidl_typesupport_introspection_c
[ 64%] [1m[32mLinking CXX shared library libteleop_tools_msgs__rosidl_typesupport_cpp.so[0m
[ 64%] Built target teleop_tools_msgs__rosidl_typesupport_cpp
[ 67%] [1m[32mLinking CXX shared library libteleop_tools_msgs__rosidl_typesupport_introspection_cpp.so[0m
[ 70%] [1m[32mLinking CXX shared library libteleop_tools_msgs__rosidl_typesupport_fastrtps_c.so[0m
[ 70%] Built target teleop_tools_msgs__rosidl_typesupport_introspection_cpp
[ 70%] Built target teleop_tools_msgs__rosidl_typesupport_fastrtps_c
[ 73%] [1m[32mLinking CXX shared library libteleop_tools_msgs__rosidl_typesupport_fastrtps_cpp.so[0m
[ 73%] Built target teleop_tools_msgs__rosidl_typesupport_fastrtps_cpp
[ 73%] Built target teleop_tools_msgs
[ 76%] [1m[34mGenerating Python code for ROS interfaces[0m
[ 76%] Built target teleop_tools_msgs__py
[ 79%] [32mBuilding C object CMakeFiles/teleop_tools_msgs__rosidl_generator_py.dir/rosidl_generator_py/teleop_tools_msgs/action/_increment_s.c.o[0m
[ 82%] [1m[32mLinking C shared library libteleop_tools_msgs__rosidl_generator_py.so[0m
[ 82%] Built target teleop_tools_msgs__rosidl_generator_py
[ 88%] [32mBuilding C object CMakeFiles/teleop_tools_msgs_s__rosidl_typesupport_introspection_c.dir/rosidl_generator_py/teleop_tools_msgs/_teleop_tools_msgs_s.ep.rosidl_typesupport_introspection_c.c.o[0m
[ 88%] [32mBuilding C object CMakeFiles/teleop_tools_msgs_s__rosidl_typesupport_c.dir/rosidl_generator_py/teleop_tools_msgs/_teleop_tools_msgs_s.ep.rosidl_typesupport_c.c.o[0m
[ 91%] [32mBuilding C object CMakeFiles/teleop_tools_msgs_s__rosidl_typesupport_fastrtps_c.dir/rosidl_generator_py/teleop_tools_msgs/_teleop_tools_msgs_s.ep.rosidl_typesupport_fastrtps_c.c.o[0m
[ 94%] [1m[32mLinking C shared module rosidl_generator_py/teleop_tools_msgs/teleop_tools_msgs_s__rosidl_typesupport_c.so[0m
[ 97%] [1m[32mLinking C shared module rosidl_generator_py/teleop_tools_msgs/teleop_tools_msgs_s__rosidl_typesupport_introspection_c.so[0m
[100%] [1m[32mLinking C shared module rosidl_generator_py/teleop_tools_msgs/teleop_tools_msgs_s__rosidl_typesupport_fastrtps_c.so[0m
[100%] Built target teleop_tools_msgs_s__rosidl_typesupport_introspection_c
[100%] Built target teleop_tools_msgs_s__rosidl_typesupport_c
[100%] Built target teleop_tools_msgs_s__rosidl_typesupport_fastrtps_c
-- Install configuration: ""
-- Installing: /home/aichou/uni_projects/ROBM/robm-pixi/src/install/teleop_tools_msgs/share/ament_index/resource_index/rosidl_interfaces/teleop_tools_msgs
-- Installing: /home/aichou/uni_projects/ROBM/robm-pixi/src/install/teleop_tools_msgs/share/teleop_tools_msgs/action/Increment.json
-- Installing: /home/aichou/uni_projects/ROBM/robm-pixi/src/install/teleop_tools_msgs/include/teleop_tools_msgs/teleop_tools_msgs
-- Installing: /home/aichou/uni_projects/ROBM/robm-pixi/src/install/teleop_tools_msgs/include/teleop_tools_msgs/teleop_tools_msgs/msg
-- Installing: /home/aichou/uni_projects/ROBM/robm-pixi/src/install/teleop_tools_msgs/include/teleop_tools_msgs/teleop_tools_msgs/msg/rosidl_generator_c__visibility_control.h
-- Installing: /home/aichou/uni_projects/ROBM/robm-pixi/src/install/teleop_tools_msgs/include/teleop_tools_msgs/teleop_tools_msgs/action
-- Installing: /home/aichou/uni_projects/ROBM/robm-pixi/src/install/teleop_tools_msgs/include/teleop_tools_msgs/teleop_tools_msgs/action/detail
-- Installing: /home/aichou/uni_projects/ROBM/robm-pixi/src/install/teleop_tools_msgs/include/teleop_tools_msgs/teleop_tools_msgs/action/detail/increment__type_support.c
-- Installing: /home/aichou/uni_projects/ROBM/robm-pixi/src/install/teleop_tools_msgs/include/teleop_tools_msgs/teleop_tools_msgs/action/detail/increment__functions.c
-- Installing: /home/aichou/uni_projects/ROBM/robm-pixi/src/install/teleop_tools_msgs/include/teleop_tools_msgs/teleop_tools_msgs/action/detail/increment__struct.h
-- Installing: /home/aichou/uni_projects/ROBM/robm-pixi/src/install/teleop_tools_msgs/include/teleop_tools_msgs/teleop_tools_msgs/action/detail/increment__type_support.h
-- Installing: /home/aichou/uni_projects/ROBM/robm-pixi/src/install/teleop_tools_msgs/include/teleop_tools_msgs/teleop_tools_msgs/action/detail/increment__description.c
-- Installing: /home/aichou/uni_projects/ROBM/robm-pixi/src/install/teleop_tools_msgs/include/teleop_tools_msgs/teleop_tools_msgs/action/detail/increment__functions.h
-- Installing: /home/aichou/uni_projects/ROBM/robm-pixi/src/install/teleop_tools_msgs/include/teleop_tools_msgs/teleop_tools_msgs/action/increment.h
-- Installing: /home/aichou/uni_projects/ROBM/robm-pixi/src/install/teleop_tools_msgs/share/teleop_tools_msgs/environment/library_path.sh
-- Installing: /home/aichou/uni_projects/ROBM/robm-pixi/src/install/teleop_tools_msgs/share/teleop_tools_msgs/environment/library_path.dsv
-- Installing: /home/aichou/uni_projects/ROBM/robm-pixi/src/install/teleop_tools_msgs/lib/libteleop_tools_msgs__rosidl_generator_c.so
-- Up-to-date: /home/aichou/uni_projects/ROBM/robm-pixi/src/install/teleop_tools_msgs/include/teleop_tools_msgs/teleop_tools_msgs
-- Up-to-date: /home/aichou/uni_projects/ROBM/robm-pixi/src/install/teleop_tools_msgs/include/teleop_tools_msgs/teleop_tools_msgs/msg
-- Installing: /home/aichou/uni_projects/ROBM/robm-pixi/src/install/teleop_tools_msgs/include/teleop_tools_msgs/teleop_tools_msgs/msg/rosidl_typesupport_fastrtps_c__visibility_control.h
-- Up-to-date: /home/aichou/uni_projects/ROBM/robm-pixi/src/install/teleop_tools_msgs/include/teleop_tools_msgs/teleop_tools_msgs/action
-- Up-to-date: /home/aichou/uni_projects/ROBM/robm-pixi/src/install/teleop_tools_msgs/include/teleop_tools_msgs/teleop_tools_msgs/action/detail
-- Installing: /home/aichou/uni_projects/ROBM/robm-pixi/src/install/teleop_tools_msgs/include/teleop_tools_msgs/teleop_tools_msgs/action/detail/increment__rosidl_typesupport_fastrtps_c.h
-- Installing: /home/aichou/uni_projects/ROBM/robm-pixi/src/install/teleop_tools_msgs/lib/libteleop_tools_msgs__rosidl_typesupport_fastrtps_c.so
-- Set non-toolchain portion of runtime path of "/home/aichou/uni_projects/ROBM/robm-pixi/src/install/teleop_tools_msgs/lib/libteleop_tools_msgs__rosidl_typesupport_fastrtps_c.so" to ""
-- Up-to-date: /home/aichou/uni_projects/ROBM/robm-pixi/src/install/teleop_tools_msgs/include/teleop_tools_msgs/teleop_tools_msgs
-- Up-to-date: /home/aichou/uni_projects/ROBM/robm-pixi/src/install/teleop_tools_msgs/include/teleop_tools_msgs/teleop_tools_msgs/msg
-- Installing: /home/aichou/uni_projects/ROBM/robm-pixi/src/install/teleop_tools_msgs/include/teleop_tools_msgs/teleop_tools_msgs/msg/rosidl_typesupport_introspection_c__visibility_control.h
-- Up-to-date: /home/aichou/uni_projects/ROBM/robm-pixi/src/install/teleop_tools_msgs/include/teleop_tools_msgs/teleop_tools_msgs/action
-- Up-to-date: /home/aichou/uni_projects/ROBM/robm-pixi/src/install/teleop_tools_msgs/include/teleop_tools_msgs/teleop_tools_msgs/action/detail
-- Installing: /home/aichou/uni_projects/ROBM/robm-pixi/src/install/teleop_tools_msgs/include/teleop_tools_msgs/teleop_tools_msgs/action/detail/increment__type_support.c
-- Installing: /home/aichou/uni_projects/ROBM/robm-pixi/src/install/teleop_tools_msgs/include/teleop_tools_msgs/teleop_tools_msgs/action/detail/increment__rosidl_typesupport_introspection_c.h
-- Installing: /home/aichou/uni_projects/ROBM/robm-pixi/src/install/teleop_tools_msgs/lib/libteleop_tools_msgs__rosidl_typesupport_introspection_c.so
-- Set non-toolchain portion of runtime path of "/home/aichou/uni_projects/ROBM/robm-pixi/src/install/teleop_tools_msgs/lib/libteleop_tools_msgs__rosidl_typesupport_introspection_c.so" to ""
-- Installing: /home/aichou/uni_projects/ROBM/robm-pixi/src/install/teleop_tools_msgs/lib/libteleop_tools_msgs__rosidl_typesupport_c.so
-- Set non-toolchain portion of runtime path of "/home/aichou/uni_projects/ROBM/robm-pixi/src/install/teleop_tools_msgs/lib/libteleop_tools_msgs__rosidl_typesupport_c.so" to ""
-- Up-to-date: /home/aichou/uni_projects/ROBM/robm-pixi/src/install/teleop_tools_msgs/include/teleop_tools_msgs/teleop_tools_msgs
-- Up-to-date: /home/aichou/uni_projects/ROBM/robm-pixi/src/install/teleop_tools_msgs/include/teleop_tools_msgs/teleop_tools_msgs/msg
-- Installing: /home/aichou/uni_projects/ROBM/robm-pixi/src/install/teleop_tools_msgs/include/teleop_tools_msgs/teleop_tools_msgs/msg/rosidl_generator_cpp__visibility_control.hpp
-- Up-to-date: /home/aichou/uni_projects/ROBM/robm-pixi/src/install/teleop_tools_msgs/include/teleop_tools_msgs/teleop_tools_msgs/action
-- Up-to-date: /home/aichou/uni_projects/ROBM/robm-pixi/src/install/teleop_tools_msgs/include/teleop_tools_msgs/teleop_tools_msgs/action/detail
-- Installing: /home/aichou/uni_projects/ROBM/robm-pixi/src/install/teleop_tools_msgs/include/teleop_tools_msgs/teleop_tools_msgs/action/detail/increment__type_support.hpp
-- Installing: /home/aichou/uni_projects/ROBM/robm-pixi/src/install/teleop_tools_msgs/include/teleop_tools_msgs/teleop_tools_msgs/action/detail/increment__traits.hpp
-- Installing: /home/aichou/uni_projects/ROBM/robm-pixi/src/install/teleop_tools_msgs/include/teleop_tools_msgs/teleop_tools_msgs/action/detail/increment__struct.hpp
-- Installing: /home/aichou/uni_projects/ROBM/robm-pixi/src/install/teleop_tools_msgs/include/teleop_tools_msgs/teleop_tools_msgs/action/detail/increment__builder.hpp
-- Installing: /home/aichou/uni_projects/ROBM/robm-pixi/src/install/teleop_tools_msgs/include/teleop_tools_msgs/teleop_tools_msgs/action/increment.hpp
-- Up-to-date: /home/aichou/uni_projects/ROBM/robm-pixi/src/install/teleop_tools_msgs/include/teleop_tools_msgs/teleop_tools_msgs
-- Up-to-date: /home/aichou/uni_projects/ROBM/robm-pixi/src/install/teleop_tools_msgs/include/teleop_tools_msgs/teleop_tools_msgs/msg
-- Installing: /home/aichou/uni_projects/ROBM/robm-pixi/src/install/teleop_tools_msgs/include/teleop_tools_msgs/teleop_tools_msgs/msg/rosidl_typesupport_fastrtps_cpp__visibility_control.h
-- Up-to-date: /home/aichou/uni_projects/ROBM/robm-pixi/src/install/teleop_tools_msgs/include/teleop_tools_msgs/teleop_tools_msgs/action
-- Up-to-date: /home/aichou/uni_projects/ROBM/robm-pixi/src/install/teleop_tools_msgs/include/teleop_tools_msgs/teleop_tools_msgs/action/detail
-- Installing: /home/aichou/uni_projects/ROBM/robm-pixi/src/install/teleop_tools_msgs/include/teleop_tools_msgs/teleop_tools_msgs/action/detail/dds_fastrtps
-- Installing: /home/aichou/uni_projects/ROBM/robm-pixi/src/install/teleop_tools_msgs/include/teleop_tools_msgs/teleop_tools_msgs/action/detail/increment__rosidl_typesupport_fastrtps_cpp.hpp
-- Installing: /home/aichou/uni_projects/ROBM/robm-pixi/src/install/teleop_tools_msgs/lib/libteleop_tools_msgs__rosidl_typesupport_fastrtps_cpp.so
-- Set non-toolchain portion of runtime path of "/home/aichou/uni_projects/ROBM/robm-pixi/src/install/teleop_tools_msgs/lib/libteleop_tools_msgs__rosidl_typesupport_fastrtps_cpp.so" to ""
-- Up-to-date: /home/aichou/uni_projects/ROBM/robm-pixi/src/install/teleop_tools_msgs/include/teleop_tools_msgs/teleop_tools_msgs
-- Up-to-date: /home/aichou/uni_projects/ROBM/robm-pixi/src/install/teleop_tools_msgs/include/teleop_tools_msgs/teleop_tools_msgs/action
-- Up-to-date: /home/aichou/uni_projects/ROBM/robm-pixi/src/install/teleop_tools_msgs/include/teleop_tools_msgs/teleop_tools_msgs/action/detail
-- Installing: /home/aichou/uni_projects/ROBM/robm-pixi/src/install/teleop_tools_msgs/include/teleop_tools_msgs/teleop_tools_msgs/action/detail/increment__rosidl_typesupport_introspection_cpp.hpp
-- Installing: /home/aichou/uni_projects/ROBM/robm-pixi/src/install/teleop_tools_msgs/include/teleop_tools_msgs/teleop_tools_msgs/action/detail/increment__type_support.cpp
-- Installing: /home/aichou/uni_projects/ROBM/robm-pixi/src/install/teleop_tools_msgs/lib/libteleop_tools_msgs__rosidl_typesupport_introspection_cpp.so
-- Set non-toolchain portion of runtime path of "/home/aichou/uni_projects/ROBM/robm-pixi/src/install/teleop_tools_msgs/lib/libteleop_tools_msgs__rosidl_typesupport_introspection_cpp.so" to ""
-- Installing: /home/aichou/uni_projects/ROBM/robm-pixi/src/install/teleop_tools_msgs/lib/libteleop_tools_msgs__rosidl_typesupport_cpp.so
-- Set non-toolchain portion of runtime path of "/home/aichou/uni_projects/ROBM/robm-pixi/src/install/teleop_tools_msgs/lib/libteleop_tools_msgs__rosidl_typesupport_cpp.so" to ""
-- Installing: /home/aichou/uni_projects/ROBM/robm-pixi/src/install/teleop_tools_msgs/share/teleop_tools_msgs/environment/pythonpath.sh
-- Installing: /home/aichou/uni_projects/ROBM/robm-pixi/src/install/teleop_tools_msgs/share/teleop_tools_msgs/environment/pythonpath.dsv
-- Installing: /home/aichou/uni_projects/ROBM/robm-pixi/src/install/teleop_tools_msgs/lib/python3.12/site-packages/teleop_tools_msgs-2.0.0-py3.12.egg-info
-- Installing: /home/aichou/uni_projects/ROBM/robm-pixi/src/install/teleop_tools_msgs/lib/python3.12/site-packages/teleop_tools_msgs-2.0.0-py3.12.egg-info/top_level.txt
-- Installing: /home/aichou/uni_projects/ROBM/robm-pixi/src/install/teleop_tools_msgs/lib/python3.12/site-packages/teleop_tools_msgs-2.0.0-py3.12.egg-info/SOURCES.txt
-- Installing: /home/aichou/uni_projects/ROBM/robm-pixi/src/install/teleop_tools_msgs/lib/python3.12/site-packages/teleop_tools_msgs-2.0.0-py3.12.egg-info/PKG-INFO
-- Installing: /home/aichou/uni_projects/ROBM/robm-pixi/src/install/teleop_tools_msgs/lib/python3.12/site-packages/teleop_tools_msgs-2.0.0-py3.12.egg-info/dependency_links.txt
-- Installing: /home/aichou/uni_projects/ROBM/robm-pixi/src/install/teleop_tools_msgs/lib/python3.12/site-packages/teleop_tools_msgs
-- Installing: /home/aichou/uni_projects/ROBM/robm-pixi/src/install/teleop_tools_msgs/lib/python3.12/site-packages/teleop_tools_msgs/teleop_tools_msgs_s__rosidl_typesupport_introspection_c.so
-- Installing: /home/aichou/uni_projects/ROBM/robm-pixi/src/install/teleop_tools_msgs/lib/python3.12/site-packages/teleop_tools_msgs/_teleop_tools_msgs_s.ep.rosidl_typesupport_introspection_c.c
-- Installing: /home/aichou/uni_projects/ROBM/robm-pixi/src/install/teleop_tools_msgs/lib/python3.12/site-packages/teleop_tools_msgs/_teleop_tools_msgs_s.ep.rosidl_typesupport_fastrtps_c.c
-- Installing: /home/aichou/uni_projects/ROBM/robm-pixi/src/install/teleop_tools_msgs/lib/python3.12/site-packages/teleop_tools_msgs/action
-- Installing: /home/aichou/uni_projects/ROBM/robm-pixi/src/install/teleop_tools_msgs/lib/python3.12/site-packages/teleop_tools_msgs/action/_increment.py
-- Installing: /home/aichou/uni_projects/ROBM/robm-pixi/src/install/teleop_tools_msgs/lib/python3.12/site-packages/teleop_tools_msgs/action/__init__.py
-- Installing: /home/aichou/uni_projects/ROBM/robm-pixi/src/install/teleop_tools_msgs/lib/python3.12/site-packages/teleop_tools_msgs/action/_increment_s.c
-- Installing: /home/aichou/uni_projects/ROBM/robm-pixi/src/install/teleop_tools_msgs/lib/python3.12/site-packages/teleop_tools_msgs/__init__.py
-- Installing: /home/aichou/uni_projects/ROBM/robm-pixi/src/install/teleop_tools_msgs/lib/python3.12/site-packages/teleop_tools_msgs/teleop_tools_msgs_s__rosidl_typesupport_c.so
-- Installing: /home/aichou/uni_projects/ROBM/robm-pixi/src/install/teleop_tools_msgs/lib/python3.12/site-packages/teleop_tools_msgs/_teleop_tools_msgs_s.ep.rosidl_typesupport_c.c
-- Installing: /home/aichou/uni_projects/ROBM/robm-pixi/src/install/teleop_tools_msgs/lib/python3.12/site-packages/teleop_tools_msgs/teleop_tools_msgs_s__rosidl_typesupport_fastrtps_c.so
Listing '/home/aichou/uni_projects/ROBM/robm-pixi/src/install/teleop_tools_msgs/lib/python3.12/site-packages/teleop_tools_msgs'...
Compiling '/home/aichou/uni_projects/ROBM/robm-pixi/src/install/teleop_tools_msgs/lib/python3.12/site-packages/teleop_tools_msgs/__init__.py'...
Listing '/home/aichou/uni_projects/ROBM/robm-pixi/src/install/teleop_tools_msgs/lib/python3.12/site-packages/teleop_tools_msgs/action'...
Compiling '/home/aichou/uni_projects/ROBM/robm-pixi/src/install/teleop_tools_msgs/lib/python3.12/site-packages/teleop_tools_msgs/action/__init__.py'...
Compiling '/home/aichou/uni_projects/ROBM/robm-pixi/src/install/teleop_tools_msgs/lib/python3.12/site-packages/teleop_tools_msgs/action/_increment.py'...
-- Installing: /home/aichou/uni_projects/ROBM/robm-pixi/src/install/teleop_tools_msgs/lib/python3.12/site-packages/teleop_tools_msgs/teleop_tools_msgs_s__rosidl_typesupport_fastrtps_c.so
-- Set non-toolchain portion of runtime path of "/home/aichou/uni_projects/ROBM/robm-pixi/src/install/teleop_tools_msgs/lib/python3.12/site-packages/teleop_tools_msgs/teleop_tools_msgs_s__rosidl_typesupport_fastrtps_c.so" to ""
-- Installing: /home/aichou/uni_projects/ROBM/robm-pixi/src/install/teleop_tools_msgs/lib/python3.12/site-packages/teleop_tools_msgs/teleop_tools_msgs_s__rosidl_typesupport_introspection_c.so
-- Set non-toolchain portion of runtime path of "/home/aichou/uni_projects/ROBM/robm-pixi/src/install/teleop_tools_msgs/lib/python3.12/site-packages/teleop_tools_msgs/teleop_tools_msgs_s__rosidl_typesupport_introspection_c.so" to ""
-- Installing: /home/aichou/uni_projects/ROBM/robm-pixi/src/install/teleop_tools_msgs/lib/python3.12/site-packages/teleop_tools_msgs/teleop_tools_msgs_s__rosidl_typesupport_c.so
-- Set non-toolchain portion of runtime path of "/home/aichou/uni_projects/ROBM/robm-pixi/src/install/teleop_tools_msgs/lib/python3.12/site-packages/teleop_tools_msgs/teleop_tools_msgs_s__rosidl_typesupport_c.so" to ""
-- Installing: /home/aichou/uni_projects/ROBM/robm-pixi/src/install/teleop_tools_msgs/lib/libteleop_tools_msgs__rosidl_generator_py.so
-- Set non-toolchain portion of runtime path of "/home/aichou/uni_projects/ROBM/robm-pixi/src/install/teleop_tools_msgs/lib/libteleop_tools_msgs__rosidl_generator_py.so" to ""
-- Installing: /home/aichou/uni_projects/ROBM/robm-pixi/src/install/teleop_tools_msgs/share/teleop_tools_msgs/action/Increment.idl
-- Installing: /home/aichou/uni_projects/ROBM/robm-pixi/src/install/teleop_tools_msgs/share/teleop_tools_msgs/action/Increment.action
-- Installing: /home/aichou/uni_projects/ROBM/robm-pixi/src/install/teleop_tools_msgs/share/ament_index/resource_index/package_run_dependencies/teleop_tools_msgs
-- Installing: /home/aichou/uni_projects/ROBM/robm-pixi/src/install/teleop_tools_msgs/share/ament_index/resource_index/parent_prefix_path/teleop_tools_msgs
-- Installing: /home/aichou/uni_projects/ROBM/robm-pixi/src/install/teleop_tools_msgs/share/teleop_tools_msgs/environment/ament_prefix_path.sh
-- Installing: /home/aichou/uni_projects/ROBM/robm-pixi/src/install/teleop_tools_msgs/share/teleop_tools_msgs/environment/ament_prefix_path.dsv
-- Installing: /home/aichou/uni_projects/ROBM/robm-pixi/src/install/teleop_tools_msgs/share/teleop_tools_msgs/environment/path.sh
-- Installing: /home/aichou/uni_projects/ROBM/robm-pixi/src/install/teleop_tools_msgs/share/teleop_tools_msgs/environment/path.dsv
-- Installing: /home/aichou/uni_projects/ROBM/robm-pixi/src/install/teleop_tools_msgs/share/teleop_tools_msgs/local_setup.bash
-- Installing: /home/aichou/uni_projects/ROBM/robm-pixi/src/install/teleop_tools_msgs/share/teleop_tools_msgs/local_setup.sh
-- Installing: /home/aichou/uni_projects/ROBM/robm-pixi/src/install/teleop_tools_msgs/share/teleop_tools_msgs/local_setup.zsh
-- Installing: /home/aichou/uni_projects/ROBM/robm-pixi/src/install/teleop_tools_msgs/share/teleop_tools_msgs/local_setup.dsv
-- Installing: /home/aichou/uni_projects/ROBM/robm-pixi/src/install/teleop_tools_msgs/share/teleop_tools_msgs/package.dsv
-- Installing: /home/aichou/uni_projects/ROBM/robm-pixi/src/install/teleop_tools_msgs/share/ament_index/resource_index/packages/teleop_tools_msgs
-- Installing: /home/aichou/uni_projects/ROBM/robm-pixi/src/install/teleop_tools_msgs/share/teleop_tools_msgs/cmake/export_teleop_tools_msgs__rosidl_generator_cExport.cmake
-- Installing: /home/aichou/uni_projects/ROBM/robm-pixi/src/install/teleop_tools_msgs/share/teleop_tools_msgs/cmake/export_teleop_tools_msgs__rosidl_generator_cExport-noconfig.cmake
-- Installing: /home/aichou/uni_projects/ROBM/robm-pixi/src/install/teleop_tools_msgs/share/teleop_tools_msgs/cmake/export_teleop_tools_msgs__rosidl_typesupport_fastrtps_cExport.cmake
-- Installing: /home/aichou/uni_projects/ROBM/robm-pixi/src/install/teleop_tools_msgs/share/teleop_tools_msgs/cmake/export_teleop_tools_msgs__rosidl_typesupport_fastrtps_cExport-noconfig.cmake
-- Installing: /home/aichou/uni_projects/ROBM/robm-pixi/src/install/teleop_tools_msgs/share/teleop_tools_msgs/cmake/teleop_tools_msgs__rosidl_typesupport_introspection_cExport.cmake
-- Installing: /home/aichou/uni_projects/ROBM/robm-pixi/src/install/teleop_tools_msgs/share/teleop_tools_msgs/cmake/teleop_tools_msgs__rosidl_typesupport_introspection_cExport-noconfig.cmake
-- Installing: /home/aichou/uni_projects/ROBM/robm-pixi/src/install/teleop_tools_msgs/share/teleop_tools_msgs/cmake/teleop_tools_msgs__rosidl_typesupport_cExport.cmake
-- Installing: /home/aichou/uni_projects/ROBM/robm-pixi/src/install/teleop_tools_msgs/share/teleop_tools_msgs/cmake/teleop_tools_msgs__rosidl_typesupport_cExport-noconfig.cmake
-- Installing: /home/aichou/uni_projects/ROBM/robm-pixi/src/install/teleop_tools_msgs/share/teleop_tools_msgs/cmake/export_teleop_tools_msgs__rosidl_generator_cppExport.cmake
-- Installing: /home/aichou/uni_projects/ROBM/robm-pixi/src/install/teleop_tools_msgs/share/teleop_tools_msgs/cmake/export_teleop_tools_msgs__rosidl_typesupport_fastrtps_cppExport.cmake
-- Installing: /home/aichou/uni_projects/ROBM/robm-pixi/src/install/teleop_tools_msgs/share/teleop_tools_msgs/cmake/export_teleop_tools_msgs__rosidl_typesupport_fastrtps_cppExport-noconfig.cmake
-- Installing: /home/aichou/uni_projects/ROBM/robm-pixi/src/install/teleop_tools_msgs/share/teleop_tools_msgs/cmake/teleop_tools_msgs__rosidl_typesupport_introspection_cppExport.cmake
-- Installing: /home/aichou/uni_projects/ROBM/robm-pixi/src/install/teleop_tools_msgs/share/teleop_tools_msgs/cmake/teleop_tools_msgs__rosidl_typesupport_introspection_cppExport-noconfig.cmake
-- Installing: /home/aichou/uni_projects/ROBM/robm-pixi/src/install/teleop_tools_msgs/share/teleop_tools_msgs/cmake/teleop_tools_msgs__rosidl_typesupport_cppExport.cmake
-- Installing: /home/aichou/uni_projects/ROBM/robm-pixi/src/install/teleop_tools_msgs/share/teleop_tools_msgs/cmake/teleop_tools_msgs__rosidl_typesupport_cppExport-noconfig.cmake
-- Installing: /home/aichou/uni_projects/ROBM/robm-pixi/src/install/teleop_tools_msgs/share/teleop_tools_msgs/cmake/export_teleop_tools_msgs__rosidl_generator_pyExport.cmake
-- Installing: /home/aichou/uni_projects/ROBM/robm-pixi/src/install/teleop_tools_msgs/share/teleop_tools_msgs/cmake/export_teleop_tools_msgs__rosidl_generator_pyExport-noconfig.cmake
-- Installing: /home/aichou/uni_projects/ROBM/robm-pixi/src/install/teleop_tools_msgs/share/teleop_tools_msgs/cmake/rosidl_cmake-extras.cmake
-- Installing: /home/aichou/uni_projects/ROBM/robm-pixi/src/install/teleop_tools_msgs/share/teleop_tools_msgs/cmake/ament_cmake_export_dependencies-extras.cmake
-- Installing: /home/aichou/uni_projects/ROBM/robm-pixi/src/install/teleop_tools_msgs/share/teleop_tools_msgs/cmake/ament_cmake_export_include_directories-extras.cmake
-- Installing: /home/aichou/uni_projects/ROBM/robm-pixi/src/install/teleop_tools_msgs/share/teleop_tools_msgs/cmake/ament_cmake_export_libraries-extras.cmake
-- Installing: /home/aichou/uni_projects/ROBM/robm-pixi/src/install/teleop_tools_msgs/share/teleop_tools_msgs/cmake/ament_cmake_export_targets-extras.cmake
-- Installing: /home/aichou/uni_projects/ROBM/robm-pixi/src/install/teleop_tools_msgs/share/teleop_tools_msgs/cmake/rosidl_cmake_export_typesupport_targets-extras.cmake
-- Installing: /home/aichou/uni_projects/ROBM/robm-pixi/src/install/teleop_tools_msgs/share/teleop_tools_msgs/cmake/rosidl_cmake_export_typesupport_libraries-extras.cmake
-- Installing: /home/aichou/uni_projects/ROBM/robm-pixi/src/install/teleop_tools_msgs/share/teleop_tools_msgs/cmake/teleop_tools_msgsConfig.cmake
-- Installing: /home/aichou/uni_projects/ROBM/robm-pixi/src/install/teleop_tools_msgs/share/teleop_tools_msgs/cmake/teleop_tools_msgsConfig-version.cmake
-- Installing: /home/aichou/uni_projects/ROBM/robm-pixi/src/install/teleop_tools_msgs/share/teleop_tools_msgs/package.xml
