[0.620s] Invoking command in '/home/aichou/uni_projects/ROBM/robm-pixi/src/robm_bridge': AMENT_PREFIX_PATH=/home/aichou/uni_projects/ROBM/robm-pixi/src/install/robm_interfaces:${AMENT_PREFIX_PATH} CMAKE_PREFIX_PATH=/home/aichou/uni_projects/ROBM/robm-pixi/src/install/robm_interfaces:${CMAKE_PREFIX_PATH} LD_LIBRARY_PATH=/home/aichou/uni_projects/ROBM/robm-pixi/src/install/robm_interfaces/lib:${LD_LIBRARY_PATH} PIXI_PROMPT=(robm) PS1=(robm) \[\e]0;\u@\h: \w\a\]${debian_chroot:+($debian_chroot)}\[\033[01;32m\]\u@\h\[\033[00m\]:\[\033[01;34m\]\w\[\033[00m\]\$ PYTHONPATH=/home/aichou/uni_projects/ROBM/robm-pixi/src/build/robm_bridge/prefix_override:/home/aichou/uni_projects/ROBM/robm-pixi/.pixi/envs/default/lib/python3.12/site-packages/colcon_core/task/python/colcon_distutils_commands:/home/aichou/uni_projects/ROBM/robm-pixi/src/install/robm_bridge/lib/python3.12/site-packages:/home/aichou/uni_projects/ROBM/robm-pixi/src/install/robm_interfaces/lib/python3.12/site-packages:${PYTHONPATH} /home/aichou/uni_projects/ROBM/robm-pixi/.pixi/envs/default/bin/python3.12 -W ignore:setup.py install is deprecated -W ignore:easy_install command is deprecated setup.py egg_info --egg-base ../build/robm_bridge build --build-base /home/aichou/uni_projects/ROBM/robm-pixi/src/build/robm_bridge/build install --record /home/aichou/uni_projects/ROBM/robm-pixi/src/build/robm_bridge/install.log --single-version-externally-managed install_data
[0.711s] /home/aichou/uni_projects/ROBM/robm-pixi/.pixi/envs/default/lib/python3.12/site-packages/setuptools/_distutils/dist.py:289: UserWarning: Unknown distribution option: 'tests_require'
[0.711s]   warnings.warn(msg)
[0.795s] running egg_info
[0.803s] creating ../build/robm_bridge/robm_bridge.egg-info
[0.804s] writing ../build/robm_bridge/robm_bridge.egg-info/PKG-INFO
[0.804s] writing dependency_links to ../build/robm_bridge/robm_bridge.egg-info/dependency_links.txt
[0.804s] writing entry points to ../build/robm_bridge/robm_bridge.egg-info/entry_points.txt
[0.804s] writing requirements to ../build/robm_bridge/robm_bridge.egg-info/requires.txt
[0.805s] writing top-level names to ../build/robm_bridge/robm_bridge.egg-info/top_level.txt
[0.805s] writing manifest file '../build/robm_bridge/robm_bridge.egg-info/SOURCES.txt'
[0.825s] reading manifest file '../build/robm_bridge/robm_bridge.egg-info/SOURCES.txt'
[0.825s] adding license file 'LICENSE'
[0.825s] writing manifest file '../build/robm_bridge/robm_bridge.egg-info/SOURCES.txt'
[0.825s] running build
[0.825s] running build_py
[0.825s] creating /home/aichou/uni_projects/ROBM/robm-pixi/src/build/robm_bridge/build/lib/robm_bridge
[0.825s] copying robm_bridge/zenoh_bridge.py -> /home/aichou/uni_projects/ROBM/robm-pixi/src/build/robm_bridge/build/lib/robm_bridge
[0.829s] copying robm_bridge/__init__.py -> /home/aichou/uni_projects/ROBM/robm-pixi/src/build/robm_bridge/build/lib/robm_bridge
[0.829s] copying robm_bridge/bridge_node.py -> /home/aichou/uni_projects/ROBM/robm-pixi/src/build/robm_bridge/build/lib/robm_bridge
[0.829s] copying robm_bridge/udp_bridge.py -> /home/aichou/uni_projects/ROBM/robm-pixi/src/build/robm_bridge/build/lib/robm_bridge
[0.830s] running install
[0.832s] running install_lib
[0.841s] creating /home/aichou/uni_projects/ROBM/robm-pixi/src/install/robm_bridge/lib/python3.12/site-packages/robm_bridge
[0.841s] copying /home/aichou/uni_projects/ROBM/robm-pixi/src/build/robm_bridge/build/lib/robm_bridge/zenoh_bridge.py -> /home/aichou/uni_projects/ROBM/robm-pixi/src/install/robm_bridge/lib/python3.12/site-packages/robm_bridge
[0.841s] copying /home/aichou/uni_projects/ROBM/robm-pixi/src/build/robm_bridge/build/lib/robm_bridge/__init__.py -> /home/aichou/uni_projects/ROBM/robm-pixi/src/install/robm_bridge/lib/python3.12/site-packages/robm_bridge
[0.841s] copying /home/aichou/uni_projects/ROBM/robm-pixi/src/build/robm_bridge/build/lib/robm_bridge/bridge_node.py -> /home/aichou/uni_projects/ROBM/robm-pixi/src/install/robm_bridge/lib/python3.12/site-packages/robm_bridge
[0.841s] copying /home/aichou/uni_projects/ROBM/robm-pixi/src/build/robm_bridge/build/lib/robm_bridge/udp_bridge.py -> /home/aichou/uni_projects/ROBM/robm-pixi/src/install/robm_bridge/lib/python3.12/site-packages/robm_bridge
[0.842s] byte-compiling /home/aichou/uni_projects/ROBM/robm-pixi/src/install/robm_bridge/lib/python3.12/site-packages/robm_bridge/zenoh_bridge.py to zenoh_bridge.cpython-312.pyc
[0.842s] byte-compiling /home/aichou/uni_projects/ROBM/robm-pixi/src/install/robm_bridge/lib/python3.12/site-packages/robm_bridge/__init__.py to __init__.cpython-312.pyc
[0.843s] byte-compiling /home/aichou/uni_projects/ROBM/robm-pixi/src/install/robm_bridge/lib/python3.12/site-packages/robm_bridge/bridge_node.py to bridge_node.cpython-312.pyc
[0.844s] byte-compiling /home/aichou/uni_projects/ROBM/robm-pixi/src/install/robm_bridge/lib/python3.12/site-packages/robm_bridge/udp_bridge.py to udp_bridge.cpython-312.pyc
[0.845s] running install_data
[0.845s] creating /home/aichou/uni_projects/ROBM/robm-pixi/src/install/robm_bridge/share/ament_index/resource_index/packages
[0.845s] copying resource/robm_bridge -> /home/aichou/uni_projects/ROBM/robm-pixi/src/install/robm_bridge/share/ament_index/resource_index/packages
[0.845s] copying package.xml -> /home/aichou/uni_projects/ROBM/robm-pixi/src/install/robm_bridge/share/robm_bridge
[0.845s] running install_egg_info
[0.854s] Copying ../build/robm_bridge/robm_bridge.egg-info to /home/aichou/uni_projects/ROBM/robm-pixi/src/install/robm_bridge/lib/python3.12/site-packages/robm_bridge-0.2.0-py3.12.egg-info
[0.854s] running install_scripts
[0.899s] Installing udp_bridge script to /home/aichou/uni_projects/ROBM/robm-pixi/src/install/robm_bridge/lib/robm_bridge
[0.899s] Installing zenoh_bridge script to /home/aichou/uni_projects/ROBM/robm-pixi/src/install/robm_bridge/lib/robm_bridge
[0.900s] writing list of installed files to '/home/aichou/uni_projects/ROBM/robm-pixi/src/build/robm_bridge/install.log'
[0.921s] Invoked command in '/home/aichou/uni_projects/ROBM/robm-pixi/src/robm_bridge' returned '0': AMENT_PREFIX_PATH=/home/aichou/uni_projects/ROBM/robm-pixi/src/install/robm_interfaces:${AMENT_PREFIX_PATH} CMAKE_PREFIX_PATH=/home/aichou/uni_projects/ROBM/robm-pixi/src/install/robm_interfaces:${CMAKE_PREFIX_PATH} LD_LIBRARY_PATH=/home/aichou/uni_projects/ROBM/robm-pixi/src/install/robm_interfaces/lib:${LD_LIBRARY_PATH} PIXI_PROMPT=(robm) PS1=(robm) \[\e]0;\u@\h: \w\a\]${debian_chroot:+($debian_chroot)}\[\033[01;32m\]\u@\h\[\033[00m\]:\[\033[01;34m\]\w\[\033[00m\]\$ PYTHONPATH=/home/aichou/uni_projects/ROBM/robm-pixi/src/build/robm_bridge/prefix_override:/home/aichou/uni_projects/ROBM/robm-pixi/.pixi/envs/default/lib/python3.12/site-packages/colcon_core/task/python/colcon_distutils_commands:/home/aichou/uni_projects/ROBM/robm-pixi/src/install/robm_bridge/lib/python3.12/site-packages:/home/aichou/uni_projects/ROBM/robm-pixi/src/install/robm_interfaces/lib/python3.12/site-packages:${PYTHONPATH} /home/aichou/uni_projects/ROBM/robm-pixi/.pixi/envs/default/bin/python3.12 -W ignore:setup.py install is deprecated -W ignore:easy_install command is deprecated setup.py egg_info --egg-base ../build/robm_bridge build --build-base /home/aichou/uni_projects/ROBM/robm-pixi/src/build/robm_bridge/build install --record /home/aichou/uni_projects/ROBM/robm-pixi/src/build/robm_bridge/install.log --single-version-externally-managed install_data
