[1.259s] Invoking command in '/home/aichou/uni_projects/ROBM/robm-pixi/src/teleop_tools/joy_teleop': AMENT_PREFIX_PATH=/home/aichou/uni_projects/ROBM/robm-pixi/src/install/teleop_tools_msgs:${AMENT_PREFIX_PATH} CMAKE_PREFIX_PATH=/home/aichou/uni_projects/ROBM/robm-pixi/src/install/teleop_tools_msgs:${CMAKE_PREFIX_PATH} LD_LIBRARY_PATH=/home/aichou/uni_projects/ROBM/robm-pixi/src/install/teleop_tools_msgs/lib:${LD_LIBRARY_PATH} PIXI_PROMPT=(robm) PS1=(robm) \[\e]0;\u@\h: \w\a\]${debian_chroot:+($debian_chroot)}\[\033[01;32m\]\u@\h\[\033[00m\]:\[\033[01;34m\]\w\[\033[00m\]\$ PYTHONPATH=/home/aichou/uni_projects/ROBM/robm-pixi/src/build/joy_teleop/prefix_override:/home/aichou/uni_projects/ROBM/robm-pixi/.pixi/envs/default/lib/python3.12/site-packages/colcon_core/task/python/colcon_distutils_commands:/home/aichou/uni_projects/ROBM/robm-pixi/src/install/joy_teleop/lib/python3.12/site-packages:/home/aichou/uni_projects/ROBM/robm-pixi/src/install/teleop_tools_msgs/lib/python3.12/site-packages:${PYTHONPATH} /home/aichou/uni_projects/ROBM/robm-pixi/.pixi/envs/default/bin/python3.12 -W ignore:setup.py install is deprecated -W ignore:easy_install command is deprecated setup.py egg_info --egg-base ../../build/joy_teleop build --build-base /home/aichou/uni_projects/ROBM/robm-pixi/src/build/joy_teleop/build install --record /home/aichou/uni_projects/ROBM/robm-pixi/src/build/joy_teleop/install.log --single-version-externally-managed install_data
[1.417s] /home/aichou/uni_projects/ROBM/robm-pixi/.pixi/envs/default/lib/python3.12/site-packages/setuptools/_distutils/dist.py:289: UserWarning: Unknown distribution option: 'tests_require'
[1.417s]   warnings.warn(msg)
[1.452s] /home/aichou/uni_projects/ROBM/robm-pixi/.pixi/envs/default/lib/python3.12/site-packages/setuptools/dist.py:759: SetuptoolsDeprecationWarning: License classifiers are deprecated.
[1.452s] !!
[1.452s] 
[1.452s]         ********************************************************************************
[1.452s]         Please consider removing the following classifiers in favor of a SPDX license expression:
[1.452s] 
[1.452s]         License :: OSI Approved :: BSD
[1.452s] 
[1.452s]         See https://packaging.python.org/en/latest/guides/writing-pyproject-toml/#license for details.
[1.452s]         ********************************************************************************
[1.452s] 
[1.452s] !!
[1.452s]   self._finalize_license_expression()
[1.524s] running egg_info
[1.539s] writing ../../build/joy_teleop/joy_teleop.egg-info/PKG-INFO
[1.539s] writing dependency_links to ../../build/joy_teleop/joy_teleop.egg-info/dependency_links.txt
[1.540s] writing entry points to ../../build/joy_teleop/joy_teleop.egg-info/entry_points.txt
[1.540s] writing requirements to ../../build/joy_teleop/joy_teleop.egg-info/requires.txt
[1.540s] writing top-level names to ../../build/joy_teleop/joy_teleop.egg-info/top_level.txt
[1.577s] reading manifest file '../../build/joy_teleop/joy_teleop.egg-info/SOURCES.txt'
[1.581s] writing manifest file '../../build/joy_teleop/joy_teleop.egg-info/SOURCES.txt'
[1.581s] running build
[1.581s] running build_py
[1.582s] copying joy_teleop/joy_teleop.py -> /home/aichou/uni_projects/ROBM/robm-pixi/src/build/joy_teleop/build/lib/joy_teleop
[1.582s] copying joy_teleop/__init__.py -> /home/aichou/uni_projects/ROBM/robm-pixi/src/build/joy_teleop/build/lib/joy_teleop
[1.582s] copying joy_teleop/incrementer_server.py -> /home/aichou/uni_projects/ROBM/robm-pixi/src/build/joy_teleop/build/lib/joy_teleop
[1.583s] running install
[1.588s] running install_lib
[1.604s] running install_data
[1.604s] copying package.xml -> /home/aichou/uni_projects/ROBM/robm-pixi/src/install/joy_teleop/share/joy_teleop
[1.605s] copying config/joy_teleop_example.yaml -> /home/aichou/uni_projects/ROBM/robm-pixi/src/install/joy_teleop/share/joy_teleop/config
[1.609s] copying launch/example.launch.py -> /home/aichou/uni_projects/ROBM/robm-pixi/src/install/joy_teleop/share/joy_teleop/launch
[1.609s] copying resource/joy_teleop -> /home/aichou/uni_projects/ROBM/robm-pixi/src/install/joy_teleop/share/ament_index/resource_index/packages
[1.609s] running install_egg_info
[1.627s] removing '/home/aichou/uni_projects/ROBM/robm-pixi/src/install/joy_teleop/lib/python3.12/site-packages/joy_teleop-1.8.0-py3.12.egg-info' (and everything under it)
[1.627s] Copying ../../build/joy_teleop/joy_teleop.egg-info to /home/aichou/uni_projects/ROBM/robm-pixi/src/install/joy_teleop/lib/python3.12/site-packages/joy_teleop-1.8.0-py3.12.egg-info
[1.629s] running install_scripts
[1.717s] Installing incrementer_server script to /home/aichou/uni_projects/ROBM/robm-pixi/src/install/joy_teleop/lib/joy_teleop
[1.717s] Installing joy_teleop script to /home/aichou/uni_projects/ROBM/robm-pixi/src/install/joy_teleop/lib/joy_teleop
[1.718s] writing list of installed files to '/home/aichou/uni_projects/ROBM/robm-pixi/src/build/joy_teleop/install.log'
[1.745s] Invoked command in '/home/aichou/uni_projects/ROBM/robm-pixi/src/teleop_tools/joy_teleop' returned '0': AMENT_PREFIX_PATH=/home/aichou/uni_projects/ROBM/robm-pixi/src/install/teleop_tools_msgs:${AMENT_PREFIX_PATH} CMAKE_PREFIX_PATH=/home/aichou/uni_projects/ROBM/robm-pixi/src/install/teleop_tools_msgs:${CMAKE_PREFIX_PATH} LD_LIBRARY_PATH=/home/aichou/uni_projects/ROBM/robm-pixi/src/install/teleop_tools_msgs/lib:${LD_LIBRARY_PATH} PIXI_PROMPT=(robm) PS1=(robm) \[\e]0;\u@\h: \w\a\]${debian_chroot:+($debian_chroot)}\[\033[01;32m\]\u@\h\[\033[00m\]:\[\033[01;34m\]\w\[\033[00m\]\$ PYTHONPATH=/home/aichou/uni_projects/ROBM/robm-pixi/src/build/joy_teleop/prefix_override:/home/aichou/uni_projects/ROBM/robm-pixi/.pixi/envs/default/lib/python3.12/site-packages/colcon_core/task/python/colcon_distutils_commands:/home/aichou/uni_projects/ROBM/robm-pixi/src/install/joy_teleop/lib/python3.12/site-packages:/home/aichou/uni_projects/ROBM/robm-pixi/src/install/teleop_tools_msgs/lib/python3.12/site-packages:${PYTHONPATH} /home/aichou/uni_projects/ROBM/robm-pixi/.pixi/envs/default/bin/python3.12 -W ignore:setup.py install is deprecated -W ignore:easy_install command is deprecated setup.py egg_info --egg-base ../../build/joy_teleop build --build-base /home/aichou/uni_projects/ROBM/robm-pixi/src/build/joy_teleop/build install --record /home/aichou/uni_projects/ROBM/robm-pixi/src/build/joy_teleop/install.log --single-version-externally-managed install_data
