[0.626s] Invoking command in '/home/aichou/uni_projects/ROBM/robm-pixi/src/robm_tp1_color': PIXI_PROMPT=(robm) PS1=(robm) \[\e]0;\u@\h: \w\a\]${debian_chroot:+($debian_chroot)}\[\033[01;32m\]\u@\h\[\033[00m\]:\[\033[01;34m\]\w\[\033[00m\]\$ PYTHONPATH=/home/aichou/uni_projects/ROBM/robm-pixi/build/robm_tp1_color/prefix_override:/home/aichou/uni_projects/ROBM/robm-pixi/.pixi/envs/default/lib/python3.12/site-packages/colcon_core/task/python/colcon_distutils_commands:/home/aichou/uni_projects/ROBM/robm-pixi/install/robm_tp1_color/lib/python3.12/site-packages:${PYTHONPATH} /home/aichou/uni_projects/ROBM/robm-pixi/.pixi/envs/default/bin/python3.12 -W ignore:setup.py install is deprecated -W ignore:easy_install command is deprecated setup.py egg_info --egg-base ../../build/robm_tp1_color build --build-base /home/aichou/uni_projects/ROBM/robm-pixi/build/robm_tp1_color/build install --record /home/aichou/uni_projects/ROBM/robm-pixi/build/robm_tp1_color/install.log --single-version-externally-managed install_data
[0.772s] running egg_info
[0.781s] writing ../../build/robm_tp1_color/robm_tp1_color.egg-info/PKG-INFO
[0.785s] writing dependency_links to ../../build/robm_tp1_color/robm_tp1_color.egg-info/dependency_links.txt
[0.785s] writing entry points to ../../build/robm_tp1_color/robm_tp1_color.egg-info/entry_points.txt
[0.786s] writing requirements to ../../build/robm_tp1_color/robm_tp1_color.egg-info/requires.txt
[0.786s] writing top-level names to ../../build/robm_tp1_color/robm_tp1_color.egg-info/top_level.txt
[0.806s] reading manifest file '../../build/robm_tp1_color/robm_tp1_color.egg-info/SOURCES.txt'
[0.811s] writing manifest file '../../build/robm_tp1_color/robm_tp1_color.egg-info/SOURCES.txt'
[0.811s] running build
[0.811s] running build_py
[0.811s] copying robm_tp1_color/__init__.py -> /home/aichou/uni_projects/ROBM/robm-pixi/build/robm_tp1_color/build/lib/robm_tp1_color
[0.812s] copying robm_tp1_color/couleur.py -> /home/aichou/uni_projects/ROBM/robm-pixi/build/robm_tp1_color/build/lib/robm_tp1_color
[0.812s] running install
[0.815s] running install_lib
[0.824s] copying /home/aichou/uni_projects/ROBM/robm-pixi/build/robm_tp1_color/build/lib/robm_tp1_color/couleur.py -> /home/aichou/uni_projects/ROBM/robm-pixi/install/robm_tp1_color/lib/python3.12/site-packages/robm_tp1_color
[0.825s] byte-compiling /home/aichou/uni_projects/ROBM/robm-pixi/install/robm_tp1_color/lib/python3.12/site-packages/robm_tp1_color/couleur.py to couleur.cpython-312.pyc
[0.826s] running install_data
[0.826s] copying resource/robm_tp1_color -> /home/aichou/uni_projects/ROBM/robm-pixi/install/robm_tp1_color/share/ament_index/resource_index/packages
[0.827s] copying package.xml -> /home/aichou/uni_projects/ROBM/robm-pixi/install/robm_tp1_color/share/robm_tp1_color
[0.827s] running install_egg_info
[0.836s] removing '/home/aichou/uni_projects/ROBM/robm-pixi/install/robm_tp1_color/lib/python3.12/site-packages/robm_tp1_color-0.0.0-py3.12.egg-info' (and everything under it)
[0.837s] Copying ../../build/robm_tp1_color/robm_tp1_color.egg-info to /home/aichou/uni_projects/ROBM/robm-pixi/install/robm_tp1_color/lib/python3.12/site-packages/robm_tp1_color-0.0.0-py3.12.egg-info
[0.838s] running install_scripts
[0.886s] Installing couleur script to /home/aichou/uni_projects/ROBM/robm-pixi/install/robm_tp1_color/lib/robm_tp1_color
[0.886s] writing list of installed files to '/home/aichou/uni_projects/ROBM/robm-pixi/build/robm_tp1_color/install.log'
[0.901s] Invoked command in '/home/aichou/uni_projects/ROBM/robm-pixi/src/robm_tp1_color' returned '0': PIXI_PROMPT=(robm) PS1=(robm) \[\e]0;\u@\h: \w\a\]${debian_chroot:+($debian_chroot)}\[\033[01;32m\]\u@\h\[\033[00m\]:\[\033[01;34m\]\w\[\033[00m\]\$ PYTHONPATH=/home/aichou/uni_projects/ROBM/robm-pixi/build/robm_tp1_color/prefix_override:/home/aichou/uni_projects/ROBM/robm-pixi/.pixi/envs/default/lib/python3.12/site-packages/colcon_core/task/python/colcon_distutils_commands:/home/aichou/uni_projects/ROBM/robm-pixi/install/robm_tp1_color/lib/python3.12/site-packages:${PYTHONPATH} /home/aichou/uni_projects/ROBM/robm-pixi/.pixi/envs/default/bin/python3.12 -W ignore:setup.py install is deprecated -W ignore:easy_install command is deprecated setup.py egg_info --egg-base ../../build/robm_tp1_color build --build-base /home/aichou/uni_projects/ROBM/robm-pixi/build/robm_tp1_color/build install --record /home/aichou/uni_projects/ROBM/robm-pixi/build/robm_tp1_color/install.log --single-version-externally-managed install_data
