[1.050s] Invoking command in '/home/aichou/uni_projects/ROBM/robm-pixi/robm_tp1_color': PIXI_PROMPT=(robm) PS1=(robm) \[\e]0;\u@\h: \w\a\]${debian_chroot:+($debian_chroot)}\[\033[01;32m\]\u@\h\[\033[00m\]:\[\033[01;34m\]\w\[\033[00m\]\$ PYTHONPATH=/home/aichou/uni_projects/ROBM/robm-pixi/build/robm_tp1_color/prefix_override:/home/aichou/uni_projects/ROBM/robm-pixi/.pixi/envs/default/lib/python3.12/site-packages/colcon_core/task/python/colcon_distutils_commands:/home/aichou/uni_projects/ROBM/robm-pixi/install/robm_tp1_color/lib/python3.12/site-packages:${PYTHONPATH} /home/aichou/uni_projects/ROBM/robm-pixi/.pixi/envs/default/bin/python3.12 -W ignore:setup.py install is deprecated -W ignore:easy_install command is deprecated setup.py egg_info --egg-base ../build/robm_tp1_color build --build-base /home/aichou/uni_projects/ROBM/robm-pixi/build/robm_tp1_color/build install --record /home/aichou/uni_projects/ROBM/robm-pixi/build/robm_tp1_color/install.log --single-version-externally-managed install_data
[1.304s] running egg_info
[1.322s] creating ../build/robm_tp1_color/robm_tp1_color.egg-info
[1.324s] writing ../build/robm_tp1_color/robm_tp1_color.egg-info/PKG-INFO
[1.325s] writing dependency_links to ../build/robm_tp1_color/robm_tp1_color.egg-info/dependency_links.txt
[1.325s] writing entry points to ../build/robm_tp1_color/robm_tp1_color.egg-info/entry_points.txt
[1.326s] writing requirements to ../build/robm_tp1_color/robm_tp1_color.egg-info/requires.txt
[1.326s] writing top-level names to ../build/robm_tp1_color/robm_tp1_color.egg-info/top_level.txt
[1.326s] writing manifest file '../build/robm_tp1_color/robm_tp1_color.egg-info/SOURCES.txt'
[1.355s] reading manifest file '../build/robm_tp1_color/robm_tp1_color.egg-info/SOURCES.txt'
[1.356s] writing manifest file '../build/robm_tp1_color/robm_tp1_color.egg-info/SOURCES.txt'
[1.357s] running build
[1.357s] running build_py
[1.357s] creating /home/aichou/uni_projects/ROBM/robm-pixi/build/robm_tp1_color/build/lib/robm_tp1_color
[1.359s] copying robm_tp1_color/__init__.py -> /home/aichou/uni_projects/ROBM/robm-pixi/build/robm_tp1_color/build/lib/robm_tp1_color
[1.359s] copying robm_tp1_color/couleur.py -> /home/aichou/uni_projects/ROBM/robm-pixi/build/robm_tp1_color/build/lib/robm_tp1_color
[1.360s] running install
[1.367s] running install_lib
[1.386s] creating /home/aichou/uni_projects/ROBM/robm-pixi/install/robm_tp1_color/lib/python3.12/site-packages/robm_tp1_color
[1.387s] copying /home/aichou/uni_projects/ROBM/robm-pixi/build/robm_tp1_color/build/lib/robm_tp1_color/__init__.py -> /home/aichou/uni_projects/ROBM/robm-pixi/install/robm_tp1_color/lib/python3.12/site-packages/robm_tp1_color
[1.387s] copying /home/aichou/uni_projects/ROBM/robm-pixi/build/robm_tp1_color/build/lib/robm_tp1_color/couleur.py -> /home/aichou/uni_projects/ROBM/robm-pixi/install/robm_tp1_color/lib/python3.12/site-packages/robm_tp1_color
[1.388s] byte-compiling /home/aichou/uni_projects/ROBM/robm-pixi/install/robm_tp1_color/lib/python3.12/site-packages/robm_tp1_color/__init__.py to __init__.cpython-312.pyc
[1.389s] byte-compiling /home/aichou/uni_projects/ROBM/robm-pixi/install/robm_tp1_color/lib/python3.12/site-packages/robm_tp1_color/couleur.py to couleur.cpython-312.pyc
[1.390s] running install_data
[1.391s] creating /home/aichou/uni_projects/ROBM/robm-pixi/install/robm_tp1_color/share/ament_index/resource_index/packages
[1.393s] copying resource/robm_tp1_color -> /home/aichou/uni_projects/ROBM/robm-pixi/install/robm_tp1_color/share/ament_index/resource_index/packages
[1.394s] copying package.xml -> /home/aichou/uni_projects/ROBM/robm-pixi/install/robm_tp1_color/share/robm_tp1_color
[1.394s] running install_egg_info
[1.413s] Copying ../build/robm_tp1_color/robm_tp1_color.egg-info to /home/aichou/uni_projects/ROBM/robm-pixi/install/robm_tp1_color/lib/python3.12/site-packages/robm_tp1_color-0.0.0-py3.12.egg-info
[1.417s] running install_scripts
[1.529s] Installing couleur script to /home/aichou/uni_projects/ROBM/robm-pixi/install/robm_tp1_color/lib/robm_tp1_color
[1.540s] writing list of installed files to '/home/aichou/uni_projects/ROBM/robm-pixi/build/robm_tp1_color/install.log'
[1.589s] Invoked command in '/home/aichou/uni_projects/ROBM/robm-pixi/robm_tp1_color' returned '0': PIXI_PROMPT=(robm) PS1=(robm) \[\e]0;\u@\h: \w\a\]${debian_chroot:+($debian_chroot)}\[\033[01;32m\]\u@\h\[\033[00m\]:\[\033[01;34m\]\w\[\033[00m\]\$ PYTHONPATH=/home/aichou/uni_projects/ROBM/robm-pixi/build/robm_tp1_color/prefix_override:/home/aichou/uni_projects/ROBM/robm-pixi/.pixi/envs/default/lib/python3.12/site-packages/colcon_core/task/python/colcon_distutils_commands:/home/aichou/uni_projects/ROBM/robm-pixi/install/robm_tp1_color/lib/python3.12/site-packages:${PYTHONPATH} /home/aichou/uni_projects/ROBM/robm-pixi/.pixi/envs/default/bin/python3.12 -W ignore:setup.py install is deprecated -W ignore:easy_install command is deprecated setup.py egg_info --egg-base ../build/robm_tp1_color build --build-base /home/aichou/uni_projects/ROBM/robm-pixi/build/robm_tp1_color/build install --record /home/aichou/uni_projects/ROBM/robm-pixi/build/robm_tp1_color/install.log --single-version-externally-managed install_data
