[1.050s] Invoking command in '/home/aichou/uni_projects/ROBM/robm-pixi/src/robm_tp1_color': PIXI_PROMPT=(robm) PS1=(robm) \[\e]0;\u@\h: \w\a\]${debian_chroot:+($debian_chroot)}\[\033[01;32m\]\u@\h\[\033[00m\]:\[\033[01;34m\]\w\[\033[00m\]\$ PYTHONPATH=/home/aichou/uni_projects/ROBM/robm-pixi/build/robm_tp1_color/prefix_override:/home/aichou/uni_projects/ROBM/robm-pixi/.pixi/envs/default/lib/python3.12/site-packages/colcon_core/task/python/colcon_distutils_commands:/home/aichou/uni_projects/ROBM/robm-pixi/install/robm_tp1_color/lib/python3.12/site-packages:${PYTHONPATH} /home/aichou/uni_projects/ROBM/robm-pixi/.pixi/envs/default/bin/python3.12 -W ignore:setup.py install is deprecated -W ignore:easy_install command is deprecated setup.py egg_info --egg-base ../../build/robm_tp1_color build --build-base /home/aichou/uni_projects/ROBM/robm-pixi/build/robm_tp1_color/build install --record /home/aichou/uni_projects/ROBM/robm-pixi/build/robm_tp1_color/install.log --single-version-externally-managed install_data
[1.234s] running egg_info
[1.243s] writing ../../build/robm_tp1_color/robm_tp1_color.egg-info/PKG-INFO
[1.243s] writing dependency_links to ../../build/robm_tp1_color/robm_tp1_color.egg-info/dependency_links.txt
[1.244s] writing entry points to ../../build/robm_tp1_color/robm_tp1_color.egg-info/entry_points.txt
[1.244s] writing requirements to ../../build/robm_tp1_color/robm_tp1_color.egg-info/requires.txt
[1.244s] writing top-level names to ../../build/robm_tp1_color/robm_tp1_color.egg-info/top_level.txt
[1.265s] reading manifest file '../../build/robm_tp1_color/robm_tp1_color.egg-info/SOURCES.txt'
[1.266s] writing manifest file '../../build/robm_tp1_color/robm_tp1_color.egg-info/SOURCES.txt'
[1.266s] running build
[1.266s] running build_py
[1.266s] copying robm_tp1_color/__init__.py -> /home/aichou/uni_projects/ROBM/robm-pixi/build/robm_tp1_color/build/lib/robm_tp1_color
[1.267s] copying robm_tp1_color/couleur.py -> /home/aichou/uni_projects/ROBM/robm-pixi/build/robm_tp1_color/build/lib/robm_tp1_color
[1.267s] running install
[1.270s] running install_lib
[1.281s] running install_data
[1.281s] copying resource/robm_tp1_color -> /home/aichou/uni_projects/ROBM/robm-pixi/install/robm_tp1_color/share/ament_index/resource_index/packages
[1.281s] copying package.xml -> /home/aichou/uni_projects/ROBM/robm-pixi/install/robm_tp1_color/share/robm_tp1_color
[1.281s] running install_egg_info
[1.292s] removing '/home/aichou/uni_projects/ROBM/robm-pixi/install/robm_tp1_color/lib/python3.12/site-packages/robm_tp1_color-0.0.0-py3.12.egg-info' (and everything under it)
[1.292s] Copying ../../build/robm_tp1_color/robm_tp1_color.egg-info to /home/aichou/uni_projects/ROBM/robm-pixi/install/robm_tp1_color/lib/python3.12/site-packages/robm_tp1_color-0.0.0-py3.12.egg-info
[1.293s] running install_scripts
[1.350s] Installing couleur script to /home/aichou/uni_projects/ROBM/robm-pixi/install/robm_tp1_color/lib/robm_tp1_color
[1.350s] writing list of installed files to '/home/aichou/uni_projects/ROBM/robm-pixi/build/robm_tp1_color/install.log'
[1.373s] Invoked command in '/home/aichou/uni_projects/ROBM/robm-pixi/src/robm_tp1_color' returned '0': PIXI_PROMPT=(robm) PS1=(robm) \[\e]0;\u@\h: \w\a\]${debian_chroot:+($debian_chroot)}\[\033[01;32m\]\u@\h\[\033[00m\]:\[\033[01;34m\]\w\[\033[00m\]\$ PYTHONPATH=/home/aichou/uni_projects/ROBM/robm-pixi/build/robm_tp1_color/prefix_override:/home/aichou/uni_projects/ROBM/robm-pixi/.pixi/envs/default/lib/python3.12/site-packages/colcon_core/task/python/colcon_distutils_commands:/home/aichou/uni_projects/ROBM/robm-pixi/install/robm_tp1_color/lib/python3.12/site-packages:${PYTHONPATH} /home/aichou/uni_projects/ROBM/robm-pixi/.pixi/envs/default/bin/python3.12 -W ignore:setup.py install is deprecated -W ignore:easy_install command is deprecated setup.py egg_info --egg-base ../../build/robm_tp1_color build --build-base /home/aichou/uni_projects/ROBM/robm-pixi/build/robm_tp1_color/build install --record /home/aichou/uni_projects/ROBM/robm-pixi/build/robm_tp1_color/install.log --single-version-externally-managed install_data
