[0.664s] Invoking command in '/home/aichou/uni_projects/ROBM/robm-pixi/build/joy_teleop': CMAKE_PREFIX_PATH=/home/aichou/uni_projects/ROBM/robm-pixi/install/teleop_tools_msgs:/home/aichou/uni_projects/ROBM/robm-pixi/install/teleop_tools:/home/aichou/uni_projects/ROBM/robm-pixi/install/robm_interfaces:/home/aichou/uni_projects/ROBM/robm-pixi/.pixi/envs/default:/home/aichou/uni_projects/ROBM/robm-pixi/.pixi/envs/default/x86_64-conda-linux-gnu/sysroot/usr PIXI_PROMPT=(robm) PS1=(robm) \[\e]0;\u@\h: \w\a\]${debian_chroot:+($debian_chroot)}\[\033[01;32m\]\u@\h\[\033[00m\]:\[\033[01;34m\]\w\[\033[00m\]\$ PYTHONPATH=/home/aichou/uni_projects/ROBM/robm-pixi/build/joy_teleop/prefix_override:/home/aichou/uni_projects/ROBM/robm-pixi/.pixi/envs/default/lib/python3.12/site-packages/colcon_core/task/python/colcon_distutils_commands:/home/aichou/uni_projects/ROBM/robm-pixi/install/joy_teleop/lib/python3.12/site-packages:/home/aichou/uni_projects/ROBM/robm-pixi/install/teleop_tools_msgs/lib/python3.12/site-packages:/home/aichou/uni_projects/ROBM/robm-pixi/build/joy_teleop:/home/aichou/uni_projects/ROBM/robm-pixi/install/joy_teleop/lib/python3.12/site-packages:/home/aichou/uni_projects/ROBM/robm-pixi/build/robm_tp1_color:/home/aichou/uni_projects/ROBM/robm-pixi/install/robm_tp1_color/lib/python3.12/site-packages:/home/aichou/uni_projects/ROBM/robm-pixi/build/robm_bridge:/home/aichou/uni_projects/ROBM/robm-pixi/install/robm_bridge/lib/python3.12/site-packages:/home/aichou/uni_projects/ROBM/robm-pixi/install/robm_interfaces/lib/python3.12/site-packages:/home/aichou/uni_projects/ROBM/robm-pixi/build/mouse_teleop:/home/aichou/uni_projects/ROBM/robm-pixi/install/mouse_teleop/lib/python3.12/site-packages:/home/aichou/uni_projects/ROBM/robm-pixi/build/key_teleop:/home/aichou/uni_projects/ROBM/robm-pixi/install/key_teleop/lib/python3.12/site-packages:/home/aichou/uni_projects/ROBM/robm-pixi/.pixi/envs/default/lib/python/site-packages:/home/aichou/uni_projects/ROBM/robm-pixi/.pixi/envs/default/lib/python3.12/site-packages /home/aichou/uni_projects/ROBM/robm-pixi/.pixi/envs/default/bin/python3.12 -W ignore:setup.py install is deprecated -W ignore:easy_install command is deprecated setup.py develop --uninstall --editable --build-directory /home/aichou/uni_projects/ROBM/robm-pixi/build/joy_teleop/build
[0.750s] /home/aichou/uni_projects/ROBM/robm-pixi/.pixi/envs/default/lib/python3.12/site-packages/setuptools/_distutils/dist.py:289: UserWarning: Unknown distribution option: 'tests_require'
[0.750s]   warnings.warn(msg)
[0.769s] /home/aichou/uni_projects/ROBM/robm-pixi/.pixi/envs/default/lib/python3.12/site-packages/setuptools/dist.py:759: SetuptoolsDeprecationWarning: License classifiers are deprecated.
[0.769s] !!
[0.769s] 
[0.769s]         ********************************************************************************
[0.769s]         Please consider removing the following classifiers in favor of a SPDX license expression:
[0.769s] 
[0.769s]         License :: OSI Approved :: BSD
[0.769s] 
[0.769s]         See https://packaging.python.org/en/latest/guides/writing-pyproject-toml/#license for details.
[0.769s]         ********************************************************************************
[0.769s] 
[0.769s] !!
[0.769s]   self._finalize_license_expression()
[0.808s] running develop
[0.907s] Removing /home/aichou/uni_projects/ROBM/robm-pixi/install/joy_teleop/lib/python3.12/site-packages/joy-teleop.egg-link (link to .)
[0.925s] Invoked command in '/home/aichou/uni_projects/ROBM/robm-pixi/build/joy_teleop' returned '0': CMAKE_PREFIX_PATH=/home/aichou/uni_projects/ROBM/robm-pixi/install/teleop_tools_msgs:/home/aichou/uni_projects/ROBM/robm-pixi/install/teleop_tools:/home/aichou/uni_projects/ROBM/robm-pixi/install/robm_interfaces:/home/aichou/uni_projects/ROBM/robm-pixi/.pixi/envs/default:/home/aichou/uni_projects/ROBM/robm-pixi/.pixi/envs/default/x86_64-conda-linux-gnu/sysroot/usr PIXI_PROMPT=(robm) PS1=(robm) \[\e]0;\u@\h: \w\a\]${debian_chroot:+($debian_chroot)}\[\033[01;32m\]\u@\h\[\033[00m\]:\[\033[01;34m\]\w\[\033[00m\]\$ PYTHONPATH=/home/aichou/uni_projects/ROBM/robm-pixi/build/joy_teleop/prefix_override:/home/aichou/uni_projects/ROBM/robm-pixi/.pixi/envs/default/lib/python3.12/site-packages/colcon_core/task/python/colcon_distutils_commands:/home/aichou/uni_projects/ROBM/robm-pixi/install/joy_teleop/lib/python3.12/site-packages:/home/aichou/uni_projects/ROBM/robm-pixi/install/teleop_tools_msgs/lib/python3.12/site-packages:/home/aichou/uni_projects/ROBM/robm-pixi/build/joy_teleop:/home/aichou/uni_projects/ROBM/robm-pixi/install/joy_teleop/lib/python3.12/site-packages:/home/aichou/uni_projects/ROBM/robm-pixi/build/robm_tp1_color:/home/aichou/uni_projects/ROBM/robm-pixi/install/robm_tp1_color/lib/python3.12/site-packages:/home/aichou/uni_projects/ROBM/robm-pixi/build/robm_bridge:/home/aichou/uni_projects/ROBM/robm-pixi/install/robm_bridge/lib/python3.12/site-packages:/home/aichou/uni_projects/ROBM/robm-pixi/install/robm_interfaces/lib/python3.12/site-packages:/home/aichou/uni_projects/ROBM/robm-pixi/build/mouse_teleop:/home/aichou/uni_projects/ROBM/robm-pixi/install/mouse_teleop/lib/python3.12/site-packages:/home/aichou/uni_projects/ROBM/robm-pixi/build/key_teleop:/home/aichou/uni_projects/ROBM/robm-pixi/install/key_teleop/lib/python3.12/site-packages:/home/aichou/uni_projects/ROBM/robm-pixi/.pixi/envs/default/lib/python/site-packages:/home/aichou/uni_projects/ROBM/robm-pixi/.pixi/envs/default/lib/python3.12/site-packages /home/aichou/uni_projects/ROBM/robm-pixi/.pixi/envs/default/bin/python3.12 -W ignore:setup.py install is deprecated -W ignore:easy_install command is deprecated setup.py develop --uninstall --editable --build-directory /home/aichou/uni_projects/ROBM/robm-pixi/build/joy_teleop/build
[0.926s] Invoking command in '/home/aichou/uni_projects/ROBM/robm-pixi/src/teleop_tools/joy_teleop': CMAKE_PREFIX_PATH=/home/aichou/uni_projects/ROBM/robm-pixi/install/teleop_tools_msgs:/home/aichou/uni_projects/ROBM/robm-pixi/install/teleop_tools:/home/aichou/uni_projects/ROBM/robm-pixi/install/robm_interfaces:/home/aichou/uni_projects/ROBM/robm-pixi/.pixi/envs/default:/home/aichou/uni_projects/ROBM/robm-pixi/.pixi/envs/default/x86_64-conda-linux-gnu/sysroot/usr PIXI_PROMPT=(robm) PS1=(robm) \[\e]0;\u@\h: \w\a\]${debian_chroot:+($debian_chroot)}\[\033[01;32m\]\u@\h\[\033[00m\]:\[\033[01;34m\]\w\[\033[00m\]\$ PYTHONPATH=/home/aichou/uni_projects/ROBM/robm-pixi/build/joy_teleop/prefix_override:/home/aichou/uni_projects/ROBM/robm-pixi/.pixi/envs/default/lib/python3.12/site-packages/colcon_core/task/python/colcon_distutils_commands:/home/aichou/uni_projects/ROBM/robm-pixi/install/joy_teleop/lib/python3.12/site-packages:/home/aichou/uni_projects/ROBM/robm-pixi/install/teleop_tools_msgs/lib/python3.12/site-packages:/home/aichou/uni_projects/ROBM/robm-pixi/build/joy_teleop:/home/aichou/uni_projects/ROBM/robm-pixi/install/joy_teleop/lib/python3.12/site-packages:/home/aichou/uni_projects/ROBM/robm-pixi/build/robm_tp1_color:/home/aichou/uni_projects/ROBM/robm-pixi/install/robm_tp1_color/lib/python3.12/site-packages:/home/aichou/uni_projects/ROBM/robm-pixi/build/robm_bridge:/home/aichou/uni_projects/ROBM/robm-pixi/install/robm_bridge/lib/python3.12/site-packages:/home/aichou/uni_projects/ROBM/robm-pixi/install/robm_interfaces/lib/python3.12/site-packages:/home/aichou/uni_projects/ROBM/robm-pixi/build/mouse_teleop:/home/aichou/uni_projects/ROBM/robm-pixi/install/mouse_teleop/lib/python3.12/site-packages:/home/aichou/uni_projects/ROBM/robm-pixi/build/key_teleop:/home/aichou/uni_projects/ROBM/robm-pixi/install/key_teleop/lib/python3.12/site-packages:/home/aichou/uni_projects/ROBM/robm-pixi/.pixi/envs/default/lib/python/site-packages:/home/aichou/uni_projects/ROBM/robm-pixi/.pixi/envs/default/lib/python3.12/site-packages /home/aichou/uni_projects/ROBM/robm-pixi/.pixi/envs/default/bin/python3.12 -W ignore:setup.py install is deprecated -W ignore:easy_install command is deprecated setup.py egg_info --egg-base ../../../build/joy_teleop build --build-base /home/aichou/uni_projects/ROBM/robm-pixi/build/joy_teleop/build install --record /home/aichou/uni_projects/ROBM/robm-pixi/build/joy_teleop/install.log --single-version-externally-managed install_data --force
[1.018s] /home/aichou/uni_projects/ROBM/robm-pixi/.pixi/envs/default/lib/python3.12/site-packages/setuptools/_distutils/dist.py:289: UserWarning: Unknown distribution option: 'tests_require'
[1.018s]   warnings.warn(msg)
[1.036s] /home/aichou/uni_projects/ROBM/robm-pixi/.pixi/envs/default/lib/python3.12/site-packages/setuptools/dist.py:759: SetuptoolsDeprecationWarning: License classifiers are deprecated.
[1.036s] !!
[1.036s] 
[1.036s]         ********************************************************************************
[1.036s]         Please consider removing the following classifiers in favor of a SPDX license expression:
[1.036s] 
[1.036s]         License :: OSI Approved :: BSD
[1.036s] 
[1.036s]         See https://packaging.python.org/en/latest/guides/writing-pyproject-toml/#license for details.
[1.036s]         ********************************************************************************
[1.036s] 
[1.036s] !!
[1.036s]   self._finalize_license_expression()
[1.073s] running egg_info
[1.083s] writing ../../../build/joy_teleop/joy_teleop.egg-info/PKG-INFO
[1.083s] writing dependency_links to ../../../build/joy_teleop/joy_teleop.egg-info/dependency_links.txt
[1.083s] writing entry points to ../../../build/joy_teleop/joy_teleop.egg-info/entry_points.txt
[1.083s] writing requirements to ../../../build/joy_teleop/joy_teleop.egg-info/requires.txt
[1.083s] writing top-level names to ../../../build/joy_teleop/joy_teleop.egg-info/top_level.txt
[1.102s] reading manifest file '../../../build/joy_teleop/joy_teleop.egg-info/SOURCES.txt'
[1.103s] writing manifest file '../../../build/joy_teleop/joy_teleop.egg-info/SOURCES.txt'
[1.103s] running build
[1.103s] running build_py
[1.103s] creating /home/aichou/uni_projects/ROBM/robm-pixi/build/joy_teleop/build/lib/joy_teleop
[1.104s] copying joy_teleop/joy_teleop.py -> /home/aichou/uni_projects/ROBM/robm-pixi/build/joy_teleop/build/lib/joy_teleop
[1.104s] copying joy_teleop/__init__.py -> /home/aichou/uni_projects/ROBM/robm-pixi/build/joy_teleop/build/lib/joy_teleop
[1.104s] copying joy_teleop/incrementer_server.py -> /home/aichou/uni_projects/ROBM/robm-pixi/build/joy_teleop/build/lib/joy_teleop
[1.104s] running install
[1.107s] running install_lib
[1.117s] creating /home/aichou/uni_projects/ROBM/robm-pixi/install/joy_teleop/lib/python3.12/site-packages/joy_teleop
[1.117s] copying /home/aichou/uni_projects/ROBM/robm-pixi/build/joy_teleop/build/lib/joy_teleop/joy_teleop.py -> /home/aichou/uni_projects/ROBM/robm-pixi/install/joy_teleop/lib/python3.12/site-packages/joy_teleop
[1.117s] copying /home/aichou/uni_projects/ROBM/robm-pixi/build/joy_teleop/build/lib/joy_teleop/__init__.py -> /home/aichou/uni_projects/ROBM/robm-pixi/install/joy_teleop/lib/python3.12/site-packages/joy_teleop
[1.117s] copying /home/aichou/uni_projects/ROBM/robm-pixi/build/joy_teleop/build/lib/joy_teleop/incrementer_server.py -> /home/aichou/uni_projects/ROBM/robm-pixi/install/joy_teleop/lib/python3.12/site-packages/joy_teleop
[1.118s] byte-compiling /home/aichou/uni_projects/ROBM/robm-pixi/install/joy_teleop/lib/python3.12/site-packages/joy_teleop/joy_teleop.py to joy_teleop.cpython-312.pyc
[1.119s] byte-compiling /home/aichou/uni_projects/ROBM/robm-pixi/install/joy_teleop/lib/python3.12/site-packages/joy_teleop/__init__.py to __init__.cpython-312.pyc
[1.120s] byte-compiling /home/aichou/uni_projects/ROBM/robm-pixi/install/joy_teleop/lib/python3.12/site-packages/joy_teleop/incrementer_server.py to incrementer_server.cpython-312.pyc
[1.120s] running install_data
[1.120s] copying package.xml -> /home/aichou/uni_projects/ROBM/robm-pixi/install/joy_teleop/share/joy_teleop
[1.120s] copying config/joy_teleop_example.yaml -> /home/aichou/uni_projects/ROBM/robm-pixi/install/joy_teleop/share/joy_teleop/config
[1.121s] copying launch/example.launch.py -> /home/aichou/uni_projects/ROBM/robm-pixi/install/joy_teleop/share/joy_teleop/launch
[1.121s] copying resource/joy_teleop -> /home/aichou/uni_projects/ROBM/robm-pixi/install/joy_teleop/share/ament_index/resource_index/packages
[1.121s] running install_egg_info
[1.130s] Copying ../../../build/joy_teleop/joy_teleop.egg-info to /home/aichou/uni_projects/ROBM/robm-pixi/install/joy_teleop/lib/python3.12/site-packages/joy_teleop-1.8.0-py3.12.egg-info
[1.131s] running install_scripts
[1.177s] Installing incrementer_server script to /home/aichou/uni_projects/ROBM/robm-pixi/install/joy_teleop/lib/joy_teleop
[1.177s] Installing joy_teleop script to /home/aichou/uni_projects/ROBM/robm-pixi/install/joy_teleop/lib/joy_teleop
[1.177s] writing list of installed files to '/home/aichou/uni_projects/ROBM/robm-pixi/build/joy_teleop/install.log'
[1.193s] Invoked command in '/home/aichou/uni_projects/ROBM/robm-pixi/src/teleop_tools/joy_teleop' returned '0': CMAKE_PREFIX_PATH=/home/aichou/uni_projects/ROBM/robm-pixi/install/teleop_tools_msgs:/home/aichou/uni_projects/ROBM/robm-pixi/install/teleop_tools:/home/aichou/uni_projects/ROBM/robm-pixi/install/robm_interfaces:/home/aichou/uni_projects/ROBM/robm-pixi/.pixi/envs/default:/home/aichou/uni_projects/ROBM/robm-pixi/.pixi/envs/default/x86_64-conda-linux-gnu/sysroot/usr PIXI_PROMPT=(robm) PS1=(robm) \[\e]0;\u@\h: \w\a\]${debian_chroot:+($debian_chroot)}\[\033[01;32m\]\u@\h\[\033[00m\]:\[\033[01;34m\]\w\[\033[00m\]\$ PYTHONPATH=/home/aichou/uni_projects/ROBM/robm-pixi/build/joy_teleop/prefix_override:/home/aichou/uni_projects/ROBM/robm-pixi/.pixi/envs/default/lib/python3.12/site-packages/colcon_core/task/python/colcon_distutils_commands:/home/aichou/uni_projects/ROBM/robm-pixi/install/joy_teleop/lib/python3.12/site-packages:/home/aichou/uni_projects/ROBM/robm-pixi/install/teleop_tools_msgs/lib/python3.12/site-packages:/home/aichou/uni_projects/ROBM/robm-pixi/build/joy_teleop:/home/aichou/uni_projects/ROBM/robm-pixi/install/joy_teleop/lib/python3.12/site-packages:/home/aichou/uni_projects/ROBM/robm-pixi/build/robm_tp1_color:/home/aichou/uni_projects/ROBM/robm-pixi/install/robm_tp1_color/lib/python3.12/site-packages:/home/aichou/uni_projects/ROBM/robm-pixi/build/robm_bridge:/home/aichou/uni_projects/ROBM/robm-pixi/install/robm_bridge/lib/python3.12/site-packages:/home/aichou/uni_projects/ROBM/robm-pixi/install/robm_interfaces/lib/python3.12/site-packages:/home/aichou/uni_projects/ROBM/robm-pixi/build/mouse_teleop:/home/aichou/uni_projects/ROBM/robm-pixi/install/mouse_teleop/lib/python3.12/site-packages:/home/aichou/uni_projects/ROBM/robm-pixi/build/key_teleop:/home/aichou/uni_projects/ROBM/robm-pixi/install/key_teleop/lib/python3.12/site-packages:/home/aichou/uni_projects/ROBM/robm-pixi/.pixi/envs/default/lib/python/site-packages:/home/aichou/uni_projects/ROBM/robm-pixi/.pixi/envs/default/lib/python3.12/site-packages /home/aichou/uni_projects/ROBM/robm-pixi/.pixi/envs/default/bin/python3.12 -W ignore:setup.py install is deprecated -W ignore:easy_install command is deprecated setup.py egg_info --egg-base ../../../build/joy_teleop build --build-base /home/aichou/uni_projects/ROBM/robm-pixi/build/joy_teleop/build install --record /home/aichou/uni_projects/ROBM/robm-pixi/build/joy_teleop/install.log --single-version-externally-managed install_data --force
