[1.031s] [34mcolcon[0m [1;30mDEBUG[0m [32mCommand line arguments: ['/home/aichou/uni_projects/ROBM/robm-pixi/.pixi/envs/default/bin/colcon', 'build'][0m
[1.031s] [34mcolcon[0m [1;30mDEBUG[0m [32mParsed command line arguments: Namespace(log_base=None, log_level=None, verb_name='build', build_base='build', install_base='install', merge_install=False, symlink_install=False, test_result_base=None, continue_on_error=False, executor='parallel', parallel_workers=22, event_handlers=None, ignore_user_meta=False, metas=['./colcon.meta'], base_paths=['.'], packages_ignore=None, packages_ignore_regex=None, paths=None, packages_up_to=None, packages_up_to_regex=None, packages_above=None, packages_above_and_dependencies=None, packages_above_depth=None, packages_select_by_dep=None, packages_skip_by_dep=None, packages_skip_up_to=None, packages_select_build_failed=False, packages_skip_build_finished=False, packages_select_test_failures=False, packages_skip_test_passed=False, packages_select=None, packages_skip=None, packages_select_regex=None, packages_skip_regex=None, packages_start=None, packages_end=None, cmake_args=None, cmake_target=None, cmake_target_skip_unavailable=False, cmake_clean_cache=False, cmake_clean_first=False, cmake_force_configure=False, ament_cmake_args=None, catkin_cmake_args=None, catkin_skip_building_tests=False, verb_parser=<colcon_defaults.argument_parser.defaults.DefaultArgumentsDecorator object at 0x7ff79bcf1fd0>, verb_extension=<colcon_core.verb.build.BuildVerb object at 0x7ff79bcf2060>, main=<bound method BuildVerb.main of <colcon_core.verb.build.BuildVerb object at 0x7ff79bcf2060>>)[0m
[1.173s] [34mcolcon.colcon_core.package_discovery[0m [1;30mLevel 1[0m discover_packages(colcon_meta) check parameters
[1.174s] [34mcolcon.colcon_core.package_discovery[0m [1;30mLevel 1[0m discover_packages(recursive) check parameters
[1.174s] [34mcolcon.colcon_core.package_discovery[0m [1;30mLevel 1[0m discover_packages(ignore) check parameters
[1.174s] [34mcolcon.colcon_core.package_discovery[0m [1;30mLevel 1[0m discover_packages(path) check parameters
[1.174s] [34mcolcon.colcon_core.package_discovery[0m [1;30mLevel 1[0m discover_packages(colcon_meta) discover
[1.174s] [34mcolcon.colcon_core.package_discovery[0m [1;30mLevel 1[0m discover_packages(recursive) discover
[1.174s] [34mcolcon.colcon_core.package_discovery[0m [1;30mINFO[0m Crawling recursively for packages in '/home/aichou/uni_projects/ROBM/robm-pixi'
[1.174s] [34mcolcon.colcon_core.package_identification[0m [1;30mLevel 1[0m _identify(.) by extensions ['ignore', 'ignore_ament_install']
[1.174s] [34mcolcon.colcon_core.package_identification[0m [1;30mLevel 1[0m _identify(.) by extension 'ignore'
[1.174s] [34mcolcon.colcon_core.package_identification[0m [1;30mLevel 1[0m _identify(.) by extension 'ignore_ament_install'
[1.174s] [34mcolcon.colcon_core.package_identification[0m [1;30mLevel 1[0m _identify(.) by extensions ['colcon_pkg']
[1.174s] [34mcolcon.colcon_core.package_identification[0m [1;30mLevel 1[0m _identify(.) by extension 'colcon_pkg'
[1.174s] [34mcolcon.colcon_core.package_identification[0m [1;30mLevel 1[0m _identify(.) by extensions ['colcon_meta']
[1.174s] [34mcolcon.colcon_core.package_identification[0m [1;30mLevel 1[0m _identify(.) by extension 'colcon_meta'
[1.174s] [34mcolcon.colcon_core.package_identification[0m [1;30mLevel 1[0m _identify(.) by extensions ['ros']
[1.174s] [34mcolcon.colcon_core.package_identification[0m [1;30mLevel 1[0m _identify(.) by extension 'ros'
[1.238s] [34mcolcon.colcon_core.package_identification[0m [1;30mLevel 1[0m _identify(.) by extensions ['cmake', 'python']
[1.238s] [34mcolcon.colcon_core.package_identification[0m [1;30mLevel 1[0m _identify(.) by extension 'cmake'
[1.238s] [34mcolcon.colcon_core.package_identification[0m [1;30mLevel 1[0m _identify(.) by extension 'python'
[1.239s] [34mcolcon.colcon_core.package_identification[0m [1;30mLevel 1[0m _identify(.) by extensions ['python_setup_py']
[1.239s] [34mcolcon.colcon_core.package_identification[0m [1;30mLevel 1[0m _identify(.) by extension 'python_setup_py'
[1.239s] [34mcolcon.colcon_core.package_identification[0m [1;30mLevel 1[0m _identify(build) by extensions ['ignore', 'ignore_ament_install']
[1.239s] [34mcolcon.colcon_core.package_identification[0m [1;30mLevel 1[0m _identify(build) by extension 'ignore'
[1.239s] [34mcolcon.colcon_core.package_identification[0m [1;30mLevel 1[0m _identify(build) ignored
[1.239s] [34mcolcon.colcon_core.package_identification[0m [1;30mLevel 1[0m _identify(images) by extensions ['ignore', 'ignore_ament_install']
[1.239s] [34mcolcon.colcon_core.package_identification[0m [1;30mLevel 1[0m _identify(images) by extension 'ignore'
[1.239s] [34mcolcon.colcon_core.package_identification[0m [1;30mLevel 1[0m _identify(images) by extension 'ignore_ament_install'
[1.239s] [34mcolcon.colcon_core.package_identification[0m [1;30mLevel 1[0m _identify(images) by extensions ['colcon_pkg']
[1.239s] [34mcolcon.colcon_core.package_identification[0m [1;30mLevel 1[0m _identify(images) by extension 'colcon_pkg'
[1.239s] [34mcolcon.colcon_core.package_identification[0m [1;30mLevel 1[0m _identify(images) by extensions ['colcon_meta']
[1.239s] [34mcolcon.colcon_core.package_identification[0m [1;30mLevel 1[0m _identify(images) by extension 'colcon_meta'
[1.239s] [34mcolcon.colcon_core.package_identification[0m [1;30mLevel 1[0m _identify(images) by extensions ['ros']
[1.239s] [34mcolcon.colcon_core.package_identification[0m [1;30mLevel 1[0m _identify(images) by extension 'ros'
[1.239s] [34mcolcon.colcon_core.package_identification[0m [1;30mLevel 1[0m _identify(images) by extensions ['cmake', 'python']
[1.239s] [34mcolcon.colcon_core.package_identification[0m [1;30mLevel 1[0m _identify(images) by extension 'cmake'
[1.240s] [34mcolcon.colcon_core.package_identification[0m [1;30mLevel 1[0m _identify(images) by extension 'python'
[1.240s] [34mcolcon.colcon_core.package_identification[0m [1;30mLevel 1[0m _identify(images) by extensions ['python_setup_py']
[1.240s] [34mcolcon.colcon_core.package_identification[0m [1;30mLevel 1[0m _identify(images) by extension 'python_setup_py'
[1.240s] [34mcolcon.colcon_core.package_identification[0m [1;30mLevel 1[0m _identify(install) by extensions ['ignore', 'ignore_ament_install']
[1.240s] [34mcolcon.colcon_core.package_identification[0m [1;30mLevel 1[0m _identify(install) by extension 'ignore'
[1.240s] [34mcolcon.colcon_core.package_identification[0m [1;30mLevel 1[0m _identify(install) ignored
[1.240s] [34mcolcon.colcon_core.package_identification[0m [1;30mLevel 1[0m _identify(log) by extensions ['ignore', 'ignore_ament_install']
[1.240s] [34mcolcon.colcon_core.package_identification[0m [1;30mLevel 1[0m _identify(log) by extension 'ignore'
[1.240s] [34mcolcon.colcon_core.package_identification[0m [1;30mLevel 1[0m _identify(log) ignored
[1.240s] [34mcolcon.colcon_core.package_identification[0m [1;30mLevel 1[0m _identify(robm_tp1_color) by extensions ['ignore', 'ignore_ament_install']
[1.240s] [34mcolcon.colcon_core.package_identification[0m [1;30mLevel 1[0m _identify(robm_tp1_color) by extension 'ignore'
[1.240s] [34mcolcon.colcon_core.package_identification[0m [1;30mLevel 1[0m _identify(robm_tp1_color) by extension 'ignore_ament_install'
[1.240s] [34mcolcon.colcon_core.package_identification[0m [1;30mLevel 1[0m _identify(robm_tp1_color) by extensions ['colcon_pkg']
[1.240s] [34mcolcon.colcon_core.package_identification[0m [1;30mLevel 1[0m _identify(robm_tp1_color) by extension 'colcon_pkg'
[1.240s] [34mcolcon.colcon_core.package_identification[0m [1;30mLevel 1[0m _identify(robm_tp1_color) by extensions ['colcon_meta']
[1.240s] [34mcolcon.colcon_core.package_identification[0m [1;30mLevel 1[0m _identify(robm_tp1_color) by extension 'colcon_meta'
[1.240s] [34mcolcon.colcon_core.package_identification[0m [1;30mLevel 1[0m _identify(robm_tp1_color) by extensions ['ros']
[1.240s] [34mcolcon.colcon_core.package_identification[0m [1;30mLevel 1[0m _identify(robm_tp1_color) by extension 'ros'
[1.247s] [34mcolcon.colcon_core.package_identification[0m [1;30mDEBUG[0m [32mPackage 'robm_tp1_color' with type 'ros.ament_python' and name 'robm_tp1_color'[0m
[1.247s] [34mcolcon.colcon_core.package_identification[0m [1;30mLevel 1[0m _identify(src) by extensions ['ignore', 'ignore_ament_install']
[1.247s] [34mcolcon.colcon_core.package_identification[0m [1;30mLevel 1[0m _identify(src) by extension 'ignore'
[1.247s] [34mcolcon.colcon_core.package_identification[0m [1;30mLevel 1[0m _identify(src) by extension 'ignore_ament_install'
[1.247s] [34mcolcon.colcon_core.package_identification[0m [1;30mLevel 1[0m _identify(src) by extensions ['colcon_pkg']
[1.247s] [34mcolcon.colcon_core.package_identification[0m [1;30mLevel 1[0m _identify(src) by extension 'colcon_pkg'
[1.247s] [34mcolcon.colcon_core.package_identification[0m [1;30mLevel 1[0m _identify(src) by extensions ['colcon_meta']
[1.247s] [34mcolcon.colcon_core.package_identification[0m [1;30mLevel 1[0m _identify(src) by extension 'colcon_meta'
[1.247s] [34mcolcon.colcon_core.package_identification[0m [1;30mLevel 1[0m _identify(src) by extensions ['ros']
[1.247s] [34mcolcon.colcon_core.package_identification[0m [1;30mLevel 1[0m _identify(src) by extension 'ros'
[1.247s] [34mcolcon.colcon_core.package_identification[0m [1;30mLevel 1[0m _identify(src) by extensions ['cmake', 'python']
[1.247s] [34mcolcon.colcon_core.package_identification[0m [1;30mLevel 1[0m _identify(src) by extension 'cmake'
[1.247s] [34mcolcon.colcon_core.package_identification[0m [1;30mLevel 1[0m _identify(src) by extension 'python'
[1.247s] [34mcolcon.colcon_core.package_identification[0m [1;30mLevel 1[0m _identify(src) by extensions ['python_setup_py']
[1.247s] [34mcolcon.colcon_core.package_identification[0m [1;30mLevel 1[0m _identify(src) by extension 'python_setup_py'
[1.247s] [34mcolcon.colcon_core.package_identification[0m [1;30mLevel 1[0m _identify(src/build) by extensions ['ignore', 'ignore_ament_install']
[1.248s] [34mcolcon.colcon_core.package_identification[0m [1;30mLevel 1[0m _identify(src/build) by extension 'ignore'
[1.248s] [34mcolcon.colcon_core.package_identification[0m [1;30mLevel 1[0m _identify(src/build) ignored
[1.248s] [34mcolcon.colcon_core.package_identification[0m [1;30mLevel 1[0m _identify(src/install) by extensions ['ignore', 'ignore_ament_install']
[1.248s] [34mcolcon.colcon_core.package_identification[0m [1;30mLevel 1[0m _identify(src/install) by extension 'ignore'
[1.248s] [34mcolcon.colcon_core.package_identification[0m [1;30mLevel 1[0m _identify(src/install) ignored
[1.248s] [34mcolcon.colcon_core.package_identification[0m [1;30mLevel 1[0m _identify(src/log) by extensions ['ignore', 'ignore_ament_install']
[1.248s] [34mcolcon.colcon_core.package_identification[0m [1;30mLevel 1[0m _identify(src/log) by extension 'ignore'
[1.248s] [34mcolcon.colcon_core.package_identification[0m [1;30mLevel 1[0m _identify(src/log) ignored
[1.248s] [34mcolcon.colcon_core.package_identification[0m [1;30mLevel 1[0m _identify(src/robm_bridge) by extensions ['ignore', 'ignore_ament_install']
[1.248s] [34mcolcon.colcon_core.package_identification[0m [1;30mLevel 1[0m _identify(src/robm_bridge) by extension 'ignore'
[1.248s] [34mcolcon.colcon_core.package_identification[0m [1;30mLevel 1[0m _identify(src/robm_bridge) by extension 'ignore_ament_install'
[1.248s] [34mcolcon.colcon_core.package_identification[0m [1;30mLevel 1[0m _identify(src/robm_bridge) by extensions ['colcon_pkg']
[1.248s] [34mcolcon.colcon_core.package_identification[0m [1;30mLevel 1[0m _identify(src/robm_bridge) by extension 'colcon_pkg'
[1.248s] [34mcolcon.colcon_core.package_identification[0m [1;30mLevel 1[0m _identify(src/robm_bridge) by extensions ['colcon_meta']
[1.248s] [34mcolcon.colcon_core.package_identification[0m [1;30mLevel 1[0m _identify(src/robm_bridge) by extension 'colcon_meta'
[1.248s] [34mcolcon.colcon_core.package_identification[0m [1;30mLevel 1[0m _identify(src/robm_bridge) by extensions ['ros']
[1.248s] [34mcolcon.colcon_core.package_identification[0m [1;30mLevel 1[0m _identify(src/robm_bridge) by extension 'ros'
[1.250s] [34mcolcon.colcon_core.package_identification[0m [1;30mDEBUG[0m [32mPackage 'src/robm_bridge' with type 'ros.ament_python' and name 'robm_bridge'[0m
[1.250s] [34mcolcon.colcon_core.package_identification[0m [1;30mLevel 1[0m _identify(src/robm_interfaces) by extensions ['ignore', 'ignore_ament_install']
[1.250s] [34mcolcon.colcon_core.package_identification[0m [1;30mLevel 1[0m _identify(src/robm_interfaces) by extension 'ignore'
[1.250s] [34mcolcon.colcon_core.package_identification[0m [1;30mLevel 1[0m _identify(src/robm_interfaces) by extension 'ignore_ament_install'
[1.250s] [34mcolcon.colcon_core.package_identification[0m [1;30mLevel 1[0m _identify(src/robm_interfaces) by extensions ['colcon_pkg']
[1.250s] [34mcolcon.colcon_core.package_identification[0m [1;30mLevel 1[0m _identify(src/robm_interfaces) by extension 'colcon_pkg'
[1.250s] [34mcolcon.colcon_core.package_identification[0m [1;30mLevel 1[0m _identify(src/robm_interfaces) by extensions ['colcon_meta']
[1.250s] [34mcolcon.colcon_core.package_identification[0m [1;30mLevel 1[0m _identify(src/robm_interfaces) by extension 'colcon_meta'
[1.251s] [34mcolcon.colcon_core.package_identification[0m [1;30mLevel 1[0m _identify(src/robm_interfaces) by extensions ['ros']
[1.251s] [34mcolcon.colcon_core.package_identification[0m [1;30mLevel 1[0m _identify(src/robm_interfaces) by extension 'ros'
[1.252s] [34mcolcon.colcon_core.package_identification[0m [1;30mDEBUG[0m [32mPackage 'src/robm_interfaces' with type 'ros.ament_cmake' and name 'robm_interfaces'[0m
[1.252s] [34mcolcon.colcon_core.package_identification[0m [1;30mLevel 1[0m _identify(src/robm_tp2_move) by extensions ['ignore', 'ignore_ament_install']
[1.252s] [34mcolcon.colcon_core.package_identification[0m [1;30mLevel 1[0m _identify(src/robm_tp2_move) by extension 'ignore'
[1.252s] [34mcolcon.colcon_core.package_identification[0m [1;30mLevel 1[0m _identify(src/robm_tp2_move) by extension 'ignore_ament_install'
[1.252s] [34mcolcon.colcon_core.package_identification[0m [1;30mLevel 1[0m _identify(src/robm_tp2_move) by extensions ['colcon_pkg']
[1.252s] [34mcolcon.colcon_core.package_identification[0m [1;30mLevel 1[0m _identify(src/robm_tp2_move) by extension 'colcon_pkg'
[1.253s] [34mcolcon.colcon_core.package_identification[0m [1;30mLevel 1[0m _identify(src/robm_tp2_move) by extensions ['colcon_meta']
[1.253s] [34mcolcon.colcon_core.package_identification[0m [1;30mLevel 1[0m _identify(src/robm_tp2_move) by extension 'colcon_meta'
[1.253s] [34mcolcon.colcon_core.package_identification[0m [1;30mLevel 1[0m _identify(src/robm_tp2_move) by extensions ['ros']
[1.253s] [34mcolcon.colcon_core.package_identification[0m [1;30mLevel 1[0m _identify(src/robm_tp2_move) by extension 'ros'
[1.254s] [34mcolcon.colcon_core.package_identification[0m [1;30mDEBUG[0m [32mPackage 'src/robm_tp2_move' with type 'ros.ament_python' and name 'robm_tp2_move'[0m
[1.254s] [34mcolcon.colcon_core.package_identification[0m [1;30mLevel 1[0m _identify(src/teleop_tools) by extensions ['ignore', 'ignore_ament_install']
[1.254s] [34mcolcon.colcon_core.package_identification[0m [1;30mLevel 1[0m _identify(src/teleop_tools) by extension 'ignore'
[1.255s] [34mcolcon.colcon_core.package_identification[0m [1;30mLevel 1[0m _identify(src/teleop_tools) by extension 'ignore_ament_install'
[1.255s] [34mcolcon.colcon_core.package_identification[0m [1;30mLevel 1[0m _identify(src/teleop_tools) by extensions ['colcon_pkg']
[1.255s] [34mcolcon.colcon_core.package_identification[0m [1;30mLevel 1[0m _identify(src/teleop_tools) by extension 'colcon_pkg'
[1.255s] [34mcolcon.colcon_core.package_identification[0m [1;30mLevel 1[0m _identify(src/teleop_tools) by extensions ['colcon_meta']
[1.255s] [34mcolcon.colcon_core.package_identification[0m [1;30mLevel 1[0m _identify(src/teleop_tools) by extension 'colcon_meta'
[1.255s] [34mcolcon.colcon_core.package_identification[0m [1;30mLevel 1[0m _identify(src/teleop_tools) by extensions ['ros']
[1.255s] [34mcolcon.colcon_core.package_identification[0m [1;30mLevel 1[0m _identify(src/teleop_tools) by extension 'ros'
[1.255s] [34mcolcon.colcon_core.package_identification[0m [1;30mLevel 1[0m _identify(src/teleop_tools) by extensions ['cmake', 'python']
[1.255s] [34mcolcon.colcon_core.package_identification[0m [1;30mLevel 1[0m _identify(src/teleop_tools) by extension 'cmake'
[1.255s] [34mcolcon.colcon_core.package_identification[0m [1;30mLevel 1[0m _identify(src/teleop_tools) by extension 'python'
[1.255s] [34mcolcon.colcon_core.package_identification[0m [1;30mLevel 1[0m _identify(src/teleop_tools) by extensions ['python_setup_py']
[1.255s] [34mcolcon.colcon_core.package_identification[0m [1;30mLevel 1[0m _identify(src/teleop_tools) by extension 'python_setup_py'
[1.255s] [34mcolcon.colcon_core.package_identification[0m [1;30mLevel 1[0m _identify(src/teleop_tools/joy_teleop) by extensions ['ignore', 'ignore_ament_install']
[1.255s] [34mcolcon.colcon_core.package_identification[0m [1;30mLevel 1[0m _identify(src/teleop_tools/joy_teleop) by extension 'ignore'
[1.255s] [34mcolcon.colcon_core.package_identification[0m [1;30mLevel 1[0m _identify(src/teleop_tools/joy_teleop) by extension 'ignore_ament_install'
[1.255s] [34mcolcon.colcon_core.package_identification[0m [1;30mLevel 1[0m _identify(src/teleop_tools/joy_teleop) by extensions ['colcon_pkg']
[1.255s] [34mcolcon.colcon_core.package_identification[0m [1;30mLevel 1[0m _identify(src/teleop_tools/joy_teleop) by extension 'colcon_pkg'
[1.256s] [34mcolcon.colcon_core.package_identification[0m [1;30mLevel 1[0m _identify(src/teleop_tools/joy_teleop) by extensions ['colcon_meta']
[1.256s] [34mcolcon.colcon_core.package_identification[0m [1;30mLevel 1[0m _identify(src/teleop_tools/joy_teleop) by extension 'colcon_meta'
[1.256s] [34mcolcon.colcon_core.package_identification[0m [1;30mLevel 1[0m _identify(src/teleop_tools/joy_teleop) by extensions ['ros']
[1.256s] [34mcolcon.colcon_core.package_identification[0m [1;30mLevel 1[0m _identify(src/teleop_tools/joy_teleop) by extension 'ros'
[1.257s] [34mcolcon.colcon_core.package_identification[0m [1;30mDEBUG[0m [32mPackage 'src/teleop_tools/joy_teleop' with type 'ros.ament_python' and name 'joy_teleop'[0m
[1.257s] [34mcolcon.colcon_core.package_identification[0m [1;30mLevel 1[0m _identify(src/teleop_tools/key_teleop) by extensions ['ignore', 'ignore_ament_install']
[1.257s] [34mcolcon.colcon_core.package_identification[0m [1;30mLevel 1[0m _identify(src/teleop_tools/key_teleop) by extension 'ignore'
[1.257s] [34mcolcon.colcon_core.package_identification[0m [1;30mLevel 1[0m _identify(src/teleop_tools/key_teleop) by extension 'ignore_ament_install'
[1.257s] [34mcolcon.colcon_core.package_identification[0m [1;30mLevel 1[0m _identify(src/teleop_tools/key_teleop) by extensions ['colcon_pkg']
[1.257s] [34mcolcon.colcon_core.package_identification[0m [1;30mLevel 1[0m _identify(src/teleop_tools/key_teleop) by extension 'colcon_pkg'
[1.257s] [34mcolcon.colcon_core.package_identification[0m [1;30mLevel 1[0m _identify(src/teleop_tools/key_teleop) by extensions ['colcon_meta']
[1.257s] [34mcolcon.colcon_core.package_identification[0m [1;30mLevel 1[0m _identify(src/teleop_tools/key_teleop) by extension 'colcon_meta'
[1.258s] [34mcolcon.colcon_core.package_identification[0m [1;30mLevel 1[0m _identify(src/teleop_tools/key_teleop) by extensions ['ros']
[1.258s] [34mcolcon.colcon_core.package_identification[0m [1;30mLevel 1[0m _identify(src/teleop_tools/key_teleop) by extension 'ros'
[1.259s] [34mcolcon.colcon_core.package_identification[0m [1;30mDEBUG[0m [32mPackage 'src/teleop_tools/key_teleop' with type 'ros.ament_python' and name 'key_teleop'[0m
[1.259s] [34mcolcon.colcon_core.package_identification[0m [1;30mLevel 1[0m _identify(src/teleop_tools/mouse_teleop) by extensions ['ignore', 'ignore_ament_install']
[1.259s] [34mcolcon.colcon_core.package_identification[0m [1;30mLevel 1[0m _identify(src/teleop_tools/mouse_teleop) by extension 'ignore'
[1.259s] [34mcolcon.colcon_core.package_identification[0m [1;30mLevel 1[0m _identify(src/teleop_tools/mouse_teleop) by extension 'ignore_ament_install'
[1.259s] [34mcolcon.colcon_core.package_identification[0m [1;30mLevel 1[0m _identify(src/teleop_tools/mouse_teleop) by extensions ['colcon_pkg']
[1.259s] [34mcolcon.colcon_core.package_identification[0m [1;30mLevel 1[0m _identify(src/teleop_tools/mouse_teleop) by extension 'colcon_pkg'
[1.260s] [34mcolcon.colcon_core.package_identification[0m [1;30mLevel 1[0m _identify(src/teleop_tools/mouse_teleop) by extensions ['colcon_meta']
[1.260s] [34mcolcon.colcon_core.package_identification[0m [1;30mLevel 1[0m _identify(src/teleop_tools/mouse_teleop) by extension 'colcon_meta'
[1.260s] [34mcolcon.colcon_core.package_identification[0m [1;30mLevel 1[0m _identify(src/teleop_tools/mouse_teleop) by extensions ['ros']
[1.260s] [34mcolcon.colcon_core.package_identification[0m [1;30mLevel 1[0m _identify(src/teleop_tools/mouse_teleop) by extension 'ros'
[1.261s] [34mcolcon.colcon_core.package_identification[0m [1;30mDEBUG[0m [32mPackage 'src/teleop_tools/mouse_teleop' with type 'ros.ament_python' and name 'mouse_teleop'[0m
[1.261s] [34mcolcon.colcon_core.package_identification[0m [1;30mLevel 1[0m _identify(src/teleop_tools/teleop_tools) by extensions ['ignore', 'ignore_ament_install']
[1.261s] [34mcolcon.colcon_core.package_identification[0m [1;30mLevel 1[0m _identify(src/teleop_tools/teleop_tools) by extension 'ignore'
[1.261s] [34mcolcon.colcon_core.package_identification[0m [1;30mLevel 1[0m _identify(src/teleop_tools/teleop_tools) by extension 'ignore_ament_install'
[1.261s] [34mcolcon.colcon_core.package_identification[0m [1;30mLevel 1[0m _identify(src/teleop_tools/teleop_tools) by extensions ['colcon_pkg']
[1.261s] [34mcolcon.colcon_core.package_identification[0m [1;30mLevel 1[0m _identify(src/teleop_tools/teleop_tools) by extension 'colcon_pkg'
[1.261s] [34mcolcon.colcon_core.package_identification[0m [1;30mLevel 1[0m _identify(src/teleop_tools/teleop_tools) by extensions ['colcon_meta']
[1.261s] [34mcolcon.colcon_core.package_identification[0m [1;30mLevel 1[0m _identify(src/teleop_tools/teleop_tools) by extension 'colcon_meta'
[1.261s] [34mcolcon.colcon_core.package_identification[0m [1;30mLevel 1[0m _identify(src/teleop_tools/teleop_tools) by extensions ['ros']
[1.261s] [34mcolcon.colcon_core.package_identification[0m [1;30mLevel 1[0m _identify(src/teleop_tools/teleop_tools) by extension 'ros'
[1.263s] [34mcolcon.colcon_core.package_identification[0m [1;30mDEBUG[0m [32mPackage 'src/teleop_tools/teleop_tools' with type 'ros.ament_cmake' and name 'teleop_tools'[0m
[1.263s] [34mcolcon.colcon_core.package_identification[0m [1;30mLevel 1[0m _identify(src/teleop_tools/teleop_tools_msgs) by extensions ['ignore', 'ignore_ament_install']
[1.263s] [34mcolcon.colcon_core.package_identification[0m [1;30mLevel 1[0m _identify(src/teleop_tools/teleop_tools_msgs) by extension 'ignore'
[1.263s] [34mcolcon.colcon_core.package_identification[0m [1;30mLevel 1[0m _identify(src/teleop_tools/teleop_tools_msgs) by extension 'ignore_ament_install'
[1.263s] [34mcolcon.colcon_core.package_identification[0m [1;30mLevel 1[0m _identify(src/teleop_tools/teleop_tools_msgs) by extensions ['colcon_pkg']
[1.263s] [34mcolcon.colcon_core.package_identification[0m [1;30mLevel 1[0m _identify(src/teleop_tools/teleop_tools_msgs) by extension 'colcon_pkg'
[1.263s] [34mcolcon.colcon_core.package_identification[0m [1;30mLevel 1[0m _identify(src/teleop_tools/teleop_tools_msgs) by extensions ['colcon_meta']
[1.263s] [34mcolcon.colcon_core.package_identification[0m [1;30mLevel 1[0m _identify(src/teleop_tools/teleop_tools_msgs) by extension 'colcon_meta'
[1.263s] [34mcolcon.colcon_core.package_identification[0m [1;30mLevel 1[0m _identify(src/teleop_tools/teleop_tools_msgs) by extensions ['ros']
[1.263s] [34mcolcon.colcon_core.package_identification[0m [1;30mLevel 1[0m _identify(src/teleop_tools/teleop_tools_msgs) by extension 'ros'
[1.265s] [34mcolcon.colcon_core.package_identification[0m [1;30mDEBUG[0m [32mPackage 'src/teleop_tools/teleop_tools_msgs' with type 'ros.ament_cmake' and name 'teleop_tools_msgs'[0m
[1.265s] [34mcolcon.colcon_core.package_discovery[0m [1;30mLevel 1[0m discover_packages(recursive) using defaults
[1.265s] [34mcolcon.colcon_core.package_discovery[0m [1;30mLevel 1[0m discover_packages(ignore) discover
[1.265s] [34mcolcon.colcon_core.package_discovery[0m [1;30mLevel 1[0m discover_packages(ignore) using defaults
[1.265s] [34mcolcon.colcon_core.package_discovery[0m [1;30mLevel 1[0m discover_packages(path) discover
[1.265s] [34mcolcon.colcon_core.package_discovery[0m [1;30mLevel 1[0m discover_packages(path) using defaults
[1.308s] [34mcolcon.colcon_core.verb[0m [1;30mLevel 5[0m set package 'key_teleop' build argument 'cmake_args' from command line to 'None'
[1.308s] [34mcolcon.colcon_core.verb[0m [1;30mLevel 5[0m set package 'key_teleop' build argument 'cmake_target' from command line to 'None'
[1.308s] [34mcolcon.colcon_core.verb[0m [1;30mLevel 5[0m set package 'key_teleop' build argument 'cmake_target_skip_unavailable' from command line to 'False'
[1.308s] [34mcolcon.colcon_core.verb[0m [1;30mLevel 5[0m set package 'key_teleop' build argument 'cmake_clean_cache' from command line to 'False'
[1.308s] [34mcolcon.colcon_core.verb[0m [1;30mLevel 5[0m set package 'key_teleop' build argument 'cmake_clean_first' from command line to 'False'
[1.308s] [34mcolcon.colcon_core.verb[0m [1;30mLevel 5[0m set package 'key_teleop' build argument 'cmake_force_configure' from command line to 'False'
[1.309s] [34mcolcon.colcon_core.verb[0m [1;30mLevel 5[0m set package 'key_teleop' build argument 'ament_cmake_args' from command line to 'None'
[1.309s] [34mcolcon.colcon_core.verb[0m [1;30mLevel 5[0m set package 'key_teleop' build argument 'catkin_cmake_args' from command line to 'None'
[1.309s] [34mcolcon.colcon_core.verb[0m [1;30mLevel 5[0m set package 'key_teleop' build argument 'catkin_skip_building_tests' from command line to 'False'
[1.309s] [34mcolcon.colcon_core.verb[0m [1;30mDEBUG[0m [32mBuilding package 'key_teleop' with the following arguments: {'ament_cmake_args': None, 'build_base': '/home/aichou/uni_projects/ROBM/robm-pixi/build/key_teleop', 'catkin_cmake_args': None, 'catkin_skip_building_tests': False, 'cmake_args': None, 'cmake_clean_cache': False, 'cmake_clean_first': False, 'cmake_force_configure': False, 'cmake_target': None, 'cmake_target_skip_unavailable': False, 'install_base': '/home/aichou/uni_projects/ROBM/robm-pixi/install/key_teleop', 'merge_install': False, 'path': '/home/aichou/uni_projects/ROBM/robm-pixi/src/teleop_tools/key_teleop', 'symlink_install': False, 'test_result_base': None}[0m
[1.309s] [34mcolcon.colcon_core.verb[0m [1;30mLevel 5[0m set package 'mouse_teleop' build argument 'cmake_args' from command line to 'None'
[1.309s] [34mcolcon.colcon_core.verb[0m [1;30mLevel 5[0m set package 'mouse_teleop' build argument 'cmake_target' from command line to 'None'
[1.309s] [34mcolcon.colcon_core.verb[0m [1;30mLevel 5[0m set package 'mouse_teleop' build argument 'cmake_target_skip_unavailable' from command line to 'False'
[1.309s] [34mcolcon.colcon_core.verb[0m [1;30mLevel 5[0m set package 'mouse_teleop' build argument 'cmake_clean_cache' from command line to 'False'
[1.309s] [34mcolcon.colcon_core.verb[0m [1;30mLevel 5[0m set package 'mouse_teleop' build argument 'cmake_clean_first' from command line to 'False'
[1.309s] [34mcolcon.colcon_core.verb[0m [1;30mLevel 5[0m set package 'mouse_teleop' build argument 'cmake_force_configure' from command line to 'False'
[1.309s] [34mcolcon.colcon_core.verb[0m [1;30mLevel 5[0m set package 'mouse_teleop' build argument 'ament_cmake_args' from command line to 'None'
[1.309s] [34mcolcon.colcon_core.verb[0m [1;30mLevel 5[0m set package 'mouse_teleop' build argument 'catkin_cmake_args' from command line to 'None'
[1.309s] [34mcolcon.colcon_core.verb[0m [1;30mLevel 5[0m set package 'mouse_teleop' build argument 'catkin_skip_building_tests' from command line to 'False'
[1.309s] [34mcolcon.colcon_core.verb[0m [1;30mDEBUG[0m [32mBuilding package 'mouse_teleop' with the following arguments: {'ament_cmake_args': None, 'build_base': '/home/aichou/uni_projects/ROBM/robm-pixi/build/mouse_teleop', 'catkin_cmake_args': None, 'catkin_skip_building_tests': False, 'cmake_args': None, 'cmake_clean_cache': False, 'cmake_clean_first': False, 'cmake_force_configure': False, 'cmake_target': None, 'cmake_target_skip_unavailable': False, 'install_base': '/home/aichou/uni_projects/ROBM/robm-pixi/install/mouse_teleop', 'merge_install': False, 'path': '/home/aichou/uni_projects/ROBM/robm-pixi/src/teleop_tools/mouse_teleop', 'symlink_install': False, 'test_result_base': None}[0m
[1.309s] [34mcolcon.colcon_core.verb[0m [1;30mLevel 5[0m set package 'robm_interfaces' build argument 'cmake_args' from command line to 'None'
[1.309s] [34mcolcon.colcon_core.verb[0m [1;30mLevel 5[0m set package 'robm_interfaces' build argument 'cmake_target' from command line to 'None'
[1.309s] [34mcolcon.colcon_core.verb[0m [1;30mLevel 5[0m set package 'robm_interfaces' build argument 'cmake_target_skip_unavailable' from command line to 'False'
[1.309s] [34mcolcon.colcon_core.verb[0m [1;30mLevel 5[0m set package 'robm_interfaces' build argument 'cmake_clean_cache' from command line to 'False'
[1.309s] [34mcolcon.colcon_core.verb[0m [1;30mLevel 5[0m set package 'robm_interfaces' build argument 'cmake_clean_first' from command line to 'False'
[1.309s] [34mcolcon.colcon_core.verb[0m [1;30mLevel 5[0m set package 'robm_interfaces' build argument 'cmake_force_configure' from command line to 'False'
[1.309s] [34mcolcon.colcon_core.verb[0m [1;30mLevel 5[0m set package 'robm_interfaces' build argument 'ament_cmake_args' from command line to 'None'
[1.309s] [34mcolcon.colcon_core.verb[0m [1;30mLevel 5[0m set package 'robm_interfaces' build argument 'catkin_cmake_args' from command line to 'None'
[1.309s] [34mcolcon.colcon_core.verb[0m [1;30mLevel 5[0m set package 'robm_interfaces' build argument 'catkin_skip_building_tests' from command line to 'False'
[1.309s] [34mcolcon.colcon_core.verb[0m [1;30mDEBUG[0m [32mBuilding package 'robm_interfaces' with the following arguments: {'ament_cmake_args': None, 'build_base': '/home/aichou/uni_projects/ROBM/robm-pixi/build/robm_interfaces', 'catkin_cmake_args': None, 'catkin_skip_building_tests': False, 'cmake_args': None, 'cmake_clean_cache': False, 'cmake_clean_first': False, 'cmake_force_configure': False, 'cmake_target': None, 'cmake_target_skip_unavailable': False, 'install_base': '/home/aichou/uni_projects/ROBM/robm-pixi/install/robm_interfaces', 'merge_install': False, 'path': '/home/aichou/uni_projects/ROBM/robm-pixi/src/robm_interfaces', 'symlink_install': False, 'test_result_base': None}[0m
[1.310s] [34mcolcon.colcon_core.verb[0m [1;30mLevel 5[0m set package 'robm_tp1_color' build argument 'cmake_args' from command line to 'None'
[1.310s] [34mcolcon.colcon_core.verb[0m [1;30mLevel 5[0m set package 'robm_tp1_color' build argument 'cmake_target' from command line to 'None'
[1.310s] [34mcolcon.colcon_core.verb[0m [1;30mLevel 5[0m set package 'robm_tp1_color' build argument 'cmake_target_skip_unavailable' from command line to 'False'
[1.310s] [34mcolcon.colcon_core.verb[0m [1;30mLevel 5[0m set package 'robm_tp1_color' build argument 'cmake_clean_cache' from command line to 'False'
[1.310s] [34mcolcon.colcon_core.verb[0m [1;30mLevel 5[0m set package 'robm_tp1_color' build argument 'cmake_clean_first' from command line to 'False'
[1.310s] [34mcolcon.colcon_core.verb[0m [1;30mLevel 5[0m set package 'robm_tp1_color' build argument 'cmake_force_configure' from command line to 'False'
[1.310s] [34mcolcon.colcon_core.verb[0m [1;30mLevel 5[0m set package 'robm_tp1_color' build argument 'ament_cmake_args' from command line to 'None'
[1.310s] [34mcolcon.colcon_core.verb[0m [1;30mLevel 5[0m set package 'robm_tp1_color' build argument 'catkin_cmake_args' from command line to 'None'
[1.310s] [34mcolcon.colcon_core.verb[0m [1;30mLevel 5[0m set package 'robm_tp1_color' build argument 'catkin_skip_building_tests' from command line to 'False'
[1.310s] [34mcolcon.colcon_core.verb[0m [1;30mDEBUG[0m [32mBuilding package 'robm_tp1_color' with the following arguments: {'ament_cmake_args': None, 'build_base': '/home/aichou/uni_projects/ROBM/robm-pixi/build/robm_tp1_color', 'catkin_cmake_args': None, 'catkin_skip_building_tests': False, 'cmake_args': None, 'cmake_clean_cache': False, 'cmake_clean_first': False, 'cmake_force_configure': False, 'cmake_target': None, 'cmake_target_skip_unavailable': False, 'install_base': '/home/aichou/uni_projects/ROBM/robm-pixi/install/robm_tp1_color', 'merge_install': False, 'path': '/home/aichou/uni_projects/ROBM/robm-pixi/robm_tp1_color', 'symlink_install': False, 'test_result_base': None}[0m
[1.310s] [34mcolcon.colcon_core.verb[0m [1;30mLevel 5[0m set package 'robm_tp2_move' build argument 'cmake_args' from command line to 'None'
[1.310s] [34mcolcon.colcon_core.verb[0m [1;30mLevel 5[0m set package 'robm_tp2_move' build argument 'cmake_target' from command line to 'None'
[1.310s] [34mcolcon.colcon_core.verb[0m [1;30mLevel 5[0m set package 'robm_tp2_move' build argument 'cmake_target_skip_unavailable' from command line to 'False'
[1.310s] [34mcolcon.colcon_core.verb[0m [1;30mLevel 5[0m set package 'robm_tp2_move' build argument 'cmake_clean_cache' from command line to 'False'
[1.310s] [34mcolcon.colcon_core.verb[0m [1;30mLevel 5[0m set package 'robm_tp2_move' build argument 'cmake_clean_first' from command line to 'False'
[1.310s] [34mcolcon.colcon_core.verb[0m [1;30mLevel 5[0m set package 'robm_tp2_move' build argument 'cmake_force_configure' from command line to 'False'
[1.310s] [34mcolcon.colcon_core.verb[0m [1;30mLevel 5[0m set package 'robm_tp2_move' build argument 'ament_cmake_args' from command line to 'None'
[1.310s] [34mcolcon.colcon_core.verb[0m [1;30mLevel 5[0m set package 'robm_tp2_move' build argument 'catkin_cmake_args' from command line to 'None'
[1.310s] [34mcolcon.colcon_core.verb[0m [1;30mLevel 5[0m set package 'robm_tp2_move' build argument 'catkin_skip_building_tests' from command line to 'False'
[1.310s] [34mcolcon.colcon_core.verb[0m [1;30mDEBUG[0m [32mBuilding package 'robm_tp2_move' with the following arguments: {'ament_cmake_args': None, 'build_base': '/home/aichou/uni_projects/ROBM/robm-pixi/build/robm_tp2_move', 'catkin_cmake_args': None, 'catkin_skip_building_tests': False, 'cmake_args': None, 'cmake_clean_cache': False, 'cmake_clean_first': False, 'cmake_force_configure': False, 'cmake_target': None, 'cmake_target_skip_unavailable': False, 'install_base': '/home/aichou/uni_projects/ROBM/robm-pixi/install/robm_tp2_move', 'merge_install': False, 'path': '/home/aichou/uni_projects/ROBM/robm-pixi/src/robm_tp2_move', 'symlink_install': False, 'test_result_base': None}[0m
[1.310s] [34mcolcon.colcon_core.verb[0m [1;30mLevel 5[0m set package 'teleop_tools_msgs' build argument 'cmake_args' from command line to 'None'
[1.310s] [34mcolcon.colcon_core.verb[0m [1;30mLevel 5[0m set package 'teleop_tools_msgs' build argument 'cmake_target' from command line to 'None'
[1.310s] [34mcolcon.colcon_core.verb[0m [1;30mLevel 5[0m set package 'teleop_tools_msgs' build argument 'cmake_target_skip_unavailable' from command line to 'False'
[1.310s] [34mcolcon.colcon_core.verb[0m [1;30mLevel 5[0m set package 'teleop_tools_msgs' build argument 'cmake_clean_cache' from command line to 'False'
[1.310s] [34mcolcon.colcon_core.verb[0m [1;30mLevel 5[0m set package 'teleop_tools_msgs' build argument 'cmake_clean_first' from command line to 'False'
[1.310s] [34mcolcon.colcon_core.verb[0m [1;30mLevel 5[0m set package 'teleop_tools_msgs' build argument 'cmake_force_configure' from command line to 'False'
[1.310s] [34mcolcon.colcon_core.verb[0m [1;30mLevel 5[0m set package 'teleop_tools_msgs' build argument 'ament_cmake_args' from command line to 'None'
[1.310s] [34mcolcon.colcon_core.verb[0m [1;30mLevel 5[0m set package 'teleop_tools_msgs' build argument 'catkin_cmake_args' from command line to 'None'
[1.310s] [34mcolcon.colcon_core.verb[0m [1;30mLevel 5[0m set package 'teleop_tools_msgs' build argument 'catkin_skip_building_tests' from command line to 'False'
[1.310s] [34mcolcon.colcon_core.verb[0m [1;30mDEBUG[0m [32mBuilding package 'teleop_tools_msgs' with the following arguments: {'ament_cmake_args': None, 'build_base': '/home/aichou/uni_projects/ROBM/robm-pixi/build/teleop_tools_msgs', 'catkin_cmake_args': None, 'catkin_skip_building_tests': False, 'cmake_args': None, 'cmake_clean_cache': False, 'cmake_clean_first': False, 'cmake_force_configure': False, 'cmake_target': None, 'cmake_target_skip_unavailable': False, 'install_base': '/home/aichou/uni_projects/ROBM/robm-pixi/install/teleop_tools_msgs', 'merge_install': False, 'path': '/home/aichou/uni_projects/ROBM/robm-pixi/src/teleop_tools/teleop_tools_msgs', 'symlink_install': False, 'test_result_base': None}[0m
[1.311s] [34mcolcon.colcon_core.verb[0m [1;30mLevel 5[0m set package 'joy_teleop' build argument 'cmake_args' from command line to 'None'
[1.311s] [34mcolcon.colcon_core.verb[0m [1;30mLevel 5[0m set package 'joy_teleop' build argument 'cmake_target' from command line to 'None'
[1.311s] [34mcolcon.colcon_core.verb[0m [1;30mLevel 5[0m set package 'joy_teleop' build argument 'cmake_target_skip_unavailable' from command line to 'False'
[1.311s] [34mcolcon.colcon_core.verb[0m [1;30mLevel 5[0m set package 'joy_teleop' build argument 'cmake_clean_cache' from command line to 'False'
[1.311s] [34mcolcon.colcon_core.verb[0m [1;30mLevel 5[0m set package 'joy_teleop' build argument 'cmake_clean_first' from command line to 'False'
[1.311s] [34mcolcon.colcon_core.verb[0m [1;30mLevel 5[0m set package 'joy_teleop' build argument 'cmake_force_configure' from command line to 'False'
[1.311s] [34mcolcon.colcon_core.verb[0m [1;30mLevel 5[0m set package 'joy_teleop' build argument 'ament_cmake_args' from command line to 'None'
[1.311s] [34mcolcon.colcon_core.verb[0m [1;30mLevel 5[0m set package 'joy_teleop' build argument 'catkin_cmake_args' from command line to 'None'
[1.311s] [34mcolcon.colcon_core.verb[0m [1;30mLevel 5[0m set package 'joy_teleop' build argument 'catkin_skip_building_tests' from command line to 'False'
[1.311s] [34mcolcon.colcon_core.verb[0m [1;30mDEBUG[0m [32mBuilding package 'joy_teleop' with the following arguments: {'ament_cmake_args': None, 'build_base': '/home/aichou/uni_projects/ROBM/robm-pixi/build/joy_teleop', 'catkin_cmake_args': None, 'catkin_skip_building_tests': False, 'cmake_args': None, 'cmake_clean_cache': False, 'cmake_clean_first': False, 'cmake_force_configure': False, 'cmake_target': None, 'cmake_target_skip_unavailable': False, 'install_base': '/home/aichou/uni_projects/ROBM/robm-pixi/install/joy_teleop', 'merge_install': False, 'path': '/home/aichou/uni_projects/ROBM/robm-pixi/src/teleop_tools/joy_teleop', 'symlink_install': False, 'test_result_base': None}[0m
[1.311s] [34mcolcon.colcon_core.verb[0m [1;30mLevel 5[0m set package 'robm_bridge' build argument 'cmake_args' from command line to 'None'
[1.311s] [34mcolcon.colcon_core.verb[0m [1;30mLevel 5[0m set package 'robm_bridge' build argument 'cmake_target' from command line to 'None'
[1.311s] [34mcolcon.colcon_core.verb[0m [1;30mLevel 5[0m set package 'robm_bridge' build argument 'cmake_target_skip_unavailable' from command line to 'False'
[1.311s] [34mcolcon.colcon_core.verb[0m [1;30mLevel 5[0m set package 'robm_bridge' build argument 'cmake_clean_cache' from command line to 'False'
[1.311s] [34mcolcon.colcon_core.verb[0m [1;30mLevel 5[0m set package 'robm_bridge' build argument 'cmake_clean_first' from command line to 'False'
[1.311s] [34mcolcon.colcon_core.verb[0m [1;30mLevel 5[0m set package 'robm_bridge' build argument 'cmake_force_configure' from command line to 'False'
[1.311s] [34mcolcon.colcon_core.verb[0m [1;30mLevel 5[0m set package 'robm_bridge' build argument 'ament_cmake_args' from command line to 'None'
[1.311s] [34mcolcon.colcon_core.verb[0m [1;30mLevel 5[0m set package 'robm_bridge' build argument 'catkin_cmake_args' from command line to 'None'
[1.311s] [34mcolcon.colcon_core.verb[0m [1;30mLevel 5[0m set package 'robm_bridge' build argument 'catkin_skip_building_tests' from command line to 'False'
[1.311s] [34mcolcon.colcon_core.verb[0m [1;30mDEBUG[0m [32mBuilding package 'robm_bridge' with the following arguments: {'ament_cmake_args': None, 'build_base': '/home/aichou/uni_projects/ROBM/robm-pixi/build/robm_bridge', 'catkin_cmake_args': None, 'catkin_skip_building_tests': False, 'cmake_args': None, 'cmake_clean_cache': False, 'cmake_clean_first': False, 'cmake_force_configure': False, 'cmake_target': None, 'cmake_target_skip_unavailable': False, 'install_base': '/home/aichou/uni_projects/ROBM/robm-pixi/install/robm_bridge', 'merge_install': False, 'path': '/home/aichou/uni_projects/ROBM/robm-pixi/src/robm_bridge', 'symlink_install': False, 'test_result_base': None}[0m
[1.311s] [34mcolcon.colcon_core.verb[0m [1;30mLevel 5[0m set package 'teleop_tools' build argument 'cmake_args' from command line to 'None'
[1.311s] [34mcolcon.colcon_core.verb[0m [1;30mLevel 5[0m set package 'teleop_tools' build argument 'cmake_target' from command line to 'None'
[1.311s] [34mcolcon.colcon_core.verb[0m [1;30mLevel 5[0m set package 'teleop_tools' build argument 'cmake_target_skip_unavailable' from command line to 'False'
[1.311s] [34mcolcon.colcon_core.verb[0m [1;30mLevel 5[0m set package 'teleop_tools' build argument 'cmake_clean_cache' from command line to 'False'
[1.311s] [34mcolcon.colcon_core.verb[0m [1;30mLevel 5[0m set package 'teleop_tools' build argument 'cmake_clean_first' from command line to 'False'
[1.311s] [34mcolcon.colcon_core.verb[0m [1;30mLevel 5[0m set package 'teleop_tools' build argument 'cmake_force_configure' from command line to 'False'
[1.311s] [34mcolcon.colcon_core.verb[0m [1;30mLevel 5[0m set package 'teleop_tools' build argument 'ament_cmake_args' from command line to 'None'
[1.311s] [34mcolcon.colcon_core.verb[0m [1;30mLevel 5[0m set package 'teleop_tools' build argument 'catkin_cmake_args' from command line to 'None'
[1.311s] [34mcolcon.colcon_core.verb[0m [1;30mLevel 5[0m set package 'teleop_tools' build argument 'catkin_skip_building_tests' from command line to 'False'
[1.311s] [34mcolcon.colcon_core.verb[0m [1;30mDEBUG[0m [32mBuilding package 'teleop_tools' with the following arguments: {'ament_cmake_args': None, 'build_base': '/home/aichou/uni_projects/ROBM/robm-pixi/build/teleop_tools', 'catkin_cmake_args': None, 'catkin_skip_building_tests': False, 'cmake_args': None, 'cmake_clean_cache': False, 'cmake_clean_first': False, 'cmake_force_configure': False, 'cmake_target': None, 'cmake_target_skip_unavailable': False, 'install_base': '/home/aichou/uni_projects/ROBM/robm-pixi/install/teleop_tools', 'merge_install': False, 'path': '/home/aichou/uni_projects/ROBM/robm-pixi/src/teleop_tools/teleop_tools', 'symlink_install': False, 'test_result_base': None}[0m
[1.312s] [34mcolcon.colcon_core.executor[0m [1;30mINFO[0m Executing jobs using 'parallel' executor
[1.313s] [34mcolcon.colcon_parallel_executor.executor.parallel[0m [1;30mDEBUG[0m [32mrun_until_complete[0m
[1.313s] [34mcolcon.colcon_ros.task.ament_cmake.build[0m [1;30mINFO[0m Building ROS package in '/home/aichou/uni_projects/ROBM/robm-pixi/src/teleop_tools/teleop_tools_msgs' with build type 'ament_cmake'
[1.313s] [34mcolcon.colcon_cmake.task.cmake.build[0m [1;30mINFO[0m Building CMake package in '/home/aichou/uni_projects/ROBM/robm-pixi/src/teleop_tools/teleop_tools_msgs'
[1.325s] [34mcolcon.colcon_core.plugin_system[0m [1;30mINFO[0m Skipping extension 'colcon_core.shell.bat': Not used on non-Windows systems
[1.325s] [34mcolcon.colcon_core.shell[0m [1;30mINFO[0m Skip shell extension 'powershell' for command environment: Not usable outside of PowerShell
[1.325s] [34mcolcon.colcon_core.shell[0m [1;30mDEBUG[0m [32mSkip shell extension 'dsv' for command environment[0m
[1.337s] [34mcolcon.colcon_ros.task.ament_python.build[0m [1;30mINFO[0m Building ROS package in '/home/aichou/uni_projects/ROBM/robm-pixi/src/teleop_tools/key_teleop' with build type 'ament_python'
[1.337s] [34mcolcon.colcon_core.shell[0m [1;30mLevel 1[0m create_environment_hook('key_teleop', 'ament_prefix_path')
[1.338s] [34mcolcon.colcon_core.shell[0m [1;30mINFO[0m Creating environment hook '/home/aichou/uni_projects/ROBM/robm-pixi/install/key_teleop/share/key_teleop/hook/ament_prefix_path.ps1'
[1.343s] [34mcolcon.colcon_core.shell[0m [1;30mINFO[0m Creating environment descriptor '/home/aichou/uni_projects/ROBM/robm-pixi/install/key_teleop/share/key_teleop/hook/ament_prefix_path.dsv'
[1.344s] [34mcolcon.colcon_core.shell[0m [1;30mINFO[0m Creating environment hook '/home/aichou/uni_projects/ROBM/robm-pixi/install/key_teleop/share/key_teleop/hook/ament_prefix_path.sh'
[1.346s] [34mcolcon.colcon_core.shell[0m [1;30mINFO[0m Skip shell extension 'powershell' for command environment: Not usable outside of PowerShell
[1.346s] [34mcolcon.colcon_core.shell[0m [1;30mDEBUG[0m [32mSkip shell extension 'dsv' for command environment[0m
[1.351s] [34mcolcon.colcon_ros.task.ament_cmake.build[0m [1;30mINFO[0m Building ROS package in '/home/aichou/uni_projects/ROBM/robm-pixi/src/robm_interfaces' with build type 'ament_cmake'
[1.351s] [34mcolcon.colcon_cmake.task.cmake.build[0m [1;30mINFO[0m Building CMake package in '/home/aichou/uni_projects/ROBM/robm-pixi/src/robm_interfaces'
[1.351s] [34mcolcon.colcon_core.shell[0m [1;30mINFO[0m Skip shell extension 'powershell' for command environment: Not usable outside of PowerShell
[1.351s] [34mcolcon.colcon_core.shell[0m [1;30mDEBUG[0m [32mSkip shell extension 'dsv' for command environment[0m
[1.356s] [34mcolcon.colcon_ros.task.ament_python.build[0m [1;30mINFO[0m Building ROS package in '/home/aichou/uni_projects/ROBM/robm-pixi/src/teleop_tools/mouse_teleop' with build type 'ament_python'
[1.356s] [34mcolcon.colcon_core.shell[0m [1;30mLevel 1[0m create_environment_hook('mouse_teleop', 'ament_prefix_path')
[1.356s] [34mcolcon.colcon_core.shell[0m [1;30mINFO[0m Creating environment hook '/home/aichou/uni_projects/ROBM/robm-pixi/install/mouse_teleop/share/mouse_teleop/hook/ament_prefix_path.ps1'
[1.359s] [34mcolcon.colcon_core.shell[0m [1;30mINFO[0m Creating environment descriptor '/home/aichou/uni_projects/ROBM/robm-pixi/install/mouse_teleop/share/mouse_teleop/hook/ament_prefix_path.dsv'
[1.360s] [34mcolcon.colcon_core.shell[0m [1;30mINFO[0m Creating environment hook '/home/aichou/uni_projects/ROBM/robm-pixi/install/mouse_teleop/share/mouse_teleop/hook/ament_prefix_path.sh'
[1.360s] [34mcolcon.colcon_core.shell[0m [1;30mINFO[0m Skip shell extension 'powershell' for command environment: Not usable outside of PowerShell
[1.360s] [34mcolcon.colcon_core.shell[0m [1;30mDEBUG[0m [32mSkip shell extension 'dsv' for command environment[0m
[1.365s] [34mcolcon.colcon_ros.task.ament_python.build[0m [1;30mINFO[0m Building ROS package in '/home/aichou/uni_projects/ROBM/robm-pixi/robm_tp1_color' with build type 'ament_python'
[1.365s] [34mcolcon.colcon_core.shell[0m [1;30mLevel 1[0m create_environment_hook('robm_tp1_color', 'ament_prefix_path')
[1.365s] [34mcolcon.colcon_core.shell[0m [1;30mINFO[0m Creating environment hook '/home/aichou/uni_projects/ROBM/robm-pixi/install/robm_tp1_color/share/robm_tp1_color/hook/ament_prefix_path.ps1'
[1.366s] [34mcolcon.colcon_core.shell[0m [1;30mINFO[0m Creating environment descriptor '/home/aichou/uni_projects/ROBM/robm-pixi/install/robm_tp1_color/share/robm_tp1_color/hook/ament_prefix_path.dsv'
[1.367s] [34mcolcon.colcon_core.shell[0m [1;30mINFO[0m Creating environment hook '/home/aichou/uni_projects/ROBM/robm-pixi/install/robm_tp1_color/share/robm_tp1_color/hook/ament_prefix_path.sh'
[1.367s] [34mcolcon.colcon_core.shell[0m [1;30mINFO[0m Skip shell extension 'powershell' for command environment: Not usable outside of PowerShell
[1.367s] [34mcolcon.colcon_core.shell[0m [1;30mDEBUG[0m [32mSkip shell extension 'dsv' for command environment[0m
[1.371s] [34mcolcon.colcon_ros.task.ament_python.build[0m [1;30mINFO[0m Building ROS package in '/home/aichou/uni_projects/ROBM/robm-pixi/src/robm_tp2_move' with build type 'ament_python'
[1.371s] [34mcolcon.colcon_core.shell[0m [1;30mLevel 1[0m create_environment_hook('robm_tp2_move', 'ament_prefix_path')
[1.371s] [34mcolcon.colcon_core.shell[0m [1;30mINFO[0m Creating environment hook '/home/aichou/uni_projects/ROBM/robm-pixi/install/robm_tp2_move/share/robm_tp2_move/hook/ament_prefix_path.ps1'
[1.374s] [34mcolcon.colcon_core.shell[0m [1;30mINFO[0m Creating environment descriptor '/home/aichou/uni_projects/ROBM/robm-pixi/install/robm_tp2_move/share/robm_tp2_move/hook/ament_prefix_path.dsv'
[1.375s] [34mcolcon.colcon_core.shell[0m [1;30mINFO[0m Creating environment hook '/home/aichou/uni_projects/ROBM/robm-pixi/install/robm_tp2_move/share/robm_tp2_move/hook/ament_prefix_path.sh'
[1.376s] [34mcolcon.colcon_core.shell[0m [1;30mINFO[0m Skip shell extension 'powershell' for command environment: Not usable outside of PowerShell
[1.376s] [34mcolcon.colcon_core.shell[0m [1;30mDEBUG[0m [32mSkip shell extension 'dsv' for command environment[0m
[1.391s] [34mcolcon.colcon_core.event_handler.log_command[0m [1;30mDEBUG[0m [32mInvoking command in '/home/aichou/uni_projects/ROBM/robm-pixi/build/teleop_tools_msgs': CMAKE_PREFIX_PATH=${CMAKE_PREFIX_PATH}:/home/aichou/uni_projects/ROBM/robm-pixi/install/robm_tp1_color:/home/aichou/uni_projects/ROBM/robm-pixi/install/robm_bridge PIXI_PROMPT=(robm) PS1=(robm) \[\e]0;\u@\h: \w\a\]${debian_chroot:+($debian_chroot)}\[\033[01;32m\]\u@\h\[\033[00m\]:\[\033[01;34m\]\w\[\033[00m\]\$ /home/aichou/uni_projects/ROBM/robm-pixi/.pixi/envs/default/bin/cmake /home/aichou/uni_projects/ROBM/robm-pixi/src/teleop_tools/teleop_tools_msgs -DCMAKE_INSTALL_PREFIX=/home/aichou/uni_projects/ROBM/robm-pixi/install/teleop_tools_msgs[0m
[1.641s] [34mcolcon.colcon_core.task.python.build[0m [1;30mINFO[0m Building Python package in '/home/aichou/uni_projects/ROBM/robm-pixi/src/teleop_tools/key_teleop'
[1.641s] [34mcolcon.colcon_core.shell[0m [1;30mINFO[0m Skip shell extension 'powershell' for command environment: Not usable outside of PowerShell
[1.641s] [34mcolcon.colcon_core.shell[0m [1;30mDEBUG[0m [32mSkip shell extension 'dsv' for command environment[0m
[1.648s] [34mcolcon.colcon_core.shell[0m [1;30mERROR[0m [31mException in shell extension 'sh': [Errno 13] Permission denied: '/home/aichou/uni_projects/ROBM/robm-pixi/build/robm_interfaces/colcon_command_prefix_build.sh.env'
Traceback (most recent call last):
  File "/home/aichou/uni_projects/ROBM/robm-pixi/.pixi/envs/default/lib/python3.12/site-packages/colcon_core/shell/__init__.py", line 308, in get_command_environment
    return await extension.generate_command_environment(
           ^^^^^^^^^^^^^^^^^^^^^^^^^^^^^^^^^^^^^^^^^^^^^
  File "/home/aichou/uni_projects/ROBM/robm-pixi/.pixi/envs/default/lib/python3.12/site-packages/colcon_core/shell/sh.py", line 172, in generate_command_environment
    with env_path.open('w') as h:
         ^^^^^^^^^^^^^^^^^^
  File "/home/aichou/uni_projects/ROBM/robm-pixi/.pixi/envs/default/lib/python3.12/pathlib.py", line 1013, in open
    return io.open(self, mode, buffering, encoding, errors, newline)
           ^^^^^^^^^^^^^^^^^^^^^^^^^^^^^^^^^^^^^^^^^^^^^^^^^^^^^^^^^
PermissionError: [Errno 13] Permission denied: '/home/aichou/uni_projects/ROBM/robm-pixi/build/robm_interfaces/colcon_command_prefix_build.sh.env'
[0m
[1.648s] [34mcolcon.colcon_core.shell[0m [1;30mDEBUG[0m [32mSkip shell extension 'bash' for command environment[0m
[1.648s] [34mcolcon.colcon_core.shell[0m [1;30mDEBUG[0m [32mSkip shell extension 'zsh' for command environment[0m
[1.649s] [34mcolcon.colcon_cmake.task.cmake.build[0m [1;30mERROR[0m [31mCould not find a shell extension for the command environment[0m
[1.650s] [34mcolcon.colcon_core.environment[0m [1;30mLevel 1[0m create_environment_scripts_only(robm_interfaces)
[1.663s] [34mcolcon.colcon_core.environment[0m [1;30mLevel 1[0m checking '/home/aichou/uni_projects/ROBM/robm-pixi/install/robm_interfaces' for CMake module files
[1.663s] [34mcolcon.colcon_core.environment[0m [1;30mLevel 1[0m checking '/home/aichou/uni_projects/ROBM/robm-pixi/install/robm_interfaces' for CMake config files
[1.664s] [34mcolcon.colcon_core.shell[0m [1;30mLevel 1[0m create_environment_hook('robm_interfaces', 'cmake_prefix_path')
[1.664s] [34mcolcon.colcon_core.shell[0m [1;30mINFO[0m Creating environment hook '/home/aichou/uni_projects/ROBM/robm-pixi/install/robm_interfaces/share/robm_interfaces/hook/cmake_prefix_path.ps1'
[1.664s] [34mcolcon.colcon_core.shell[0m [1;30mINFO[0m Creating environment descriptor '/home/aichou/uni_projects/ROBM/robm-pixi/install/robm_interfaces/share/robm_interfaces/hook/cmake_prefix_path.dsv'
[1.665s] [34mcolcon.colcon_core.shell[0m [1;30mINFO[0m Creating environment hook '/home/aichou/uni_projects/ROBM/robm-pixi/install/robm_interfaces/share/robm_interfaces/hook/cmake_prefix_path.sh'
[1.666s] [34mcolcon.colcon_core.environment[0m [1;30mLevel 1[0m checking '/home/aichou/uni_projects/ROBM/robm-pixi/install/robm_interfaces/lib'
[1.666s] [34mcolcon.colcon_core.shell[0m [1;30mLevel 1[0m create_environment_hook('robm_interfaces', 'ld_library_path_lib')
[1.666s] [34mcolcon.colcon_core.shell[0m [1;30mINFO[0m Creating environment hook '/home/aichou/uni_projects/ROBM/robm-pixi/install/robm_interfaces/share/robm_interfaces/hook/ld_library_path_lib.ps1'
[1.666s] [34mcolcon.colcon_core.shell[0m [1;30mINFO[0m Creating environment descriptor '/home/aichou/uni_projects/ROBM/robm-pixi/install/robm_interfaces/share/robm_interfaces/hook/ld_library_path_lib.dsv'
[1.667s] [34mcolcon.colcon_core.shell[0m [1;30mINFO[0m Creating environment hook '/home/aichou/uni_projects/ROBM/robm-pixi/install/robm_interfaces/share/robm_interfaces/hook/ld_library_path_lib.sh'
[1.667s] [34mcolcon.colcon_core.environment[0m [1;30mLevel 1[0m checking '/home/aichou/uni_projects/ROBM/robm-pixi/install/robm_interfaces/bin'
[1.667s] [34mcolcon.colcon_core.environment[0m [1;30mLevel 1[0m checking '/home/aichou/uni_projects/ROBM/robm-pixi/install/robm_interfaces/lib/pkgconfig/robm_interfaces.pc'
[1.670s] [34mcolcon.colcon_core.environment[0m [1;30mLevel 1[0m checking '/home/aichou/uni_projects/ROBM/robm-pixi/install/robm_interfaces/lib/python3.12/site-packages'
[1.670s] [34mcolcon.colcon_core.shell[0m [1;30mLevel 1[0m create_environment_hook('robm_interfaces', 'pythonpath')
[1.670s] [34mcolcon.colcon_core.shell[0m [1;30mINFO[0m Creating environment hook '/home/aichou/uni_projects/ROBM/robm-pixi/install/robm_interfaces/share/robm_interfaces/hook/pythonpath.ps1'
[1.671s] [34mcolcon.colcon_core.shell[0m [1;30mINFO[0m Creating environment descriptor '/home/aichou/uni_projects/ROBM/robm-pixi/install/robm_interfaces/share/robm_interfaces/hook/pythonpath.dsv'
[1.672s] [34mcolcon.colcon_core.shell[0m [1;30mINFO[0m Creating environment hook '/home/aichou/uni_projects/ROBM/robm-pixi/install/robm_interfaces/share/robm_interfaces/hook/pythonpath.sh'
[1.673s] [34mcolcon.colcon_core.environment[0m [1;30mLevel 1[0m checking '/home/aichou/uni_projects/ROBM/robm-pixi/install/robm_interfaces/bin'
[1.673s] [34mcolcon.colcon_core.shell[0m [1;30mINFO[0m Creating package script '/home/aichou/uni_projects/ROBM/robm-pixi/install/robm_interfaces/share/robm_interfaces/package.ps1'
[1.674s] [34mcolcon.colcon_core.shell[0m [1;30mINFO[0m Creating package descriptor '/home/aichou/uni_projects/ROBM/robm-pixi/install/robm_interfaces/share/robm_interfaces/package.dsv'
[1.675s] [34mcolcon.colcon_core.shell[0m [1;30mINFO[0m Creating package script '/home/aichou/uni_projects/ROBM/robm-pixi/install/robm_interfaces/share/robm_interfaces/package.sh'
[1.677s] [34mcolcon.colcon_core.shell[0m [1;30mINFO[0m Creating package script '/home/aichou/uni_projects/ROBM/robm-pixi/install/robm_interfaces/share/robm_interfaces/package.bash'
[1.678s] [34mcolcon.colcon_core.shell[0m [1;30mINFO[0m Creating package script '/home/aichou/uni_projects/ROBM/robm-pixi/install/robm_interfaces/share/robm_interfaces/package.zsh'
[1.679s] [34mcolcon.colcon_core.environment[0m [1;30mLevel 1[0m create_file_with_runtime_dependencies(/home/aichou/uni_projects/ROBM/robm-pixi/install/robm_interfaces/share/colcon-core/packages/robm_interfaces)
[1.930s] [34mcolcon.colcon_core.task.python.build[0m [1;30mINFO[0m Building Python package in '/home/aichou/uni_projects/ROBM/robm-pixi/src/teleop_tools/mouse_teleop'
[1.930s] [34mcolcon.colcon_core.shell[0m [1;30mINFO[0m Skip shell extension 'powershell' for command environment: Not usable outside of PowerShell
[1.930s] [34mcolcon.colcon_core.shell[0m [1;30mDEBUG[0m [32mSkip shell extension 'dsv' for command environment[0m
[1.934s] [34mcolcon.colcon_core.shell[0m [1;30mERROR[0m [31mException in shell extension 'sh': [Errno 13] Permission denied: '/home/aichou/uni_projects/ROBM/robm-pixi/build/robm_tp1_color/colcon_command_prefix_setup_py.sh.env'
Traceback (most recent call last):
  File "/home/aichou/uni_projects/ROBM/robm-pixi/.pixi/envs/default/lib/python3.12/site-packages/colcon_core/shell/__init__.py", line 308, in get_command_environment
    return await extension.generate_command_environment(
           ^^^^^^^^^^^^^^^^^^^^^^^^^^^^^^^^^^^^^^^^^^^^^
  File "/home/aichou/uni_projects/ROBM/robm-pixi/.pixi/envs/default/lib/python3.12/site-packages/colcon_core/shell/sh.py", line 172, in generate_command_environment
    with env_path.open('w') as h:
         ^^^^^^^^^^^^^^^^^^
  File "/home/aichou/uni_projects/ROBM/robm-pixi/.pixi/envs/default/lib/python3.12/pathlib.py", line 1013, in open
    return io.open(self, mode, buffering, encoding, errors, newline)
           ^^^^^^^^^^^^^^^^^^^^^^^^^^^^^^^^^^^^^^^^^^^^^^^^^^^^^^^^^
PermissionError: [Errno 13] Permission denied: '/home/aichou/uni_projects/ROBM/robm-pixi/build/robm_tp1_color/colcon_command_prefix_setup_py.sh.env'
[0m
[1.934s] [34mcolcon.colcon_core.shell[0m [1;30mDEBUG[0m [32mSkip shell extension 'bash' for command environment[0m
[1.934s] [34mcolcon.colcon_core.shell[0m [1;30mDEBUG[0m [32mSkip shell extension 'zsh' for command environment[0m
[1.934s] [34mcolcon.colcon_ros.task.ament_python.build[0m [1;30mERROR[0m [31mCould not find a shell extension for the command environment[0m
[14.187s] [34mcolcon.colcon_parallel_executor.executor.parallel[0m [1;30mDEBUG[0m [32mclosing loop[0m
[14.187s] [34mcolcon.colcon_parallel_executor.executor.parallel[0m [1;30mDEBUG[0m [32mloop closed[0m
[14.187s] [34mcolcon.colcon_parallel_executor.executor.parallel[0m [1;30mDEBUG[0m [32mrun_until_complete finished with '1'[0m
[14.188s] [34mcolcon.colcon_core.event_reactor[0m [1;30mDEBUG[0m [32mjoining thread[0m
[14.189s] [34mcolcon.colcon_core.event_reactor[0m [1;30mDEBUG[0m [32mjoined thread[0m
[14.189s] [34mcolcon.colcon_core.shell[0m [1;30mINFO[0m Creating prefix script '/home/aichou/uni_projects/ROBM/robm-pixi/install/local_setup.ps1'
[14.192s] [34mcolcon.colcon_core.shell[0m [1;30mINFO[0m Creating prefix util module '/home/aichou/uni_projects/ROBM/robm-pixi/install/_local_setup_util_ps1.py'
[14.193s] [34mcolcon.colcon_core.shell[0m [1;30mINFO[0m Creating prefix chain script '/home/aichou/uni_projects/ROBM/robm-pixi/install/setup.ps1'
[14.196s] [34mcolcon.colcon_core.shell[0m [1;30mINFO[0m Creating prefix script '/home/aichou/uni_projects/ROBM/robm-pixi/install/local_setup.sh'
[14.197s] [34mcolcon.colcon_core.shell[0m [1;30mINFO[0m Creating prefix util module '/home/aichou/uni_projects/ROBM/robm-pixi/install/_local_setup_util_sh.py'
[14.197s] [34mcolcon.colcon_core.shell[0m [1;30mINFO[0m Creating prefix chain script '/home/aichou/uni_projects/ROBM/robm-pixi/install/setup.sh'
[14.198s] [34mcolcon.colcon_core.shell[0m [1;30mINFO[0m Creating prefix script '/home/aichou/uni_projects/ROBM/robm-pixi/install/local_setup.bash'
[14.199s] [34mcolcon.colcon_core.shell[0m [1;30mINFO[0m Creating prefix chain script '/home/aichou/uni_projects/ROBM/robm-pixi/install/setup.bash'
[14.200s] [34mcolcon.colcon_core.shell[0m [1;30mINFO[0m Creating prefix script '/home/aichou/uni_projects/ROBM/robm-pixi/install/local_setup.zsh'
[14.201s] [34mcolcon.colcon_core.shell[0m [1;30mINFO[0m Creating prefix chain script '/home/aichou/uni_projects/ROBM/robm-pixi/install/setup.zsh'
