[0.028s] Invoking command in '/home/aichou/uni_projects/ROBM/robm-pixi/src/build/teleop_tools_msgs': CMAKE_PREFIX_PATH=${CMAKE_PREFIX_PATH}:/home/aichou/uni_projects/ROBM/robm-pixi/src/install/joy_teleop:/home/aichou/uni_projects/ROBM/robm-pixi/src/install/robm_tp2_move:/home/aichou/uni_projects/ROBM/robm-pixi/src/install/robm_bridge:/home/aichou/uni_projects/ROBM/robm-pixi/src/install/mouse_teleop:/home/aichou/uni_projects/ROBM/robm-pixi/src/install/key_teleop:/home/aichou/uni_projects/ROBM/robm-pixi/install/robm_tp1_color:/home/aichou/uni_projects/ROBM/robm-pixi/install/robm_bridge PIXI_PROMPT=(robm) PS1=(robm) \[\e]0;\u@\h: \w\a\]${debian_chroot:+($debian_chroot)}\[\033[01;32m\]\u@\h\[\033[00m\]:\[\033[01;34m\]\w\[\033[00m\]\$ /home/aichou/uni_projects/ROBM/robm-pixi/.pixi/envs/default/bin/cmake --build /home/aichou/uni_projects/ROBM/robm-pixi/src/build/teleop_tools_msgs -- -j22 -l22
[0.309s] [  2%] Built target teleop_tools_msgs__rosidl_generator_type_description
[0.309s] [  5%] Built target teleop_tools_msgs__cpp
[0.310s] [  5%] Built target ament_cmake_python_copy_teleop_tools_msgs
[0.310s] [ 20%] Built target teleop_tools_msgs__rosidl_generator_c
[0.310s] [ 29%] Built target teleop_tools_msgs__rosidl_typesupport_c
[0.310s] [ 38%] Built target teleop_tools_msgs__rosidl_typesupport_introspection_c
[0.310s] [ 47%] Built target teleop_tools_msgs__rosidl_typesupport_fastrtps_cpp
[0.310s] [ 55%] Built target teleop_tools_msgs__rosidl_typesupport_fastrtps_c
[0.310s] [ 64%] Built target teleop_tools_msgs__rosidl_typesupport_cpp
[0.311s] [ 73%] Built target teleop_tools_msgs__rosidl_typesupport_introspection_cpp
[0.311s] [ 73%] Built target teleop_tools_msgs
[0.311s] [ 76%] Built target teleop_tools_msgs__py
[0.311s] [ 82%] Built target teleop_tools_msgs__rosidl_generator_py
[0.311s] [ 91%] Built target teleop_tools_msgs_s__rosidl_typesupport_introspection_c
[0.311s] [ 94%] Built target teleop_tools_msgs_s__rosidl_typesupport_fastrtps_c
[0.311s] [100%] Built target teleop_tools_msgs_s__rosidl_typesupport_c
[0.311s] running egg_info
[0.311s] writing teleop_tools_msgs.egg-info/PKG-INFO
[0.311s] writing dependency_links to teleop_tools_msgs.egg-info/dependency_links.txt
[0.311s] writing top-level names to teleop_tools_msgs.egg-info/top_level.txt
[0.312s] reading manifest file 'teleop_tools_msgs.egg-info/SOURCES.txt'
[0.312s] writing manifest file 'teleop_tools_msgs.egg-info/SOURCES.txt'
[0.313s] [100%] Built target ament_cmake_python_build_teleop_tools_msgs_egg
[0.449s] Invoked command in '/home/aichou/uni_projects/ROBM/robm-pixi/src/build/teleop_tools_msgs' returned '0': CMAKE_PREFIX_PATH=${CMAKE_PREFIX_PATH}:/home/aichou/uni_projects/ROBM/robm-pixi/src/install/joy_teleop:/home/aichou/uni_projects/ROBM/robm-pixi/src/install/robm_tp2_move:/home/aichou/uni_projects/ROBM/robm-pixi/src/install/robm_bridge:/home/aichou/uni_projects/ROBM/robm-pixi/src/install/mouse_teleop:/home/aichou/uni_projects/ROBM/robm-pixi/src/install/key_teleop:/home/aichou/uni_projects/ROBM/robm-pixi/install/robm_tp1_color:/home/aichou/uni_projects/ROBM/robm-pixi/install/robm_bridge PIXI_PROMPT=(robm) PS1=(robm) \[\e]0;\u@\h: \w\a\]${debian_chroot:+($debian_chroot)}\[\033[01;32m\]\u@\h\[\033[00m\]:\[\033[01;34m\]\w\[\033[00m\]\$ /home/aichou/uni_projects/ROBM/robm-pixi/.pixi/envs/default/bin/cmake --build /home/aichou/uni_projects/ROBM/robm-pixi/src/build/teleop_tools_msgs -- -j22 -l22
[0.451s] Invoking command in '/home/aichou/uni_projects/ROBM/robm-pixi/src/build/teleop_tools_msgs': CMAKE_PREFIX_PATH=${CMAKE_PREFIX_PATH}:/home/aichou/uni_projects/ROBM/robm-pixi/src/install/joy_teleop:/home/aichou/uni_projects/ROBM/robm-pixi/src/install/robm_tp2_move:/home/aichou/uni_projects/ROBM/robm-pixi/src/install/robm_bridge:/home/aichou/uni_projects/ROBM/robm-pixi/src/install/mouse_teleop:/home/aichou/uni_projects/ROBM/robm-pixi/src/install/key_teleop:/home/aichou/uni_projects/ROBM/robm-pixi/install/robm_tp1_color:/home/aichou/uni_projects/ROBM/robm-pixi/install/robm_bridge PIXI_PROMPT=(robm) PS1=(robm) \[\e]0;\u@\h: \w\a\]${debian_chroot:+($debian_chroot)}\[\033[01;32m\]\u@\h\[\033[00m\]:\[\033[01;34m\]\w\[\033[00m\]\$ /home/aichou/uni_projects/ROBM/robm-pixi/.pixi/envs/default/bin/cmake --install /home/aichou/uni_projects/ROBM/robm-pixi/src/build/teleop_tools_msgs
[0.456s] -- Install configuration: ""
[0.456s] -- Up-to-date: /home/aichou/uni_projects/ROBM/robm-pixi/src/install/teleop_tools_msgs/share/ament_index/resource_index/rosidl_interfaces/teleop_tools_msgs
[0.456s] -- Up-to-date: /home/aichou/uni_projects/ROBM/robm-pixi/src/install/teleop_tools_msgs/share/teleop_tools_msgs/action/Increment.json
[0.457s] -- Up-to-date: /home/aichou/uni_projects/ROBM/robm-pixi/src/install/teleop_tools_msgs/include/teleop_tools_msgs/teleop_tools_msgs
[0.457s] -- Up-to-date: /home/aichou/uni_projects/ROBM/robm-pixi/src/install/teleop_tools_msgs/include/teleop_tools_msgs/teleop_tools_msgs/msg
[0.457s] -- Up-to-date: /home/aichou/uni_projects/ROBM/robm-pixi/src/install/teleop_tools_msgs/include/teleop_tools_msgs/teleop_tools_msgs/msg/rosidl_generator_c__visibility_control.h
[0.458s] -- Up-to-date: /home/aichou/uni_projects/ROBM/robm-pixi/src/install/teleop_tools_msgs/include/teleop_tools_msgs/teleop_tools_msgs/action
[0.458s] -- Up-to-date: /home/aichou/uni_projects/ROBM/robm-pixi/src/install/teleop_tools_msgs/include/teleop_tools_msgs/teleop_tools_msgs/action/detail
[0.458s] -- Up-to-date: /home/aichou/uni_projects/ROBM/robm-pixi/src/install/teleop_tools_msgs/include/teleop_tools_msgs/teleop_tools_msgs/action/detail/increment__type_support.c
[0.458s] -- Up-to-date: /home/aichou/uni_projects/ROBM/robm-pixi/src/install/teleop_tools_msgs/include/teleop_tools_msgs/teleop_tools_msgs/action/detail/increment__functions.c
[0.460s] -- Up-to-date: /home/aichou/uni_projects/ROBM/robm-pixi/src/install/teleop_tools_msgs/include/teleop_tools_msgs/teleop_tools_msgs/action/detail/increment__struct.h
[0.460s] -- Up-to-date: /home/aichou/uni_projects/ROBM/robm-pixi/src/install/teleop_tools_msgs/include/teleop_tools_msgs/teleop_tools_msgs/action/detail/increment__type_support.h
[0.460s] -- Up-to-date: /home/aichou/uni_projects/ROBM/robm-pixi/src/install/teleop_tools_msgs/include/teleop_tools_msgs/teleop_tools_msgs/action/detail/increment__description.c
[0.460s] -- Up-to-date: /home/aichou/uni_projects/ROBM/robm-pixi/src/install/teleop_tools_msgs/include/teleop_tools_msgs/teleop_tools_msgs/action/detail/increment__functions.h
[0.460s] -- Up-to-date: /home/aichou/uni_projects/ROBM/robm-pixi/src/install/teleop_tools_msgs/include/teleop_tools_msgs/teleop_tools_msgs/action/increment.h
[0.460s] -- Up-to-date: /home/aichou/uni_projects/ROBM/robm-pixi/src/install/teleop_tools_msgs/share/teleop_tools_msgs/environment/library_path.sh
[0.460s] -- Up-to-date: /home/aichou/uni_projects/ROBM/robm-pixi/src/install/teleop_tools_msgs/share/teleop_tools_msgs/environment/library_path.dsv
[0.460s] -- Installing: /home/aichou/uni_projects/ROBM/robm-pixi/src/install/teleop_tools_msgs/lib/libteleop_tools_msgs__rosidl_generator_c.so
[0.460s] -- Up-to-date: /home/aichou/uni_projects/ROBM/robm-pixi/src/install/teleop_tools_msgs/include/teleop_tools_msgs/teleop_tools_msgs
[0.460s] -- Up-to-date: /home/aichou/uni_projects/ROBM/robm-pixi/src/install/teleop_tools_msgs/include/teleop_tools_msgs/teleop_tools_msgs/msg
[0.461s] -- Up-to-date: /home/aichou/uni_projects/ROBM/robm-pixi/src/install/teleop_tools_msgs/include/teleop_tools_msgs/teleop_tools_msgs/msg/rosidl_typesupport_fastrtps_c__visibility_control.h
[0.461s] -- Up-to-date: /home/aichou/uni_projects/ROBM/robm-pixi/src/install/teleop_tools_msgs/include/teleop_tools_msgs/teleop_tools_msgs/action
[0.461s] -- Up-to-date: /home/aichou/uni_projects/ROBM/robm-pixi/src/install/teleop_tools_msgs/include/teleop_tools_msgs/teleop_tools_msgs/action/detail
[0.461s] -- Up-to-date: /home/aichou/uni_projects/ROBM/robm-pixi/src/install/teleop_tools_msgs/include/teleop_tools_msgs/teleop_tools_msgs/action/detail/increment__rosidl_typesupport_fastrtps_c.h
[0.461s] -- Installing: /home/aichou/uni_projects/ROBM/robm-pixi/src/install/teleop_tools_msgs/lib/libteleop_tools_msgs__rosidl_typesupport_fastrtps_c.so
[0.461s] -- Set non-toolchain portion of runtime path of "/home/aichou/uni_projects/ROBM/robm-pixi/src/install/teleop_tools_msgs/lib/libteleop_tools_msgs__rosidl_typesupport_fastrtps_c.so" to ""
[0.461s] -- Up-to-date: /home/aichou/uni_projects/ROBM/robm-pixi/src/install/teleop_tools_msgs/include/teleop_tools_msgs/teleop_tools_msgs
[0.462s] -- Up-to-date: /home/aichou/uni_projects/ROBM/robm-pixi/src/install/teleop_tools_msgs/include/teleop_tools_msgs/teleop_tools_msgs/msg
[0.462s] -- Up-to-date: /home/aichou/uni_projects/ROBM/robm-pixi/src/install/teleop_tools_msgs/include/teleop_tools_msgs/teleop_tools_msgs/msg/rosidl_typesupport_introspection_c__visibility_control.h
[0.462s] -- Up-to-date: /home/aichou/uni_projects/ROBM/robm-pixi/src/install/teleop_tools_msgs/include/teleop_tools_msgs/teleop_tools_msgs/action
[0.462s] -- Up-to-date: /home/aichou/uni_projects/ROBM/robm-pixi/src/install/teleop_tools_msgs/include/teleop_tools_msgs/teleop_tools_msgs/action/detail
[0.462s] -- Up-to-date: /home/aichou/uni_projects/ROBM/robm-pixi/src/install/teleop_tools_msgs/include/teleop_tools_msgs/teleop_tools_msgs/action/detail/increment__type_support.c
[0.463s] -- Up-to-date: /home/aichou/uni_projects/ROBM/robm-pixi/src/install/teleop_tools_msgs/include/teleop_tools_msgs/teleop_tools_msgs/action/detail/increment__rosidl_typesupport_introspection_c.h
[0.464s] -- Installing: /home/aichou/uni_projects/ROBM/robm-pixi/src/install/teleop_tools_msgs/lib/libteleop_tools_msgs__rosidl_typesupport_introspection_c.so
[0.465s] -- Set non-toolchain portion of runtime path of "/home/aichou/uni_projects/ROBM/robm-pixi/src/install/teleop_tools_msgs/lib/libteleop_tools_msgs__rosidl_typesupport_introspection_c.so" to ""
[0.465s] -- Installing: /home/aichou/uni_projects/ROBM/robm-pixi/src/install/teleop_tools_msgs/lib/libteleop_tools_msgs__rosidl_typesupport_c.so
[0.466s] -- Set non-toolchain portion of runtime path of "/home/aichou/uni_projects/ROBM/robm-pixi/src/install/teleop_tools_msgs/lib/libteleop_tools_msgs__rosidl_typesupport_c.so" to ""
[0.466s] -- Up-to-date: /home/aichou/uni_projects/ROBM/robm-pixi/src/install/teleop_tools_msgs/include/teleop_tools_msgs/teleop_tools_msgs
[0.466s] -- Up-to-date: /home/aichou/uni_projects/ROBM/robm-pixi/src/install/teleop_tools_msgs/include/teleop_tools_msgs/teleop_tools_msgs/msg
[0.467s] -- Up-to-date: /home/aichou/uni_projects/ROBM/robm-pixi/src/install/teleop_tools_msgs/include/teleop_tools_msgs/teleop_tools_msgs/msg/rosidl_generator_cpp__visibility_control.hpp
[0.467s] -- Up-to-date: /home/aichou/uni_projects/ROBM/robm-pixi/src/install/teleop_tools_msgs/include/teleop_tools_msgs/teleop_tools_msgs/action
[0.467s] -- Up-to-date: /home/aichou/uni_projects/ROBM/robm-pixi/src/install/teleop_tools_msgs/include/teleop_tools_msgs/teleop_tools_msgs/action/detail
[0.468s] -- Up-to-date: /home/aichou/uni_projects/ROBM/robm-pixi/src/install/teleop_tools_msgs/include/teleop_tools_msgs/teleop_tools_msgs/action/detail/increment__type_support.hpp
[0.468s] -- Up-to-date: /home/aichou/uni_projects/ROBM/robm-pixi/src/install/teleop_tools_msgs/include/teleop_tools_msgs/teleop_tools_msgs/action/detail/increment__traits.hpp
[0.468s] -- Up-to-date: /home/aichou/uni_projects/ROBM/robm-pixi/src/install/teleop_tools_msgs/include/teleop_tools_msgs/teleop_tools_msgs/action/detail/increment__struct.hpp
[0.468s] -- Up-to-date: /home/aichou/uni_projects/ROBM/robm-pixi/src/install/teleop_tools_msgs/include/teleop_tools_msgs/teleop_tools_msgs/action/detail/increment__builder.hpp
[0.468s] -- Up-to-date: /home/aichou/uni_projects/ROBM/robm-pixi/src/install/teleop_tools_msgs/include/teleop_tools_msgs/teleop_tools_msgs/action/increment.hpp
[0.468s] -- Up-to-date: /home/aichou/uni_projects/ROBM/robm-pixi/src/install/teleop_tools_msgs/include/teleop_tools_msgs/teleop_tools_msgs
[0.469s] -- Up-to-date: /home/aichou/uni_projects/ROBM/robm-pixi/src/install/teleop_tools_msgs/include/teleop_tools_msgs/teleop_tools_msgs/msg
[0.469s] -- Up-to-date: /home/aichou/uni_projects/ROBM/robm-pixi/src/install/teleop_tools_msgs/include/teleop_tools_msgs/teleop_tools_msgs/msg/rosidl_typesupport_fastrtps_cpp__visibility_control.h
[0.469s] -- Up-to-date: /home/aichou/uni_projects/ROBM/robm-pixi/src/install/teleop_tools_msgs/include/teleop_tools_msgs/teleop_tools_msgs/action
[0.469s] -- Up-to-date: /home/aichou/uni_projects/ROBM/robm-pixi/src/install/teleop_tools_msgs/include/teleop_tools_msgs/teleop_tools_msgs/action/detail
[0.469s] -- Up-to-date: /home/aichou/uni_projects/ROBM/robm-pixi/src/install/teleop_tools_msgs/include/teleop_tools_msgs/teleop_tools_msgs/action/detail/dds_fastrtps
[0.469s] -- Up-to-date: /home/aichou/uni_projects/ROBM/robm-pixi/src/install/teleop_tools_msgs/include/teleop_tools_msgs/teleop_tools_msgs/action/detail/increment__rosidl_typesupport_fastrtps_cpp.hpp
[0.470s] -- Installing: /home/aichou/uni_projects/ROBM/robm-pixi/src/install/teleop_tools_msgs/lib/libteleop_tools_msgs__rosidl_typesupport_fastrtps_cpp.so
[0.471s] -- Set non-toolchain portion of runtime path of "/home/aichou/uni_projects/ROBM/robm-pixi/src/install/teleop_tools_msgs/lib/libteleop_tools_msgs__rosidl_typesupport_fastrtps_cpp.so" to ""
[0.471s] -- Up-to-date: /home/aichou/uni_projects/ROBM/robm-pixi/src/install/teleop_tools_msgs/include/teleop_tools_msgs/teleop_tools_msgs
[0.471s] -- Up-to-date: /home/aichou/uni_projects/ROBM/robm-pixi/src/install/teleop_tools_msgs/include/teleop_tools_msgs/teleop_tools_msgs/action
[0.471s] -- Up-to-date: /home/aichou/uni_projects/ROBM/robm-pixi/src/install/teleop_tools_msgs/include/teleop_tools_msgs/teleop_tools_msgs/action/detail
[0.471s] -- Up-to-date: /home/aichou/uni_projects/ROBM/robm-pixi/src/install/teleop_tools_msgs/include/teleop_tools_msgs/teleop_tools_msgs/action/detail/increment__rosidl_typesupport_introspection_cpp.hpp
[0.471s] -- Up-to-date: /home/aichou/uni_projects/ROBM/robm-pixi/src/install/teleop_tools_msgs/include/teleop_tools_msgs/teleop_tools_msgs/action/detail/increment__type_support.cpp
[0.472s] -- Installing: /home/aichou/uni_projects/ROBM/robm-pixi/src/install/teleop_tools_msgs/lib/libteleop_tools_msgs__rosidl_typesupport_introspection_cpp.so
[0.473s] -- Set non-toolchain portion of runtime path of "/home/aichou/uni_projects/ROBM/robm-pixi/src/install/teleop_tools_msgs/lib/libteleop_tools_msgs__rosidl_typesupport_introspection_cpp.so" to ""
[0.474s] -- Installing: /home/aichou/uni_projects/ROBM/robm-pixi/src/install/teleop_tools_msgs/lib/libteleop_tools_msgs__rosidl_typesupport_cpp.so
[0.475s] -- Set non-toolchain portion of runtime path of "/home/aichou/uni_projects/ROBM/robm-pixi/src/install/teleop_tools_msgs/lib/libteleop_tools_msgs__rosidl_typesupport_cpp.so" to ""
[0.475s] -- Up-to-date: /home/aichou/uni_projects/ROBM/robm-pixi/src/install/teleop_tools_msgs/share/teleop_tools_msgs/environment/pythonpath.sh
[0.475s] -- Up-to-date: /home/aichou/uni_projects/ROBM/robm-pixi/src/install/teleop_tools_msgs/share/teleop_tools_msgs/environment/pythonpath.dsv
[0.475s] -- Up-to-date: /home/aichou/uni_projects/ROBM/robm-pixi/src/install/teleop_tools_msgs/lib/python3.12/site-packages/teleop_tools_msgs-2.0.0-py3.12.egg-info
[0.475s] -- Installing: /home/aichou/uni_projects/ROBM/robm-pixi/src/install/teleop_tools_msgs/lib/python3.12/site-packages/teleop_tools_msgs-2.0.0-py3.12.egg-info/top_level.txt
[0.475s] -- Installing: /home/aichou/uni_projects/ROBM/robm-pixi/src/install/teleop_tools_msgs/lib/python3.12/site-packages/teleop_tools_msgs-2.0.0-py3.12.egg-info/SOURCES.txt
[0.475s] -- Installing: /home/aichou/uni_projects/ROBM/robm-pixi/src/install/teleop_tools_msgs/lib/python3.12/site-packages/teleop_tools_msgs-2.0.0-py3.12.egg-info/PKG-INFO
[0.475s] -- Installing: /home/aichou/uni_projects/ROBM/robm-pixi/src/install/teleop_tools_msgs/lib/python3.12/site-packages/teleop_tools_msgs-2.0.0-py3.12.egg-info/dependency_links.txt
[0.475s] -- Up-to-date: /home/aichou/uni_projects/ROBM/robm-pixi/src/install/teleop_tools_msgs/lib/python3.12/site-packages/teleop_tools_msgs
[0.475s] -- Up-to-date: /home/aichou/uni_projects/ROBM/robm-pixi/src/install/teleop_tools_msgs/lib/python3.12/site-packages/teleop_tools_msgs/teleop_tools_msgs_s__rosidl_typesupport_introspection_c.so
[0.475s] -- Up-to-date: /home/aichou/uni_projects/ROBM/robm-pixi/src/install/teleop_tools_msgs/lib/python3.12/site-packages/teleop_tools_msgs/_teleop_tools_msgs_s.ep.rosidl_typesupport_introspection_c.c
[0.476s] -- Up-to-date: /home/aichou/uni_projects/ROBM/robm-pixi/src/install/teleop_tools_msgs/lib/python3.12/site-packages/teleop_tools_msgs/_teleop_tools_msgs_s.ep.rosidl_typesupport_fastrtps_c.c
[0.476s] -- Up-to-date: /home/aichou/uni_projects/ROBM/robm-pixi/src/install/teleop_tools_msgs/lib/python3.12/site-packages/teleop_tools_msgs/action
[0.476s] -- Up-to-date: /home/aichou/uni_projects/ROBM/robm-pixi/src/install/teleop_tools_msgs/lib/python3.12/site-packages/teleop_tools_msgs/action/_increment.py
[0.476s] -- Up-to-date: /home/aichou/uni_projects/ROBM/robm-pixi/src/install/teleop_tools_msgs/lib/python3.12/site-packages/teleop_tools_msgs/action/__init__.py
[0.476s] -- Up-to-date: /home/aichou/uni_projects/ROBM/robm-pixi/src/install/teleop_tools_msgs/lib/python3.12/site-packages/teleop_tools_msgs/action/_increment_s.c
[0.476s] -- Up-to-date: /home/aichou/uni_projects/ROBM/robm-pixi/src/install/teleop_tools_msgs/lib/python3.12/site-packages/teleop_tools_msgs/__init__.py
[0.476s] -- Up-to-date: /home/aichou/uni_projects/ROBM/robm-pixi/src/install/teleop_tools_msgs/lib/python3.12/site-packages/teleop_tools_msgs/teleop_tools_msgs_s__rosidl_typesupport_c.so
[0.476s] -- Up-to-date: /home/aichou/uni_projects/ROBM/robm-pixi/src/install/teleop_tools_msgs/lib/python3.12/site-packages/teleop_tools_msgs/_teleop_tools_msgs_s.ep.rosidl_typesupport_c.c
[0.476s] -- Up-to-date: /home/aichou/uni_projects/ROBM/robm-pixi/src/install/teleop_tools_msgs/lib/python3.12/site-packages/teleop_tools_msgs/teleop_tools_msgs_s__rosidl_typesupport_fastrtps_c.so
[0.500s] Listing '/home/aichou/uni_projects/ROBM/robm-pixi/src/install/teleop_tools_msgs/lib/python3.12/site-packages/teleop_tools_msgs'...
[0.500s] Listing '/home/aichou/uni_projects/ROBM/robm-pixi/src/install/teleop_tools_msgs/lib/python3.12/site-packages/teleop_tools_msgs/action'...
[0.506s] -- Installing: /home/aichou/uni_projects/ROBM/robm-pixi/src/install/teleop_tools_msgs/lib/python3.12/site-packages/teleop_tools_msgs/teleop_tools_msgs_s__rosidl_typesupport_fastrtps_c.so
[0.506s] -- Set non-toolchain portion of runtime path of "/home/aichou/uni_projects/ROBM/robm-pixi/src/install/teleop_tools_msgs/lib/python3.12/site-packages/teleop_tools_msgs/teleop_tools_msgs_s__rosidl_typesupport_fastrtps_c.so" to ""
[0.507s] -- Installing: /home/aichou/uni_projects/ROBM/robm-pixi/src/install/teleop_tools_msgs/lib/python3.12/site-packages/teleop_tools_msgs/teleop_tools_msgs_s__rosidl_typesupport_introspection_c.so
[0.507s] -- Set non-toolchain portion of runtime path of "/home/aichou/uni_projects/ROBM/robm-pixi/src/install/teleop_tools_msgs/lib/python3.12/site-packages/teleop_tools_msgs/teleop_tools_msgs_s__rosidl_typesupport_introspection_c.so" to ""
[0.507s] -- Installing: /home/aichou/uni_projects/ROBM/robm-pixi/src/install/teleop_tools_msgs/lib/python3.12/site-packages/teleop_tools_msgs/teleop_tools_msgs_s__rosidl_typesupport_c.so
[0.508s] -- Set non-toolchain portion of runtime path of "/home/aichou/uni_projects/ROBM/robm-pixi/src/install/teleop_tools_msgs/lib/python3.12/site-packages/teleop_tools_msgs/teleop_tools_msgs_s__rosidl_typesupport_c.so" to ""
[0.508s] -- Installing: /home/aichou/uni_projects/ROBM/robm-pixi/src/install/teleop_tools_msgs/lib/libteleop_tools_msgs__rosidl_generator_py.so
[0.510s] -- Set non-toolchain portion of runtime path of "/home/aichou/uni_projects/ROBM/robm-pixi/src/install/teleop_tools_msgs/lib/libteleop_tools_msgs__rosidl_generator_py.so" to ""
[0.510s] -- Up-to-date: /home/aichou/uni_projects/ROBM/robm-pixi/src/install/teleop_tools_msgs/share/teleop_tools_msgs/action/Increment.idl
[0.510s] -- Up-to-date: /home/aichou/uni_projects/ROBM/robm-pixi/src/install/teleop_tools_msgs/share/teleop_tools_msgs/action/Increment.action
[0.510s] -- Up-to-date: /home/aichou/uni_projects/ROBM/robm-pixi/src/install/teleop_tools_msgs/share/ament_index/resource_index/package_run_dependencies/teleop_tools_msgs
[0.510s] -- Up-to-date: /home/aichou/uni_projects/ROBM/robm-pixi/src/install/teleop_tools_msgs/share/ament_index/resource_index/parent_prefix_path/teleop_tools_msgs
[0.510s] -- Up-to-date: /home/aichou/uni_projects/ROBM/robm-pixi/src/install/teleop_tools_msgs/share/teleop_tools_msgs/environment/ament_prefix_path.sh
[0.510s] -- Up-to-date: /home/aichou/uni_projects/ROBM/robm-pixi/src/install/teleop_tools_msgs/share/teleop_tools_msgs/environment/ament_prefix_path.dsv
[0.510s] -- Up-to-date: /home/aichou/uni_projects/ROBM/robm-pixi/src/install/teleop_tools_msgs/share/teleop_tools_msgs/environment/path.sh
[0.510s] -- Up-to-date: /home/aichou/uni_projects/ROBM/robm-pixi/src/install/teleop_tools_msgs/share/teleop_tools_msgs/environment/path.dsv
[0.510s] -- Up-to-date: /home/aichou/uni_projects/ROBM/robm-pixi/src/install/teleop_tools_msgs/share/teleop_tools_msgs/local_setup.bash
[0.510s] -- Up-to-date: /home/aichou/uni_projects/ROBM/robm-pixi/src/install/teleop_tools_msgs/share/teleop_tools_msgs/local_setup.sh
[0.510s] -- Up-to-date: /home/aichou/uni_projects/ROBM/robm-pixi/src/install/teleop_tools_msgs/share/teleop_tools_msgs/local_setup.zsh
[0.510s] -- Up-to-date: /home/aichou/uni_projects/ROBM/robm-pixi/src/install/teleop_tools_msgs/share/teleop_tools_msgs/local_setup.dsv
[0.510s] -- Installing: /home/aichou/uni_projects/ROBM/robm-pixi/src/install/teleop_tools_msgs/share/teleop_tools_msgs/package.dsv
[0.511s] -- Up-to-date: /home/aichou/uni_projects/ROBM/robm-pixi/src/install/teleop_tools_msgs/share/ament_index/resource_index/packages/teleop_tools_msgs
[0.511s] -- Up-to-date: /home/aichou/uni_projects/ROBM/robm-pixi/src/install/teleop_tools_msgs/share/teleop_tools_msgs/cmake/export_teleop_tools_msgs__rosidl_generator_cExport.cmake
[0.511s] -- Up-to-date: /home/aichou/uni_projects/ROBM/robm-pixi/src/install/teleop_tools_msgs/share/teleop_tools_msgs/cmake/export_teleop_tools_msgs__rosidl_generator_cExport-noconfig.cmake
[0.512s] -- Up-to-date: /home/aichou/uni_projects/ROBM/robm-pixi/src/install/teleop_tools_msgs/share/teleop_tools_msgs/cmake/export_teleop_tools_msgs__rosidl_typesupport_fastrtps_cExport.cmake
[0.512s] -- Up-to-date: /home/aichou/uni_projects/ROBM/robm-pixi/src/install/teleop_tools_msgs/share/teleop_tools_msgs/cmake/export_teleop_tools_msgs__rosidl_typesupport_fastrtps_cExport-noconfig.cmake
[0.512s] -- Up-to-date: /home/aichou/uni_projects/ROBM/robm-pixi/src/install/teleop_tools_msgs/share/teleop_tools_msgs/cmake/teleop_tools_msgs__rosidl_typesupport_introspection_cExport.cmake
[0.512s] -- Up-to-date: /home/aichou/uni_projects/ROBM/robm-pixi/src/install/teleop_tools_msgs/share/teleop_tools_msgs/cmake/teleop_tools_msgs__rosidl_typesupport_introspection_cExport-noconfig.cmake
[0.513s] -- Up-to-date: /home/aichou/uni_projects/ROBM/robm-pixi/src/install/teleop_tools_msgs/share/teleop_tools_msgs/cmake/teleop_tools_msgs__rosidl_typesupport_cExport.cmake
[0.513s] -- Up-to-date: /home/aichou/uni_projects/ROBM/robm-pixi/src/install/teleop_tools_msgs/share/teleop_tools_msgs/cmake/teleop_tools_msgs__rosidl_typesupport_cExport-noconfig.cmake
[0.514s] -- Up-to-date: /home/aichou/uni_projects/ROBM/robm-pixi/src/install/teleop_tools_msgs/share/teleop_tools_msgs/cmake/export_teleop_tools_msgs__rosidl_generator_cppExport.cmake
[0.514s] -- Up-to-date: /home/aichou/uni_projects/ROBM/robm-pixi/src/install/teleop_tools_msgs/share/teleop_tools_msgs/cmake/export_teleop_tools_msgs__rosidl_typesupport_fastrtps_cppExport.cmake
[0.514s] -- Up-to-date: /home/aichou/uni_projects/ROBM/robm-pixi/src/install/teleop_tools_msgs/share/teleop_tools_msgs/cmake/export_teleop_tools_msgs__rosidl_typesupport_fastrtps_cppExport-noconfig.cmake
[0.515s] -- Up-to-date: /home/aichou/uni_projects/ROBM/robm-pixi/src/install/teleop_tools_msgs/share/teleop_tools_msgs/cmake/teleop_tools_msgs__rosidl_typesupport_introspection_cppExport.cmake
[0.515s] -- Up-to-date: /home/aichou/uni_projects/ROBM/robm-pixi/src/install/teleop_tools_msgs/share/teleop_tools_msgs/cmake/teleop_tools_msgs__rosidl_typesupport_introspection_cppExport-noconfig.cmake
[0.515s] -- Up-to-date: /home/aichou/uni_projects/ROBM/robm-pixi/src/install/teleop_tools_msgs/share/teleop_tools_msgs/cmake/teleop_tools_msgs__rosidl_typesupport_cppExport.cmake
[0.515s] -- Up-to-date: /home/aichou/uni_projects/ROBM/robm-pixi/src/install/teleop_tools_msgs/share/teleop_tools_msgs/cmake/teleop_tools_msgs__rosidl_typesupport_cppExport-noconfig.cmake
[0.515s] -- Up-to-date: /home/aichou/uni_projects/ROBM/robm-pixi/src/install/teleop_tools_msgs/share/teleop_tools_msgs/cmake/export_teleop_tools_msgs__rosidl_generator_pyExport.cmake
[0.515s] -- Up-to-date: /home/aichou/uni_projects/ROBM/robm-pixi/src/install/teleop_tools_msgs/share/teleop_tools_msgs/cmake/export_teleop_tools_msgs__rosidl_generator_pyExport-noconfig.cmake
[0.515s] -- Up-to-date: /home/aichou/uni_projects/ROBM/robm-pixi/src/install/teleop_tools_msgs/share/teleop_tools_msgs/cmake/rosidl_cmake-extras.cmake
[0.516s] -- Up-to-date: /home/aichou/uni_projects/ROBM/robm-pixi/src/install/teleop_tools_msgs/share/teleop_tools_msgs/cmake/ament_cmake_export_dependencies-extras.cmake
[0.516s] -- Up-to-date: /home/aichou/uni_projects/ROBM/robm-pixi/src/install/teleop_tools_msgs/share/teleop_tools_msgs/cmake/ament_cmake_export_include_directories-extras.cmake
[0.516s] -- Up-to-date: /home/aichou/uni_projects/ROBM/robm-pixi/src/install/teleop_tools_msgs/share/teleop_tools_msgs/cmake/ament_cmake_export_libraries-extras.cmake
[0.516s] -- Up-to-date: /home/aichou/uni_projects/ROBM/robm-pixi/src/install/teleop_tools_msgs/share/teleop_tools_msgs/cmake/ament_cmake_export_targets-extras.cmake
[0.516s] -- Up-to-date: /home/aichou/uni_projects/ROBM/robm-pixi/src/install/teleop_tools_msgs/share/teleop_tools_msgs/cmake/rosidl_cmake_export_typesupport_targets-extras.cmake
[0.516s] -- Up-to-date: /home/aichou/uni_projects/ROBM/robm-pixi/src/install/teleop_tools_msgs/share/teleop_tools_msgs/cmake/rosidl_cmake_export_typesupport_libraries-extras.cmake
[0.516s] -- Up-to-date: /home/aichou/uni_projects/ROBM/robm-pixi/src/install/teleop_tools_msgs/share/teleop_tools_msgs/cmake/teleop_tools_msgsConfig.cmake
[0.516s] -- Up-to-date: /home/aichou/uni_projects/ROBM/robm-pixi/src/install/teleop_tools_msgs/share/teleop_tools_msgs/cmake/teleop_tools_msgsConfig-version.cmake
[0.516s] -- Up-to-date: /home/aichou/uni_projects/ROBM/robm-pixi/src/install/teleop_tools_msgs/share/teleop_tools_msgs/package.xml
[0.548s] Invoked command in '/home/aichou/uni_projects/ROBM/robm-pixi/src/build/teleop_tools_msgs' returned '0': CMAKE_PREFIX_PATH=${CMAKE_PREFIX_PATH}:/home/aichou/uni_projects/ROBM/robm-pixi/src/install/joy_teleop:/home/aichou/uni_projects/ROBM/robm-pixi/src/install/robm_tp2_move:/home/aichou/uni_projects/ROBM/robm-pixi/src/install/robm_bridge:/home/aichou/uni_projects/ROBM/robm-pixi/src/install/mouse_teleop:/home/aichou/uni_projects/ROBM/robm-pixi/src/install/key_teleop:/home/aichou/uni_projects/ROBM/robm-pixi/install/robm_tp1_color:/home/aichou/uni_projects/ROBM/robm-pixi/install/robm_bridge PIXI_PROMPT=(robm) PS1=(robm) \[\e]0;\u@\h: \w\a\]${debian_chroot:+($debian_chroot)}\[\033[01;32m\]\u@\h\[\033[00m\]:\[\033[01;34m\]\w\[\033[00m\]\$ /home/aichou/uni_projects/ROBM/robm-pixi/.pixi/envs/default/bin/cmake --install /home/aichou/uni_projects/ROBM/robm-pixi/src/build/teleop_tools_msgs
