[  2%] [1m[34mGenerating type hashes for ROS interfaces[0m
[  2%] Built target ament_cmake_python_copy_teleop_tools_msgs
[  2%] Built target teleop_tools_msgs__rosidl_generator_type_description
[  5%] [1m[34mGenerating C code for ROS interfaces[0m
[  8%] [1m[34mGenerating C++ code for ROS interfaces[0m
running egg_info
creating teleop_tools_msgs.egg-info
writing teleop_tools_msgs.egg-info/PKG-INFO
writing dependency_links to teleop_tools_msgs.egg-info/dependency_links.txt
writing top-level names to teleop_tools_msgs.egg-info/top_level.txt
writing manifest file 'teleop_tools_msgs.egg-info/SOURCES.txt'
reading manifest file 'teleop_tools_msgs.egg-info/SOURCES.txt'
writing manifest file 'teleop_tools_msgs.egg-info/SOURCES.txt'
[  8%] Built target ament_cmake_python_build_teleop_tools_msgs_egg
[  8%] Built target teleop_tools_msgs__cpp
[ 11%] [32mBuilding C object CMakeFiles/teleop_tools_msgs__rosidl_generator_c.dir/rosidl_generator_c/teleop_tools_msgs/action/detail/increment__description.c.o[0m
[ 14%] [32mBuilding C object CMakeFiles/teleop_tools_msgs__rosidl_generator_c.dir/rosidl_generator_c/teleop_tools_msgs/action/detail/increment__functions.c.o[0m
[ 17%] [32mBuilding C object CMakeFiles/teleop_tools_msgs__rosidl_generator_c.dir/rosidl_generator_c/teleop_tools_msgs/action/detail/increment__type_support.c.o[0m
[ 20%] [1m[32mLinking C shared library libteleop_tools_msgs__rosidl_generator_c.so[0m
[ 20%] Built target teleop_tools_msgs__rosidl_generator_c
[ 23%] [1m[34mGenerating C type support for eProsima Fast-RTPS[0m
[ 26%] [1m[34mGenerating C++ type support dispatch for ROS interfaces[0m
[ 29%] [1m[34mGenerating C type support dispatch for ROS interfaces[0m
[ 32%] [1m[34mGenerating C introspection for ROS interfaces[0m
[ 35%] [1m[34mGenerating C++ type support for eProsima Fast-RTPS[0m
[ 38%] [1m[34mGenerating C++ introspection for ROS interfaces[0m
[ 41%] [32mBuilding CXX object CMakeFiles/teleop_tools_msgs__rosidl_typesupport_c.dir/rosidl_typesupport_c/teleop_tools_msgs/action/increment__type_support.cpp.o[0m
[ 44%] [32mBuilding CXX object CMakeFiles/teleop_tools_msgs__rosidl_typesupport_cpp.dir/rosidl_typesupport_cpp/teleop_tools_msgs/action/increment__type_support.cpp.o[0m
[ 47%] [32mBuilding CXX object CMakeFiles/teleop_tools_msgs__rosidl_typesupport_introspection_cpp.dir/rosidl_typesupport_introspection_cpp/teleop_tools_msgs/action/detail/increment__type_support.cpp.o[0m
[ 50%] [32mBuilding C object CMakeFiles/teleop_tools_msgs__rosidl_typesupport_introspection_c.dir/rosidl_typesupport_introspection_c/teleop_tools_msgs/action/detail/increment__type_support.c.o[0m
[ 52%] [1m[32mLinking CXX shared library libteleop_tools_msgs__rosidl_typesupport_c.so[0m
[ 55%] [32mBuilding CXX object CMakeFiles/teleop_tools_msgs__rosidl_typesupport_fastrtps_cpp.dir/rosidl_typesupport_fastrtps_cpp/teleop_tools_msgs/action/detail/dds_fastrtps/increment__type_support.cpp.o[0m
[ 58%] [32mBuilding CXX object CMakeFiles/teleop_tools_msgs__rosidl_typesupport_fastrtps_c.dir/rosidl_typesupport_fastrtps_c/teleop_tools_msgs/action/detail/increment__type_support_c.cpp.o[0m
[ 61%] [1m[32mLinking C shared library libteleop_tools_msgs__rosidl_typesupport_introspection_c.so[0m
[ 61%] Built target teleop_tools_msgs__rosidl_typesupport_c
[ 61%] Built target teleop_tools_msgs__rosidl_typesupport_introspection_c
[ 64%] [1m[32mLinking CXX shared library libteleop_tools_msgs__rosidl_typesupport_cpp.so[0m
[ 67%] [1m[32mLinking CXX shared library libteleop_tools_msgs__rosidl_typesupport_fastrtps_c.so[0m
[ 70%] [1m[32mLinking CXX shared library libteleop_tools_msgs__rosidl_typesupport_introspection_cpp.so[0m
[ 70%] Built target teleop_tools_msgs__rosidl_typesupport_cpp
[ 70%] Built target teleop_tools_msgs__rosidl_typesupport_fastrtps_c
[ 70%] Built target teleop_tools_msgs__rosidl_typesupport_introspection_cpp
[ 73%] [1m[32mLinking CXX shared library libteleop_tools_msgs__rosidl_typesupport_fastrtps_cpp.so[0m
[ 73%] Built target teleop_tools_msgs__rosidl_typesupport_fastrtps_cpp
[ 73%] Built target teleop_tools_msgs
[ 76%] [1m[34mGenerating Python code for ROS interfaces[0m
[ 76%] Built target teleop_tools_msgs__py
[ 79%] [32mBuilding C object CMakeFiles/teleop_tools_msgs__rosidl_generator_py.dir/rosidl_generator_py/teleop_tools_msgs/action/_increment_s.c.o[0m
[ 82%] [1m[32mLinking C shared library libteleop_tools_msgs__rosidl_generator_py.so[0m
[ 82%] Built target teleop_tools_msgs__rosidl_generator_py
[ 85%] [32mBuilding C object CMakeFiles/teleop_tools_msgs_s__rosidl_typesupport_fastrtps_c.dir/rosidl_generator_py/teleop_tools_msgs/_teleop_tools_msgs_s.ep.rosidl_typesupport_fastrtps_c.c.o[0m
[ 88%] [32mBuilding C object CMakeFiles/teleop_tools_msgs_s__rosidl_typesupport_introspection_c.dir/rosidl_generator_py/teleop_tools_msgs/_teleop_tools_msgs_s.ep.rosidl_typesupport_introspection_c.c.o[0m
[ 91%] [32mBuilding C object CMakeFiles/teleop_tools_msgs_s__rosidl_typesupport_c.dir/rosidl_generator_py/teleop_tools_msgs/_teleop_tools_msgs_s.ep.rosidl_typesupport_c.c.o[0m
[ 94%] [1m[32mLinking C shared module rosidl_generator_py/teleop_tools_msgs/teleop_tools_msgs_s__rosidl_typesupport_c.so[0m
[ 97%] [1m[32mLinking C shared module rosidl_generator_py/teleop_tools_msgs/teleop_tools_msgs_s__rosidl_typesupport_introspection_c.so[0m
[100%] [1m[32mLinking C shared module rosidl_generator_py/teleop_tools_msgs/teleop_tools_msgs_s__rosidl_typesupport_fastrtps_c.so[0m
[100%] Built target teleop_tools_msgs_s__rosidl_typesupport_c
[100%] Built target teleop_tools_msgs_s__rosidl_typesupport_introspection_c
[100%] Built target teleop_tools_msgs_s__rosidl_typesupport_fastrtps_c
