[0.045s] Invoking command in '/home/aichou/uni_projects/ROBM/robm-pixi/build/teleop_tools_msgs': CMAKE_PREFIX_PATH=${CMAKE_PREFIX_PATH}:/home/aichou/uni_projects/ROBM/robm-pixi/install/robm_tp1_color:/home/aichou/uni_projects/ROBM/robm-pixi/install/robm_bridge PIXI_PROMPT=(robm) PS1=(robm) \[\e]0;\u@\h: \w\a\]${debian_chroot:+($debian_chroot)}\[\033[01;32m\]\u@\h\[\033[00m\]:\[\033[01;34m\]\w\[\033[00m\]\$ /home/aichou/uni_projects/ROBM/robm-pixi/.pixi/envs/default/bin/cmake --build /home/aichou/uni_projects/ROBM/robm-pixi/build/teleop_tools_msgs -- -j22 -l22
[0.501s] [  2%] [1m[34mGenerating type hashes for ROS interfaces[0m
[0.501s] [  2%] Built target ament_cmake_python_copy_teleop_tools_msgs
[0.501s] [  2%] Built target teleop_tools_msgs__rosidl_generator_type_description
[0.501s] [  5%] [1m[34mGenerating C code for ROS interfaces[0m
[0.502s] [  8%] [1m[34mGenerating C++ code for ROS interfaces[0m
[0.502s] running egg_info
[0.502s] creating teleop_tools_msgs.egg-info
[0.502s] writing teleop_tools_msgs.egg-info/PKG-INFO
[0.502s] writing dependency_links to teleop_tools_msgs.egg-info/dependency_links.txt
[0.502s] writing top-level names to teleop_tools_msgs.egg-info/top_level.txt
[0.502s] writing manifest file 'teleop_tools_msgs.egg-info/SOURCES.txt'
[0.502s] reading manifest file 'teleop_tools_msgs.egg-info/SOURCES.txt'
[0.502s] writing manifest file 'teleop_tools_msgs.egg-info/SOURCES.txt'
[0.503s] [  8%] Built target ament_cmake_python_build_teleop_tools_msgs_egg
[0.646s] [  8%] Built target teleop_tools_msgs__cpp
[0.666s] [ 11%] [32mBuilding C object CMakeFiles/teleop_tools_msgs__rosidl_generator_c.dir/rosidl_generator_c/teleop_tools_msgs/action/detail/increment__description.c.o[0m
[0.666s] [ 14%] [32mBuilding C object CMakeFiles/teleop_tools_msgs__rosidl_generator_c.dir/rosidl_generator_c/teleop_tools_msgs/action/detail/increment__functions.c.o[0m
[0.667s] [ 17%] [32mBuilding C object CMakeFiles/teleop_tools_msgs__rosidl_generator_c.dir/rosidl_generator_c/teleop_tools_msgs/action/detail/increment__type_support.c.o[0m
[1.519s] [ 20%] [1m[32mLinking C shared library libteleop_tools_msgs__rosidl_generator_c.so[0m
[1.821s] [ 20%] Built target teleop_tools_msgs__rosidl_generator_c
[1.829s] [ 23%] [1m[34mGenerating C type support for eProsima Fast-RTPS[0m
[1.830s] [ 26%] [1m[34mGenerating C++ type support dispatch for ROS interfaces[0m
[1.830s] [ 29%] [1m[34mGenerating C type support dispatch for ROS interfaces[0m
[1.830s] [ 32%] [1m[34mGenerating C introspection for ROS interfaces[0m
[1.833s] [ 35%] [1m[34mGenerating C++ type support for eProsima Fast-RTPS[0m
[1.837s] [ 38%] [1m[34mGenerating C++ introspection for ROS interfaces[0m
[2.133s] [ 41%] [32mBuilding CXX object CMakeFiles/teleop_tools_msgs__rosidl_typesupport_c.dir/rosidl_typesupport_c/teleop_tools_msgs/action/increment__type_support.cpp.o[0m
[2.150s] [ 44%] [32mBuilding CXX object CMakeFiles/teleop_tools_msgs__rosidl_typesupport_cpp.dir/rosidl_typesupport_cpp/teleop_tools_msgs/action/increment__type_support.cpp.o[0m
[2.184s] [ 47%] [32mBuilding CXX object CMakeFiles/teleop_tools_msgs__rosidl_typesupport_introspection_cpp.dir/rosidl_typesupport_introspection_cpp/teleop_tools_msgs/action/detail/increment__type_support.cpp.o[0m
[2.186s] [ 50%] [32mBuilding C object CMakeFiles/teleop_tools_msgs__rosidl_typesupport_introspection_c.dir/rosidl_typesupport_introspection_c/teleop_tools_msgs/action/detail/increment__type_support.c.o[0m
[2.228s] [ 52%] [1m[32mLinking CXX shared library libteleop_tools_msgs__rosidl_typesupport_c.so[0m
[2.285s] [ 55%] [32mBuilding CXX object CMakeFiles/teleop_tools_msgs__rosidl_typesupport_fastrtps_cpp.dir/rosidl_typesupport_fastrtps_cpp/teleop_tools_msgs/action/detail/dds_fastrtps/increment__type_support.cpp.o[0m
[2.302s] [ 58%] [32mBuilding CXX object CMakeFiles/teleop_tools_msgs__rosidl_typesupport_fastrtps_c.dir/rosidl_typesupport_fastrtps_c/teleop_tools_msgs/action/detail/increment__type_support_c.cpp.o[0m
[2.304s] [ 61%] [1m[32mLinking C shared library libteleop_tools_msgs__rosidl_typesupport_introspection_c.so[0m
[2.374s] [ 61%] Built target teleop_tools_msgs__rosidl_typesupport_c
[2.431s] [ 61%] Built target teleop_tools_msgs__rosidl_typesupport_introspection_c
[2.992s] [ 64%] [1m[32mLinking CXX shared library libteleop_tools_msgs__rosidl_typesupport_cpp.so[0m
[3.206s] [ 67%] [1m[32mLinking CXX shared library libteleop_tools_msgs__rosidl_typesupport_fastrtps_c.so[0m
[3.226s] [ 70%] [1m[32mLinking CXX shared library libteleop_tools_msgs__rosidl_typesupport_introspection_cpp.so[0m
[3.231s] [ 70%] Built target teleop_tools_msgs__rosidl_typesupport_cpp
[3.341s] [ 70%] Built target teleop_tools_msgs__rosidl_typesupport_fastrtps_c
[3.365s] [ 70%] Built target teleop_tools_msgs__rosidl_typesupport_introspection_cpp
[3.789s] [ 73%] [1m[32mLinking CXX shared library libteleop_tools_msgs__rosidl_typesupport_fastrtps_cpp.so[0m
[4.056s] [ 73%] Built target teleop_tools_msgs__rosidl_typesupport_fastrtps_cpp
[4.069s] [ 73%] Built target teleop_tools_msgs
[4.082s] [ 76%] [1m[34mGenerating Python code for ROS interfaces[0m
[4.797s] [ 76%] Built target teleop_tools_msgs__py
[4.812s] [ 79%] [32mBuilding C object CMakeFiles/teleop_tools_msgs__rosidl_generator_py.dir/rosidl_generator_py/teleop_tools_msgs/action/_increment_s.c.o[0m
[5.446s] [ 82%] [1m[32mLinking C shared library libteleop_tools_msgs__rosidl_generator_py.so[0m
[5.736s] [ 82%] Built target teleop_tools_msgs__rosidl_generator_py
[5.752s] [ 85%] [32mBuilding C object CMakeFiles/teleop_tools_msgs_s__rosidl_typesupport_fastrtps_c.dir/rosidl_generator_py/teleop_tools_msgs/_teleop_tools_msgs_s.ep.rosidl_typesupport_fastrtps_c.c.o[0m
[5.752s] [ 88%] [32mBuilding C object CMakeFiles/teleop_tools_msgs_s__rosidl_typesupport_introspection_c.dir/rosidl_generator_py/teleop_tools_msgs/_teleop_tools_msgs_s.ep.rosidl_typesupport_introspection_c.c.o[0m
[5.752s] [ 91%] [32mBuilding C object CMakeFiles/teleop_tools_msgs_s__rosidl_typesupport_c.dir/rosidl_generator_py/teleop_tools_msgs/_teleop_tools_msgs_s.ep.rosidl_typesupport_c.c.o[0m
[5.988s] [ 94%] [1m[32mLinking C shared module rosidl_generator_py/teleop_tools_msgs/teleop_tools_msgs_s__rosidl_typesupport_c.so[0m
[5.995s] [ 97%] [1m[32mLinking C shared module rosidl_generator_py/teleop_tools_msgs/teleop_tools_msgs_s__rosidl_typesupport_introspection_c.so[0m
[5.995s] [100%] [1m[32mLinking C shared module rosidl_generator_py/teleop_tools_msgs/teleop_tools_msgs_s__rosidl_typesupport_fastrtps_c.so[0m
[6.091s] [100%] Built target teleop_tools_msgs_s__rosidl_typesupport_c
[6.091s] [100%] Built target teleop_tools_msgs_s__rosidl_typesupport_introspection_c
[6.118s] [100%] Built target teleop_tools_msgs_s__rosidl_typesupport_fastrtps_c
