[0.375s] Invoking command in '/home/aichou/uni_projects/ROBM/robm-pixi/build/teleop_tools': AMENT_PREFIX_PATH=/home/aichou/uni_projects/ROBM/robm-pixi/install/joy_teleop:/home/aichou/uni_projects/ROBM/robm-pixi/install/teleop_tools_msgs:/home/aichou/uni_projects/ROBM/robm-pixi/install/key_teleop:${AMENT_PREFIX_PATH} CMAKE_PREFIX_PATH=/home/aichou/uni_projects/ROBM/robm-pixi/install/teleop_tools_msgs:/home/aichou/uni_projects/ROBM/robm-pixi/install/robm_interfaces:/home/aichou/uni_projects/ROBM/robm-pixi/.pixi/envs/default:/home/aichou/uni_projects/ROBM/robm-pixi/.pixi/envs/default/x86_64-conda-linux-gnu/sysroot/usr:/home/aichou/uni_projects/ROBM/robm-pixi/install/robm_tp1_color:/home/aichou/uni_projects/ROBM/robm-pixi/install/robm_bridge CONDA_ENV_SHLVL_2_PIXI_PROMPT=(robm) LD_LIBRARY_PATH=/home/aichou/uni_projects/ROBM/robm-pixi/install/teleop_tools_msgs/lib:${LD_LIBRARY_PATH} PIXI_PROMPT=(robm) PS1=(robm) \[\e]0;\u@\h: \w\a\]${debian_chroot:+($debian_chroot)}\[\033[01;32m\]\u@\h\[\033[00m\]:\[\033[01;34m\]\w\[\033[00m\]\$ PYTHONPATH=/home/aichou/uni_projects/ROBM/robm-pixi/build/joy_teleop:/home/aichou/uni_projects/ROBM/robm-pixi/install/joy_teleop/lib/python3.12/site-packages:/home/aichou/uni_projects/ROBM/robm-pixi/install/teleop_tools_msgs/lib/python3.12/site-packages:/home/aichou/uni_projects/ROBM/robm-pixi/build/key_teleop:/home/aichou/uni_projects/ROBM/robm-pixi/install/key_teleop/lib/python3.12/site-packages:${PYTHONPATH} /home/aichou/uni_projects/ROBM/robm-pixi/.pixi/envs/default/bin/cmake /home/aichou/uni_projects/ROBM/robm-pixi/src/teleop_tools/teleop_tools -DCMAKE_EXPORT_COMPILE_COMMANDS=ON -DPython_FIND_VIRTUALENV=ONLY -DPython3_FIND_VIRTUALENV=ONLY -DAMENT_CMAKE_SYMLINK_INSTALL=1 -DCMAKE_INSTALL_PREFIX=/home/aichou/uni_projects/ROBM/robm-pixi/install/teleop_tools
[0.379s] [0mCMake Deprecation Warning at CMakeLists.txt:1 (cmake_minimum_required):
[0.379s]   Compatibility with CMake < 3.10 will be removed from a future version of
[0.379s]   CMake.
[0.379s] 
[0.379s]   Update the VERSION argument <min> value.  Or, use the <min>...<max> syntax
[0.379s]   to tell CMake that the project requires at least <min> but has been updated
[0.379s]   to work with policies introduced by <max> or earlier.
[0.379s] 
[0.379s] [0m
[0.478s] -- Found ament_cmake: 2.7.3 (/home/aichou/uni_projects/ROBM/robm-pixi/.pixi/envs/default/share/ament_cmake/cmake)
[0.565s] -- Found Python3: /home/aichou/uni_projects/ROBM/robm-pixi/.pixi/envs/default/bin/python3 (found version "3.12.12") found components: Interpreter
[0.614s] -- Override CMake install command with custom implementation using symlinks instead of copying resources
[0.708s] -- Configuring done (0.3s)
[0.711s] -- Generating done (0.0s)
[0.711s] [33mCMake Warning:
[0.711s]   Manually-specified variables were not used by the project:
[0.711s] 
[0.711s]     CMAKE_EXPORT_COMPILE_COMMANDS
[0.712s]     Python_FIND_VIRTUALENV
[0.712s] 
[0.712s] [0m
[0.712s] -- Build files have been written to: /home/aichou/uni_projects/ROBM/robm-pixi/build/teleop_tools
[0.714s] Invoked command in '/home/aichou/uni_projects/ROBM/robm-pixi/build/teleop_tools' returned '0': AMENT_PREFIX_PATH=/home/aichou/uni_projects/ROBM/robm-pixi/install/joy_teleop:/home/aichou/uni_projects/ROBM/robm-pixi/install/teleop_tools_msgs:/home/aichou/uni_projects/ROBM/robm-pixi/install/key_teleop:${AMENT_PREFIX_PATH} CMAKE_PREFIX_PATH=/home/aichou/uni_projects/ROBM/robm-pixi/install/teleop_tools_msgs:/home/aichou/uni_projects/ROBM/robm-pixi/install/robm_interfaces:/home/aichou/uni_projects/ROBM/robm-pixi/.pixi/envs/default:/home/aichou/uni_projects/ROBM/robm-pixi/.pixi/envs/default/x86_64-conda-linux-gnu/sysroot/usr:/home/aichou/uni_projects/ROBM/robm-pixi/install/robm_tp1_color:/home/aichou/uni_projects/ROBM/robm-pixi/install/robm_bridge CONDA_ENV_SHLVL_2_PIXI_PROMPT=(robm) LD_LIBRARY_PATH=/home/aichou/uni_projects/ROBM/robm-pixi/install/teleop_tools_msgs/lib:${LD_LIBRARY_PATH} PIXI_PROMPT=(robm) PS1=(robm) \[\e]0;\u@\h: \w\a\]${debian_chroot:+($debian_chroot)}\[\033[01;32m\]\u@\h\[\033[00m\]:\[\033[01;34m\]\w\[\033[00m\]\$ PYTHONPATH=/home/aichou/uni_projects/ROBM/robm-pixi/build/joy_teleop:/home/aichou/uni_projects/ROBM/robm-pixi/install/joy_teleop/lib/python3.12/site-packages:/home/aichou/uni_projects/ROBM/robm-pixi/install/teleop_tools_msgs/lib/python3.12/site-packages:/home/aichou/uni_projects/ROBM/robm-pixi/build/key_teleop:/home/aichou/uni_projects/ROBM/robm-pixi/install/key_teleop/lib/python3.12/site-packages:${PYTHONPATH} /home/aichou/uni_projects/ROBM/robm-pixi/.pixi/envs/default/bin/cmake /home/aichou/uni_projects/ROBM/robm-pixi/src/teleop_tools/teleop_tools -DCMAKE_EXPORT_COMPILE_COMMANDS=ON -DPython_FIND_VIRTUALENV=ONLY -DPython3_FIND_VIRTUALENV=ONLY -DAMENT_CMAKE_SYMLINK_INSTALL=1 -DCMAKE_INSTALL_PREFIX=/home/aichou/uni_projects/ROBM/robm-pixi/install/teleop_tools
[0.715s] Invoking command in '/home/aichou/uni_projects/ROBM/robm-pixi/build/teleop_tools': AMENT_PREFIX_PATH=/home/aichou/uni_projects/ROBM/robm-pixi/install/joy_teleop:/home/aichou/uni_projects/ROBM/robm-pixi/install/teleop_tools_msgs:/home/aichou/uni_projects/ROBM/robm-pixi/install/key_teleop:${AMENT_PREFIX_PATH} CMAKE_PREFIX_PATH=/home/aichou/uni_projects/ROBM/robm-pixi/install/teleop_tools_msgs:/home/aichou/uni_projects/ROBM/robm-pixi/install/robm_interfaces:/home/aichou/uni_projects/ROBM/robm-pixi/.pixi/envs/default:/home/aichou/uni_projects/ROBM/robm-pixi/.pixi/envs/default/x86_64-conda-linux-gnu/sysroot/usr:/home/aichou/uni_projects/ROBM/robm-pixi/install/robm_tp1_color:/home/aichou/uni_projects/ROBM/robm-pixi/install/robm_bridge CONDA_ENV_SHLVL_2_PIXI_PROMPT=(robm) LD_LIBRARY_PATH=/home/aichou/uni_projects/ROBM/robm-pixi/install/teleop_tools_msgs/lib:${LD_LIBRARY_PATH} PIXI_PROMPT=(robm) PS1=(robm) \[\e]0;\u@\h: \w\a\]${debian_chroot:+($debian_chroot)}\[\033[01;32m\]\u@\h\[\033[00m\]:\[\033[01;34m\]\w\[\033[00m\]\$ PYTHONPATH=/home/aichou/uni_projects/ROBM/robm-pixi/build/joy_teleop:/home/aichou/uni_projects/ROBM/robm-pixi/install/joy_teleop/lib/python3.12/site-packages:/home/aichou/uni_projects/ROBM/robm-pixi/install/teleop_tools_msgs/lib/python3.12/site-packages:/home/aichou/uni_projects/ROBM/robm-pixi/build/key_teleop:/home/aichou/uni_projects/ROBM/robm-pixi/install/key_teleop/lib/python3.12/site-packages:${PYTHONPATH} /home/aichou/uni_projects/ROBM/robm-pixi/.pixi/envs/default/bin/cmake --build /home/aichou/uni_projects/ROBM/robm-pixi/build/teleop_tools -- -j22 -l22
[0.728s] Invoked command in '/home/aichou/uni_projects/ROBM/robm-pixi/build/teleop_tools' returned '0': AMENT_PREFIX_PATH=/home/aichou/uni_projects/ROBM/robm-pixi/install/joy_teleop:/home/aichou/uni_projects/ROBM/robm-pixi/install/teleop_tools_msgs:/home/aichou/uni_projects/ROBM/robm-pixi/install/key_teleop:${AMENT_PREFIX_PATH} CMAKE_PREFIX_PATH=/home/aichou/uni_projects/ROBM/robm-pixi/install/teleop_tools_msgs:/home/aichou/uni_projects/ROBM/robm-pixi/install/robm_interfaces:/home/aichou/uni_projects/ROBM/robm-pixi/.pixi/envs/default:/home/aichou/uni_projects/ROBM/robm-pixi/.pixi/envs/default/x86_64-conda-linux-gnu/sysroot/usr:/home/aichou/uni_projects/ROBM/robm-pixi/install/robm_tp1_color:/home/aichou/uni_projects/ROBM/robm-pixi/install/robm_bridge CONDA_ENV_SHLVL_2_PIXI_PROMPT=(robm) LD_LIBRARY_PATH=/home/aichou/uni_projects/ROBM/robm-pixi/install/teleop_tools_msgs/lib:${LD_LIBRARY_PATH} PIXI_PROMPT=(robm) PS1=(robm) \[\e]0;\u@\h: \w\a\]${debian_chroot:+($debian_chroot)}\[\033[01;32m\]\u@\h\[\033[00m\]:\[\033[01;34m\]\w\[\033[00m\]\$ PYTHONPATH=/home/aichou/uni_projects/ROBM/robm-pixi/build/joy_teleop:/home/aichou/uni_projects/ROBM/robm-pixi/install/joy_teleop/lib/python3.12/site-packages:/home/aichou/uni_projects/ROBM/robm-pixi/install/teleop_tools_msgs/lib/python3.12/site-packages:/home/aichou/uni_projects/ROBM/robm-pixi/build/key_teleop:/home/aichou/uni_projects/ROBM/robm-pixi/install/key_teleop/lib/python3.12/site-packages:${PYTHONPATH} /home/aichou/uni_projects/ROBM/robm-pixi/.pixi/envs/default/bin/cmake --build /home/aichou/uni_projects/ROBM/robm-pixi/build/teleop_tools -- -j22 -l22
[0.729s] Invoking command in '/home/aichou/uni_projects/ROBM/robm-pixi/build/teleop_tools': AMENT_PREFIX_PATH=/home/aichou/uni_projects/ROBM/robm-pixi/install/joy_teleop:/home/aichou/uni_projects/ROBM/robm-pixi/install/teleop_tools_msgs:/home/aichou/uni_projects/ROBM/robm-pixi/install/key_teleop:${AMENT_PREFIX_PATH} CMAKE_PREFIX_PATH=/home/aichou/uni_projects/ROBM/robm-pixi/install/teleop_tools_msgs:/home/aichou/uni_projects/ROBM/robm-pixi/install/robm_interfaces:/home/aichou/uni_projects/ROBM/robm-pixi/.pixi/envs/default:/home/aichou/uni_projects/ROBM/robm-pixi/.pixi/envs/default/x86_64-conda-linux-gnu/sysroot/usr:/home/aichou/uni_projects/ROBM/robm-pixi/install/robm_tp1_color:/home/aichou/uni_projects/ROBM/robm-pixi/install/robm_bridge CONDA_ENV_SHLVL_2_PIXI_PROMPT=(robm) LD_LIBRARY_PATH=/home/aichou/uni_projects/ROBM/robm-pixi/install/teleop_tools_msgs/lib:${LD_LIBRARY_PATH} PIXI_PROMPT=(robm) PS1=(robm) \[\e]0;\u@\h: \w\a\]${debian_chroot:+($debian_chroot)}\[\033[01;32m\]\u@\h\[\033[00m\]:\[\033[01;34m\]\w\[\033[00m\]\$ PYTHONPATH=/home/aichou/uni_projects/ROBM/robm-pixi/build/joy_teleop:/home/aichou/uni_projects/ROBM/robm-pixi/install/joy_teleop/lib/python3.12/site-packages:/home/aichou/uni_projects/ROBM/robm-pixi/install/teleop_tools_msgs/lib/python3.12/site-packages:/home/aichou/uni_projects/ROBM/robm-pixi/build/key_teleop:/home/aichou/uni_projects/ROBM/robm-pixi/install/key_teleop/lib/python3.12/site-packages:${PYTHONPATH} /home/aichou/uni_projects/ROBM/robm-pixi/.pixi/envs/default/bin/cmake --install /home/aichou/uni_projects/ROBM/robm-pixi/build/teleop_tools
[0.732s] -- Install configuration: ""
[0.732s] -- Execute custom install script
[0.733s] -- Symlinking: /home/aichou/uni_projects/ROBM/robm-pixi/install/teleop_tools/share/ament_index/resource_index/package_run_dependencies/teleop_tools
[0.736s] -- Symlinking: /home/aichou/uni_projects/ROBM/robm-pixi/install/teleop_tools/share/ament_index/resource_index/parent_prefix_path/teleop_tools
[0.739s] -- Symlinking: /home/aichou/uni_projects/ROBM/robm-pixi/install/teleop_tools/share/teleop_tools/environment/ament_prefix_path.sh
[0.742s] -- Symlinking: /home/aichou/uni_projects/ROBM/robm-pixi/install/teleop_tools/share/teleop_tools/environment/ament_prefix_path.dsv
[0.745s] -- Symlinking: /home/aichou/uni_projects/ROBM/robm-pixi/install/teleop_tools/share/teleop_tools/environment/path.sh
[0.748s] -- Symlinking: /home/aichou/uni_projects/ROBM/robm-pixi/install/teleop_tools/share/teleop_tools/environment/path.dsv
[0.751s] -- Symlinking: /home/aichou/uni_projects/ROBM/robm-pixi/install/teleop_tools/share/teleop_tools/local_setup.bash
[0.754s] -- Symlinking: /home/aichou/uni_projects/ROBM/robm-pixi/install/teleop_tools/share/teleop_tools/local_setup.sh
[0.758s] -- Symlinking: /home/aichou/uni_projects/ROBM/robm-pixi/install/teleop_tools/share/teleop_tools/local_setup.zsh
[0.761s] -- Symlinking: /home/aichou/uni_projects/ROBM/robm-pixi/install/teleop_tools/share/teleop_tools/local_setup.dsv
[0.764s] -- Symlinking: /home/aichou/uni_projects/ROBM/robm-pixi/install/teleop_tools/share/teleop_tools/package.dsv
[0.768s] -- Symlinking: /home/aichou/uni_projects/ROBM/robm-pixi/install/teleop_tools/share/ament_index/resource_index/packages/teleop_tools
[0.771s] -- Symlinking: /home/aichou/uni_projects/ROBM/robm-pixi/install/teleop_tools/share/teleop_tools/cmake/teleop_toolsConfig.cmake
[0.774s] -- Symlinking: /home/aichou/uni_projects/ROBM/robm-pixi/install/teleop_tools/share/teleop_tools/cmake/teleop_toolsConfig-version.cmake
[0.777s] -- Symlinking: /home/aichou/uni_projects/ROBM/robm-pixi/install/teleop_tools/share/teleop_tools/package.xml
[0.782s] Invoked command in '/home/aichou/uni_projects/ROBM/robm-pixi/build/teleop_tools' returned '0': AMENT_PREFIX_PATH=/home/aichou/uni_projects/ROBM/robm-pixi/install/joy_teleop:/home/aichou/uni_projects/ROBM/robm-pixi/install/teleop_tools_msgs:/home/aichou/uni_projects/ROBM/robm-pixi/install/key_teleop:${AMENT_PREFIX_PATH} CMAKE_PREFIX_PATH=/home/aichou/uni_projects/ROBM/robm-pixi/install/teleop_tools_msgs:/home/aichou/uni_projects/ROBM/robm-pixi/install/robm_interfaces:/home/aichou/uni_projects/ROBM/robm-pixi/.pixi/envs/default:/home/aichou/uni_projects/ROBM/robm-pixi/.pixi/envs/default/x86_64-conda-linux-gnu/sysroot/usr:/home/aichou/uni_projects/ROBM/robm-pixi/install/robm_tp1_color:/home/aichou/uni_projects/ROBM/robm-pixi/install/robm_bridge CONDA_ENV_SHLVL_2_PIXI_PROMPT=(robm) LD_LIBRARY_PATH=/home/aichou/uni_projects/ROBM/robm-pixi/install/teleop_tools_msgs/lib:${LD_LIBRARY_PATH} PIXI_PROMPT=(robm) PS1=(robm) \[\e]0;\u@\h: \w\a\]${debian_chroot:+($debian_chroot)}\[\033[01;32m\]\u@\h\[\033[00m\]:\[\033[01;34m\]\w\[\033[00m\]\$ PYTHONPATH=/home/aichou/uni_projects/ROBM/robm-pixi/build/joy_teleop:/home/aichou/uni_projects/ROBM/robm-pixi/install/joy_teleop/lib/python3.12/site-packages:/home/aichou/uni_projects/ROBM/robm-pixi/install/teleop_tools_msgs/lib/python3.12/site-packages:/home/aichou/uni_projects/ROBM/robm-pixi/build/key_teleop:/home/aichou/uni_projects/ROBM/robm-pixi/install/key_teleop/lib/python3.12/site-packages:${PYTHONPATH} /home/aichou/uni_projects/ROBM/robm-pixi/.pixi/envs/default/bin/cmake --install /home/aichou/uni_projects/ROBM/robm-pixi/build/teleop_tools
