/home/aichou/uni_projects/ROBM/robm-pixi/.pixi/envs/default/lib/python3.12/site-packages/setuptools/_distutils/dist.py:289: UserWarning: Unknown distribution option: 'tests_require'
  warnings.warn(msg)
/home/aichou/uni_projects/ROBM/robm-pixi/.pixi/envs/default/lib/python3.12/site-packages/setuptools/dist.py:759: SetuptoolsDeprecationWarning: License classifiers are deprecated.
!!

        ********************************************************************************
        Please consider removing the following classifiers in favor of a SPDX license expression:

        License :: OSI Approved :: BSD

        See https://packaging.python.org/en/latest/guides/writing-pyproject-toml/#license for details.
        ********************************************************************************

!!
  self._finalize_license_expression()
running egg_info
writing ../../../build/joy_teleop/joy_teleop.egg-info/PKG-INFO
writing dependency_links to ../../../build/joy_teleop/joy_teleop.egg-info/dependency_links.txt
writing entry points to ../../../build/joy_teleop/joy_teleop.egg-info/entry_points.txt
writing requirements to ../../../build/joy_teleop/joy_teleop.egg-info/requires.txt
writing top-level names to ../../../build/joy_teleop/joy_teleop.egg-info/top_level.txt
reading manifest file '../../../build/joy_teleop/joy_teleop.egg-info/SOURCES.txt'
writing manifest file '../../../build/joy_teleop/joy_teleop.egg-info/SOURCES.txt'
running build
running build_py
copying joy_teleop/joy_teleop.py -> /home/aichou/uni_projects/ROBM/robm-pixi/build/joy_teleop/build/lib/joy_teleop
copying joy_teleop/__init__.py -> /home/aichou/uni_projects/ROBM/robm-pixi/build/joy_teleop/build/lib/joy_teleop
copying joy_teleop/incrementer_server.py -> /home/aichou/uni_projects/ROBM/robm-pixi/build/joy_teleop/build/lib/joy_teleop
running install
running install_lib
running install_data
copying package.xml -> /home/aichou/uni_projects/ROBM/robm-pixi/install/joy_teleop/share/joy_teleop
copying config/joy_teleop_example.yaml -> /home/aichou/uni_projects/ROBM/robm-pixi/install/joy_teleop/share/joy_teleop/config
copying launch/example.launch.py -> /home/aichou/uni_projects/ROBM/robm-pixi/install/joy_teleop/share/joy_teleop/launch
copying resource/joy_teleop -> /home/aichou/uni_projects/ROBM/robm-pixi/install/joy_teleop/share/ament_index/resource_index/packages
running install_egg_info
removing '/home/aichou/uni_projects/ROBM/robm-pixi/install/joy_teleop/lib/python3.12/site-packages/joy_teleop-1.8.0-py3.12.egg-info' (and everything under it)
Copying ../../../build/joy_teleop/joy_teleop.egg-info to /home/aichou/uni_projects/ROBM/robm-pixi/install/joy_teleop/lib/python3.12/site-packages/joy_teleop-1.8.0-py3.12.egg-info
running install_scripts
Installing incrementer_server script to /home/aichou/uni_projects/ROBM/robm-pixi/install/joy_teleop/lib/joy_teleop
Installing joy_teleop script to /home/aichou/uni_projects/ROBM/robm-pixi/install/joy_teleop/lib/joy_teleop
writing list of installed files to '/home/aichou/uni_projects/ROBM/robm-pixi/build/joy_teleop/install.log'
