[0.669s] Invoking command in '/home/aichou/uni_projects/ROBM/robm-pixi/src/robm_bridge': AMENT_PREFIX_PATH=/home/aichou/uni_projects/ROBM/robm-pixi/src/install/robm_interfaces:${AMENT_PREFIX_PATH} CMAKE_PREFIX_PATH=/home/aichou/uni_projects/ROBM/robm-pixi/src/install/robm_interfaces:${CMAKE_PREFIX_PATH} LD_LIBRARY_PATH=/home/aichou/uni_projects/ROBM/robm-pixi/src/install/robm_interfaces/lib:${LD_LIBRARY_PATH} PIXI_PROMPT=(robm) PS1=(robm) \[\e]0;\u@\h: \w\a\]${debian_chroot:+($debian_chroot)}\[\033[01;32m\]\u@\h\[\033[00m\]:\[\033[01;34m\]\w\[\033[00m\]\$ PYTHONPATH=/home/aichou/uni_projects/ROBM/robm-pixi/src/build/robm_bridge/prefix_override:/home/aichou/uni_projects/ROBM/robm-pixi/.pixi/envs/default/lib/python3.12/site-packages/colcon_core/task/python/colcon_distutils_commands:/home/aichou/uni_projects/ROBM/robm-pixi/src/install/robm_bridge/lib/python3.12/site-packages:/home/aichou/uni_projects/ROBM/robm-pixi/src/install/robm_interfaces/lib/python3.12/site-packages:${PYTHONPATH} /home/aichou/uni_projects/ROBM/robm-pixi/.pixi/envs/default/bin/python3.12 -W ignore:setup.py install is deprecated -W ignore:easy_install command is deprecated setup.py egg_info --egg-base ../build/robm_bridge build --build-base /home/aichou/uni_projects/ROBM/robm-pixi/src/build/robm_bridge/build install --record /home/aichou/uni_projects/ROBM/robm-pixi/src/build/robm_bridge/install.log --single-version-externally-managed install_data
[0.763s] /home/aichou/uni_projects/ROBM/robm-pixi/.pixi/envs/default/lib/python3.12/site-packages/setuptools/_distutils/dist.py:289: UserWarning: Unknown distribution option: 'tests_require'
[0.763s]   warnings.warn(msg)
[0.827s] running egg_info
[0.836s] creating ../build/robm_bridge/robm_bridge.egg-info
[0.836s] writing ../build/robm_bridge/robm_bridge.egg-info/PKG-INFO
[0.836s] writing dependency_links to ../build/robm_bridge/robm_bridge.egg-info/dependency_links.txt
[0.837s] writing entry points to ../build/robm_bridge/robm_bridge.egg-info/entry_points.txt
[0.837s] writing requirements to ../build/robm_bridge/robm_bridge.egg-info/requires.txt
[0.837s] writing top-level names to ../build/robm_bridge/robm_bridge.egg-info/top_level.txt
[0.837s] writing manifest file '../build/robm_bridge/robm_bridge.egg-info/SOURCES.txt'
[0.857s] reading manifest file '../build/robm_bridge/robm_bridge.egg-info/SOURCES.txt'
[0.857s] adding license file 'LICENSE'
[0.858s] writing manifest file '../build/robm_bridge/robm_bridge.egg-info/SOURCES.txt'
[0.861s] running build
[0.861s] running build_py
[0.861s] creating /home/aichou/uni_projects/ROBM/robm-pixi/src/build/robm_bridge/build/lib/robm_bridge
[0.861s] copying robm_bridge/zenoh_bridge.py -> /home/aichou/uni_projects/ROBM/robm-pixi/src/build/robm_bridge/build/lib/robm_bridge
[0.861s] copying robm_bridge/__init__.py -> /home/aichou/uni_projects/ROBM/robm-pixi/src/build/robm_bridge/build/lib/robm_bridge
[0.862s] copying robm_bridge/bridge_node.py -> /home/aichou/uni_projects/ROBM/robm-pixi/src/build/robm_bridge/build/lib/robm_bridge
[0.862s] copying robm_bridge/udp_bridge.py -> /home/aichou/uni_projects/ROBM/robm-pixi/src/build/robm_bridge/build/lib/robm_bridge
[0.863s] running install
[0.865s] running install_lib
[0.876s] creating /home/aichou/uni_projects/ROBM/robm-pixi/src/install/robm_bridge/lib/python3.12/site-packages/robm_bridge
[0.876s] copying /home/aichou/uni_projects/ROBM/robm-pixi/src/build/robm_bridge/build/lib/robm_bridge/zenoh_bridge.py -> /home/aichou/uni_projects/ROBM/robm-pixi/src/install/robm_bridge/lib/python3.12/site-packages/robm_bridge
[0.876s] copying /home/aichou/uni_projects/ROBM/robm-pixi/src/build/robm_bridge/build/lib/robm_bridge/__init__.py -> /home/aichou/uni_projects/ROBM/robm-pixi/src/install/robm_bridge/lib/python3.12/site-packages/robm_bridge
[0.876s] copying /home/aichou/uni_projects/ROBM/robm-pixi/src/build/robm_bridge/build/lib/robm_bridge/bridge_node.py -> /home/aichou/uni_projects/ROBM/robm-pixi/src/install/robm_bridge/lib/python3.12/site-packages/robm_bridge
[0.876s] copying /home/aichou/uni_projects/ROBM/robm-pixi/src/build/robm_bridge/build/lib/robm_bridge/udp_bridge.py -> /home/aichou/uni_projects/ROBM/robm-pixi/src/install/robm_bridge/lib/python3.12/site-packages/robm_bridge
[0.877s] byte-compiling /home/aichou/uni_projects/ROBM/robm-pixi/src/install/robm_bridge/lib/python3.12/site-packages/robm_bridge/zenoh_bridge.py to zenoh_bridge.cpython-312.pyc
[0.877s] byte-compiling /home/aichou/uni_projects/ROBM/robm-pixi/src/install/robm_bridge/lib/python3.12/site-packages/robm_bridge/__init__.py to __init__.cpython-312.pyc
[0.877s] byte-compiling /home/aichou/uni_projects/ROBM/robm-pixi/src/install/robm_bridge/lib/python3.12/site-packages/robm_bridge/bridge_node.py to bridge_node.cpython-312.pyc
[0.879s] byte-compiling /home/aichou/uni_projects/ROBM/robm-pixi/src/install/robm_bridge/lib/python3.12/site-packages/robm_bridge/udp_bridge.py to udp_bridge.cpython-312.pyc
[0.880s] running install_data
[0.880s] creating /home/aichou/uni_projects/ROBM/robm-pixi/src/install/robm_bridge/share/ament_index/resource_index/packages
[0.880s] copying resource/robm_bridge -> /home/aichou/uni_projects/ROBM/robm-pixi/src/install/robm_bridge/share/ament_index/resource_index/packages
[0.880s] copying package.xml -> /home/aichou/uni_projects/ROBM/robm-pixi/src/install/robm_bridge/share/robm_bridge
[0.881s] running install_egg_info
[0.891s] Copying ../build/robm_bridge/robm_bridge.egg-info to /home/aichou/uni_projects/ROBM/robm-pixi/src/install/robm_bridge/lib/python3.12/site-packages/robm_bridge-0.2.0-py3.12.egg-info
[0.891s] running install_scripts
[0.948s] Installing udp_bridge script to /home/aichou/uni_projects/ROBM/robm-pixi/src/install/robm_bridge/lib/robm_bridge
[0.948s] Installing zenoh_bridge script to /home/aichou/uni_projects/ROBM/robm-pixi/src/install/robm_bridge/lib/robm_bridge
[0.948s] writing list of installed files to '/home/aichou/uni_projects/ROBM/robm-pixi/src/build/robm_bridge/install.log'
[0.971s] Invoked command in '/home/aichou/uni_projects/ROBM/robm-pixi/src/robm_bridge' returned '0': AMENT_PREFIX_PATH=/home/aichou/uni_projects/ROBM/robm-pixi/src/install/robm_interfaces:${AMENT_PREFIX_PATH} CMAKE_PREFIX_PATH=/home/aichou/uni_projects/ROBM/robm-pixi/src/install/robm_interfaces:${CMAKE_PREFIX_PATH} LD_LIBRARY_PATH=/home/aichou/uni_projects/ROBM/robm-pixi/src/install/robm_interfaces/lib:${LD_LIBRARY_PATH} PIXI_PROMPT=(robm) PS1=(robm) \[\e]0;\u@\h: \w\a\]${debian_chroot:+($debian_chroot)}\[\033[01;32m\]\u@\h\[\033[00m\]:\[\033[01;34m\]\w\[\033[00m\]\$ PYTHONPATH=/home/aichou/uni_projects/ROBM/robm-pixi/src/build/robm_bridge/prefix_override:/home/aichou/uni_projects/ROBM/robm-pixi/.pixi/envs/default/lib/python3.12/site-packages/colcon_core/task/python/colcon_distutils_commands:/home/aichou/uni_projects/ROBM/robm-pixi/src/install/robm_bridge/lib/python3.12/site-packages:/home/aichou/uni_projects/ROBM/robm-pixi/src/install/robm_interfaces/lib/python3.12/site-packages:${PYTHONPATH} /home/aichou/uni_projects/ROBM/robm-pixi/.pixi/envs/default/bin/python3.12 -W ignore:setup.py install is deprecated -W ignore:easy_install command is deprecated setup.py egg_info --egg-base ../build/robm_bridge build --build-base /home/aichou/uni_projects/ROBM/robm-pixi/src/build/robm_bridge/build install --record /home/aichou/uni_projects/ROBM/robm-pixi/src/build/robm_bridge/install.log --single-version-externally-managed install_data
