[  1%] Built target robm_interfaces__rosidl_generator_type_description
[  1%] Built target ament_cmake_python_symlink_robm_interfaces
[  3%] Built target robm_interfaces__cpp
[ 25%] Built target robm_interfaces__rosidl_generator_c
[ 34%] Built target robm_interfaces__rosidl_typesupport_introspection_c
[ 43%] Built target robm_interfaces__rosidl_typesupport_fastrtps_c
[ 53%] Built target robm_interfaces__rosidl_typesupport_cpp
[ 62%] Built target robm_interfaces__rosidl_typesupport_introspection_cpp
[ 71%] Built target robm_interfaces__rosidl_typesupport_c
[ 81%] Built target robm_interfaces__rosidl_typesupport_fastrtps_cpp
[ 81%] Built target robm_interfaces
[ 82%] Built target robm_interfaces__py
[ 90%] Built target robm_interfaces__rosidl_generator_py
[ 93%] Built target robm_interfaces_s__rosidl_typesupport_introspection_c
[ 96%] Built target robm_interfaces_s__rosidl_typesupport_c
[100%] Built target robm_interfaces_s__rosidl_typesupport_fastrtps_c
running egg_info
writing robm_interfaces.egg-info/PKG-INFO
writing dependency_links to robm_interfaces.egg-info/dependency_links.txt
writing top-level names to robm_interfaces.egg-info/top_level.txt
reading manifest file 'robm_interfaces.egg-info/SOURCES.txt'
writing manifest file 'robm_interfaces.egg-info/SOURCES.txt'
[100%] Built target ament_cmake_python_build_robm_interfaces_egg
