running egg_info
writing ../../build/robm_tp1_color/robm_tp1_color.egg-info/PKG-INFO
writing dependency_links to ../../build/robm_tp1_color/robm_tp1_color.egg-info/dependency_links.txt
writing entry points to ../../build/robm_tp1_color/robm_tp1_color.egg-info/entry_points.txt
writing requirements to ../../build/robm_tp1_color/robm_tp1_color.egg-info/requires.txt
writing top-level names to ../../build/robm_tp1_color/robm_tp1_color.egg-info/top_level.txt
reading manifest file '../../build/robm_tp1_color/robm_tp1_color.egg-info/SOURCES.txt'
writing manifest file '../../build/robm_tp1_color/robm_tp1_color.egg-info/SOURCES.txt'
running build
running build_py
copying robm_tp1_color/__init__.py -> /home/aichou/uni_projects/ROBM/robm-pixi/build/robm_tp1_color/build/lib/robm_tp1_color
copying robm_tp1_color/couleur.py -> /home/aichou/uni_projects/ROBM/robm-pixi/build/robm_tp1_color/build/lib/robm_tp1_color
running install
running install_lib
copying /home/aichou/uni_projects/ROBM/robm-pixi/build/robm_tp1_color/build/lib/robm_tp1_color/__init__.py -> /home/aichou/uni_projects/ROBM/robm-pixi/install/robm_tp1_color/lib/python3.12/site-packages/robm_tp1_color
copying /home/aichou/uni_projects/ROBM/robm-pixi/build/robm_tp1_color/build/lib/robm_tp1_color/couleur.py -> /home/aichou/uni_projects/ROBM/robm-pixi/install/robm_tp1_color/lib/python3.12/site-packages/robm_tp1_color
byte-compiling /home/aichou/uni_projects/ROBM/robm-pixi/install/robm_tp1_color/lib/python3.12/site-packages/robm_tp1_color/__init__.py to __init__.cpython-312.pyc
byte-compiling /home/aichou/uni_projects/ROBM/robm-pixi/install/robm_tp1_color/lib/python3.12/site-packages/robm_tp1_color/couleur.py to couleur.cpython-312.pyc
running install_data
copying resource/robm_tp1_color -> /home/aichou/uni_projects/ROBM/robm-pixi/install/robm_tp1_color/share/ament_index/resource_index/packages
copying package.xml -> /home/aichou/uni_projects/ROBM/robm-pixi/install/robm_tp1_color/share/robm_tp1_color
running install_egg_info
removing '/home/aichou/uni_projects/ROBM/robm-pixi/install/robm_tp1_color/lib/python3.12/site-packages/robm_tp1_color-0.0.0-py3.12.egg-info' (and everything under it)
Copying ../../build/robm_tp1_color/robm_tp1_color.egg-info to /home/aichou/uni_projects/ROBM/robm-pixi/install/robm_tp1_color/lib/python3.12/site-packages/robm_tp1_color-0.0.0-py3.12.egg-info
running install_scripts
Installing couleur script to /home/aichou/uni_projects/ROBM/robm-pixi/install/robm_tp1_color/lib/robm_tp1_color
writing list of installed files to '/home/aichou/uni_projects/ROBM/robm-pixi/build/robm_tp1_color/install.log'
