/home/aichou/uni_projects/ROBM/robm-pixi/.pixi/envs/default/lib/python3.12/site-packages/setuptools/_distutils/dist.py:289: UserWarning: Unknown distribution option: 'tests_require'
  warnings.warn(msg)
/home/aichou/uni_projects/ROBM/robm-pixi/.pixi/envs/default/lib/python3.12/site-packages/setuptools/dist.py:759: SetuptoolsDeprecationWarning: License classifiers are deprecated.
!!

        ********************************************************************************
        Please consider removing the following classifiers in favor of a SPDX license expression:

        License :: OSI Approved :: BSD

        See https://packaging.python.org/en/latest/guides/writing-pyproject-toml/#license for details.
        ********************************************************************************

!!
  self._finalize_license_expression()
running develop
running egg_info
writing key_teleop.egg-info/PKG-INFO
writing dependency_links to key_teleop.egg-info/dependency_links.txt
writing entry points to key_teleop.egg-info/entry_points.txt
writing requirements to key_teleop.egg-info/requires.txt
writing top-level names to key_teleop.egg-info/top_level.txt
reading manifest file 'key_teleop.egg-info/SOURCES.txt'
writing manifest file 'key_teleop.egg-info/SOURCES.txt'
running build_ext
Creating /home/aichou/uni_projects/ROBM/robm-pixi/install/key_teleop/lib/python3.12/site-packages/key-teleop.egg-link (link to .)
Installing key_teleop script to /home/aichou/uni_projects/ROBM/robm-pixi/install/key_teleop/lib/key_teleop

Installed /home/aichou/uni_projects/ROBM/robm-pixi/build/key_teleop
running symlink_data
