[0.947s] Invoking command in '/home/aichou/uni_projects/ROBM/robm-pixi/build/key_teleop': PIXI_PROMPT=(robm) PYTHONPATH=/home/aichou/uni_projects/ROBM/robm-pixi/build/key_teleop/prefix_override:/home/aichou/uni_projects/ROBM/robm-pixi/.pixi/envs/default/lib/python3.12/site-packages/colcon_core/task/python/colcon_distutils_commands:/home/aichou/uni_projects/ROBM/robm-pixi/install/key_teleop/lib/python3.12/site-packages:${PYTHONPATH} /home/aichou/uni_projects/ROBM/robm-pixi/.pixi/envs/default/bin/python3.12 -W ignore:setup.py install is deprecated -W ignore:easy_install command is deprecated setup.py develop --editable --build-directory /home/aichou/uni_projects/ROBM/robm-pixi/build/key_teleop/build --no-deps symlink_data
[1.040s] /home/aichou/uni_projects/ROBM/robm-pixi/.pixi/envs/default/lib/python3.12/site-packages/setuptools/_distutils/dist.py:289: UserWarning: Unknown distribution option: 'tests_require'
[1.040s]   warnings.warn(msg)
[1.057s] /home/aichou/uni_projects/ROBM/robm-pixi/.pixi/envs/default/lib/python3.12/site-packages/setuptools/dist.py:759: SetuptoolsDeprecationWarning: License classifiers are deprecated.
[1.057s] !!
[1.057s] 
[1.057s]         ********************************************************************************
[1.058s]         Please consider removing the following classifiers in favor of a SPDX license expression:
[1.058s] 
[1.058s]         License :: OSI Approved :: BSD
[1.058s] 
[1.058s]         See https://packaging.python.org/en/latest/guides/writing-pyproject-toml/#license for details.
[1.058s]         ********************************************************************************
[1.058s] 
[1.058s] !!
[1.058s]   self._finalize_license_expression()
[1.115s] running develop
[1.219s] running egg_info
[1.228s] writing key_teleop.egg-info/PKG-INFO
[1.228s] writing dependency_links to key_teleop.egg-info/dependency_links.txt
[1.229s] writing entry points to key_teleop.egg-info/entry_points.txt
[1.229s] writing requirements to key_teleop.egg-info/requires.txt
[1.229s] writing top-level names to key_teleop.egg-info/top_level.txt
[1.249s] reading manifest file 'key_teleop.egg-info/SOURCES.txt'
[1.251s] writing manifest file 'key_teleop.egg-info/SOURCES.txt'
[1.260s] running build_ext
[1.260s] Creating /home/aichou/uni_projects/ROBM/robm-pixi/install/key_teleop/lib/python3.12/site-packages/key-teleop.egg-link (link to .)
[1.261s] Installing key_teleop script to /home/aichou/uni_projects/ROBM/robm-pixi/install/key_teleop/lib/key_teleop
[1.261s] 
[1.261s] Installed /home/aichou/uni_projects/ROBM/robm-pixi/build/key_teleop
[1.261s] running symlink_data
[1.282s] Invoked command in '/home/aichou/uni_projects/ROBM/robm-pixi/build/key_teleop' returned '0': PIXI_PROMPT=(robm) PYTHONPATH=/home/aichou/uni_projects/ROBM/robm-pixi/build/key_teleop/prefix_override:/home/aichou/uni_projects/ROBM/robm-pixi/.pixi/envs/default/lib/python3.12/site-packages/colcon_core/task/python/colcon_distutils_commands:/home/aichou/uni_projects/ROBM/robm-pixi/install/key_teleop/lib/python3.12/site-packages:${PYTHONPATH} /home/aichou/uni_projects/ROBM/robm-pixi/.pixi/envs/default/bin/python3.12 -W ignore:setup.py install is deprecated -W ignore:easy_install command is deprecated setup.py develop --editable --build-directory /home/aichou/uni_projects/ROBM/robm-pixi/build/key_teleop/build --no-deps symlink_data
