[0.612s] [34mcolcon[0m [1;30mDEBUG[0m [32mCommand line arguments: ['/home/aichou/uni_projects/ROBM/robm-pixi/.pixi/envs/default/bin/colcon', 'build', '--symlink-install', '--cmake-args', '-DCMAKE_EXPORT_COMPILE_COMMANDS=ON', '-DPython_FIND_VIRTUALENV=ONLY', '-DPython3_FIND_VIRTUALENV=ONLY'][0m
[0.612s] [34mcolcon[0m [1;30mDEBUG[0m [32mParsed command line arguments: Namespace(log_base=None, log_level=None, verb_name='build', build_base='build', install_base='install', merge_install=False, symlink_install=True, test_result_base=None, continue_on_error=False, executor='parallel', parallel_workers=22, event_handlers=None, ignore_user_meta=False, metas=['./colcon.meta'], base_paths=['.'], packages_ignore=None, packages_ignore_regex=None, paths=None, packages_up_to=None, packages_up_to_regex=None, packages_above=None, packages_above_and_dependencies=None, packages_above_depth=None, packages_select_by_dep=None, packages_skip_by_dep=None, packages_skip_up_to=None, packages_select_build_failed=False, packages_skip_build_finished=False, packages_select_test_failures=False, packages_skip_test_passed=False, packages_select=None, packages_skip=None, packages_select_regex=None, packages_skip_regex=None, packages_start=None, packages_end=None, cmake_args=['-DCMAKE_EXPORT_COMPILE_COMMANDS=ON', '-DPython_FIND_VIRTUALENV=ONLY', '-DPython3_FIND_VIRTUALENV=ONLY'], cmake_target=None, cmake_target_skip_unavailable=False, cmake_clean_cache=False, cmake_clean_first=False, cmake_force_configure=False, ament_cmake_args=None, catkin_cmake_args=None, catkin_skip_building_tests=False, verb_parser=<colcon_defaults.argument_parser.defaults.DefaultArgumentsDecorator object at 0x7f3bf4a5df10>, verb_extension=<colcon_core.verb.build.BuildVerb object at 0x7f3bf4a5e390>, main=<bound method BuildVerb.main of <colcon_core.verb.build.BuildVerb object at 0x7f3bf4a5e390>>)[0m
[0.704s] [34mcolcon.colcon_core.package_discovery[0m [1;30mLevel 1[0m discover_packages(colcon_meta) check parameters
[0.704s] [34mcolcon.colcon_core.package_discovery[0m [1;30mLevel 1[0m discover_packages(recursive) check parameters
[0.704s] [34mcolcon.colcon_core.package_discovery[0m [1;30mLevel 1[0m discover_packages(ignore) check parameters
[0.704s] [34mcolcon.colcon_core.package_discovery[0m [1;30mLevel 1[0m discover_packages(path) check parameters
[0.704s] [34mcolcon.colcon_core.package_discovery[0m [1;30mLevel 1[0m discover_packages(colcon_meta) discover
[0.704s] [34mcolcon.colcon_core.package_discovery[0m [1;30mLevel 1[0m discover_packages(recursive) discover
[0.705s] [34mcolcon.colcon_core.package_discovery[0m [1;30mINFO[0m Crawling recursively for packages in '/home/aichou/uni_projects/ROBM/robm-pixi'
[0.705s] [34mcolcon.colcon_core.package_identification[0m [1;30mLevel 1[0m _identify(.) by extensions ['ignore', 'ignore_ament_install']
[0.705s] [34mcolcon.colcon_core.package_identification[0m [1;30mLevel 1[0m _identify(.) by extension 'ignore'
[0.705s] [34mcolcon.colcon_core.package_identification[0m [1;30mLevel 1[0m _identify(.) by extension 'ignore_ament_install'
[0.705s] [34mcolcon.colcon_core.package_identification[0m [1;30mLevel 1[0m _identify(.) by extensions ['colcon_pkg']
[0.705s] [34mcolcon.colcon_core.package_identification[0m [1;30mLevel 1[0m _identify(.) by extension 'colcon_pkg'
[0.705s] [34mcolcon.colcon_core.package_identification[0m [1;30mLevel 1[0m _identify(.) by extensions ['colcon_meta']
[0.705s] [34mcolcon.colcon_core.package_identification[0m [1;30mLevel 1[0m _identify(.) by extension 'colcon_meta'
[0.705s] [34mcolcon.colcon_core.package_identification[0m [1;30mLevel 1[0m _identify(.) by extensions ['ros']
[0.705s] [34mcolcon.colcon_core.package_identification[0m [1;30mLevel 1[0m _identify(.) by extension 'ros'
[0.757s] [34mcolcon.colcon_core.package_identification[0m [1;30mLevel 1[0m _identify(.) by extensions ['cmake', 'python']
[0.757s] [34mcolcon.colcon_core.package_identification[0m [1;30mLevel 1[0m _identify(.) by extension 'cmake'
[0.757s] [34mcolcon.colcon_core.package_identification[0m [1;30mLevel 1[0m _identify(.) by extension 'python'
[0.757s] [34mcolcon.colcon_core.package_identification[0m [1;30mLevel 1[0m _identify(.) by extensions ['python_setup_py']
[0.758s] [34mcolcon.colcon_core.package_identification[0m [1;30mLevel 1[0m _identify(.) by extension 'python_setup_py'
[0.758s] [34mcolcon.colcon_core.package_identification[0m [1;30mLevel 1[0m _identify(build) by extensions ['ignore', 'ignore_ament_install']
[0.758s] [34mcolcon.colcon_core.package_identification[0m [1;30mLevel 1[0m _identify(build) by extension 'ignore'
[0.758s] [34mcolcon.colcon_core.package_identification[0m [1;30mLevel 1[0m _identify(build) ignored
[0.758s] [34mcolcon.colcon_core.package_identification[0m [1;30mLevel 1[0m _identify(install) by extensions ['ignore', 'ignore_ament_install']
[0.758s] [34mcolcon.colcon_core.package_identification[0m [1;30mLevel 1[0m _identify(install) by extension 'ignore'
[0.758s] [34mcolcon.colcon_core.package_identification[0m [1;30mLevel 1[0m _identify(install) ignored
[0.758s] [34mcolcon.colcon_core.package_identification[0m [1;30mLevel 1[0m _identify(log) by extensions ['ignore', 'ignore_ament_install']
[0.759s] [34mcolcon.colcon_core.package_identification[0m [1;30mLevel 1[0m _identify(log) by extension 'ignore'
[0.759s] [34mcolcon.colcon_core.package_identification[0m [1;30mLevel 1[0m _identify(log) ignored
[0.759s] [34mcolcon.colcon_core.package_identification[0m [1;30mLevel 1[0m _identify(src) by extensions ['ignore', 'ignore_ament_install']
[0.759s] [34mcolcon.colcon_core.package_identification[0m [1;30mLevel 1[0m _identify(src) by extension 'ignore'
[0.759s] [34mcolcon.colcon_core.package_identification[0m [1;30mLevel 1[0m _identify(src) by extension 'ignore_ament_install'
[0.759s] [34mcolcon.colcon_core.package_identification[0m [1;30mLevel 1[0m _identify(src) by extensions ['colcon_pkg']
[0.759s] [34mcolcon.colcon_core.package_identification[0m [1;30mLevel 1[0m _identify(src) by extension 'colcon_pkg'
[0.759s] [34mcolcon.colcon_core.package_identification[0m [1;30mLevel 1[0m _identify(src) by extensions ['colcon_meta']
[0.759s] [34mcolcon.colcon_core.package_identification[0m [1;30mLevel 1[0m _identify(src) by extension 'colcon_meta'
[0.759s] [34mcolcon.colcon_core.package_identification[0m [1;30mLevel 1[0m _identify(src) by extensions ['ros']
[0.759s] [34mcolcon.colcon_core.package_identification[0m [1;30mLevel 1[0m _identify(src) by extension 'ros'
[0.759s] [34mcolcon.colcon_core.package_identification[0m [1;30mLevel 1[0m _identify(src) by extensions ['cmake', 'python']
[0.759s] [34mcolcon.colcon_core.package_identification[0m [1;30mLevel 1[0m _identify(src) by extension 'cmake'
[0.759s] [34mcolcon.colcon_core.package_identification[0m [1;30mLevel 1[0m _identify(src) by extension 'python'
[0.759s] [34mcolcon.colcon_core.package_identification[0m [1;30mLevel 1[0m _identify(src) by extensions ['python_setup_py']
[0.759s] [34mcolcon.colcon_core.package_identification[0m [1;30mLevel 1[0m _identify(src) by extension 'python_setup_py'
[0.760s] [34mcolcon.colcon_core.package_identification[0m [1;30mLevel 1[0m _identify(src/robm_bridge) by extensions ['ignore', 'ignore_ament_install']
[0.760s] [34mcolcon.colcon_core.package_identification[0m [1;30mLevel 1[0m _identify(src/robm_bridge) by extension 'ignore'
[0.760s] [34mcolcon.colcon_core.package_identification[0m [1;30mLevel 1[0m _identify(src/robm_bridge) by extension 'ignore_ament_install'
[0.760s] [34mcolcon.colcon_core.package_identification[0m [1;30mLevel 1[0m _identify(src/robm_bridge) by extensions ['colcon_pkg']
[0.760s] [34mcolcon.colcon_core.package_identification[0m [1;30mLevel 1[0m _identify(src/robm_bridge) by extension 'colcon_pkg'
[0.760s] [34mcolcon.colcon_core.package_identification[0m [1;30mLevel 1[0m _identify(src/robm_bridge) by extensions ['colcon_meta']
[0.760s] [34mcolcon.colcon_core.package_identification[0m [1;30mLevel 1[0m _identify(src/robm_bridge) by extension 'colcon_meta'
[0.760s] [34mcolcon.colcon_core.package_identification[0m [1;30mLevel 1[0m _identify(src/robm_bridge) by extensions ['ros']
[0.760s] [34mcolcon.colcon_core.package_identification[0m [1;30mLevel 1[0m _identify(src/robm_bridge) by extension 'ros'
[0.766s] [34mcolcon.colcon_core.package_identification[0m [1;30mDEBUG[0m [32mPackage 'src/robm_bridge' with type 'ros.ament_python' and name 'robm_bridge'[0m
[0.766s] [34mcolcon.colcon_core.package_identification[0m [1;30mLevel 1[0m _identify(src/robm_interfaces) by extensions ['ignore', 'ignore_ament_install']
[0.766s] [34mcolcon.colcon_core.package_identification[0m [1;30mLevel 1[0m _identify(src/robm_interfaces) by extension 'ignore'
[0.766s] [34mcolcon.colcon_core.package_identification[0m [1;30mLevel 1[0m _identify(src/robm_interfaces) by extension 'ignore_ament_install'
[0.766s] [34mcolcon.colcon_core.package_identification[0m [1;30mLevel 1[0m _identify(src/robm_interfaces) by extensions ['colcon_pkg']
[0.767s] [34mcolcon.colcon_core.package_identification[0m [1;30mLevel 1[0m _identify(src/robm_interfaces) by extension 'colcon_pkg'
[0.767s] [34mcolcon.colcon_core.package_identification[0m [1;30mLevel 1[0m _identify(src/robm_interfaces) by extensions ['colcon_meta']
[0.767s] [34mcolcon.colcon_core.package_identification[0m [1;30mLevel 1[0m _identify(src/robm_interfaces) by extension 'colcon_meta'
[0.767s] [34mcolcon.colcon_core.package_identification[0m [1;30mLevel 1[0m _identify(src/robm_interfaces) by extensions ['ros']
[0.767s] [34mcolcon.colcon_core.package_identification[0m [1;30mLevel 1[0m _identify(src/robm_interfaces) by extension 'ros'
[0.768s] [34mcolcon.colcon_core.package_identification[0m [1;30mDEBUG[0m [32mPackage 'src/robm_interfaces' with type 'ros.ament_cmake' and name 'robm_interfaces'[0m
[0.768s] [34mcolcon.colcon_core.package_discovery[0m [1;30mLevel 1[0m discover_packages(recursive) using defaults
[0.768s] [34mcolcon.colcon_core.package_discovery[0m [1;30mLevel 1[0m discover_packages(ignore) discover
[0.768s] [34mcolcon.colcon_core.package_discovery[0m [1;30mLevel 1[0m discover_packages(ignore) using defaults
[0.768s] [34mcolcon.colcon_core.package_discovery[0m [1;30mLevel 1[0m discover_packages(path) discover
[0.768s] [34mcolcon.colcon_core.package_discovery[0m [1;30mLevel 1[0m discover_packages(path) using defaults
[0.800s] [34mcolcon.colcon_core.verb[0m [1;30mLevel 5[0m set package 'robm_interfaces' build argument 'cmake_args' from command line to '['-DCMAKE_EXPORT_COMPILE_COMMANDS=ON', '-DPython_FIND_VIRTUALENV=ONLY', '-DPython3_FIND_VIRTUALENV=ONLY']'
[0.800s] [34mcolcon.colcon_core.verb[0m [1;30mLevel 5[0m set package 'robm_interfaces' build argument 'cmake_target' from command line to 'None'
[0.800s] [34mcolcon.colcon_core.verb[0m [1;30mLevel 5[0m set package 'robm_interfaces' build argument 'cmake_target_skip_unavailable' from command line to 'False'
[0.800s] [34mcolcon.colcon_core.verb[0m [1;30mLevel 5[0m set package 'robm_interfaces' build argument 'cmake_clean_cache' from command line to 'False'
[0.800s] [34mcolcon.colcon_core.verb[0m [1;30mLevel 5[0m set package 'robm_interfaces' build argument 'cmake_clean_first' from command line to 'False'
[0.800s] [34mcolcon.colcon_core.verb[0m [1;30mLevel 5[0m set package 'robm_interfaces' build argument 'cmake_force_configure' from command line to 'False'
[0.800s] [34mcolcon.colcon_core.verb[0m [1;30mLevel 5[0m set package 'robm_interfaces' build argument 'ament_cmake_args' from command line to 'None'
[0.800s] [34mcolcon.colcon_core.verb[0m [1;30mLevel 5[0m set package 'robm_interfaces' build argument 'catkin_cmake_args' from command line to 'None'
[0.801s] [34mcolcon.colcon_core.verb[0m [1;30mLevel 5[0m set package 'robm_interfaces' build argument 'catkin_skip_building_tests' from command line to 'False'
[0.801s] [34mcolcon.colcon_core.verb[0m [1;30mDEBUG[0m [32mBuilding package 'robm_interfaces' with the following arguments: {'ament_cmake_args': None, 'build_base': '/home/aichou/uni_projects/ROBM/robm-pixi/build/robm_interfaces', 'catkin_cmake_args': None, 'catkin_skip_building_tests': False, 'cmake_args': ['-DCMAKE_EXPORT_COMPILE_COMMANDS=ON', '-DPython_FIND_VIRTUALENV=ONLY', '-DPython3_FIND_VIRTUALENV=ONLY'], 'cmake_clean_cache': False, 'cmake_clean_first': False, 'cmake_force_configure': False, 'cmake_target': None, 'cmake_target_skip_unavailable': False, 'install_base': '/home/aichou/uni_projects/ROBM/robm-pixi/install/robm_interfaces', 'merge_install': False, 'path': '/home/aichou/uni_projects/ROBM/robm-pixi/src/robm_interfaces', 'symlink_install': True, 'test_result_base': None}[0m
[0.801s] [34mcolcon.colcon_core.verb[0m [1;30mLevel 5[0m set package 'robm_bridge' build argument 'cmake_args' from command line to '['-DCMAKE_EXPORT_COMPILE_COMMANDS=ON', '-DPython_FIND_VIRTUALENV=ONLY', '-DPython3_FIND_VIRTUALENV=ONLY']'
[0.802s] [34mcolcon.colcon_core.verb[0m [1;30mLevel 5[0m set package 'robm_bridge' build argument 'cmake_target' from command line to 'None'
[0.802s] [34mcolcon.colcon_core.verb[0m [1;30mLevel 5[0m set package 'robm_bridge' build argument 'cmake_target_skip_unavailable' from command line to 'False'
[0.802s] [34mcolcon.colcon_core.verb[0m [1;30mLevel 5[0m set package 'robm_bridge' build argument 'cmake_clean_cache' from command line to 'False'
[0.802s] [34mcolcon.colcon_core.verb[0m [1;30mLevel 5[0m set package 'robm_bridge' build argument 'cmake_clean_first' from command line to 'False'
[0.802s] [34mcolcon.colcon_core.verb[0m [1;30mLevel 5[0m set package 'robm_bridge' build argument 'cmake_force_configure' from command line to 'False'
[0.802s] [34mcolcon.colcon_core.verb[0m [1;30mLevel 5[0m set package 'robm_bridge' build argument 'ament_cmake_args' from command line to 'None'
[0.802s] [34mcolcon.colcon_core.verb[0m [1;30mLevel 5[0m set package 'robm_bridge' build argument 'catkin_cmake_args' from command line to 'None'
[0.802s] [34mcolcon.colcon_core.verb[0m [1;30mLevel 5[0m set package 'robm_bridge' build argument 'catkin_skip_building_tests' from command line to 'False'
[0.802s] [34mcolcon.colcon_core.verb[0m [1;30mDEBUG[0m [32mBuilding package 'robm_bridge' with the following arguments: {'ament_cmake_args': None, 'build_base': '/home/aichou/uni_projects/ROBM/robm-pixi/build/robm_bridge', 'catkin_cmake_args': None, 'catkin_skip_building_tests': False, 'cmake_args': ['-DCMAKE_EXPORT_COMPILE_COMMANDS=ON', '-DPython_FIND_VIRTUALENV=ONLY', '-DPython3_FIND_VIRTUALENV=ONLY'], 'cmake_clean_cache': False, 'cmake_clean_first': False, 'cmake_force_configure': False, 'cmake_target': None, 'cmake_target_skip_unavailable': False, 'install_base': '/home/aichou/uni_projects/ROBM/robm-pixi/install/robm_bridge', 'merge_install': False, 'path': '/home/aichou/uni_projects/ROBM/robm-pixi/src/robm_bridge', 'symlink_install': True, 'test_result_base': None}[0m
[0.802s] [34mcolcon.colcon_core.executor[0m [1;30mINFO[0m Executing jobs using 'parallel' executor
[0.804s] [34mcolcon.colcon_parallel_executor.executor.parallel[0m [1;30mDEBUG[0m [32mrun_until_complete[0m
[0.804s] [34mcolcon.colcon_ros.task.ament_cmake.build[0m [1;30mINFO[0m Building ROS package in '/home/aichou/uni_projects/ROBM/robm-pixi/src/robm_interfaces' with build type 'ament_cmake'
[0.804s] [34mcolcon.colcon_cmake.task.cmake.build[0m [1;30mINFO[0m Building CMake package in '/home/aichou/uni_projects/ROBM/robm-pixi/src/robm_interfaces'
[0.818s] [34mcolcon.colcon_core.plugin_system[0m [1;30mINFO[0m Skipping extension 'colcon_core.shell.bat': Not used on non-Windows systems
[0.818s] [34mcolcon.colcon_core.shell[0m [1;30mINFO[0m Skip shell extension 'powershell' for command environment: Not usable outside of PowerShell
[0.818s] [34mcolcon.colcon_core.shell[0m [1;30mDEBUG[0m [32mSkip shell extension 'dsv' for command environment[0m
[0.844s] [34mcolcon.colcon_core.event_handler.log_command[0m [1;30mDEBUG[0m [32mInvoking command in '/home/aichou/uni_projects/ROBM/robm-pixi/build/robm_interfaces': CMAKE_PREFIX_PATH=${CMAKE_PREFIX_PATH}:/home/aichou/uni_projects/ROBM/robm-pixi/install/robm_bridge PIXI_PROMPT=(robm) /home/aichou/uni_projects/ROBM/robm-pixi/.pixi/envs/default/bin/cmake --build /home/aichou/uni_projects/ROBM/robm-pixi/build/robm_interfaces -- -j22 -l22[0m
[1.533s] [34mcolcon.colcon_core.event_handler.log_command[0m [1;30mDEBUG[0m [32mInvoked command in '/home/aichou/uni_projects/ROBM/robm-pixi/build/robm_interfaces' returned '0': CMAKE_PREFIX_PATH=${CMAKE_PREFIX_PATH}:/home/aichou/uni_projects/ROBM/robm-pixi/install/robm_bridge PIXI_PROMPT=(robm) /home/aichou/uni_projects/ROBM/robm-pixi/.pixi/envs/default/bin/cmake --build /home/aichou/uni_projects/ROBM/robm-pixi/build/robm_interfaces -- -j22 -l22[0m
[1.545s] [34mcolcon.colcon_core.event_handler.log_command[0m [1;30mDEBUG[0m [32mInvoking command in '/home/aichou/uni_projects/ROBM/robm-pixi/build/robm_interfaces': CMAKE_PREFIX_PATH=${CMAKE_PREFIX_PATH}:/home/aichou/uni_projects/ROBM/robm-pixi/install/robm_bridge PIXI_PROMPT=(robm) /home/aichou/uni_projects/ROBM/robm-pixi/.pixi/envs/default/bin/cmake --install /home/aichou/uni_projects/ROBM/robm-pixi/build/robm_interfaces[0m
[1.768s] [34mcolcon.colcon_core.environment[0m [1;30mLevel 1[0m create_environment_scripts_only(robm_interfaces)
[1.769s] [34mcolcon.colcon_core.event_handler.log_command[0m [1;30mDEBUG[0m [32mInvoked command in '/home/aichou/uni_projects/ROBM/robm-pixi/build/robm_interfaces' returned '0': CMAKE_PREFIX_PATH=${CMAKE_PREFIX_PATH}:/home/aichou/uni_projects/ROBM/robm-pixi/install/robm_bridge PIXI_PROMPT=(robm) /home/aichou/uni_projects/ROBM/robm-pixi/.pixi/envs/default/bin/cmake --install /home/aichou/uni_projects/ROBM/robm-pixi/build/robm_interfaces[0m
[1.783s] [34mcolcon.colcon_core.environment[0m [1;30mLevel 1[0m checking '/home/aichou/uni_projects/ROBM/robm-pixi/install/robm_interfaces' for CMake module files
[1.783s] [34mcolcon.colcon_core.environment[0m [1;30mLevel 1[0m checking '/home/aichou/uni_projects/ROBM/robm-pixi/install/robm_interfaces' for CMake config files
[1.784s] [34mcolcon.colcon_core.shell[0m [1;30mLevel 1[0m create_environment_hook('robm_interfaces', 'cmake_prefix_path')
[1.784s] [34mcolcon.colcon_core.shell[0m [1;30mINFO[0m Creating environment hook '/home/aichou/uni_projects/ROBM/robm-pixi/install/robm_interfaces/share/robm_interfaces/hook/cmake_prefix_path.ps1'
[1.786s] [34mcolcon.colcon_core.shell[0m [1;30mINFO[0m Creating environment descriptor '/home/aichou/uni_projects/ROBM/robm-pixi/install/robm_interfaces/share/robm_interfaces/hook/cmake_prefix_path.dsv'
[1.787s] [34mcolcon.colcon_core.shell[0m [1;30mINFO[0m Creating environment hook '/home/aichou/uni_projects/ROBM/robm-pixi/install/robm_interfaces/share/robm_interfaces/hook/cmake_prefix_path.sh'
[1.789s] [34mcolcon.colcon_core.environment[0m [1;30mLevel 1[0m checking '/home/aichou/uni_projects/ROBM/robm-pixi/install/robm_interfaces/lib'
[1.789s] [34mcolcon.colcon_core.shell[0m [1;30mLevel 1[0m create_environment_hook('robm_interfaces', 'ld_library_path_lib')
[1.790s] [34mcolcon.colcon_core.shell[0m [1;30mINFO[0m Creating environment hook '/home/aichou/uni_projects/ROBM/robm-pixi/install/robm_interfaces/share/robm_interfaces/hook/ld_library_path_lib.ps1'
[1.790s] [34mcolcon.colcon_core.shell[0m [1;30mINFO[0m Creating environment descriptor '/home/aichou/uni_projects/ROBM/robm-pixi/install/robm_interfaces/share/robm_interfaces/hook/ld_library_path_lib.dsv'
[1.790s] [34mcolcon.colcon_core.shell[0m [1;30mINFO[0m Creating environment hook '/home/aichou/uni_projects/ROBM/robm-pixi/install/robm_interfaces/share/robm_interfaces/hook/ld_library_path_lib.sh'
[1.791s] [34mcolcon.colcon_core.environment[0m [1;30mLevel 1[0m checking '/home/aichou/uni_projects/ROBM/robm-pixi/install/robm_interfaces/bin'
[1.791s] [34mcolcon.colcon_core.environment[0m [1;30mLevel 1[0m checking '/home/aichou/uni_projects/ROBM/robm-pixi/install/robm_interfaces/lib/pkgconfig/robm_interfaces.pc'
[1.793s] [34mcolcon.colcon_core.environment[0m [1;30mLevel 1[0m checking '/home/aichou/uni_projects/ROBM/robm-pixi/install/robm_interfaces/lib/python3.12/site-packages'
[1.793s] [34mcolcon.colcon_core.shell[0m [1;30mLevel 1[0m create_environment_hook('robm_interfaces', 'pythonpath')
[1.794s] [34mcolcon.colcon_core.shell[0m [1;30mINFO[0m Creating environment hook '/home/aichou/uni_projects/ROBM/robm-pixi/install/robm_interfaces/share/robm_interfaces/hook/pythonpath.ps1'
[1.794s] [34mcolcon.colcon_core.shell[0m [1;30mINFO[0m Creating environment descriptor '/home/aichou/uni_projects/ROBM/robm-pixi/install/robm_interfaces/share/robm_interfaces/hook/pythonpath.dsv'
[1.795s] [34mcolcon.colcon_core.shell[0m [1;30mINFO[0m Creating environment hook '/home/aichou/uni_projects/ROBM/robm-pixi/install/robm_interfaces/share/robm_interfaces/hook/pythonpath.sh'
[1.796s] [34mcolcon.colcon_core.environment[0m [1;30mLevel 1[0m checking '/home/aichou/uni_projects/ROBM/robm-pixi/install/robm_interfaces/bin'
[1.796s] [34mcolcon.colcon_core.shell[0m [1;30mINFO[0m Creating package script '/home/aichou/uni_projects/ROBM/robm-pixi/install/robm_interfaces/share/robm_interfaces/package.ps1'
[1.797s] [34mcolcon.colcon_core.shell[0m [1;30mINFO[0m Creating package descriptor '/home/aichou/uni_projects/ROBM/robm-pixi/install/robm_interfaces/share/robm_interfaces/package.dsv'
[1.799s] [34mcolcon.colcon_core.shell[0m [1;30mINFO[0m Creating package script '/home/aichou/uni_projects/ROBM/robm-pixi/install/robm_interfaces/share/robm_interfaces/package.sh'
[1.800s] [34mcolcon.colcon_core.shell[0m [1;30mINFO[0m Creating package script '/home/aichou/uni_projects/ROBM/robm-pixi/install/robm_interfaces/share/robm_interfaces/package.bash'
[1.803s] [34mcolcon.colcon_core.shell[0m [1;30mINFO[0m Creating package script '/home/aichou/uni_projects/ROBM/robm-pixi/install/robm_interfaces/share/robm_interfaces/package.zsh'
[1.804s] [34mcolcon.colcon_core.environment[0m [1;30mLevel 1[0m create_file_with_runtime_dependencies(/home/aichou/uni_projects/ROBM/robm-pixi/install/robm_interfaces/share/colcon-core/packages/robm_interfaces)
[1.805s] [34mcolcon.colcon_core.environment[0m [1;30mLevel 1[0m create_environment_scripts_only(robm_interfaces)
[1.805s] [34mcolcon.colcon_core.environment[0m [1;30mLevel 1[0m checking '/home/aichou/uni_projects/ROBM/robm-pixi/install/robm_interfaces' for CMake module files
[1.806s] [34mcolcon.colcon_core.environment[0m [1;30mLevel 1[0m checking '/home/aichou/uni_projects/ROBM/robm-pixi/install/robm_interfaces' for CMake config files
[1.806s] [34mcolcon.colcon_core.shell[0m [1;30mLevel 1[0m create_environment_hook('robm_interfaces', 'cmake_prefix_path')
[1.806s] [34mcolcon.colcon_core.shell[0m [1;30mINFO[0m Creating environment hook '/home/aichou/uni_projects/ROBM/robm-pixi/install/robm_interfaces/share/robm_interfaces/hook/cmake_prefix_path.ps1'
[1.807s] [34mcolcon.colcon_core.shell[0m [1;30mINFO[0m Creating environment descriptor '/home/aichou/uni_projects/ROBM/robm-pixi/install/robm_interfaces/share/robm_interfaces/hook/cmake_prefix_path.dsv'
[1.808s] [34mcolcon.colcon_core.shell[0m [1;30mINFO[0m Creating environment hook '/home/aichou/uni_projects/ROBM/robm-pixi/install/robm_interfaces/share/robm_interfaces/hook/cmake_prefix_path.sh'
[1.808s] [34mcolcon.colcon_core.environment[0m [1;30mLevel 1[0m checking '/home/aichou/uni_projects/ROBM/robm-pixi/install/robm_interfaces/lib'
[1.809s] [34mcolcon.colcon_core.shell[0m [1;30mLevel 1[0m create_environment_hook('robm_interfaces', 'ld_library_path_lib')
[1.809s] [34mcolcon.colcon_core.shell[0m [1;30mINFO[0m Creating environment hook '/home/aichou/uni_projects/ROBM/robm-pixi/install/robm_interfaces/share/robm_interfaces/hook/ld_library_path_lib.ps1'
[1.810s] [34mcolcon.colcon_core.shell[0m [1;30mINFO[0m Creating environment descriptor '/home/aichou/uni_projects/ROBM/robm-pixi/install/robm_interfaces/share/robm_interfaces/hook/ld_library_path_lib.dsv'
[1.810s] [34mcolcon.colcon_core.shell[0m [1;30mINFO[0m Creating environment hook '/home/aichou/uni_projects/ROBM/robm-pixi/install/robm_interfaces/share/robm_interfaces/hook/ld_library_path_lib.sh'
[1.811s] [34mcolcon.colcon_core.environment[0m [1;30mLevel 1[0m checking '/home/aichou/uni_projects/ROBM/robm-pixi/install/robm_interfaces/bin'
[1.811s] [34mcolcon.colcon_core.environment[0m [1;30mLevel 1[0m checking '/home/aichou/uni_projects/ROBM/robm-pixi/install/robm_interfaces/lib/pkgconfig/robm_interfaces.pc'
[1.811s] [34mcolcon.colcon_core.environment[0m [1;30mLevel 1[0m checking '/home/aichou/uni_projects/ROBM/robm-pixi/install/robm_interfaces/lib/python3.12/site-packages'
[1.811s] [34mcolcon.colcon_core.shell[0m [1;30mLevel 1[0m create_environment_hook('robm_interfaces', 'pythonpath')
[1.811s] [34mcolcon.colcon_core.shell[0m [1;30mINFO[0m Creating environment hook '/home/aichou/uni_projects/ROBM/robm-pixi/install/robm_interfaces/share/robm_interfaces/hook/pythonpath.ps1'
[1.812s] [34mcolcon.colcon_core.shell[0m [1;30mINFO[0m Creating environment descriptor '/home/aichou/uni_projects/ROBM/robm-pixi/install/robm_interfaces/share/robm_interfaces/hook/pythonpath.dsv'
[1.812s] [34mcolcon.colcon_core.shell[0m [1;30mINFO[0m Creating environment hook '/home/aichou/uni_projects/ROBM/robm-pixi/install/robm_interfaces/share/robm_interfaces/hook/pythonpath.sh'
[1.813s] [34mcolcon.colcon_core.environment[0m [1;30mLevel 1[0m checking '/home/aichou/uni_projects/ROBM/robm-pixi/install/robm_interfaces/bin'
[1.813s] [34mcolcon.colcon_core.shell[0m [1;30mINFO[0m Creating package script '/home/aichou/uni_projects/ROBM/robm-pixi/install/robm_interfaces/share/robm_interfaces/package.ps1'
[1.814s] [34mcolcon.colcon_core.shell[0m [1;30mINFO[0m Creating package descriptor '/home/aichou/uni_projects/ROBM/robm-pixi/install/robm_interfaces/share/robm_interfaces/package.dsv'
[1.814s] [34mcolcon.colcon_core.shell[0m [1;30mINFO[0m Creating package script '/home/aichou/uni_projects/ROBM/robm-pixi/install/robm_interfaces/share/robm_interfaces/package.sh'
[1.815s] [34mcolcon.colcon_core.shell[0m [1;30mINFO[0m Creating package script '/home/aichou/uni_projects/ROBM/robm-pixi/install/robm_interfaces/share/robm_interfaces/package.bash'
[1.815s] [34mcolcon.colcon_core.shell[0m [1;30mINFO[0m Creating package script '/home/aichou/uni_projects/ROBM/robm-pixi/install/robm_interfaces/share/robm_interfaces/package.zsh'
[1.815s] [34mcolcon.colcon_core.environment[0m [1;30mLevel 1[0m create_file_with_runtime_dependencies(/home/aichou/uni_projects/ROBM/robm-pixi/install/robm_interfaces/share/colcon-core/packages/robm_interfaces)
[1.817s] [34mcolcon.colcon_ros.task.ament_python.build[0m [1;30mINFO[0m Building ROS package in '/home/aichou/uni_projects/ROBM/robm-pixi/src/robm_bridge' with build type 'ament_python'
[1.817s] [34mcolcon.colcon_core.shell[0m [1;30mLevel 1[0m create_environment_hook('robm_bridge', 'ament_prefix_path')
[1.817s] [34mcolcon.colcon_core.shell[0m [1;30mINFO[0m Creating environment hook '/home/aichou/uni_projects/ROBM/robm-pixi/install/robm_bridge/share/robm_bridge/hook/ament_prefix_path.ps1'
[1.818s] [34mcolcon.colcon_core.shell[0m [1;30mINFO[0m Creating environment descriptor '/home/aichou/uni_projects/ROBM/robm-pixi/install/robm_bridge/share/robm_bridge/hook/ament_prefix_path.dsv'
[1.819s] [34mcolcon.colcon_core.shell[0m [1;30mINFO[0m Creating environment hook '/home/aichou/uni_projects/ROBM/robm-pixi/install/robm_bridge/share/robm_bridge/hook/ament_prefix_path.sh'
[1.820s] [34mcolcon.colcon_core.shell[0m [1;30mINFO[0m Skip shell extension 'powershell' for command environment: Not usable outside of PowerShell
[1.820s] [34mcolcon.colcon_core.shell[0m [1;30mDEBUG[0m [32mSkip shell extension 'dsv' for command environment[0m
[2.514s] [34mcolcon.colcon_core.task.python.build[0m [1;30mINFO[0m Building Python package in '/home/aichou/uni_projects/ROBM/robm-pixi/src/robm_bridge'
[2.514s] [34mcolcon.colcon_core.shell[0m [1;30mINFO[0m Skip shell extension 'powershell' for command environment: Not usable outside of PowerShell
[2.514s] [34mcolcon.colcon_core.shell[0m [1;30mDEBUG[0m [32mSkip shell extension 'dsv' for command environment[0m
[3.735s] [34mcolcon.colcon_core.event_handler.log_command[0m [1;30mDEBUG[0m [32mInvoking command in '/home/aichou/uni_projects/ROBM/robm-pixi/build/robm_bridge': PIXI_PROMPT=(robm) PYTHONPATH=/home/aichou/uni_projects/ROBM/robm-pixi/build/robm_bridge/prefix_override:/home/aichou/uni_projects/ROBM/robm-pixi/.pixi/envs/default/lib/python3.12/site-packages/colcon_core/task/python/colcon_distutils_commands:/home/aichou/uni_projects/ROBM/robm-pixi/install/robm_bridge/lib/python3.12/site-packages:/home/aichou/uni_projects/ROBM/robm-pixi/install/robm_interfaces/lib/python3.12/site-packages:/home/aichou/uni_projects/ROBM/robm-pixi/build/robm_bridge:/home/aichou/uni_projects/ROBM/robm-pixi/install/robm_bridge/lib/python3.12/site-packages:/home/aichou/uni_projects/ROBM/robm-pixi/.pixi/envs/default/lib/python/site-packages:/home/aichou/uni_projects/ROBM/robm-pixi/.pixi/envs/default/lib/python3.12/site-packages /home/aichou/uni_projects/ROBM/robm-pixi/.pixi/envs/default/bin/python3.12 -W ignore:setup.py install is deprecated -W ignore:easy_install command is deprecated setup.py develop --editable --build-directory /home/aichou/uni_projects/ROBM/robm-pixi/build/robm_bridge/build --no-deps symlink_data[0m
[4.536s] [34mcolcon.colcon_core.shell[0m [1;30mLevel 1[0m create_environment_hook('robm_bridge', 'pythonpath_develop')
[4.536s] [34mcolcon.colcon_core.shell[0m [1;30mINFO[0m Creating environment hook '/home/aichou/uni_projects/ROBM/robm-pixi/build/robm_bridge/share/robm_bridge/hook/pythonpath_develop.ps1'
[4.538s] [34mcolcon.colcon_core.event_handler.log_command[0m [1;30mDEBUG[0m [32mInvoked command in '/home/aichou/uni_projects/ROBM/robm-pixi/build/robm_bridge' returned '0': PIXI_PROMPT=(robm) PYTHONPATH=/home/aichou/uni_projects/ROBM/robm-pixi/build/robm_bridge/prefix_override:/home/aichou/uni_projects/ROBM/robm-pixi/.pixi/envs/default/lib/python3.12/site-packages/colcon_core/task/python/colcon_distutils_commands:/home/aichou/uni_projects/ROBM/robm-pixi/install/robm_bridge/lib/python3.12/site-packages:/home/aichou/uni_projects/ROBM/robm-pixi/install/robm_interfaces/lib/python3.12/site-packages:/home/aichou/uni_projects/ROBM/robm-pixi/build/robm_bridge:/home/aichou/uni_projects/ROBM/robm-pixi/install/robm_bridge/lib/python3.12/site-packages:/home/aichou/uni_projects/ROBM/robm-pixi/.pixi/envs/default/lib/python/site-packages:/home/aichou/uni_projects/ROBM/robm-pixi/.pixi/envs/default/lib/python3.12/site-packages /home/aichou/uni_projects/ROBM/robm-pixi/.pixi/envs/default/bin/python3.12 -W ignore:setup.py install is deprecated -W ignore:easy_install command is deprecated setup.py develop --editable --build-directory /home/aichou/uni_projects/ROBM/robm-pixi/build/robm_bridge/build --no-deps symlink_data[0m
[4.538s] [34mcolcon.colcon_core.shell[0m [1;30mINFO[0m Creating environment descriptor '/home/aichou/uni_projects/ROBM/robm-pixi/build/robm_bridge/share/robm_bridge/hook/pythonpath_develop.dsv'
[4.538s] [34mcolcon.colcon_core.shell[0m [1;30mINFO[0m Creating environment hook '/home/aichou/uni_projects/ROBM/robm-pixi/build/robm_bridge/share/robm_bridge/hook/pythonpath_develop.sh'
[4.539s] [34mcolcon.colcon_core.environment[0m [1;30mLevel 1[0m checking '/home/aichou/uni_projects/ROBM/robm-pixi/install/robm_bridge' for CMake module files
[4.540s] [34mcolcon.colcon_core.environment[0m [1;30mLevel 1[0m checking '/home/aichou/uni_projects/ROBM/robm-pixi/install/robm_bridge' for CMake config files
[4.540s] [34mcolcon.colcon_core.environment[0m [1;30mLevel 1[0m checking '/home/aichou/uni_projects/ROBM/robm-pixi/install/robm_bridge/lib'
[4.540s] [34mcolcon.colcon_core.environment[0m [1;30mLevel 1[0m checking '/home/aichou/uni_projects/ROBM/robm-pixi/install/robm_bridge/bin'
[4.540s] [34mcolcon.colcon_core.environment[0m [1;30mLevel 1[0m checking '/home/aichou/uni_projects/ROBM/robm-pixi/install/robm_bridge/lib/pkgconfig/robm_bridge.pc'
[4.541s] [34mcolcon.colcon_core.environment[0m [1;30mLevel 1[0m checking '/home/aichou/uni_projects/ROBM/robm-pixi/install/robm_bridge/lib/python3.12/site-packages'
[4.541s] [34mcolcon.colcon_core.shell[0m [1;30mLevel 1[0m create_environment_hook('robm_bridge', 'pythonpath')
[4.541s] [34mcolcon.colcon_core.shell[0m [1;30mINFO[0m Creating environment hook '/home/aichou/uni_projects/ROBM/robm-pixi/install/robm_bridge/share/robm_bridge/hook/pythonpath.ps1'
[4.541s] [34mcolcon.colcon_core.shell[0m [1;30mINFO[0m Creating environment descriptor '/home/aichou/uni_projects/ROBM/robm-pixi/install/robm_bridge/share/robm_bridge/hook/pythonpath.dsv'
[4.542s] [34mcolcon.colcon_core.shell[0m [1;30mINFO[0m Creating environment hook '/home/aichou/uni_projects/ROBM/robm-pixi/install/robm_bridge/share/robm_bridge/hook/pythonpath.sh'
[4.543s] [34mcolcon.colcon_core.environment[0m [1;30mLevel 1[0m checking '/home/aichou/uni_projects/ROBM/robm-pixi/install/robm_bridge/bin'
[4.543s] [34mcolcon.colcon_core.environment[0m [1;30mLevel 1[0m create_environment_scripts_only(robm_bridge)
[4.543s] [34mcolcon.colcon_core.shell[0m [1;30mINFO[0m Creating package script '/home/aichou/uni_projects/ROBM/robm-pixi/install/robm_bridge/share/robm_bridge/package.ps1'
[4.544s] [34mcolcon.colcon_core.shell[0m [1;30mINFO[0m Creating package descriptor '/home/aichou/uni_projects/ROBM/robm-pixi/install/robm_bridge/share/robm_bridge/package.dsv'
[4.544s] [34mcolcon.colcon_core.shell[0m [1;30mINFO[0m Creating package script '/home/aichou/uni_projects/ROBM/robm-pixi/install/robm_bridge/share/robm_bridge/package.sh'
[4.545s] [34mcolcon.colcon_core.shell[0m [1;30mINFO[0m Creating package script '/home/aichou/uni_projects/ROBM/robm-pixi/install/robm_bridge/share/robm_bridge/package.bash'
[4.546s] [34mcolcon.colcon_core.shell[0m [1;30mINFO[0m Creating package script '/home/aichou/uni_projects/ROBM/robm-pixi/install/robm_bridge/share/robm_bridge/package.zsh'
[4.547s] [34mcolcon.colcon_core.environment[0m [1;30mLevel 1[0m create_file_with_runtime_dependencies(/home/aichou/uni_projects/ROBM/robm-pixi/install/robm_bridge/share/colcon-core/packages/robm_bridge)
[4.548s] [34mcolcon.colcon_parallel_executor.executor.parallel[0m [1;30mDEBUG[0m [32mclosing loop[0m
[4.548s] [34mcolcon.colcon_parallel_executor.executor.parallel[0m [1;30mDEBUG[0m [32mloop closed[0m
[4.548s] [34mcolcon.colcon_parallel_executor.executor.parallel[0m [1;30mDEBUG[0m [32mrun_until_complete finished with '0'[0m
[4.549s] [34mcolcon.colcon_core.event_reactor[0m [1;30mDEBUG[0m [32mjoining thread[0m
[4.552s] [34mcolcon.colcon_core.event_reactor[0m [1;30mDEBUG[0m [32mjoined thread[0m
[4.553s] [34mcolcon.colcon_core.shell[0m [1;30mINFO[0m Creating prefix script '/home/aichou/uni_projects/ROBM/robm-pixi/install/local_setup.ps1'
[4.554s] [34mcolcon.colcon_core.shell[0m [1;30mINFO[0m Creating prefix util module '/home/aichou/uni_projects/ROBM/robm-pixi/install/_local_setup_util_ps1.py'
[4.557s] [34mcolcon.colcon_core.shell[0m [1;30mINFO[0m Creating prefix chain script '/home/aichou/uni_projects/ROBM/robm-pixi/install/setup.ps1'
[4.558s] [34mcolcon.colcon_core.shell[0m [1;30mINFO[0m Creating prefix script '/home/aichou/uni_projects/ROBM/robm-pixi/install/local_setup.sh'
[4.560s] [34mcolcon.colcon_core.shell[0m [1;30mINFO[0m Creating prefix util module '/home/aichou/uni_projects/ROBM/robm-pixi/install/_local_setup_util_sh.py'
[4.561s] [34mcolcon.colcon_core.shell[0m [1;30mINFO[0m Creating prefix chain script '/home/aichou/uni_projects/ROBM/robm-pixi/install/setup.sh'
[4.563s] [34mcolcon.colcon_core.shell[0m [1;30mINFO[0m Creating prefix script '/home/aichou/uni_projects/ROBM/robm-pixi/install/local_setup.bash'
[4.564s] [34mcolcon.colcon_core.shell[0m [1;30mINFO[0m Creating prefix chain script '/home/aichou/uni_projects/ROBM/robm-pixi/install/setup.bash'
[4.567s] [34mcolcon.colcon_core.shell[0m [1;30mINFO[0m Creating prefix script '/home/aichou/uni_projects/ROBM/robm-pixi/install/local_setup.zsh'
[4.568s] [34mcolcon.colcon_core.shell[0m [1;30mINFO[0m Creating prefix chain script '/home/aichou/uni_projects/ROBM/robm-pixi/install/setup.zsh'
