/home/aichou/uni_projects/ROBM/robm-pixi/src/install/robm_tp2_move/lib/python3.12/site-packages/robm_tp2_move/droit_motor.py
/home/aichou/uni_projects/ROBM/robm-pixi/src/install/robm_tp2_move/lib/python3.12/site-packages/robm_tp2_move/tourne_motor.py
/home/aichou/uni_projects/ROBM/robm-pixi/src/install/robm_tp2_move/lib/python3.12/site-packages/robm_tp2_move/back_motor.py
/home/aichou/uni_projects/ROBM/robm-pixi/src/install/robm_tp2_move/lib/python3.12/site-packages/robm_tp2_move/gauche_motor.py
/home/aichou/uni_projects/ROBM/robm-pixi/src/install/robm_tp2_move/lib/python3.12/site-packages/robm_tp2_move/__init__.py
/home/aichou/uni_projects/ROBM/robm-pixi/src/install/robm_tp2_move/lib/python3.12/site-packages/robm_tp2_move/avance_motor.py
/home/aichou/uni_projects/ROBM/robm-pixi/src/install/robm_tp2_move/lib/python3.12/site-packages/robm_tp2_move/__pycache__/droit_motor.cpython-312.pyc
/home/aichou/uni_projects/ROBM/robm-pixi/src/install/robm_tp2_move/lib/python3.12/site-packages/robm_tp2_move/__pycache__/tourne_motor.cpython-312.pyc
/home/aichou/uni_projects/ROBM/robm-pixi/src/install/robm_tp2_move/lib/python3.12/site-packages/robm_tp2_move/__pycache__/back_motor.cpython-312.pyc
/home/aichou/uni_projects/ROBM/robm-pixi/src/install/robm_tp2_move/lib/python3.12/site-packages/robm_tp2_move/__pycache__/gauche_motor.cpython-312.pyc
/home/aichou/uni_projects/ROBM/robm-pixi/src/install/robm_tp2_move/lib/python3.12/site-packages/robm_tp2_move/__pycache__/__init__.cpython-312.pyc
/home/aichou/uni_projects/ROBM/robm-pixi/src/install/robm_tp2_move/lib/python3.12/site-packages/robm_tp2_move/__pycache__/avance_motor.cpython-312.pyc
/home/aichou/uni_projects/ROBM/robm-pixi/src/install/robm_tp2_move/share/ament_index/resource_index/packages/robm_tp2_move
/home/aichou/uni_projects/ROBM/robm-pixi/src/install/robm_tp2_move/share/robm_tp2_move/package.xml
/home/aichou/uni_projects/ROBM/robm-pixi/src/install/robm_tp2_move/lib/python3.12/site-packages/robm_tp2_move-0.0.0-py3.12.egg-info/entry_points.txt
/home/aichou/uni_projects/ROBM/robm-pixi/src/install/robm_tp2_move/lib/python3.12/site-packages/robm_tp2_move-0.0.0-py3.12.egg-info/requires.txt
/home/aichou/uni_projects/ROBM/robm-pixi/src/install/robm_tp2_move/lib/python3.12/site-packages/robm_tp2_move-0.0.0-py3.12.egg-info/top_level.txt
/home/aichou/uni_projects/ROBM/robm-pixi/src/install/robm_tp2_move/lib/python3.12/site-packages/robm_tp2_move-0.0.0-py3.12.egg-info/SOURCES.txt
/home/aichou/uni_projects/ROBM/robm-pixi/src/install/robm_tp2_move/lib/python3.12/site-packages/robm_tp2_move-0.0.0-py3.12.egg-info/zip-safe
/home/aichou/uni_projects/ROBM/robm-pixi/src/install/robm_tp2_move/lib/python3.12/site-packages/robm_tp2_move-0.0.0-py3.12.egg-info/PKG-INFO
/home/aichou/uni_projects/ROBM/robm-pixi/src/install/robm_tp2_move/lib/python3.12/site-packages/robm_tp2_move-0.0.0-py3.12.egg-info/dependency_links.txt
/home/aichou/uni_projects/ROBM/robm-pixi/src/install/robm_tp2_move/lib/robm_tp2_move/avance_motor
/home/aichou/uni_projects/ROBM/robm-pixi/src/install/robm_tp2_move/lib/robm_tp2_move/back_motor
/home/aichou/uni_projects/ROBM/robm-pixi/src/install/robm_tp2_move/lib/robm_tp2_move/droit_motor
/home/aichou/uni_projects/ROBM/robm-pixi/src/install/robm_tp2_move/lib/robm_tp2_move/gauche_motor
/home/aichou/uni_projects/ROBM/robm-pixi/src/install/robm_tp2_move/lib/robm_tp2_move/tourne_motor
