[0.772s] Invoking command in '/home/aichou/uni_projects/ROBM/robm-pixi/src/teleop_tools/mouse_teleop': PIXI_PROMPT=(robm) PS1=(robm) \[\e]0;\u@\h: \w\a\]${debian_chroot:+($debian_chroot)}\[\033[01;32m\]\u@\h\[\033[00m\]:\[\033[01;34m\]\w\[\033[00m\]\$ PYTHONPATH=/home/aichou/uni_projects/ROBM/robm-pixi/src/build/mouse_teleop/prefix_override:/home/aichou/uni_projects/ROBM/robm-pixi/.pixi/envs/default/lib/python3.12/site-packages/colcon_core/task/python/colcon_distutils_commands:/home/aichou/uni_projects/ROBM/robm-pixi/src/install/mouse_teleop/lib/python3.12/site-packages:${PYTHONPATH} /home/aichou/uni_projects/ROBM/robm-pixi/.pixi/envs/default/bin/python3.12 -W ignore:setup.py install is deprecated -W ignore:easy_install command is deprecated setup.py egg_info --egg-base ../../build/mouse_teleop build --build-base /home/aichou/uni_projects/ROBM/robm-pixi/src/build/mouse_teleop/build install --record /home/aichou/uni_projects/ROBM/robm-pixi/src/build/mouse_teleop/install.log --single-version-externally-managed install_data
[0.857s] /home/aichou/uni_projects/ROBM/robm-pixi/.pixi/envs/default/lib/python3.12/site-packages/setuptools/_distutils/dist.py:289: UserWarning: Unknown distribution option: 'tests_require'
[0.857s]   warnings.warn(msg)
[0.876s] /home/aichou/uni_projects/ROBM/robm-pixi/.pixi/envs/default/lib/python3.12/site-packages/setuptools/dist.py:759: SetuptoolsDeprecationWarning: License classifiers are deprecated.
[0.876s] !!
[0.876s] 
[0.877s]         ********************************************************************************
[0.877s]         Please consider removing the following classifiers in favor of a SPDX license expression:
[0.877s] 
[0.877s]         License :: OSI Approved :: BSD
[0.877s] 
[0.877s]         See https://packaging.python.org/en/latest/guides/writing-pyproject-toml/#license for details.
[0.877s]         ********************************************************************************
[0.877s] 
[0.877s] !!
[0.877s]   self._finalize_license_expression()
[0.915s] running egg_info
[0.933s] creating ../../build/mouse_teleop/mouse_teleop.egg-info
[0.933s] writing ../../build/mouse_teleop/mouse_teleop.egg-info/PKG-INFO
[0.934s] writing dependency_links to ../../build/mouse_teleop/mouse_teleop.egg-info/dependency_links.txt
[0.934s] writing entry points to ../../build/mouse_teleop/mouse_teleop.egg-info/entry_points.txt
[0.934s] writing requirements to ../../build/mouse_teleop/mouse_teleop.egg-info/requires.txt
[0.934s] writing top-level names to ../../build/mouse_teleop/mouse_teleop.egg-info/top_level.txt
[0.934s] writing manifest file '../../build/mouse_teleop/mouse_teleop.egg-info/SOURCES.txt'
[0.964s] reading manifest file '../../build/mouse_teleop/mouse_teleop.egg-info/SOURCES.txt'
[0.965s] adding license file 'LICENSE'
[0.965s] writing manifest file '../../build/mouse_teleop/mouse_teleop.egg-info/SOURCES.txt'
[0.966s] running build
[0.966s] running build_py
[0.966s] creating /home/aichou/uni_projects/ROBM/robm-pixi/src/build/mouse_teleop/build/lib/mouse_teleop
[0.966s] copying mouse_teleop/mouse_teleop.py -> /home/aichou/uni_projects/ROBM/robm-pixi/src/build/mouse_teleop/build/lib/mouse_teleop
[0.967s] copying mouse_teleop/__init__.py -> /home/aichou/uni_projects/ROBM/robm-pixi/src/build/mouse_teleop/build/lib/mouse_teleop
[0.967s] running install
[0.970s] running install_lib
[0.981s] creating /home/aichou/uni_projects/ROBM/robm-pixi/src/install/mouse_teleop/lib/python3.12/site-packages/mouse_teleop
[0.981s] copying /home/aichou/uni_projects/ROBM/robm-pixi/src/build/mouse_teleop/build/lib/mouse_teleop/mouse_teleop.py -> /home/aichou/uni_projects/ROBM/robm-pixi/src/install/mouse_teleop/lib/python3.12/site-packages/mouse_teleop
[0.981s] copying /home/aichou/uni_projects/ROBM/robm-pixi/src/build/mouse_teleop/build/lib/mouse_teleop/__init__.py -> /home/aichou/uni_projects/ROBM/robm-pixi/src/install/mouse_teleop/lib/python3.12/site-packages/mouse_teleop
[0.981s] byte-compiling /home/aichou/uni_projects/ROBM/robm-pixi/src/install/mouse_teleop/lib/python3.12/site-packages/mouse_teleop/mouse_teleop.py to mouse_teleop.cpython-312.pyc
[0.983s] byte-compiling /home/aichou/uni_projects/ROBM/robm-pixi/src/install/mouse_teleop/lib/python3.12/site-packages/mouse_teleop/__init__.py to __init__.cpython-312.pyc
[0.983s] running install_data
[0.983s] copying package.xml -> /home/aichou/uni_projects/ROBM/robm-pixi/src/install/mouse_teleop/share/mouse_teleop
[0.983s] creating /home/aichou/uni_projects/ROBM/robm-pixi/src/install/mouse_teleop/share/mouse_teleop/config
[0.983s] copying config/mouse_teleop.yaml -> /home/aichou/uni_projects/ROBM/robm-pixi/src/install/mouse_teleop/share/mouse_teleop/config
[0.984s] creating /home/aichou/uni_projects/ROBM/robm-pixi/src/install/mouse_teleop/share/mouse_teleop/launch
[0.984s] copying launch/mouse_teleop.launch.py -> /home/aichou/uni_projects/ROBM/robm-pixi/src/install/mouse_teleop/share/mouse_teleop/launch
[0.984s] creating /home/aichou/uni_projects/ROBM/robm-pixi/src/install/mouse_teleop/share/ament_index/resource_index/packages
[0.985s] copying resource/mouse_teleop -> /home/aichou/uni_projects/ROBM/robm-pixi/src/install/mouse_teleop/share/ament_index/resource_index/packages
[0.985s] running install_egg_info
[0.994s] Copying ../../build/mouse_teleop/mouse_teleop.egg-info to /home/aichou/uni_projects/ROBM/robm-pixi/src/install/mouse_teleop/lib/python3.12/site-packages/mouse_teleop-1.8.0-py3.12.egg-info
[0.995s] running install_scripts
[1.043s] Installing mouse_teleop script to /home/aichou/uni_projects/ROBM/robm-pixi/src/install/mouse_teleop/lib/mouse_teleop
[1.043s] writing list of installed files to '/home/aichou/uni_projects/ROBM/robm-pixi/src/build/mouse_teleop/install.log'
[1.072s] Invoked command in '/home/aichou/uni_projects/ROBM/robm-pixi/src/teleop_tools/mouse_teleop' returned '0': PIXI_PROMPT=(robm) PS1=(robm) \[\e]0;\u@\h: \w\a\]${debian_chroot:+($debian_chroot)}\[\033[01;32m\]\u@\h\[\033[00m\]:\[\033[01;34m\]\w\[\033[00m\]\$ PYTHONPATH=/home/aichou/uni_projects/ROBM/robm-pixi/src/build/mouse_teleop/prefix_override:/home/aichou/uni_projects/ROBM/robm-pixi/.pixi/envs/default/lib/python3.12/site-packages/colcon_core/task/python/colcon_distutils_commands:/home/aichou/uni_projects/ROBM/robm-pixi/src/install/mouse_teleop/lib/python3.12/site-packages:${PYTHONPATH} /home/aichou/uni_projects/ROBM/robm-pixi/.pixi/envs/default/bin/python3.12 -W ignore:setup.py install is deprecated -W ignore:easy_install command is deprecated setup.py egg_info --egg-base ../../build/mouse_teleop build --build-base /home/aichou/uni_projects/ROBM/robm-pixi/src/build/mouse_teleop/build install --record /home/aichou/uni_projects/ROBM/robm-pixi/src/build/mouse_teleop/install.log --single-version-externally-managed install_data
