[0.679s] Invoking command in '/home/aichou/uni_projects/ROBM/robm-pixi/build/robm_tp1_color': PIXI_PROMPT=(robm) PS1=(robm) \[\e]0;\u@\h: \w\a\]${debian_chroot:+($debian_chroot)}\[\033[01;32m\]\u@\h\[\033[00m\]:\[\033[01;34m\]\w\[\033[00m\]\$ PYTHONPATH=/home/aichou/uni_projects/ROBM/robm-pixi/build/robm_tp1_color/prefix_override:/home/aichou/uni_projects/ROBM/robm-pixi/.pixi/envs/default/lib/python3.12/site-packages/colcon_core/task/python/colcon_distutils_commands:/home/aichou/uni_projects/ROBM/robm-pixi/install/robm_tp1_color/lib/python3.12/site-packages:${PYTHONPATH} /home/aichou/uni_projects/ROBM/robm-pixi/.pixi/envs/default/bin/python3.12 -W ignore:setup.py install is deprecated -W ignore:easy_install command is deprecated setup.py develop --uninstall --editable --build-directory /home/aichou/uni_projects/ROBM/robm-pixi/build/robm_tp1_color/build
[0.954s] running develop
[1.099s] Removing /home/aichou/uni_projects/ROBM/robm-pixi/install/robm_tp1_color/lib/python3.12/site-packages/robm-tp1-color.egg-link (link to .)
[1.121s] Invoked command in '/home/aichou/uni_projects/ROBM/robm-pixi/build/robm_tp1_color' returned '0': PIXI_PROMPT=(robm) PS1=(robm) \[\e]0;\u@\h: \w\a\]${debian_chroot:+($debian_chroot)}\[\033[01;32m\]\u@\h\[\033[00m\]:\[\033[01;34m\]\w\[\033[00m\]\$ PYTHONPATH=/home/aichou/uni_projects/ROBM/robm-pixi/build/robm_tp1_color/prefix_override:/home/aichou/uni_projects/ROBM/robm-pixi/.pixi/envs/default/lib/python3.12/site-packages/colcon_core/task/python/colcon_distutils_commands:/home/aichou/uni_projects/ROBM/robm-pixi/install/robm_tp1_color/lib/python3.12/site-packages:${PYTHONPATH} /home/aichou/uni_projects/ROBM/robm-pixi/.pixi/envs/default/bin/python3.12 -W ignore:setup.py install is deprecated -W ignore:easy_install command is deprecated setup.py develop --uninstall --editable --build-directory /home/aichou/uni_projects/ROBM/robm-pixi/build/robm_tp1_color/build
[1.122s] Invoking command in '/home/aichou/uni_projects/ROBM/robm-pixi/src/robm_tp1_color': PIXI_PROMPT=(robm) PS1=(robm) \[\e]0;\u@\h: \w\a\]${debian_chroot:+($debian_chroot)}\[\033[01;32m\]\u@\h\[\033[00m\]:\[\033[01;34m\]\w\[\033[00m\]\$ PYTHONPATH=/home/aichou/uni_projects/ROBM/robm-pixi/build/robm_tp1_color/prefix_override:/home/aichou/uni_projects/ROBM/robm-pixi/.pixi/envs/default/lib/python3.12/site-packages/colcon_core/task/python/colcon_distutils_commands:/home/aichou/uni_projects/ROBM/robm-pixi/install/robm_tp1_color/lib/python3.12/site-packages:${PYTHONPATH} /home/aichou/uni_projects/ROBM/robm-pixi/.pixi/envs/default/bin/python3.12 -W ignore:setup.py install is deprecated -W ignore:easy_install command is deprecated setup.py egg_info --egg-base ../../build/robm_tp1_color build --build-base /home/aichou/uni_projects/ROBM/robm-pixi/build/robm_tp1_color/build install --record /home/aichou/uni_projects/ROBM/robm-pixi/build/robm_tp1_color/install.log --single-version-externally-managed install_data --force
[1.320s] running egg_info
[1.331s] writing ../../build/robm_tp1_color/robm_tp1_color.egg-info/PKG-INFO
[1.332s] writing dependency_links to ../../build/robm_tp1_color/robm_tp1_color.egg-info/dependency_links.txt
[1.332s] writing entry points to ../../build/robm_tp1_color/robm_tp1_color.egg-info/entry_points.txt
[1.332s] writing requirements to ../../build/robm_tp1_color/robm_tp1_color.egg-info/requires.txt
[1.332s] writing top-level names to ../../build/robm_tp1_color/robm_tp1_color.egg-info/top_level.txt
[1.355s] reading manifest file '../../build/robm_tp1_color/robm_tp1_color.egg-info/SOURCES.txt'
[1.356s] writing manifest file '../../build/robm_tp1_color/robm_tp1_color.egg-info/SOURCES.txt'
[1.356s] running build
[1.356s] running build_py
[1.356s] copying robm_tp1_color/__init__.py -> /home/aichou/uni_projects/ROBM/robm-pixi/build/robm_tp1_color/build/lib/robm_tp1_color
[1.356s] copying robm_tp1_color/couleur.py -> /home/aichou/uni_projects/ROBM/robm-pixi/build/robm_tp1_color/build/lib/robm_tp1_color
[1.356s] running install
[1.359s] running install_lib
[1.369s] creating /home/aichou/uni_projects/ROBM/robm-pixi/install/robm_tp1_color/lib/python3.12/site-packages/robm_tp1_color
[1.369s] copying /home/aichou/uni_projects/ROBM/robm-pixi/build/robm_tp1_color/build/lib/robm_tp1_color/__init__.py -> /home/aichou/uni_projects/ROBM/robm-pixi/install/robm_tp1_color/lib/python3.12/site-packages/robm_tp1_color
[1.369s] copying /home/aichou/uni_projects/ROBM/robm-pixi/build/robm_tp1_color/build/lib/robm_tp1_color/couleur.py -> /home/aichou/uni_projects/ROBM/robm-pixi/install/robm_tp1_color/lib/python3.12/site-packages/robm_tp1_color
[1.370s] byte-compiling /home/aichou/uni_projects/ROBM/robm-pixi/install/robm_tp1_color/lib/python3.12/site-packages/robm_tp1_color/__init__.py to __init__.cpython-312.pyc
[1.370s] byte-compiling /home/aichou/uni_projects/ROBM/robm-pixi/install/robm_tp1_color/lib/python3.12/site-packages/robm_tp1_color/couleur.py to couleur.cpython-312.pyc
[1.371s] running install_data
[1.371s] copying resource/robm_tp1_color -> /home/aichou/uni_projects/ROBM/robm-pixi/install/robm_tp1_color/share/ament_index/resource_index/packages
[1.371s] copying package.xml -> /home/aichou/uni_projects/ROBM/robm-pixi/install/robm_tp1_color/share/robm_tp1_color
[1.371s] running install_egg_info
[1.381s] Copying ../../build/robm_tp1_color/robm_tp1_color.egg-info to /home/aichou/uni_projects/ROBM/robm-pixi/install/robm_tp1_color/lib/python3.12/site-packages/robm_tp1_color-0.0.0-py3.12.egg-info
[1.388s] running install_scripts
[1.443s] Installing couleur script to /home/aichou/uni_projects/ROBM/robm-pixi/install/robm_tp1_color/lib/robm_tp1_color
[1.443s] writing list of installed files to '/home/aichou/uni_projects/ROBM/robm-pixi/build/robm_tp1_color/install.log'
[1.477s] Invoked command in '/home/aichou/uni_projects/ROBM/robm-pixi/src/robm_tp1_color' returned '0': PIXI_PROMPT=(robm) PS1=(robm) \[\e]0;\u@\h: \w\a\]${debian_chroot:+($debian_chroot)}\[\033[01;32m\]\u@\h\[\033[00m\]:\[\033[01;34m\]\w\[\033[00m\]\$ PYTHONPATH=/home/aichou/uni_projects/ROBM/robm-pixi/build/robm_tp1_color/prefix_override:/home/aichou/uni_projects/ROBM/robm-pixi/.pixi/envs/default/lib/python3.12/site-packages/colcon_core/task/python/colcon_distutils_commands:/home/aichou/uni_projects/ROBM/robm-pixi/install/robm_tp1_color/lib/python3.12/site-packages:${PYTHONPATH} /home/aichou/uni_projects/ROBM/robm-pixi/.pixi/envs/default/bin/python3.12 -W ignore:setup.py install is deprecated -W ignore:easy_install command is deprecated setup.py egg_info --egg-base ../../build/robm_tp1_color build --build-base /home/aichou/uni_projects/ROBM/robm-pixi/build/robm_tp1_color/build install --record /home/aichou/uni_projects/ROBM/robm-pixi/build/robm_tp1_color/install.log --single-version-externally-managed install_data --force
