[0.815s] Invoking command in '/home/aichou/uni_projects/ROBM/robm-pixi/src/robm_bridge': CMAKE_PREFIX_PATH=/home/aichou/uni_projects/ROBM/robm-pixi/install/robm_interfaces:/home/aichou/uni_projects/ROBM/robm-pixi/install/teleop_tools:/home/aichou/uni_projects/ROBM/robm-pixi/install/teleop_tools_msgs:/home/aichou/uni_projects/ROBM/robm-pixi/.pixi/envs/default:/home/aichou/uni_projects/ROBM/robm-pixi/.pixi/envs/default/x86_64-conda-linux-gnu/sysroot/usr LD_LIBRARY_PATH=/home/aichou/uni_projects/ROBM/robm-pixi/install/robm_interfaces/lib:/home/aichou/uni_projects/ROBM/robm-pixi/install/teleop_tools_msgs/lib:/home/aichou/uni_projects/ROBM/robm-pixi/.pixi/envs/default/opt/rviz_ogre_vendor/lib:/home/aichou/uni_projects/ROBM/robm-pixi/.pixi/envs/default/lib PIXI_PROMPT=(robm) PS1=(robm) \[\e]0;\u@\h: \w\a\]${debian_chroot:+($debian_chroot)}\[\033[01;32m\]\u@\h\[\033[00m\]:\[\033[01;34m\]\w\[\033[00m\]\$ PYTHONPATH=/home/aichou/uni_projects/ROBM/robm-pixi/build/robm_bridge/prefix_override:/home/aichou/uni_projects/ROBM/robm-pixi/.pixi/envs/default/lib/python3.12/site-packages/colcon_core/task/python/colcon_distutils_commands:/home/aichou/uni_projects/ROBM/robm-pixi/install/robm_bridge/lib/python3.12/site-packages:/home/aichou/uni_projects/ROBM/robm-pixi/install/robm_interfaces/lib/python3.12/site-packages:/home/aichou/uni_projects/ROBM/robm-pixi/build/joy_teleop:/home/aichou/uni_projects/ROBM/robm-pixi/install/joy_teleop/lib/python3.12/site-packages:/home/aichou/uni_projects/ROBM/robm-pixi/install/teleop_tools_msgs/lib/python3.12/site-packages:/home/aichou/uni_projects/ROBM/robm-pixi/build/robm_tp1_color:/home/aichou/uni_projects/ROBM/robm-pixi/install/robm_tp1_color/lib/python3.12/site-packages:/home/aichou/uni_projects/ROBM/robm-pixi/build/robm_bridge:/home/aichou/uni_projects/ROBM/robm-pixi/install/robm_bridge/lib/python3.12/site-packages:/home/aichou/uni_projects/ROBM/robm-pixi/build/mouse_teleop:/home/aichou/uni_projects/ROBM/robm-pixi/install/mouse_teleop/lib/python3.12/site-packages:/home/aichou/uni_projects/ROBM/robm-pixi/build/key_teleop:/home/aichou/uni_projects/ROBM/robm-pixi/install/key_teleop/lib/python3.12/site-packages:/home/aichou/uni_projects/ROBM/robm-pixi/.pixi/envs/default/lib/python/site-packages:/home/aichou/uni_projects/ROBM/robm-pixi/.pixi/envs/default/lib/python3.12/site-packages /home/aichou/uni_projects/ROBM/robm-pixi/.pixi/envs/default/bin/python3.12 -W ignore:setup.py install is deprecated -W ignore:easy_install command is deprecated setup.py egg_info --egg-base ../../build/robm_bridge build --build-base /home/aichou/uni_projects/ROBM/robm-pixi/build/robm_bridge/build install --record /home/aichou/uni_projects/ROBM/robm-pixi/build/robm_bridge/install.log --single-version-externally-managed install_data
[0.905s] /home/aichou/uni_projects/ROBM/robm-pixi/.pixi/envs/default/lib/python3.12/site-packages/setuptools/_distutils/dist.py:289: UserWarning: Unknown distribution option: 'tests_require'
[0.905s]   warnings.warn(msg)
[0.961s] running egg_info
[0.971s] writing ../../build/robm_bridge/robm_bridge.egg-info/PKG-INFO
[0.971s] writing dependency_links to ../../build/robm_bridge/robm_bridge.egg-info/dependency_links.txt
[0.972s] writing entry points to ../../build/robm_bridge/robm_bridge.egg-info/entry_points.txt
[0.972s] writing requirements to ../../build/robm_bridge/robm_bridge.egg-info/requires.txt
[0.972s] writing top-level names to ../../build/robm_bridge/robm_bridge.egg-info/top_level.txt
[0.994s] reading manifest file '../../build/robm_bridge/robm_bridge.egg-info/SOURCES.txt'
[0.994s] adding license file 'LICENSE'
[0.995s] writing manifest file '../../build/robm_bridge/robm_bridge.egg-info/SOURCES.txt'
[0.995s] running build
[0.995s] running build_py
[0.995s] running install
[0.998s] running install_lib
[1.007s] copying /home/aichou/uni_projects/ROBM/robm-pixi/build/robm_bridge/build/lib/robm_bridge/zenoh_bridge.py -> /home/aichou/uni_projects/ROBM/robm-pixi/install/robm_bridge/lib/python3.12/site-packages/robm_bridge
[1.007s] copying /home/aichou/uni_projects/ROBM/robm-pixi/build/robm_bridge/build/lib/robm_bridge/__init__.py -> /home/aichou/uni_projects/ROBM/robm-pixi/install/robm_bridge/lib/python3.12/site-packages/robm_bridge
[1.008s] copying /home/aichou/uni_projects/ROBM/robm-pixi/build/robm_bridge/build/lib/robm_bridge/bridge_node.py -> /home/aichou/uni_projects/ROBM/robm-pixi/install/robm_bridge/lib/python3.12/site-packages/robm_bridge
[1.008s] copying /home/aichou/uni_projects/ROBM/robm-pixi/build/robm_bridge/build/lib/robm_bridge/udp_bridge.py -> /home/aichou/uni_projects/ROBM/robm-pixi/install/robm_bridge/lib/python3.12/site-packages/robm_bridge
[1.008s] running install_data
[1.009s] copying resource/robm_bridge -> /home/aichou/uni_projects/ROBM/robm-pixi/install/robm_bridge/share/ament_index/resource_index/packages
[1.009s] copying package.xml -> /home/aichou/uni_projects/ROBM/robm-pixi/install/robm_bridge/share/robm_bridge
[1.009s] running install_egg_info
[1.017s] removing '/home/aichou/uni_projects/ROBM/robm-pixi/install/robm_bridge/lib/python3.12/site-packages/robm_bridge-0.2.0-py3.12.egg-info' (and everything under it)
[1.018s] Copying ../../build/robm_bridge/robm_bridge.egg-info to /home/aichou/uni_projects/ROBM/robm-pixi/install/robm_bridge/lib/python3.12/site-packages/robm_bridge-0.2.0-py3.12.egg-info
[1.019s] running install_scripts
[1.068s] Installing udp_bridge script to /home/aichou/uni_projects/ROBM/robm-pixi/install/robm_bridge/lib/robm_bridge
[1.069s] Installing zenoh_bridge script to /home/aichou/uni_projects/ROBM/robm-pixi/install/robm_bridge/lib/robm_bridge
[1.069s] writing list of installed files to '/home/aichou/uni_projects/ROBM/robm-pixi/build/robm_bridge/install.log'
[1.091s] Invoked command in '/home/aichou/uni_projects/ROBM/robm-pixi/src/robm_bridge' returned '0': CMAKE_PREFIX_PATH=/home/aichou/uni_projects/ROBM/robm-pixi/install/robm_interfaces:/home/aichou/uni_projects/ROBM/robm-pixi/install/teleop_tools:/home/aichou/uni_projects/ROBM/robm-pixi/install/teleop_tools_msgs:/home/aichou/uni_projects/ROBM/robm-pixi/.pixi/envs/default:/home/aichou/uni_projects/ROBM/robm-pixi/.pixi/envs/default/x86_64-conda-linux-gnu/sysroot/usr LD_LIBRARY_PATH=/home/aichou/uni_projects/ROBM/robm-pixi/install/robm_interfaces/lib:/home/aichou/uni_projects/ROBM/robm-pixi/install/teleop_tools_msgs/lib:/home/aichou/uni_projects/ROBM/robm-pixi/.pixi/envs/default/opt/rviz_ogre_vendor/lib:/home/aichou/uni_projects/ROBM/robm-pixi/.pixi/envs/default/lib PIXI_PROMPT=(robm) PS1=(robm) \[\e]0;\u@\h: \w\a\]${debian_chroot:+($debian_chroot)}\[\033[01;32m\]\u@\h\[\033[00m\]:\[\033[01;34m\]\w\[\033[00m\]\$ PYTHONPATH=/home/aichou/uni_projects/ROBM/robm-pixi/build/robm_bridge/prefix_override:/home/aichou/uni_projects/ROBM/robm-pixi/.pixi/envs/default/lib/python3.12/site-packages/colcon_core/task/python/colcon_distutils_commands:/home/aichou/uni_projects/ROBM/robm-pixi/install/robm_bridge/lib/python3.12/site-packages:/home/aichou/uni_projects/ROBM/robm-pixi/install/robm_interfaces/lib/python3.12/site-packages:/home/aichou/uni_projects/ROBM/robm-pixi/build/joy_teleop:/home/aichou/uni_projects/ROBM/robm-pixi/install/joy_teleop/lib/python3.12/site-packages:/home/aichou/uni_projects/ROBM/robm-pixi/install/teleop_tools_msgs/lib/python3.12/site-packages:/home/aichou/uni_projects/ROBM/robm-pixi/build/robm_tp1_color:/home/aichou/uni_projects/ROBM/robm-pixi/install/robm_tp1_color/lib/python3.12/site-packages:/home/aichou/uni_projects/ROBM/robm-pixi/build/robm_bridge:/home/aichou/uni_projects/ROBM/robm-pixi/install/robm_bridge/lib/python3.12/site-packages:/home/aichou/uni_projects/ROBM/robm-pixi/build/mouse_teleop:/home/aichou/uni_projects/ROBM/robm-pixi/install/mouse_teleop/lib/python3.12/site-packages:/home/aichou/uni_projects/ROBM/robm-pixi/build/key_teleop:/home/aichou/uni_projects/ROBM/robm-pixi/install/key_teleop/lib/python3.12/site-packages:/home/aichou/uni_projects/ROBM/robm-pixi/.pixi/envs/default/lib/python/site-packages:/home/aichou/uni_projects/ROBM/robm-pixi/.pixi/envs/default/lib/python3.12/site-packages /home/aichou/uni_projects/ROBM/robm-pixi/.pixi/envs/default/bin/python3.12 -W ignore:setup.py install is deprecated -W ignore:easy_install command is deprecated setup.py egg_info --egg-base ../../build/robm_bridge build --build-base /home/aichou/uni_projects/ROBM/robm-pixi/build/robm_bridge/build install --record /home/aichou/uni_projects/ROBM/robm-pixi/build/robm_bridge/install.log --single-version-externally-managed install_data
