[0.702s] Invoking command in '/home/aichou/uni_projects/ROBM/robm-pixi/build/robm_bridge': CONDA_ENV_SHLVL_2_PIXI_PROMPT=(robm) CONDA_ENV_SHLVL_3_PIXI_PROMPT=(robm) PIXI_PROMPT=(robm) PS1=(robm) \[\e]0;\u@\h: \w\a\]${debian_chroot:+($debian_chroot)}\[\033[01;32m\]\u@\h\[\033[00m\]:\[\033[01;34m\]\w\[\033[00m\]\$ PYTHONPATH=/home/aichou/uni_projects/ROBM/robm-pixi/build/robm_bridge/prefix_override:/home/aichou/uni_projects/ROBM/robm-pixi/.pixi/envs/default/lib/python3.12/site-packages/colcon_core/task/python/colcon_distutils_commands:/home/aichou/uni_projects/ROBM/robm-pixi/install/robm_bridge/lib/python3.12/site-packages:/home/aichou/uni_projects/ROBM/robm-pixi/install/robm_interfaces/lib/python3.12/site-packages:/home/aichou/uni_projects/ROBM/robm-pixi/build/robm_bridge:/home/aichou/uni_projects/ROBM/robm-pixi/install/robm_tp1_color/lib/python3.12/site-packages:/home/aichou/uni_projects/ROBM/robm-pixi/install/robm_bridge/lib/python3.12/site-packages:/home/aichou/uni_projects/ROBM/robm-pixi/.pixi/envs/default/lib/python/site-packages:/home/aichou/uni_projects/ROBM/robm-pixi/.pixi/envs/default/lib/python3.12/site-packages /home/aichou/uni_projects/ROBM/robm-pixi/.pixi/envs/default/bin/python3.12 -W ignore:setup.py install is deprecated -W ignore:easy_install command is deprecated setup.py develop --editable --build-directory /home/aichou/uni_projects/ROBM/robm-pixi/build/robm_bridge/build --no-deps symlink_data
[0.790s] /home/aichou/uni_projects/ROBM/robm-pixi/.pixi/envs/default/lib/python3.12/site-packages/setuptools/_distutils/dist.py:289: UserWarning: Unknown distribution option: 'tests_require'
[0.790s]   warnings.warn(msg)
[0.857s] running develop
[0.953s] running egg_info
[0.962s] writing robm_bridge.egg-info/PKG-INFO
[0.962s] writing dependency_links to robm_bridge.egg-info/dependency_links.txt
[0.962s] writing entry points to robm_bridge.egg-info/entry_points.txt
[0.962s] writing requirements to robm_bridge.egg-info/requires.txt
[0.962s] writing top-level names to robm_bridge.egg-info/top_level.txt
[0.980s] reading manifest file 'robm_bridge.egg-info/SOURCES.txt'
[0.981s] writing manifest file 'robm_bridge.egg-info/SOURCES.txt'
[0.991s] running build_ext
[0.991s] Creating /home/aichou/uni_projects/ROBM/robm-pixi/install/robm_bridge/lib/python3.12/site-packages/robm-bridge.egg-link (link to .)
[0.991s] Installing udp_bridge script to /home/aichou/uni_projects/ROBM/robm-pixi/install/robm_bridge/lib/robm_bridge
[0.991s] Installing zenoh_bridge script to /home/aichou/uni_projects/ROBM/robm-pixi/install/robm_bridge/lib/robm_bridge
[0.991s] 
[0.992s] Installed /home/aichou/uni_projects/ROBM/robm-pixi/build/robm_bridge
[0.992s] running symlink_data
[1.010s] Invoked command in '/home/aichou/uni_projects/ROBM/robm-pixi/build/robm_bridge' returned '0': CONDA_ENV_SHLVL_2_PIXI_PROMPT=(robm) CONDA_ENV_SHLVL_3_PIXI_PROMPT=(robm) PIXI_PROMPT=(robm) PS1=(robm) \[\e]0;\u@\h: \w\a\]${debian_chroot:+($debian_chroot)}\[\033[01;32m\]\u@\h\[\033[00m\]:\[\033[01;34m\]\w\[\033[00m\]\$ PYTHONPATH=/home/aichou/uni_projects/ROBM/robm-pixi/build/robm_bridge/prefix_override:/home/aichou/uni_projects/ROBM/robm-pixi/.pixi/envs/default/lib/python3.12/site-packages/colcon_core/task/python/colcon_distutils_commands:/home/aichou/uni_projects/ROBM/robm-pixi/install/robm_bridge/lib/python3.12/site-packages:/home/aichou/uni_projects/ROBM/robm-pixi/install/robm_interfaces/lib/python3.12/site-packages:/home/aichou/uni_projects/ROBM/robm-pixi/build/robm_bridge:/home/aichou/uni_projects/ROBM/robm-pixi/install/robm_tp1_color/lib/python3.12/site-packages:/home/aichou/uni_projects/ROBM/robm-pixi/install/robm_bridge/lib/python3.12/site-packages:/home/aichou/uni_projects/ROBM/robm-pixi/.pixi/envs/default/lib/python/site-packages:/home/aichou/uni_projects/ROBM/robm-pixi/.pixi/envs/default/lib/python3.12/site-packages /home/aichou/uni_projects/ROBM/robm-pixi/.pixi/envs/default/bin/python3.12 -W ignore:setup.py install is deprecated -W ignore:easy_install command is deprecated setup.py develop --editable --build-directory /home/aichou/uni_projects/ROBM/robm-pixi/build/robm_bridge/build --no-deps symlink_data
