[0.148s] Invoking command in '/home/aichou/uni_projects/ROBM/robm-pixi/build/robm_interfaces': CMAKE_PREFIX_PATH=${CMAKE_PREFIX_PATH}:/home/aichou/uni_projects/ROBM/robm-pixi/install/robm_tp1_color:/home/aichou/uni_projects/ROBM/robm-pixi/install/robm_bridge CONDA_ENV_SHLVL_2_PIXI_PROMPT=(robm) PIXI_PROMPT=(robm) PS1=(robm) \[\e]0;\u@\h: \w\a\]${debian_chroot:+($debian_chroot)}\[\033[01;32m\]\u@\h\[\033[00m\]:\[\033[01;34m\]\w\[\033[00m\]\$ /home/aichou/uni_projects/ROBM/robm-pixi/.pixi/envs/default/bin/cmake /home/aichou/uni_projects/ROBM/robm-pixi/src/robm_interfaces -DCMAKE_EXPORT_COMPILE_COMMANDS=ON -DPython_FIND_VIRTUALENV=ONLY -DPython3_FIND_VIRTUALENV=ONLY -DAMENT_CMAKE_SYMLINK_INSTALL=1 -DCMAKE_INSTALL_PREFIX=/home/aichou/uni_projects/ROBM/robm-pixi/install/robm_interfaces
[0.395s] -- Found ament_cmake: 2.7.3 (/home/aichou/uni_projects/ROBM/robm-pixi/.pixi/envs/default/share/ament_cmake/cmake)
[0.395s] -- Found Python3: /home/aichou/uni_projects/ROBM/robm-pixi/.pixi/envs/default/bin/python3 (found version "3.12.12") found components: Interpreter
[0.395s] -- Override CMake install command with custom implementation using symlinks instead of copying resources
[0.396s] -- Found std_msgs: 5.5.0 (/home/aichou/uni_projects/ROBM/robm-pixi/.pixi/envs/default/share/std_msgs/cmake)
[0.396s] [0mCMake Deprecation Warning at CMakeLists.txt:1 (cmake_minimum_required):
[0.396s]   Compatibility with CMake < 3.10 will be removed from a future version of
[0.396s]   CMake.
[0.396s] 
[0.396s]   Update the VERSION argument <min> value.  Or, use the <min>...<max> syntax
[0.396s]   to tell CMake that the project requires at least <min> but has been updated
[0.396s]   to work with policies introduced by <max> or earlier.
[0.396s] 
[0.396s] [0m
[0.398s] -- Found rosidl_generator_c: 4.9.5 (/home/aichou/uni_projects/ROBM/robm-pixi/.pixi/envs/default/share/rosidl_generator_c/cmake)
[0.410s] -- Found rosidl_generator_cpp: 4.9.5 (/home/aichou/uni_projects/ROBM/robm-pixi/.pixi/envs/default/share/rosidl_generator_cpp/cmake)
[0.432s] -- Using all available rosidl_typesupport_c: rosidl_typesupport_fastrtps_c;rosidl_typesupport_introspection_c
[0.452s] -- Using all available rosidl_typesupport_cpp: rosidl_typesupport_fastrtps_cpp;rosidl_typesupport_introspection_cpp
[0.490s] -- Found rosidl_default_generators: 1.7.1 (/home/aichou/uni_projects/ROBM/robm-pixi/.pixi/envs/default/share/rosidl_default_generators/cmake)
[0.502s] -- Found rosidl_adapter: 4.9.5 (/home/aichou/uni_projects/ROBM/robm-pixi/.pixi/envs/default/share/rosidl_adapter/cmake)
[0.691s] -- Found ament_cmake_ros_core: 0.14.3 (/home/aichou/uni_projects/ROBM/robm-pixi/.pixi/envs/default/share/ament_cmake_ros_core/cmake)
[0.838s] -- Using all available rosidl_typesupport_c: rosidl_typesupport_fastrtps_c;rosidl_typesupport_introspection_c
[0.897s] -- Using all available rosidl_typesupport_cpp: rosidl_typesupport_fastrtps_cpp;rosidl_typesupport_introspection_cpp
[1.227s] -- Found Python3: /home/aichou/uni_projects/ROBM/robm-pixi/.pixi/envs/default/bin/python3 (found version "3.12.12") found components: Interpreter Development NumPy Development.Module Development.Embed
[1.250s] -- Found ament_lint_auto: 0.19.2 (/home/aichou/uni_projects/ROBM/robm-pixi/.pixi/envs/default/share/ament_lint_auto/cmake)
[1.272s] -- Added test 'lint_cmake' to check CMake code style
[1.273s] -- Added test 'xmllint' to check XML markup files
[1.278s] -- Configuring done (1.1s)
[1.342s] -- Generating done (0.1s)
[1.349s] -- Build files have been written to: /home/aichou/uni_projects/ROBM/robm-pixi/build/robm_interfaces
[1.355s] Invoked command in '/home/aichou/uni_projects/ROBM/robm-pixi/build/robm_interfaces' returned '0': CMAKE_PREFIX_PATH=${CMAKE_PREFIX_PATH}:/home/aichou/uni_projects/ROBM/robm-pixi/install/robm_tp1_color:/home/aichou/uni_projects/ROBM/robm-pixi/install/robm_bridge CONDA_ENV_SHLVL_2_PIXI_PROMPT=(robm) PIXI_PROMPT=(robm) PS1=(robm) \[\e]0;\u@\h: \w\a\]${debian_chroot:+($debian_chroot)}\[\033[01;32m\]\u@\h\[\033[00m\]:\[\033[01;34m\]\w\[\033[00m\]\$ /home/aichou/uni_projects/ROBM/robm-pixi/.pixi/envs/default/bin/cmake /home/aichou/uni_projects/ROBM/robm-pixi/src/robm_interfaces -DCMAKE_EXPORT_COMPILE_COMMANDS=ON -DPython_FIND_VIRTUALENV=ONLY -DPython3_FIND_VIRTUALENV=ONLY -DAMENT_CMAKE_SYMLINK_INSTALL=1 -DCMAKE_INSTALL_PREFIX=/home/aichou/uni_projects/ROBM/robm-pixi/install/robm_interfaces
[1.355s] Invoking command in '/home/aichou/uni_projects/ROBM/robm-pixi/build/robm_interfaces': CMAKE_PREFIX_PATH=${CMAKE_PREFIX_PATH}:/home/aichou/uni_projects/ROBM/robm-pixi/install/robm_tp1_color:/home/aichou/uni_projects/ROBM/robm-pixi/install/robm_bridge CONDA_ENV_SHLVL_2_PIXI_PROMPT=(robm) PIXI_PROMPT=(robm) PS1=(robm) \[\e]0;\u@\h: \w\a\]${debian_chroot:+($debian_chroot)}\[\033[01;32m\]\u@\h\[\033[00m\]:\[\033[01;34m\]\w\[\033[00m\]\$ /home/aichou/uni_projects/ROBM/robm-pixi/.pixi/envs/default/bin/cmake --build /home/aichou/uni_projects/ROBM/robm-pixi/build/robm_interfaces -- -j22 -l22
[1.377s] [  1%] Built target robm_interfaces__rosidl_generator_type_description
[1.379s] [  1%] Built target ament_cmake_python_symlink_robm_interfaces
[1.385s] [  3%] Built target robm_interfaces__cpp
[1.393s] [ 25%] Built target robm_interfaces__rosidl_generator_c
[1.407s] [ 34%] Built target robm_interfaces__rosidl_typesupport_c
[1.408s] [ 43%] Built target robm_interfaces__rosidl_typesupport_introspection_c
[1.412s] [ 62%] Built target robm_interfaces__rosidl_typesupport_introspection_cpp
[1.412s] [ 62%] Built target robm_interfaces__rosidl_typesupport_cpp
[1.414s] [ 76%] Built target robm_interfaces__rosidl_typesupport_fastrtps_c
[1.414s] [ 81%] Built target robm_interfaces__rosidl_typesupport_fastrtps_cpp
[1.422s] [ 81%] Built target robm_interfaces
[1.430s] [ 82%] Built target robm_interfaces__py
[1.444s] [ 90%] Built target robm_interfaces__rosidl_generator_py
[1.456s] [100%] Built target robm_interfaces_s__rosidl_typesupport_fastrtps_c
[1.456s] [100%] Built target robm_interfaces_s__rosidl_typesupport_c
[1.456s] [100%] Built target robm_interfaces_s__rosidl_typesupport_introspection_c
[1.501s] running egg_info
[1.510s] writing robm_interfaces.egg-info/PKG-INFO
[1.511s] writing dependency_links to robm_interfaces.egg-info/dependency_links.txt
[1.511s] writing top-level names to robm_interfaces.egg-info/top_level.txt
[1.537s] reading manifest file 'robm_interfaces.egg-info/SOURCES.txt'
[1.538s] writing manifest file 'robm_interfaces.egg-info/SOURCES.txt'
[1.554s] [100%] Built target ament_cmake_python_build_robm_interfaces_egg
[1.559s] Invoked command in '/home/aichou/uni_projects/ROBM/robm-pixi/build/robm_interfaces' returned '0': CMAKE_PREFIX_PATH=${CMAKE_PREFIX_PATH}:/home/aichou/uni_projects/ROBM/robm-pixi/install/robm_tp1_color:/home/aichou/uni_projects/ROBM/robm-pixi/install/robm_bridge CONDA_ENV_SHLVL_2_PIXI_PROMPT=(robm) PIXI_PROMPT=(robm) PS1=(robm) \[\e]0;\u@\h: \w\a\]${debian_chroot:+($debian_chroot)}\[\033[01;32m\]\u@\h\[\033[00m\]:\[\033[01;34m\]\w\[\033[00m\]\$ /home/aichou/uni_projects/ROBM/robm-pixi/.pixi/envs/default/bin/cmake --build /home/aichou/uni_projects/ROBM/robm-pixi/build/robm_interfaces -- -j22 -l22
[1.563s] Invoking command in '/home/aichou/uni_projects/ROBM/robm-pixi/build/robm_interfaces': CMAKE_PREFIX_PATH=${CMAKE_PREFIX_PATH}:/home/aichou/uni_projects/ROBM/robm-pixi/install/robm_tp1_color:/home/aichou/uni_projects/ROBM/robm-pixi/install/robm_bridge CONDA_ENV_SHLVL_2_PIXI_PROMPT=(robm) PIXI_PROMPT=(robm) PS1=(robm) \[\e]0;\u@\h: \w\a\]${debian_chroot:+($debian_chroot)}\[\033[01;32m\]\u@\h\[\033[00m\]:\[\033[01;34m\]\w\[\033[00m\]\$ /home/aichou/uni_projects/ROBM/robm-pixi/.pixi/envs/default/bin/cmake --install /home/aichou/uni_projects/ROBM/robm-pixi/build/robm_interfaces
[1.565s] -- Install configuration: ""
[1.566s] -- Execute custom install script
[1.566s] -- Up-to-date symlink: /home/aichou/uni_projects/ROBM/robm-pixi/install/robm_interfaces/share/ament_index/resource_index/rosidl_interfaces/robm_interfaces
[1.567s] -- Up-to-date symlink: /home/aichou/uni_projects/ROBM/robm-pixi/install/robm_interfaces/share/robm_interfaces/msg/Color.json
[1.567s] -- Up-to-date symlink: /home/aichou/uni_projects/ROBM/robm-pixi/install/robm_interfaces/share/robm_interfaces/msg/RoverMotorsCmd.json
[1.567s] -- Up-to-date symlink: /home/aichou/uni_projects/ROBM/robm-pixi/install/robm_interfaces/share/robm_interfaces/msg/GripperCommand.json
[1.568s] -- Up-to-date symlink: /home/aichou/uni_projects/ROBM/robm-pixi/install/robm_interfaces/share/robm_interfaces/msg/ServoCommand.json
[1.568s] -- Up-to-date symlink: /home/aichou/uni_projects/ROBM/robm-pixi/install/robm_interfaces/include/robm_interfaces/robm_interfaces/msg/color.h
[1.568s] -- Up-to-date symlink: /home/aichou/uni_projects/ROBM/robm-pixi/install/robm_interfaces/include/robm_interfaces/robm_interfaces/msg/detail/color__functions.h
[1.569s] -- Up-to-date symlink: /home/aichou/uni_projects/ROBM/robm-pixi/install/robm_interfaces/include/robm_interfaces/robm_interfaces/msg/detail/color__struct.h
[1.569s] -- Up-to-date symlink: /home/aichou/uni_projects/ROBM/robm-pixi/install/robm_interfaces/include/robm_interfaces/robm_interfaces/msg/detail/color__type_support.h
[1.569s] -- Up-to-date symlink: /home/aichou/uni_projects/ROBM/robm-pixi/install/robm_interfaces/include/robm_interfaces/robm_interfaces/msg/detail/gripper_command__functions.h
[1.570s] -- Up-to-date symlink: /home/aichou/uni_projects/ROBM/robm-pixi/install/robm_interfaces/include/robm_interfaces/robm_interfaces/msg/detail/gripper_command__struct.h
[1.570s] -- Up-to-date symlink: /home/aichou/uni_projects/ROBM/robm-pixi/install/robm_interfaces/include/robm_interfaces/robm_interfaces/msg/detail/gripper_command__type_support.h
[1.570s] -- Up-to-date symlink: /home/aichou/uni_projects/ROBM/robm-pixi/install/robm_interfaces/include/robm_interfaces/robm_interfaces/msg/detail/rover_motors_cmd__functions.h
[1.571s] -- Up-to-date symlink: /home/aichou/uni_projects/ROBM/robm-pixi/install/robm_interfaces/include/robm_interfaces/robm_interfaces/msg/detail/rover_motors_cmd__struct.h
[1.571s] -- Up-to-date symlink: /home/aichou/uni_projects/ROBM/robm-pixi/install/robm_interfaces/include/robm_interfaces/robm_interfaces/msg/detail/rover_motors_cmd__type_support.h
[1.572s] -- Up-to-date symlink: /home/aichou/uni_projects/ROBM/robm-pixi/install/robm_interfaces/include/robm_interfaces/robm_interfaces/msg/detail/servo_command__functions.h
[1.572s] -- Up-to-date symlink: /home/aichou/uni_projects/ROBM/robm-pixi/install/robm_interfaces/include/robm_interfaces/robm_interfaces/msg/detail/servo_command__struct.h
[1.572s] -- Up-to-date symlink: /home/aichou/uni_projects/ROBM/robm-pixi/install/robm_interfaces/include/robm_interfaces/robm_interfaces/msg/detail/servo_command__type_support.h
[1.572s] -- Up-to-date symlink: /home/aichou/uni_projects/ROBM/robm-pixi/install/robm_interfaces/include/robm_interfaces/robm_interfaces/msg/gripper_command.h
[1.573s] -- Up-to-date symlink: /home/aichou/uni_projects/ROBM/robm-pixi/install/robm_interfaces/include/robm_interfaces/robm_interfaces/msg/rosidl_generator_c__visibility_control.h
[1.573s] -- Up-to-date symlink: /home/aichou/uni_projects/ROBM/robm-pixi/install/robm_interfaces/include/robm_interfaces/robm_interfaces/msg/rover_motors_cmd.h
[1.573s] -- Up-to-date symlink: /home/aichou/uni_projects/ROBM/robm-pixi/install/robm_interfaces/include/robm_interfaces/robm_interfaces/msg/servo_command.h
[1.574s] -- Up-to-date symlink: /home/aichou/uni_projects/ROBM/robm-pixi/install/robm_interfaces/share/robm_interfaces/environment/library_path.sh
[1.574s] -- Up-to-date symlink: /home/aichou/uni_projects/ROBM/robm-pixi/install/robm_interfaces/share/robm_interfaces/environment/library_path.dsv
[1.574s] -- Up-to-date symlink: /home/aichou/uni_projects/ROBM/robm-pixi/install/robm_interfaces/include/robm_interfaces/robm_interfaces/msg/detail/color__rosidl_typesupport_fastrtps_c.h
[1.575s] -- Up-to-date symlink: /home/aichou/uni_projects/ROBM/robm-pixi/install/robm_interfaces/include/robm_interfaces/robm_interfaces/msg/detail/gripper_command__rosidl_typesupport_fastrtps_c.h
[1.575s] -- Up-to-date symlink: /home/aichou/uni_projects/ROBM/robm-pixi/install/robm_interfaces/include/robm_interfaces/robm_interfaces/msg/detail/rover_motors_cmd__rosidl_typesupport_fastrtps_c.h
[1.575s] -- Up-to-date symlink: /home/aichou/uni_projects/ROBM/robm-pixi/install/robm_interfaces/include/robm_interfaces/robm_interfaces/msg/detail/servo_command__rosidl_typesupport_fastrtps_c.h
[1.575s] -- Up-to-date symlink: /home/aichou/uni_projects/ROBM/robm-pixi/install/robm_interfaces/include/robm_interfaces/robm_interfaces/msg/rosidl_typesupport_fastrtps_c__visibility_control.h
[1.576s] -- Up-to-date symlink: /home/aichou/uni_projects/ROBM/robm-pixi/install/robm_interfaces/include/robm_interfaces/robm_interfaces/msg/color.hpp
[1.576s] -- Up-to-date symlink: /home/aichou/uni_projects/ROBM/robm-pixi/install/robm_interfaces/include/robm_interfaces/robm_interfaces/msg/detail/color__builder.hpp
[1.576s] -- Up-to-date symlink: /home/aichou/uni_projects/ROBM/robm-pixi/install/robm_interfaces/include/robm_interfaces/robm_interfaces/msg/detail/color__struct.hpp
[1.577s] -- Up-to-date symlink: /home/aichou/uni_projects/ROBM/robm-pixi/install/robm_interfaces/include/robm_interfaces/robm_interfaces/msg/detail/color__traits.hpp
[1.577s] -- Up-to-date symlink: /home/aichou/uni_projects/ROBM/robm-pixi/install/robm_interfaces/include/robm_interfaces/robm_interfaces/msg/detail/color__type_support.hpp
[1.577s] -- Up-to-date symlink: /home/aichou/uni_projects/ROBM/robm-pixi/install/robm_interfaces/include/robm_interfaces/robm_interfaces/msg/detail/gripper_command__builder.hpp
[1.578s] -- Up-to-date symlink: /home/aichou/uni_projects/ROBM/robm-pixi/install/robm_interfaces/include/robm_interfaces/robm_interfaces/msg/detail/gripper_command__struct.hpp
[1.578s] -- Up-to-date symlink: /home/aichou/uni_projects/ROBM/robm-pixi/install/robm_interfaces/include/robm_interfaces/robm_interfaces/msg/detail/gripper_command__traits.hpp
[1.578s] -- Up-to-date symlink: /home/aichou/uni_projects/ROBM/robm-pixi/install/robm_interfaces/include/robm_interfaces/robm_interfaces/msg/detail/gripper_command__type_support.hpp
[1.578s] -- Up-to-date symlink: /home/aichou/uni_projects/ROBM/robm-pixi/install/robm_interfaces/include/robm_interfaces/robm_interfaces/msg/detail/rover_motors_cmd__builder.hpp
[1.579s] -- Up-to-date symlink: /home/aichou/uni_projects/ROBM/robm-pixi/install/robm_interfaces/include/robm_interfaces/robm_interfaces/msg/detail/rover_motors_cmd__struct.hpp
[1.579s] -- Up-to-date symlink: /home/aichou/uni_projects/ROBM/robm-pixi/install/robm_interfaces/include/robm_interfaces/robm_interfaces/msg/detail/rover_motors_cmd__traits.hpp
[1.579s] -- Up-to-date symlink: /home/aichou/uni_projects/ROBM/robm-pixi/install/robm_interfaces/include/robm_interfaces/robm_interfaces/msg/detail/rover_motors_cmd__type_support.hpp
[1.580s] -- Up-to-date symlink: /home/aichou/uni_projects/ROBM/robm-pixi/install/robm_interfaces/include/robm_interfaces/robm_interfaces/msg/detail/servo_command__builder.hpp
[1.580s] -- Up-to-date symlink: /home/aichou/uni_projects/ROBM/robm-pixi/install/robm_interfaces/include/robm_interfaces/robm_interfaces/msg/detail/servo_command__struct.hpp
[1.580s] -- Up-to-date symlink: /home/aichou/uni_projects/ROBM/robm-pixi/install/robm_interfaces/include/robm_interfaces/robm_interfaces/msg/detail/servo_command__traits.hpp
[1.580s] -- Up-to-date symlink: /home/aichou/uni_projects/ROBM/robm-pixi/install/robm_interfaces/include/robm_interfaces/robm_interfaces/msg/detail/servo_command__type_support.hpp
[1.580s] -- Up-to-date symlink: /home/aichou/uni_projects/ROBM/robm-pixi/install/robm_interfaces/include/robm_interfaces/robm_interfaces/msg/gripper_command.hpp
[1.581s] -- Up-to-date symlink: /home/aichou/uni_projects/ROBM/robm-pixi/install/robm_interfaces/include/robm_interfaces/robm_interfaces/msg/rosidl_generator_cpp__visibility_control.hpp
[1.581s] -- Up-to-date symlink: /home/aichou/uni_projects/ROBM/robm-pixi/install/robm_interfaces/include/robm_interfaces/robm_interfaces/msg/rover_motors_cmd.hpp
[1.581s] -- Up-to-date symlink: /home/aichou/uni_projects/ROBM/robm-pixi/install/robm_interfaces/include/robm_interfaces/robm_interfaces/msg/servo_command.hpp
[1.582s] -- Up-to-date symlink: /home/aichou/uni_projects/ROBM/robm-pixi/install/robm_interfaces/include/robm_interfaces/robm_interfaces/msg/detail/color__rosidl_typesupport_fastrtps_cpp.hpp
[1.582s] -- Up-to-date symlink: /home/aichou/uni_projects/ROBM/robm-pixi/install/robm_interfaces/include/robm_interfaces/robm_interfaces/msg/detail/gripper_command__rosidl_typesupport_fastrtps_cpp.hpp
[1.582s] -- Up-to-date symlink: /home/aichou/uni_projects/ROBM/robm-pixi/install/robm_interfaces/include/robm_interfaces/robm_interfaces/msg/detail/rover_motors_cmd__rosidl_typesupport_fastrtps_cpp.hpp
[1.583s] -- Up-to-date symlink: /home/aichou/uni_projects/ROBM/robm-pixi/install/robm_interfaces/include/robm_interfaces/robm_interfaces/msg/detail/servo_command__rosidl_typesupport_fastrtps_cpp.hpp
[1.583s] -- Up-to-date symlink: /home/aichou/uni_projects/ROBM/robm-pixi/install/robm_interfaces/include/robm_interfaces/robm_interfaces/msg/rosidl_typesupport_fastrtps_cpp__visibility_control.h
[1.583s] -- Up-to-date symlink: /home/aichou/uni_projects/ROBM/robm-pixi/install/robm_interfaces/include/robm_interfaces/robm_interfaces/msg/detail/color__rosidl_typesupport_introspection_c.h
[1.584s] -- Up-to-date symlink: /home/aichou/uni_projects/ROBM/robm-pixi/install/robm_interfaces/include/robm_interfaces/robm_interfaces/msg/detail/gripper_command__rosidl_typesupport_introspection_c.h
[1.584s] -- Up-to-date symlink: /home/aichou/uni_projects/ROBM/robm-pixi/install/robm_interfaces/include/robm_interfaces/robm_interfaces/msg/detail/rover_motors_cmd__rosidl_typesupport_introspection_c.h
[1.585s] -- Up-to-date symlink: /home/aichou/uni_projects/ROBM/robm-pixi/install/robm_interfaces/include/robm_interfaces/robm_interfaces/msg/detail/servo_command__rosidl_typesupport_introspection_c.h
[1.585s] -- Up-to-date symlink: /home/aichou/uni_projects/ROBM/robm-pixi/install/robm_interfaces/include/robm_interfaces/robm_interfaces/msg/rosidl_typesupport_introspection_c__visibility_control.h
[1.585s] -- Up-to-date symlink: /home/aichou/uni_projects/ROBM/robm-pixi/install/robm_interfaces/include/robm_interfaces/robm_interfaces/msg/detail/color__rosidl_typesupport_introspection_cpp.hpp
[1.585s] -- Up-to-date symlink: /home/aichou/uni_projects/ROBM/robm-pixi/install/robm_interfaces/include/robm_interfaces/robm_interfaces/msg/detail/gripper_command__rosidl_typesupport_introspection_cpp.hpp
[1.586s] -- Up-to-date symlink: /home/aichou/uni_projects/ROBM/robm-pixi/install/robm_interfaces/include/robm_interfaces/robm_interfaces/msg/detail/rover_motors_cmd__rosidl_typesupport_introspection_cpp.hpp
[1.586s] -- Up-to-date symlink: /home/aichou/uni_projects/ROBM/robm-pixi/install/robm_interfaces/include/robm_interfaces/robm_interfaces/msg/detail/servo_command__rosidl_typesupport_introspection_cpp.hpp
[1.586s] -- Up-to-date symlink: /home/aichou/uni_projects/ROBM/robm-pixi/install/robm_interfaces/share/robm_interfaces/environment/pythonpath.sh
[1.587s] -- Up-to-date symlink: /home/aichou/uni_projects/ROBM/robm-pixi/install/robm_interfaces/share/robm_interfaces/environment/pythonpath.dsv
[1.587s] -- Up-to-date symlink: /home/aichou/uni_projects/ROBM/robm-pixi/install/robm_interfaces/lib/python3.12/site-packages/robm_interfaces-0.1.0-py3.12.egg-info/PKG-INFO
[1.587s] -- Up-to-date symlink: /home/aichou/uni_projects/ROBM/robm-pixi/install/robm_interfaces/lib/python3.12/site-packages/robm_interfaces-0.1.0-py3.12.egg-info/SOURCES.txt
[1.588s] -- Up-to-date symlink: /home/aichou/uni_projects/ROBM/robm-pixi/install/robm_interfaces/lib/python3.12/site-packages/robm_interfaces-0.1.0-py3.12.egg-info/dependency_links.txt
[1.588s] -- Up-to-date symlink: /home/aichou/uni_projects/ROBM/robm-pixi/install/robm_interfaces/lib/python3.12/site-packages/robm_interfaces-0.1.0-py3.12.egg-info/top_level.txt
[1.588s] -- Up-to-date symlink: /home/aichou/uni_projects/ROBM/robm-pixi/install/robm_interfaces/lib/python3.12/site-packages/robm_interfaces/__init__.py
[1.588s] -- Up-to-date symlink: /home/aichou/uni_projects/ROBM/robm-pixi/install/robm_interfaces/lib/python3.12/site-packages/robm_interfaces/_robm_interfaces_s.ep.rosidl_typesupport_c.c
[1.589s] -- Up-to-date symlink: /home/aichou/uni_projects/ROBM/robm-pixi/install/robm_interfaces/lib/python3.12/site-packages/robm_interfaces/_robm_interfaces_s.ep.rosidl_typesupport_fastrtps_c.c
[1.589s] -- Up-to-date symlink: /home/aichou/uni_projects/ROBM/robm-pixi/install/robm_interfaces/lib/python3.12/site-packages/robm_interfaces/_robm_interfaces_s.ep.rosidl_typesupport_introspection_c.c
[1.589s] -- Up-to-date symlink: /home/aichou/uni_projects/ROBM/robm-pixi/install/robm_interfaces/lib/python3.12/site-packages/robm_interfaces/msg/__init__.py
[1.589s] -- Up-to-date symlink: /home/aichou/uni_projects/ROBM/robm-pixi/install/robm_interfaces/lib/python3.12/site-packages/robm_interfaces/msg/_color.py
[1.590s] -- Up-to-date symlink: /home/aichou/uni_projects/ROBM/robm-pixi/install/robm_interfaces/lib/python3.12/site-packages/robm_interfaces/msg/_color_s.c
[1.590s] -- Up-to-date symlink: /home/aichou/uni_projects/ROBM/robm-pixi/install/robm_interfaces/lib/python3.12/site-packages/robm_interfaces/msg/_gripper_command.py
[1.590s] -- Up-to-date symlink: /home/aichou/uni_projects/ROBM/robm-pixi/install/robm_interfaces/lib/python3.12/site-packages/robm_interfaces/msg/_gripper_command_s.c
[1.591s] -- Up-to-date symlink: /home/aichou/uni_projects/ROBM/robm-pixi/install/robm_interfaces/lib/python3.12/site-packages/robm_interfaces/msg/_rover_motors_cmd.py
[1.591s] -- Up-to-date symlink: /home/aichou/uni_projects/ROBM/robm-pixi/install/robm_interfaces/lib/python3.12/site-packages/robm_interfaces/msg/_rover_motors_cmd_s.c
[1.591s] -- Up-to-date symlink: /home/aichou/uni_projects/ROBM/robm-pixi/install/robm_interfaces/lib/python3.12/site-packages/robm_interfaces/msg/_servo_command.py
[1.591s] -- Up-to-date symlink: /home/aichou/uni_projects/ROBM/robm-pixi/install/robm_interfaces/lib/python3.12/site-packages/robm_interfaces/msg/_servo_command_s.c
[1.592s] -- Up-to-date symlink: /home/aichou/uni_projects/ROBM/robm-pixi/install/robm_interfaces/lib/python3.12/site-packages/robm_interfaces/robm_interfaces_s__rosidl_typesupport_c.so
[1.592s] -- Up-to-date symlink: /home/aichou/uni_projects/ROBM/robm-pixi/install/robm_interfaces/lib/python3.12/site-packages/robm_interfaces/robm_interfaces_s__rosidl_typesupport_fastrtps_c.so
[1.592s] -- Up-to-date symlink: /home/aichou/uni_projects/ROBM/robm-pixi/install/robm_interfaces/lib/python3.12/site-packages/robm_interfaces/robm_interfaces_s__rosidl_typesupport_introspection_c.so
[1.592s] -- Up-to-date symlink: /home/aichou/uni_projects/ROBM/robm-pixi/install/robm_interfaces/lib/python3.12/site-packages/robm_interfaces/robm_interfaces_s__rosidl_typesupport_fastrtps_c.so
[1.592s] -- Up-to-date symlink: /home/aichou/uni_projects/ROBM/robm-pixi/install/robm_interfaces/lib/python3.12/site-packages/robm_interfaces/robm_interfaces_s__rosidl_typesupport_introspection_c.so
[1.592s] -- Up-to-date symlink: /home/aichou/uni_projects/ROBM/robm-pixi/install/robm_interfaces/lib/python3.12/site-packages/robm_interfaces/robm_interfaces_s__rosidl_typesupport_c.so
[1.593s] -- Up-to-date symlink: /home/aichou/uni_projects/ROBM/robm-pixi/install/robm_interfaces/share/robm_interfaces/msg/Color.idl
[1.593s] -- Up-to-date symlink: /home/aichou/uni_projects/ROBM/robm-pixi/install/robm_interfaces/share/robm_interfaces/msg/RoverMotorsCmd.idl
[1.593s] -- Up-to-date symlink: /home/aichou/uni_projects/ROBM/robm-pixi/install/robm_interfaces/share/robm_interfaces/msg/GripperCommand.idl
[1.594s] -- Up-to-date symlink: /home/aichou/uni_projects/ROBM/robm-pixi/install/robm_interfaces/share/robm_interfaces/msg/ServoCommand.idl
[1.594s] -- Up-to-date symlink: /home/aichou/uni_projects/ROBM/robm-pixi/install/robm_interfaces/share/robm_interfaces/msg/Color.msg
[1.594s] -- Up-to-date symlink: /home/aichou/uni_projects/ROBM/robm-pixi/install/robm_interfaces/share/robm_interfaces/msg/RoverMotorsCmd.msg
[1.594s] -- Up-to-date symlink: /home/aichou/uni_projects/ROBM/robm-pixi/install/robm_interfaces/share/robm_interfaces/msg/GripperCommand.msg
[1.595s] -- Up-to-date symlink: /home/aichou/uni_projects/ROBM/robm-pixi/install/robm_interfaces/share/robm_interfaces/msg/ServoCommand.msg
[1.595s] -- Up-to-date symlink: /home/aichou/uni_projects/ROBM/robm-pixi/install/robm_interfaces/share/ament_index/resource_index/package_run_dependencies/robm_interfaces
[1.595s] -- Up-to-date symlink: /home/aichou/uni_projects/ROBM/robm-pixi/install/robm_interfaces/share/ament_index/resource_index/parent_prefix_path/robm_interfaces
[1.596s] -- Up-to-date symlink: /home/aichou/uni_projects/ROBM/robm-pixi/install/robm_interfaces/share/robm_interfaces/environment/ament_prefix_path.sh
[1.596s] -- Up-to-date symlink: /home/aichou/uni_projects/ROBM/robm-pixi/install/robm_interfaces/share/robm_interfaces/environment/ament_prefix_path.dsv
[1.596s] -- Up-to-date symlink: /home/aichou/uni_projects/ROBM/robm-pixi/install/robm_interfaces/share/robm_interfaces/environment/path.sh
[1.596s] -- Up-to-date symlink: /home/aichou/uni_projects/ROBM/robm-pixi/install/robm_interfaces/share/robm_interfaces/environment/path.dsv
[1.597s] -- Up-to-date symlink: /home/aichou/uni_projects/ROBM/robm-pixi/install/robm_interfaces/share/robm_interfaces/local_setup.bash
[1.597s] -- Up-to-date symlink: /home/aichou/uni_projects/ROBM/robm-pixi/install/robm_interfaces/share/robm_interfaces/local_setup.sh
[1.597s] -- Up-to-date symlink: /home/aichou/uni_projects/ROBM/robm-pixi/install/robm_interfaces/share/robm_interfaces/local_setup.zsh
[1.598s] -- Up-to-date symlink: /home/aichou/uni_projects/ROBM/robm-pixi/install/robm_interfaces/share/robm_interfaces/local_setup.dsv
[1.598s] -- Symlinking: /home/aichou/uni_projects/ROBM/robm-pixi/install/robm_interfaces/share/robm_interfaces/package.dsv
[1.601s] -- Up-to-date symlink: /home/aichou/uni_projects/ROBM/robm-pixi/install/robm_interfaces/share/ament_index/resource_index/packages/robm_interfaces
[1.602s] -- Up-to-date symlink: /home/aichou/uni_projects/ROBM/robm-pixi/install/robm_interfaces/share/robm_interfaces/cmake/rosidl_cmake-extras.cmake
[1.602s] -- Up-to-date symlink: /home/aichou/uni_projects/ROBM/robm-pixi/install/robm_interfaces/share/robm_interfaces/cmake/ament_cmake_export_dependencies-extras.cmake
[1.602s] -- Up-to-date symlink: /home/aichou/uni_projects/ROBM/robm-pixi/install/robm_interfaces/share/robm_interfaces/cmake/ament_cmake_export_include_directories-extras.cmake
[1.603s] -- Up-to-date symlink: /home/aichou/uni_projects/ROBM/robm-pixi/install/robm_interfaces/share/robm_interfaces/cmake/ament_cmake_export_libraries-extras.cmake
[1.603s] -- Up-to-date symlink: /home/aichou/uni_projects/ROBM/robm-pixi/install/robm_interfaces/share/robm_interfaces/cmake/ament_cmake_export_targets-extras.cmake
[1.603s] -- Up-to-date symlink: /home/aichou/uni_projects/ROBM/robm-pixi/install/robm_interfaces/share/robm_interfaces/cmake/rosidl_cmake_export_typesupport_targets-extras.cmake
[1.604s] -- Up-to-date symlink: /home/aichou/uni_projects/ROBM/robm-pixi/install/robm_interfaces/share/robm_interfaces/cmake/rosidl_cmake_export_typesupport_libraries-extras.cmake
[1.604s] -- Up-to-date symlink: /home/aichou/uni_projects/ROBM/robm-pixi/install/robm_interfaces/share/robm_interfaces/cmake/robm_interfacesConfig.cmake
[1.604s] -- Up-to-date symlink: /home/aichou/uni_projects/ROBM/robm-pixi/install/robm_interfaces/share/robm_interfaces/cmake/robm_interfacesConfig-version.cmake
[1.605s] -- Up-to-date symlink: /home/aichou/uni_projects/ROBM/robm-pixi/install/robm_interfaces/share/robm_interfaces/package.xml
[1.606s] -- Installing: /home/aichou/uni_projects/ROBM/robm-pixi/install/robm_interfaces/lib/librobm_interfaces__rosidl_generator_c.so
[1.607s] -- Installing: /home/aichou/uni_projects/ROBM/robm-pixi/install/robm_interfaces/lib/librobm_interfaces__rosidl_typesupport_fastrtps_c.so
[1.608s] -- Set non-toolchain portion of runtime path of "/home/aichou/uni_projects/ROBM/robm-pixi/install/robm_interfaces/lib/librobm_interfaces__rosidl_typesupport_fastrtps_c.so" to ""
[1.608s] -- Installing: /home/aichou/uni_projects/ROBM/robm-pixi/install/robm_interfaces/lib/librobm_interfaces__rosidl_typesupport_fastrtps_cpp.so
[1.609s] -- Set non-toolchain portion of runtime path of "/home/aichou/uni_projects/ROBM/robm-pixi/install/robm_interfaces/lib/librobm_interfaces__rosidl_typesupport_fastrtps_cpp.so" to ""
[1.609s] -- Installing: /home/aichou/uni_projects/ROBM/robm-pixi/install/robm_interfaces/lib/librobm_interfaces__rosidl_typesupport_introspection_c.so
[1.610s] -- Set non-toolchain portion of runtime path of "/home/aichou/uni_projects/ROBM/robm-pixi/install/robm_interfaces/lib/librobm_interfaces__rosidl_typesupport_introspection_c.so" to ""
[1.610s] -- Installing: /home/aichou/uni_projects/ROBM/robm-pixi/install/robm_interfaces/lib/librobm_interfaces__rosidl_typesupport_c.so
[1.611s] -- Set non-toolchain portion of runtime path of "/home/aichou/uni_projects/ROBM/robm-pixi/install/robm_interfaces/lib/librobm_interfaces__rosidl_typesupport_c.so" to ""
[1.611s] -- Installing: /home/aichou/uni_projects/ROBM/robm-pixi/install/robm_interfaces/lib/librobm_interfaces__rosidl_typesupport_introspection_cpp.so
[1.612s] -- Set non-toolchain portion of runtime path of "/home/aichou/uni_projects/ROBM/robm-pixi/install/robm_interfaces/lib/librobm_interfaces__rosidl_typesupport_introspection_cpp.so" to ""
[1.612s] -- Installing: /home/aichou/uni_projects/ROBM/robm-pixi/install/robm_interfaces/lib/librobm_interfaces__rosidl_typesupport_cpp.so
[1.613s] -- Set non-toolchain portion of runtime path of "/home/aichou/uni_projects/ROBM/robm-pixi/install/robm_interfaces/lib/librobm_interfaces__rosidl_typesupport_cpp.so" to ""
[1.635s] Listing '/home/aichou/uni_projects/ROBM/robm-pixi/install/robm_interfaces/lib/python3.12/site-packages/robm_interfaces'...
[1.635s] Compiling '/home/aichou/uni_projects/ROBM/robm-pixi/install/robm_interfaces/lib/python3.12/site-packages/robm_interfaces/__init__.py'...
[1.635s] Listing '/home/aichou/uni_projects/ROBM/robm-pixi/install/robm_interfaces/lib/python3.12/site-packages/robm_interfaces/msg'...
[1.638s] -- Installing: /home/aichou/uni_projects/ROBM/robm-pixi/install/robm_interfaces/lib/librobm_interfaces__rosidl_generator_py.so
[1.638s] -- Set non-toolchain portion of runtime path of "/home/aichou/uni_projects/ROBM/robm-pixi/install/robm_interfaces/lib/librobm_interfaces__rosidl_generator_py.so" to ""
[1.639s] -- Up-to-date: /home/aichou/uni_projects/ROBM/robm-pixi/install/robm_interfaces/share/robm_interfaces/cmake/export_robm_interfaces__rosidl_generator_cExport.cmake
[1.639s] -- Up-to-date: /home/aichou/uni_projects/ROBM/robm-pixi/install/robm_interfaces/share/robm_interfaces/cmake/export_robm_interfaces__rosidl_generator_cExport-noconfig.cmake
[1.639s] -- Up-to-date: /home/aichou/uni_projects/ROBM/robm-pixi/install/robm_interfaces/share/robm_interfaces/cmake/export_robm_interfaces__rosidl_typesupport_fastrtps_cExport.cmake
[1.639s] -- Up-to-date: /home/aichou/uni_projects/ROBM/robm-pixi/install/robm_interfaces/share/robm_interfaces/cmake/export_robm_interfaces__rosidl_typesupport_fastrtps_cExport-noconfig.cmake
[1.639s] -- Up-to-date: /home/aichou/uni_projects/ROBM/robm-pixi/install/robm_interfaces/share/robm_interfaces/cmake/export_robm_interfaces__rosidl_generator_cppExport.cmake
[1.639s] -- Up-to-date: /home/aichou/uni_projects/ROBM/robm-pixi/install/robm_interfaces/share/robm_interfaces/cmake/export_robm_interfaces__rosidl_typesupport_fastrtps_cppExport.cmake
[1.639s] -- Up-to-date: /home/aichou/uni_projects/ROBM/robm-pixi/install/robm_interfaces/share/robm_interfaces/cmake/export_robm_interfaces__rosidl_typesupport_fastrtps_cppExport-noconfig.cmake
[1.640s] -- Up-to-date: /home/aichou/uni_projects/ROBM/robm-pixi/install/robm_interfaces/share/robm_interfaces/cmake/robm_interfaces__rosidl_typesupport_introspection_cExport.cmake
[1.640s] -- Up-to-date: /home/aichou/uni_projects/ROBM/robm-pixi/install/robm_interfaces/share/robm_interfaces/cmake/robm_interfaces__rosidl_typesupport_introspection_cExport-noconfig.cmake
[1.640s] -- Up-to-date: /home/aichou/uni_projects/ROBM/robm-pixi/install/robm_interfaces/share/robm_interfaces/cmake/robm_interfaces__rosidl_typesupport_cExport.cmake
[1.640s] -- Up-to-date: /home/aichou/uni_projects/ROBM/robm-pixi/install/robm_interfaces/share/robm_interfaces/cmake/robm_interfaces__rosidl_typesupport_cExport-noconfig.cmake
[1.640s] -- Up-to-date: /home/aichou/uni_projects/ROBM/robm-pixi/install/robm_interfaces/share/robm_interfaces/cmake/robm_interfaces__rosidl_typesupport_introspection_cppExport.cmake
[1.640s] -- Up-to-date: /home/aichou/uni_projects/ROBM/robm-pixi/install/robm_interfaces/share/robm_interfaces/cmake/robm_interfaces__rosidl_typesupport_introspection_cppExport-noconfig.cmake
[1.641s] -- Up-to-date: /home/aichou/uni_projects/ROBM/robm-pixi/install/robm_interfaces/share/robm_interfaces/cmake/robm_interfaces__rosidl_typesupport_cppExport.cmake
[1.641s] -- Up-to-date: /home/aichou/uni_projects/ROBM/robm-pixi/install/robm_interfaces/share/robm_interfaces/cmake/robm_interfaces__rosidl_typesupport_cppExport-noconfig.cmake
[1.641s] -- Up-to-date: /home/aichou/uni_projects/ROBM/robm-pixi/install/robm_interfaces/share/robm_interfaces/cmake/export_robm_interfaces__rosidl_generator_pyExport.cmake
[1.641s] -- Up-to-date: /home/aichou/uni_projects/ROBM/robm-pixi/install/robm_interfaces/share/robm_interfaces/cmake/export_robm_interfaces__rosidl_generator_pyExport-noconfig.cmake
[1.643s] Invoked command in '/home/aichou/uni_projects/ROBM/robm-pixi/build/robm_interfaces' returned '0': CMAKE_PREFIX_PATH=${CMAKE_PREFIX_PATH}:/home/aichou/uni_projects/ROBM/robm-pixi/install/robm_tp1_color:/home/aichou/uni_projects/ROBM/robm-pixi/install/robm_bridge CONDA_ENV_SHLVL_2_PIXI_PROMPT=(robm) PIXI_PROMPT=(robm) PS1=(robm) \[\e]0;\u@\h: \w\a\]${debian_chroot:+($debian_chroot)}\[\033[01;32m\]\u@\h\[\033[00m\]:\[\033[01;34m\]\w\[\033[00m\]\$ /home/aichou/uni_projects/ROBM/robm-pixi/.pixi/envs/default/bin/cmake --install /home/aichou/uni_projects/ROBM/robm-pixi/build/robm_interfaces
