[1.084s] Invoking command in '/home/aichou/uni_projects/ROBM/robm-pixi/src/robm_tp2_move': PIXI_PROMPT=(robm) PS1=(robm) \[\e]0;\u@\h: \w\a\]${debian_chroot:+($debian_chroot)}\[\033[01;32m\]\u@\h\[\033[00m\]:\[\033[01;34m\]\w\[\033[00m\]\$ PYTHONPATH=/home/aichou/uni_projects/ROBM/robm-pixi/build/robm_tp2_move/prefix_override:/home/aichou/uni_projects/ROBM/robm-pixi/.pixi/envs/default/lib/python3.12/site-packages/colcon_core/task/python/colcon_distutils_commands:/home/aichou/uni_projects/ROBM/robm-pixi/install/robm_tp2_move/lib/python3.12/site-packages:${PYTHONPATH} /home/aichou/uni_projects/ROBM/robm-pixi/.pixi/envs/default/bin/python3.12 -W ignore:setup.py install is deprecated -W ignore:easy_install command is deprecated setup.py egg_info --egg-base ../../build/robm_tp2_move build --build-base /home/aichou/uni_projects/ROBM/robm-pixi/build/robm_tp2_move/build install --record /home/aichou/uni_projects/ROBM/robm-pixi/build/robm_tp2_move/install.log --single-version-externally-managed install_data
[1.243s] running egg_info
[1.253s] creating ../../build/robm_tp2_move/robm_tp2_move.egg-info
[1.253s] writing ../../build/robm_tp2_move/robm_tp2_move.egg-info/PKG-INFO
[1.254s] writing dependency_links to ../../build/robm_tp2_move/robm_tp2_move.egg-info/dependency_links.txt
[1.254s] writing entry points to ../../build/robm_tp2_move/robm_tp2_move.egg-info/entry_points.txt
[1.254s] writing requirements to ../../build/robm_tp2_move/robm_tp2_move.egg-info/requires.txt
[1.254s] writing top-level names to ../../build/robm_tp2_move/robm_tp2_move.egg-info/top_level.txt
[1.254s] writing manifest file '../../build/robm_tp2_move/robm_tp2_move.egg-info/SOURCES.txt'
[1.279s] reading manifest file '../../build/robm_tp2_move/robm_tp2_move.egg-info/SOURCES.txt'
[1.280s] writing manifest file '../../build/robm_tp2_move/robm_tp2_move.egg-info/SOURCES.txt'
[1.281s] running build
[1.281s] running build_py
[1.281s] creating /home/aichou/uni_projects/ROBM/robm-pixi/build/robm_tp2_move/build/lib/robm_tp2_move
[1.281s] copying robm_tp2_move/__init__.py -> /home/aichou/uni_projects/ROBM/robm-pixi/build/robm_tp2_move/build/lib/robm_tp2_move
[1.281s] copying robm_tp2_move/avance_motor.py -> /home/aichou/uni_projects/ROBM/robm-pixi/build/robm_tp2_move/build/lib/robm_tp2_move
[1.282s] running install
[1.285s] running install_lib
[1.294s] creating /home/aichou/uni_projects/ROBM/robm-pixi/install/robm_tp2_move/lib/python3.12/site-packages/robm_tp2_move
[1.294s] copying /home/aichou/uni_projects/ROBM/robm-pixi/build/robm_tp2_move/build/lib/robm_tp2_move/__init__.py -> /home/aichou/uni_projects/ROBM/robm-pixi/install/robm_tp2_move/lib/python3.12/site-packages/robm_tp2_move
[1.294s] copying /home/aichou/uni_projects/ROBM/robm-pixi/build/robm_tp2_move/build/lib/robm_tp2_move/avance_motor.py -> /home/aichou/uni_projects/ROBM/robm-pixi/install/robm_tp2_move/lib/python3.12/site-packages/robm_tp2_move
[1.295s] byte-compiling /home/aichou/uni_projects/ROBM/robm-pixi/install/robm_tp2_move/lib/python3.12/site-packages/robm_tp2_move/__init__.py to __init__.cpython-312.pyc
[1.295s] byte-compiling /home/aichou/uni_projects/ROBM/robm-pixi/install/robm_tp2_move/lib/python3.12/site-packages/robm_tp2_move/avance_motor.py to avance_motor.cpython-312.pyc
[1.295s] running install_data
[1.296s] creating /home/aichou/uni_projects/ROBM/robm-pixi/install/robm_tp2_move/share/ament_index/resource_index/packages
[1.296s] copying resource/robm_tp2_move -> /home/aichou/uni_projects/ROBM/robm-pixi/install/robm_tp2_move/share/ament_index/resource_index/packages
[1.296s] copying package.xml -> /home/aichou/uni_projects/ROBM/robm-pixi/install/robm_tp2_move/share/robm_tp2_move
[1.297s] running install_egg_info
[1.306s] Copying ../../build/robm_tp2_move/robm_tp2_move.egg-info to /home/aichou/uni_projects/ROBM/robm-pixi/install/robm_tp2_move/lib/python3.12/site-packages/robm_tp2_move-0.0.0-py3.12.egg-info
[1.307s] running install_scripts
[1.363s] Installing avance_motor script to /home/aichou/uni_projects/ROBM/robm-pixi/install/robm_tp2_move/lib/robm_tp2_move
[1.364s] writing list of installed files to '/home/aichou/uni_projects/ROBM/robm-pixi/build/robm_tp2_move/install.log'
[1.390s] Invoked command in '/home/aichou/uni_projects/ROBM/robm-pixi/src/robm_tp2_move' returned '0': PIXI_PROMPT=(robm) PS1=(robm) \[\e]0;\u@\h: \w\a\]${debian_chroot:+($debian_chroot)}\[\033[01;32m\]\u@\h\[\033[00m\]:\[\033[01;34m\]\w\[\033[00m\]\$ PYTHONPATH=/home/aichou/uni_projects/ROBM/robm-pixi/build/robm_tp2_move/prefix_override:/home/aichou/uni_projects/ROBM/robm-pixi/.pixi/envs/default/lib/python3.12/site-packages/colcon_core/task/python/colcon_distutils_commands:/home/aichou/uni_projects/ROBM/robm-pixi/install/robm_tp2_move/lib/python3.12/site-packages:${PYTHONPATH} /home/aichou/uni_projects/ROBM/robm-pixi/.pixi/envs/default/bin/python3.12 -W ignore:setup.py install is deprecated -W ignore:easy_install command is deprecated setup.py egg_info --egg-base ../../build/robm_tp2_move build --build-base /home/aichou/uni_projects/ROBM/robm-pixi/build/robm_tp2_move/build install --record /home/aichou/uni_projects/ROBM/robm-pixi/build/robm_tp2_move/install.log --single-version-externally-managed install_data
