[0.032s] Invoking command in '/home/aichou/uni_projects/ROBM/robm-pixi/build/robm_interfaces': CONDA_ENV_SHLVL_2_PIXI_PROMPT=(robm) PIXI_PROMPT=(robm) PS1=(robm) \[\e]0;\u@\h: \w\a\]${debian_chroot:+($debian_chroot)}\[\033[01;32m\]\u@\h\[\033[00m\]:\[\033[01;34m\]\w\[\033[00m\]\$ /home/aichou/uni_projects/ROBM/robm-pixi/.pixi/envs/default/bin/cmake /home/aichou/uni_projects/ROBM/robm-pixi/src/robm_interfaces -DCMAKE_EXPORT_COMPILE_COMMANDS=ON -DPython_FIND_VIRTUALENV=ONLY -DPython3_FIND_VIRTUALENV=ONLY -DAMENT_CMAKE_SYMLINK_INSTALL=1 -DCMAKE_INSTALL_PREFIX=/home/aichou/uni_projects/ROBM/robm-pixi/install/robm_interfaces
[0.162s] [0mCMake Deprecation Warning at CMakeLists.txt:1 (cmake_minimum_required):
[0.162s]   Compatibility with CMake < 3.10 will be removed from a future version of
[0.162s]   CMake.
[0.162s] 
[0.162s]   Update the VERSION argument <min> value.  Or, use the <min>...<max> syntax
[0.162s]   to tell CMake that the project requires at least <min> but has been updated
[0.162s]   to work with policies introduced by <max> or earlier.
[0.162s] 
[0.163s] [0m
[1.303s] -- The C compiler identification is GNU 14.3.0
[5.652s] -- The CXX compiler identification is GNU 14.3.0
[7.789s] -- Detecting C compiler ABI info
[8.083s] -- Detecting C compiler ABI info - done
[8.115s] -- Check for working C compiler: /home/aichou/uni_projects/ROBM/robm-pixi/.pixi/envs/default/bin/x86_64-conda-linux-gnu-cc - skipped
[8.119s] -- Detecting C compile features
[8.120s] -- Detecting C compile features - done
[8.144s] -- Detecting CXX compiler ABI info
[8.520s] -- Detecting CXX compiler ABI info - done
[8.552s] -- Check for working CXX compiler: /home/aichou/uni_projects/ROBM/robm-pixi/.pixi/envs/default/bin/x86_64-conda-linux-gnu-c++ - skipped
[8.553s] -- Detecting CXX compile features
[8.554s] -- Detecting CXX compile features - done
[8.613s] -- Found ament_cmake: 2.7.3 (/home/aichou/uni_projects/ROBM/robm-pixi/.pixi/envs/default/share/ament_cmake/cmake)
[8.844s] -- Found Python3: /home/aichou/uni_projects/ROBM/robm-pixi/.pixi/envs/default/bin/python3 (found version "3.12.12") found components: Interpreter
[9.020s] -- Override CMake install command with custom implementation using symlinks instead of copying resources
[9.196s] -- Found std_msgs: 5.5.0 (/home/aichou/uni_projects/ROBM/robm-pixi/.pixi/envs/default/share/std_msgs/cmake)
[9.574s] -- Found rosidl_generator_c: 4.9.5 (/home/aichou/uni_projects/ROBM/robm-pixi/.pixi/envs/default/share/rosidl_generator_c/cmake)
[9.624s] -- Found rosidl_generator_cpp: 4.9.5 (/home/aichou/uni_projects/ROBM/robm-pixi/.pixi/envs/default/share/rosidl_generator_cpp/cmake)
[9.689s] -- Using all available rosidl_typesupport_c: rosidl_typesupport_fastrtps_c;rosidl_typesupport_introspection_c
[9.750s] -- Using all available rosidl_typesupport_cpp: rosidl_typesupport_fastrtps_cpp;rosidl_typesupport_introspection_cpp
[9.883s] -- Found rosidl_default_generators: 1.7.1 (/home/aichou/uni_projects/ROBM/robm-pixi/.pixi/envs/default/share/rosidl_default_generators/cmake)
[9.933s] -- Found rosidl_adapter: 4.9.5 (/home/aichou/uni_projects/ROBM/robm-pixi/.pixi/envs/default/share/rosidl_adapter/cmake)
[10.865s] -- Found ament_cmake_ros_core: 0.14.3 (/home/aichou/uni_projects/ROBM/robm-pixi/.pixi/envs/default/share/ament_cmake_ros_core/cmake)
[11.902s] -- Using all available rosidl_typesupport_c: rosidl_typesupport_fastrtps_c;rosidl_typesupport_introspection_c
[12.365s] -- Using all available rosidl_typesupport_cpp: rosidl_typesupport_fastrtps_cpp;rosidl_typesupport_introspection_cpp
[13.373s] -- Found Python3: /home/aichou/uni_projects/ROBM/robm-pixi/.pixi/envs/default/bin/python3 (found version "3.12.12") found components: Interpreter Development NumPy Development.Module Development.Embed
[13.459s] -- Found ament_lint_auto: 0.19.2 (/home/aichou/uni_projects/ROBM/robm-pixi/.pixi/envs/default/share/ament_lint_auto/cmake)
[13.571s] -- Added test 'lint_cmake' to check CMake code style
[13.575s] -- Added test 'xmllint' to check XML markup files
[13.583s] -- Configuring done (13.4s)
[13.659s] -- Generating done (0.1s)
[13.659s] [33mCMake Warning:
[13.659s]   Manually-specified variables were not used by the project:
[13.659s] 
[13.660s]     Python_FIND_VIRTUALENV
[13.660s] 
[13.660s] [0m
[13.671s] -- Build files have been written to: /home/aichou/uni_projects/ROBM/robm-pixi/build/robm_interfaces
[13.683s] Invoked command in '/home/aichou/uni_projects/ROBM/robm-pixi/build/robm_interfaces' returned '0': CONDA_ENV_SHLVL_2_PIXI_PROMPT=(robm) PIXI_PROMPT=(robm) PS1=(robm) \[\e]0;\u@\h: \w\a\]${debian_chroot:+($debian_chroot)}\[\033[01;32m\]\u@\h\[\033[00m\]:\[\033[01;34m\]\w\[\033[00m\]\$ /home/aichou/uni_projects/ROBM/robm-pixi/.pixi/envs/default/bin/cmake /home/aichou/uni_projects/ROBM/robm-pixi/src/robm_interfaces -DCMAKE_EXPORT_COMPILE_COMMANDS=ON -DPython_FIND_VIRTUALENV=ONLY -DPython3_FIND_VIRTUALENV=ONLY -DAMENT_CMAKE_SYMLINK_INSTALL=1 -DCMAKE_INSTALL_PREFIX=/home/aichou/uni_projects/ROBM/robm-pixi/install/robm_interfaces
[13.687s] Invoking command in '/home/aichou/uni_projects/ROBM/robm-pixi/build/robm_interfaces': CONDA_ENV_SHLVL_2_PIXI_PROMPT=(robm) PIXI_PROMPT=(robm) PS1=(robm) \[\e]0;\u@\h: \w\a\]${debian_chroot:+($debian_chroot)}\[\033[01;32m\]\u@\h\[\033[00m\]:\[\033[01;34m\]\w\[\033[00m\]\$ /home/aichou/uni_projects/ROBM/robm-pixi/.pixi/envs/default/bin/cmake --build /home/aichou/uni_projects/ROBM/robm-pixi/build/robm_interfaces -- -j22 -l22
[13.734s] [  1%] [1m[34mGenerating type hashes for ROS interfaces[0m
[13.742s] [  1%] Built target ament_cmake_python_symlink_robm_interfaces
[14.038s] running egg_info
[14.057s] creating robm_interfaces.egg-info
[14.058s] writing robm_interfaces.egg-info/PKG-INFO
[14.059s] writing dependency_links to robm_interfaces.egg-info/dependency_links.txt
[14.059s] writing top-level names to robm_interfaces.egg-info/top_level.txt
[14.060s] writing manifest file 'robm_interfaces.egg-info/SOURCES.txt'
[14.066s] [  1%] Built target robm_interfaces__rosidl_generator_type_description
[14.074s] [  3%] [1m[34mGenerating C code for ROS interfaces[0m
[14.082s] [  4%] [1m[34mGenerating C++ code for ROS interfaces[0m
[14.126s] reading manifest file 'robm_interfaces.egg-info/SOURCES.txt'
[14.127s] writing manifest file 'robm_interfaces.egg-info/SOURCES.txt'
[14.159s] [  4%] Built target ament_cmake_python_build_robm_interfaces_egg
[14.471s] [  4%] Built target robm_interfaces__cpp
[14.547s] [  6%] [32mBuilding C object CMakeFiles/robm_interfaces__rosidl_generator_c.dir/rosidl_generator_c/robm_interfaces/msg/detail/color__functions.c.o[0m
[14.549s] [  7%] [32mBuilding C object CMakeFiles/robm_interfaces__rosidl_generator_c.dir/rosidl_generator_c/robm_interfaces/msg/detail/rover_motors_cmd__description.c.o[0m
[14.549s] [  9%] [32mBuilding C object CMakeFiles/robm_interfaces__rosidl_generator_c.dir/rosidl_generator_c/robm_interfaces/msg/detail/color__type_support.c.o[0m
[14.549s] [ 10%] [32mBuilding C object CMakeFiles/robm_interfaces__rosidl_generator_c.dir/rosidl_generator_c/robm_interfaces/msg/detail/color__description.c.o[0m
[14.550s] [ 12%] [32mBuilding C object CMakeFiles/robm_interfaces__rosidl_generator_c.dir/rosidl_generator_c/robm_interfaces/msg/detail/rover_motors_cmd__functions.c.o[0m
[14.551s] [ 14%] [32mBuilding C object CMakeFiles/robm_interfaces__rosidl_generator_c.dir/rosidl_generator_c/robm_interfaces/msg/detail/gripper_command__description.c.o[0m
[14.552s] [ 15%] [32mBuilding C object CMakeFiles/robm_interfaces__rosidl_generator_c.dir/rosidl_generator_c/robm_interfaces/msg/detail/rover_motors_cmd__type_support.c.o[0m
[14.554s] [ 17%] [32mBuilding C object CMakeFiles/robm_interfaces__rosidl_generator_c.dir/rosidl_generator_c/robm_interfaces/msg/detail/servo_command__functions.c.o[0m
[14.555s] [ 18%] [32mBuilding C object CMakeFiles/robm_interfaces__rosidl_generator_c.dir/rosidl_generator_c/robm_interfaces/msg/detail/servo_command__type_support.c.o[0m
[14.555s] [ 20%] [32mBuilding C object CMakeFiles/robm_interfaces__rosidl_generator_c.dir/rosidl_generator_c/robm_interfaces/msg/detail/gripper_command__functions.c.o[0m
[14.555s] [ 21%] [32mBuilding C object CMakeFiles/robm_interfaces__rosidl_generator_c.dir/rosidl_generator_c/robm_interfaces/msg/detail/gripper_command__type_support.c.o[0m
[14.557s] [ 23%] [32mBuilding C object CMakeFiles/robm_interfaces__rosidl_generator_c.dir/rosidl_generator_c/robm_interfaces/msg/detail/servo_command__description.c.o[0m
[14.725s] [ 25%] [1m[32mLinking C shared library librobm_interfaces__rosidl_generator_c.so[0m
[15.004s] [ 25%] Built target robm_interfaces__rosidl_generator_c
[15.016s] [ 26%] [1m[34mGenerating C introspection for ROS interfaces[0m
[15.016s] [ 29%] [1m[34mGenerating C++ type support dispatch for ROS interfaces[0m
[15.016s] [ 29%] [1m[34mGenerating C type support for eProsima Fast-RTPS[0m
[15.016s] [ 31%] [1m[34mGenerating C++ introspection for ROS interfaces[0m
[15.016s] [ 32%] [1m[34mGenerating C type support dispatch for ROS interfaces[0m
[15.017s] [ 34%] [1m[34mGenerating C++ type support for eProsima Fast-RTPS[0m
[15.343s] [ 35%] [32mBuilding CXX object CMakeFiles/robm_interfaces__rosidl_typesupport_c.dir/rosidl_typesupport_c/robm_interfaces/msg/color__type_support.cpp.o[0m
[15.344s] [ 37%] [32mBuilding CXX object CMakeFiles/robm_interfaces__rosidl_typesupport_c.dir/rosidl_typesupport_c/robm_interfaces/msg/rover_motors_cmd__type_support.cpp.o[0m
[15.346s] [ 39%] [32mBuilding CXX object CMakeFiles/robm_interfaces__rosidl_typesupport_c.dir/rosidl_typesupport_c/robm_interfaces/msg/servo_command__type_support.cpp.o[0m
[15.346s] [ 40%] [32mBuilding CXX object CMakeFiles/robm_interfaces__rosidl_typesupport_c.dir/rosidl_typesupport_c/robm_interfaces/msg/gripper_command__type_support.cpp.o[0m
[15.360s] [ 43%] [32mBuilding CXX object CMakeFiles/robm_interfaces__rosidl_typesupport_cpp.dir/rosidl_typesupport_cpp/robm_interfaces/msg/rover_motors_cmd__type_support.cpp.o[0m
[15.360s] [ 43%] [32mBuilding CXX object CMakeFiles/robm_interfaces__rosidl_typesupport_cpp.dir/rosidl_typesupport_cpp/robm_interfaces/msg/color__type_support.cpp.o[0m
[15.361s] [ 45%] [32mBuilding CXX object CMakeFiles/robm_interfaces__rosidl_typesupport_cpp.dir/rosidl_typesupport_cpp/robm_interfaces/msg/servo_command__type_support.cpp.o[0m
[15.361s] [ 46%] [32mBuilding CXX object CMakeFiles/robm_interfaces__rosidl_typesupport_cpp.dir/rosidl_typesupport_cpp/robm_interfaces/msg/gripper_command__type_support.cpp.o[0m
[15.415s] [ 53%] [32mBuilding CXX object CMakeFiles/robm_interfaces__rosidl_typesupport_introspection_cpp.dir/rosidl_typesupport_introspection_cpp/robm_interfaces/msg/detail/rover_motors_cmd__type_support.cpp.o[0m
[15.417s] [ 53%] [32mBuilding CXX object CMakeFiles/robm_interfaces__rosidl_typesupport_introspection_cpp.dir/rosidl_typesupport_introspection_cpp/robm_interfaces/msg/detail/color__type_support.cpp.o[0m
[15.417s] [ 53%] [32mBuilding CXX object CMakeFiles/robm_interfaces__rosidl_typesupport_introspection_cpp.dir/rosidl_typesupport_introspection_cpp/robm_interfaces/msg/detail/gripper_command__type_support.cpp.o[0m
[15.417s] [ 54%] [32mBuilding C object CMakeFiles/robm_interfaces__rosidl_typesupport_introspection_c.dir/rosidl_typesupport_introspection_c/robm_interfaces/msg/detail/gripper_command__type_support.c.o[0m
[15.417s] [ 53%] [32mBuilding C object CMakeFiles/robm_interfaces__rosidl_typesupport_introspection_c.dir/rosidl_typesupport_introspection_c/robm_interfaces/msg/detail/color__type_support.c.o[0m
[15.417s] [ 57%] [32mBuilding C object CMakeFiles/robm_interfaces__rosidl_typesupport_introspection_c.dir/rosidl_typesupport_introspection_c/robm_interfaces/msg/detail/rover_motors_cmd__type_support.c.o[0m
[15.417s] [ 57%] [32mBuilding CXX object CMakeFiles/robm_interfaces__rosidl_typesupport_introspection_cpp.dir/rosidl_typesupport_introspection_cpp/robm_interfaces/msg/detail/servo_command__type_support.cpp.o[0m
[15.417s] [ 59%] [32mBuilding C object CMakeFiles/robm_interfaces__rosidl_typesupport_introspection_c.dir/rosidl_typesupport_introspection_c/robm_interfaces/msg/detail/servo_command__type_support.c.o[0m
[15.437s] [ 60%] [1m[32mLinking CXX shared library librobm_interfaces__rosidl_typesupport_c.so[0m
[15.491s] [ 62%] [1m[32mLinking C shared library librobm_interfaces__rosidl_typesupport_introspection_c.so[0m
[15.501s] [ 64%] [32mBuilding CXX object CMakeFiles/robm_interfaces__rosidl_typesupport_fastrtps_c.dir/rosidl_typesupport_fastrtps_c/robm_interfaces/msg/detail/color__type_support_c.cpp.o[0m
[15.501s] [ 65%] [32mBuilding CXX object CMakeFiles/robm_interfaces__rosidl_typesupport_fastrtps_c.dir/rosidl_typesupport_fastrtps_c/robm_interfaces/msg/detail/gripper_command__type_support_c.cpp.o[0m
[15.502s] [ 67%] [32mBuilding CXX object CMakeFiles/robm_interfaces__rosidl_typesupport_fastrtps_c.dir/rosidl_typesupport_fastrtps_c/robm_interfaces/msg/detail/rover_motors_cmd__type_support_c.cpp.o[0m
[15.502s] [ 68%] [32mBuilding CXX object CMakeFiles/robm_interfaces__rosidl_typesupport_fastrtps_c.dir/rosidl_typesupport_fastrtps_c/robm_interfaces/msg/detail/servo_command__type_support_c.cpp.o[0m
[15.510s] [ 70%] [32mBuilding CXX object CMakeFiles/robm_interfaces__rosidl_typesupport_fastrtps_cpp.dir/rosidl_typesupport_fastrtps_cpp/robm_interfaces/msg/detail/dds_fastrtps/rover_motors_cmd__type_support.cpp.o[0m
[15.511s] [ 71%] [32mBuilding CXX object CMakeFiles/robm_interfaces__rosidl_typesupport_fastrtps_cpp.dir/rosidl_typesupport_fastrtps_cpp/robm_interfaces/msg/detail/dds_fastrtps/color__type_support.cpp.o[0m
[15.511s] [ 73%] [32mBuilding CXX object CMakeFiles/robm_interfaces__rosidl_typesupport_fastrtps_cpp.dir/rosidl_typesupport_fastrtps_cpp/robm_interfaces/msg/detail/dds_fastrtps/servo_command__type_support.cpp.o[0m
[15.512s] [ 75%] [32mBuilding CXX object CMakeFiles/robm_interfaces__rosidl_typesupport_fastrtps_cpp.dir/rosidl_typesupport_fastrtps_cpp/robm_interfaces/msg/detail/dds_fastrtps/gripper_command__type_support.cpp.o[0m
[15.636s] [ 75%] Built target robm_interfaces__rosidl_typesupport_c
[15.689s] [ 75%] Built target robm_interfaces__rosidl_typesupport_introspection_c
[16.258s] [ 76%] [1m[32mLinking CXX shared library librobm_interfaces__rosidl_typesupport_cpp.so[0m
[16.283s] [ 78%] [1m[32mLinking CXX shared library librobm_interfaces__rosidl_typesupport_introspection_cpp.so[0m
[16.401s] [ 78%] Built target robm_interfaces__rosidl_typesupport_cpp
[16.435s] [ 78%] Built target robm_interfaces__rosidl_typesupport_introspection_cpp
[16.559s] [ 79%] [1m[32mLinking CXX shared library librobm_interfaces__rosidl_typesupport_fastrtps_c.so[0m
[16.596s] [ 81%] [1m[32mLinking CXX shared library librobm_interfaces__rosidl_typesupport_fastrtps_cpp.so[0m
[16.737s] [ 81%] Built target robm_interfaces__rosidl_typesupport_fastrtps_c
[16.744s] [ 81%] Built target robm_interfaces__rosidl_typesupport_fastrtps_cpp
[16.760s] [ 81%] Built target robm_interfaces
[16.776s] [ 82%] [1m[34mGenerating Python code for ROS interfaces[0m
[17.329s] [ 82%] Built target robm_interfaces__py
[17.348s] [ 85%] [32mBuilding C object CMakeFiles/robm_interfaces__rosidl_generator_py.dir/rosidl_generator_py/robm_interfaces/msg/_rover_motors_cmd_s.c.o[0m
[17.348s] [ 85%] [32mBuilding C object CMakeFiles/robm_interfaces__rosidl_generator_py.dir/rosidl_generator_py/robm_interfaces/msg/_color_s.c.o[0m
[17.349s] [ 89%] [32mBuilding C object CMakeFiles/robm_interfaces__rosidl_generator_py.dir/rosidl_generator_py/robm_interfaces/msg/_gripper_command_s.c.o[0m
[17.349s] [ 89%] [32mBuilding C object CMakeFiles/robm_interfaces__rosidl_generator_py.dir/rosidl_generator_py/robm_interfaces/msg/_servo_command_s.c.o[0m
[17.662s] [ 90%] [1m[32mLinking C shared library librobm_interfaces__rosidl_generator_py.so[0m
[17.906s] [ 90%] Built target robm_interfaces__rosidl_generator_py
[17.924s] [ 92%] [32mBuilding C object CMakeFiles/robm_interfaces_s__rosidl_typesupport_fastrtps_c.dir/rosidl_generator_py/robm_interfaces/_robm_interfaces_s.ep.rosidl_typesupport_fastrtps_c.c.o[0m
[17.927s] [ 95%] [32mBuilding C object CMakeFiles/robm_interfaces_s__rosidl_typesupport_c.dir/rosidl_generator_py/robm_interfaces/_robm_interfaces_s.ep.rosidl_typesupport_c.c.o[0m
[17.927s] [ 95%] [32mBuilding C object CMakeFiles/robm_interfaces_s__rosidl_typesupport_introspection_c.dir/rosidl_generator_py/robm_interfaces/_robm_interfaces_s.ep.rosidl_typesupport_introspection_c.c.o[0m
[18.110s] [ 96%] [1m[32mLinking C shared module rosidl_generator_py/robm_interfaces/robm_interfaces_s__rosidl_typesupport_c.so[0m
[18.111s] [ 98%] [1m[32mLinking C shared module rosidl_generator_py/robm_interfaces/robm_interfaces_s__rosidl_typesupport_introspection_c.so[0m
[18.116s] [100%] [1m[32mLinking C shared module rosidl_generator_py/robm_interfaces/robm_interfaces_s__rosidl_typesupport_fastrtps_c.so[0m
[18.208s] [100%] Built target robm_interfaces_s__rosidl_typesupport_c
[18.208s] [100%] Built target robm_interfaces_s__rosidl_typesupport_introspection_c
[18.258s] [100%] Built target robm_interfaces_s__rosidl_typesupport_fastrtps_c
[18.269s] Invoked command in '/home/aichou/uni_projects/ROBM/robm-pixi/build/robm_interfaces' returned '0': CONDA_ENV_SHLVL_2_PIXI_PROMPT=(robm) PIXI_PROMPT=(robm) PS1=(robm) \[\e]0;\u@\h: \w\a\]${debian_chroot:+($debian_chroot)}\[\033[01;32m\]\u@\h\[\033[00m\]:\[\033[01;34m\]\w\[\033[00m\]\$ /home/aichou/uni_projects/ROBM/robm-pixi/.pixi/envs/default/bin/cmake --build /home/aichou/uni_projects/ROBM/robm-pixi/build/robm_interfaces -- -j22 -l22
[18.277s] Invoking command in '/home/aichou/uni_projects/ROBM/robm-pixi/build/robm_interfaces': CONDA_ENV_SHLVL_2_PIXI_PROMPT=(robm) PIXI_PROMPT=(robm) PS1=(robm) \[\e]0;\u@\h: \w\a\]${debian_chroot:+($debian_chroot)}\[\033[01;32m\]\u@\h\[\033[00m\]:\[\033[01;34m\]\w\[\033[00m\]\$ /home/aichou/uni_projects/ROBM/robm-pixi/.pixi/envs/default/bin/cmake --install /home/aichou/uni_projects/ROBM/robm-pixi/build/robm_interfaces
[18.283s] -- Install configuration: ""
[18.284s] -- Execute custom install script
[18.285s] -- Symlinking: /home/aichou/uni_projects/ROBM/robm-pixi/install/robm_interfaces/share/ament_index/resource_index/rosidl_interfaces/robm_interfaces
[18.292s] -- Symlinking: /home/aichou/uni_projects/ROBM/robm-pixi/install/robm_interfaces/share/robm_interfaces/msg/Color.json
[18.300s] -- Symlinking: /home/aichou/uni_projects/ROBM/robm-pixi/install/robm_interfaces/share/robm_interfaces/msg/RoverMotorsCmd.json
[18.306s] -- Symlinking: /home/aichou/uni_projects/ROBM/robm-pixi/install/robm_interfaces/share/robm_interfaces/msg/GripperCommand.json
[18.312s] -- Symlinking: /home/aichou/uni_projects/ROBM/robm-pixi/install/robm_interfaces/share/robm_interfaces/msg/ServoCommand.json
[18.320s] -- Symlinking: /home/aichou/uni_projects/ROBM/robm-pixi/install/robm_interfaces/include/robm_interfaces/robm_interfaces/msg/color.h
[18.327s] -- Symlinking: /home/aichou/uni_projects/ROBM/robm-pixi/install/robm_interfaces/include/robm_interfaces/robm_interfaces/msg/detail/color__functions.h
[18.334s] -- Symlinking: /home/aichou/uni_projects/ROBM/robm-pixi/install/robm_interfaces/include/robm_interfaces/robm_interfaces/msg/detail/color__struct.h
[18.340s] -- Symlinking: /home/aichou/uni_projects/ROBM/robm-pixi/install/robm_interfaces/include/robm_interfaces/robm_interfaces/msg/detail/color__type_support.h
[18.346s] -- Symlinking: /home/aichou/uni_projects/ROBM/robm-pixi/install/robm_interfaces/include/robm_interfaces/robm_interfaces/msg/detail/gripper_command__functions.h
[18.352s] -- Symlinking: /home/aichou/uni_projects/ROBM/robm-pixi/install/robm_interfaces/include/robm_interfaces/robm_interfaces/msg/detail/gripper_command__struct.h
[18.360s] -- Symlinking: /home/aichou/uni_projects/ROBM/robm-pixi/install/robm_interfaces/include/robm_interfaces/robm_interfaces/msg/detail/gripper_command__type_support.h
[18.367s] -- Symlinking: /home/aichou/uni_projects/ROBM/robm-pixi/install/robm_interfaces/include/robm_interfaces/robm_interfaces/msg/detail/rover_motors_cmd__functions.h
[18.374s] -- Symlinking: /home/aichou/uni_projects/ROBM/robm-pixi/install/robm_interfaces/include/robm_interfaces/robm_interfaces/msg/detail/rover_motors_cmd__struct.h
[18.381s] -- Symlinking: /home/aichou/uni_projects/ROBM/robm-pixi/install/robm_interfaces/include/robm_interfaces/robm_interfaces/msg/detail/rover_motors_cmd__type_support.h
[18.387s] -- Symlinking: /home/aichou/uni_projects/ROBM/robm-pixi/install/robm_interfaces/include/robm_interfaces/robm_interfaces/msg/detail/servo_command__functions.h
[18.394s] -- Symlinking: /home/aichou/uni_projects/ROBM/robm-pixi/install/robm_interfaces/include/robm_interfaces/robm_interfaces/msg/detail/servo_command__struct.h
[18.401s] -- Symlinking: /home/aichou/uni_projects/ROBM/robm-pixi/install/robm_interfaces/include/robm_interfaces/robm_interfaces/msg/detail/servo_command__type_support.h
[18.408s] -- Symlinking: /home/aichou/uni_projects/ROBM/robm-pixi/install/robm_interfaces/include/robm_interfaces/robm_interfaces/msg/gripper_command.h
[18.415s] -- Symlinking: /home/aichou/uni_projects/ROBM/robm-pixi/install/robm_interfaces/include/robm_interfaces/robm_interfaces/msg/rosidl_generator_c__visibility_control.h
[18.426s] -- Symlinking: /home/aichou/uni_projects/ROBM/robm-pixi/install/robm_interfaces/include/robm_interfaces/robm_interfaces/msg/rover_motors_cmd.h
[18.433s] -- Symlinking: /home/aichou/uni_projects/ROBM/robm-pixi/install/robm_interfaces/include/robm_interfaces/robm_interfaces/msg/servo_command.h
[18.439s] -- Symlinking: /home/aichou/uni_projects/ROBM/robm-pixi/install/robm_interfaces/share/robm_interfaces/environment/library_path.sh
[18.445s] -- Symlinking: /home/aichou/uni_projects/ROBM/robm-pixi/install/robm_interfaces/share/robm_interfaces/environment/library_path.dsv
[18.453s] -- Symlinking: /home/aichou/uni_projects/ROBM/robm-pixi/install/robm_interfaces/include/robm_interfaces/robm_interfaces/msg/detail/color__rosidl_typesupport_fastrtps_c.h
[18.460s] -- Symlinking: /home/aichou/uni_projects/ROBM/robm-pixi/install/robm_interfaces/include/robm_interfaces/robm_interfaces/msg/detail/gripper_command__rosidl_typesupport_fastrtps_c.h
[18.468s] -- Symlinking: /home/aichou/uni_projects/ROBM/robm-pixi/install/robm_interfaces/include/robm_interfaces/robm_interfaces/msg/detail/rover_motors_cmd__rosidl_typesupport_fastrtps_c.h
[18.475s] -- Symlinking: /home/aichou/uni_projects/ROBM/robm-pixi/install/robm_interfaces/include/robm_interfaces/robm_interfaces/msg/detail/servo_command__rosidl_typesupport_fastrtps_c.h
[18.481s] -- Symlinking: /home/aichou/uni_projects/ROBM/robm-pixi/install/robm_interfaces/include/robm_interfaces/robm_interfaces/msg/rosidl_typesupport_fastrtps_c__visibility_control.h
[18.487s] -- Symlinking: /home/aichou/uni_projects/ROBM/robm-pixi/install/robm_interfaces/include/robm_interfaces/robm_interfaces/msg/color.hpp
[18.495s] -- Symlinking: /home/aichou/uni_projects/ROBM/robm-pixi/install/robm_interfaces/include/robm_interfaces/robm_interfaces/msg/detail/color__builder.hpp
[18.502s] -- Symlinking: /home/aichou/uni_projects/ROBM/robm-pixi/install/robm_interfaces/include/robm_interfaces/robm_interfaces/msg/detail/color__struct.hpp
[18.509s] -- Symlinking: /home/aichou/uni_projects/ROBM/robm-pixi/install/robm_interfaces/include/robm_interfaces/robm_interfaces/msg/detail/color__traits.hpp
[18.516s] -- Symlinking: /home/aichou/uni_projects/ROBM/robm-pixi/install/robm_interfaces/include/robm_interfaces/robm_interfaces/msg/detail/color__type_support.hpp
[18.524s] -- Symlinking: /home/aichou/uni_projects/ROBM/robm-pixi/install/robm_interfaces/include/robm_interfaces/robm_interfaces/msg/detail/gripper_command__builder.hpp
[18.531s] -- Symlinking: /home/aichou/uni_projects/ROBM/robm-pixi/install/robm_interfaces/include/robm_interfaces/robm_interfaces/msg/detail/gripper_command__struct.hpp
[18.539s] -- Symlinking: /home/aichou/uni_projects/ROBM/robm-pixi/install/robm_interfaces/include/robm_interfaces/robm_interfaces/msg/detail/gripper_command__traits.hpp
[18.545s] -- Symlinking: /home/aichou/uni_projects/ROBM/robm-pixi/install/robm_interfaces/include/robm_interfaces/robm_interfaces/msg/detail/gripper_command__type_support.hpp
[18.551s] -- Symlinking: /home/aichou/uni_projects/ROBM/robm-pixi/install/robm_interfaces/include/robm_interfaces/robm_interfaces/msg/detail/rover_motors_cmd__builder.hpp
[18.562s] -- Symlinking: /home/aichou/uni_projects/ROBM/robm-pixi/install/robm_interfaces/include/robm_interfaces/robm_interfaces/msg/detail/rover_motors_cmd__struct.hpp
[18.570s] -- Symlinking: /home/aichou/uni_projects/ROBM/robm-pixi/install/robm_interfaces/include/robm_interfaces/robm_interfaces/msg/detail/rover_motors_cmd__traits.hpp
[18.575s] -- Symlinking: /home/aichou/uni_projects/ROBM/robm-pixi/install/robm_interfaces/include/robm_interfaces/robm_interfaces/msg/detail/rover_motors_cmd__type_support.hpp
[18.581s] -- Symlinking: /home/aichou/uni_projects/ROBM/robm-pixi/install/robm_interfaces/include/robm_interfaces/robm_interfaces/msg/detail/servo_command__builder.hpp
[18.588s] -- Symlinking: /home/aichou/uni_projects/ROBM/robm-pixi/install/robm_interfaces/include/robm_interfaces/robm_interfaces/msg/detail/servo_command__struct.hpp
[18.594s] -- Symlinking: /home/aichou/uni_projects/ROBM/robm-pixi/install/robm_interfaces/include/robm_interfaces/robm_interfaces/msg/detail/servo_command__traits.hpp
[18.601s] -- Symlinking: /home/aichou/uni_projects/ROBM/robm-pixi/install/robm_interfaces/include/robm_interfaces/robm_interfaces/msg/detail/servo_command__type_support.hpp
[18.609s] -- Symlinking: /home/aichou/uni_projects/ROBM/robm-pixi/install/robm_interfaces/include/robm_interfaces/robm_interfaces/msg/gripper_command.hpp
[18.617s] -- Symlinking: /home/aichou/uni_projects/ROBM/robm-pixi/install/robm_interfaces/include/robm_interfaces/robm_interfaces/msg/rosidl_generator_cpp__visibility_control.hpp
[18.623s] -- Symlinking: /home/aichou/uni_projects/ROBM/robm-pixi/install/robm_interfaces/include/robm_interfaces/robm_interfaces/msg/rover_motors_cmd.hpp
[18.631s] -- Symlinking: /home/aichou/uni_projects/ROBM/robm-pixi/install/robm_interfaces/include/robm_interfaces/robm_interfaces/msg/servo_command.hpp
[18.639s] -- Symlinking: /home/aichou/uni_projects/ROBM/robm-pixi/install/robm_interfaces/include/robm_interfaces/robm_interfaces/msg/detail/color__rosidl_typesupport_fastrtps_cpp.hpp
[18.646s] -- Symlinking: /home/aichou/uni_projects/ROBM/robm-pixi/install/robm_interfaces/include/robm_interfaces/robm_interfaces/msg/detail/gripper_command__rosidl_typesupport_fastrtps_cpp.hpp
[18.653s] -- Symlinking: /home/aichou/uni_projects/ROBM/robm-pixi/install/robm_interfaces/include/robm_interfaces/robm_interfaces/msg/detail/rover_motors_cmd__rosidl_typesupport_fastrtps_cpp.hpp
[18.660s] -- Symlinking: /home/aichou/uni_projects/ROBM/robm-pixi/install/robm_interfaces/include/robm_interfaces/robm_interfaces/msg/detail/servo_command__rosidl_typesupport_fastrtps_cpp.hpp
[18.667s] -- Symlinking: /home/aichou/uni_projects/ROBM/robm-pixi/install/robm_interfaces/include/robm_interfaces/robm_interfaces/msg/rosidl_typesupport_fastrtps_cpp__visibility_control.h
[18.675s] -- Symlinking: /home/aichou/uni_projects/ROBM/robm-pixi/install/robm_interfaces/include/robm_interfaces/robm_interfaces/msg/detail/color__rosidl_typesupport_introspection_c.h
[18.686s] -- Symlinking: /home/aichou/uni_projects/ROBM/robm-pixi/install/robm_interfaces/include/robm_interfaces/robm_interfaces/msg/detail/gripper_command__rosidl_typesupport_introspection_c.h
[18.693s] -- Symlinking: /home/aichou/uni_projects/ROBM/robm-pixi/install/robm_interfaces/include/robm_interfaces/robm_interfaces/msg/detail/rover_motors_cmd__rosidl_typesupport_introspection_c.h
[18.699s] -- Symlinking: /home/aichou/uni_projects/ROBM/robm-pixi/install/robm_interfaces/include/robm_interfaces/robm_interfaces/msg/detail/servo_command__rosidl_typesupport_introspection_c.h
[18.707s] -- Symlinking: /home/aichou/uni_projects/ROBM/robm-pixi/install/robm_interfaces/include/robm_interfaces/robm_interfaces/msg/rosidl_typesupport_introspection_c__visibility_control.h
[18.714s] -- Symlinking: /home/aichou/uni_projects/ROBM/robm-pixi/install/robm_interfaces/include/robm_interfaces/robm_interfaces/msg/detail/color__rosidl_typesupport_introspection_cpp.hpp
[18.719s] -- Symlinking: /home/aichou/uni_projects/ROBM/robm-pixi/install/robm_interfaces/include/robm_interfaces/robm_interfaces/msg/detail/gripper_command__rosidl_typesupport_introspection_cpp.hpp
[18.725s] -- Symlinking: /home/aichou/uni_projects/ROBM/robm-pixi/install/robm_interfaces/include/robm_interfaces/robm_interfaces/msg/detail/rover_motors_cmd__rosidl_typesupport_introspection_cpp.hpp
[18.733s] -- Symlinking: /home/aichou/uni_projects/ROBM/robm-pixi/install/robm_interfaces/include/robm_interfaces/robm_interfaces/msg/detail/servo_command__rosidl_typesupport_introspection_cpp.hpp
[18.741s] -- Symlinking: /home/aichou/uni_projects/ROBM/robm-pixi/install/robm_interfaces/share/robm_interfaces/environment/pythonpath.sh
[18.747s] -- Symlinking: /home/aichou/uni_projects/ROBM/robm-pixi/install/robm_interfaces/share/robm_interfaces/environment/pythonpath.dsv
[18.754s] -- Symlinking: /home/aichou/uni_projects/ROBM/robm-pixi/install/robm_interfaces/lib/python3.12/site-packages/robm_interfaces-0.1.0-py3.12.egg-info/PKG-INFO
[18.761s] -- Symlinking: /home/aichou/uni_projects/ROBM/robm-pixi/install/robm_interfaces/lib/python3.12/site-packages/robm_interfaces-0.1.0-py3.12.egg-info/SOURCES.txt
[18.768s] -- Symlinking: /home/aichou/uni_projects/ROBM/robm-pixi/install/robm_interfaces/lib/python3.12/site-packages/robm_interfaces-0.1.0-py3.12.egg-info/dependency_links.txt
[18.775s] -- Symlinking: /home/aichou/uni_projects/ROBM/robm-pixi/install/robm_interfaces/lib/python3.12/site-packages/robm_interfaces-0.1.0-py3.12.egg-info/top_level.txt
[18.782s] -- Symlinking: /home/aichou/uni_projects/ROBM/robm-pixi/install/robm_interfaces/lib/python3.12/site-packages/robm_interfaces/__init__.py
[18.790s] -- Symlinking: /home/aichou/uni_projects/ROBM/robm-pixi/install/robm_interfaces/lib/python3.12/site-packages/robm_interfaces/_robm_interfaces_s.ep.rosidl_typesupport_c.c
[18.797s] -- Symlinking: /home/aichou/uni_projects/ROBM/robm-pixi/install/robm_interfaces/lib/python3.12/site-packages/robm_interfaces/_robm_interfaces_s.ep.rosidl_typesupport_fastrtps_c.c
[18.805s] -- Symlinking: /home/aichou/uni_projects/ROBM/robm-pixi/install/robm_interfaces/lib/python3.12/site-packages/robm_interfaces/_robm_interfaces_s.ep.rosidl_typesupport_introspection_c.c
[18.812s] -- Symlinking: /home/aichou/uni_projects/ROBM/robm-pixi/install/robm_interfaces/lib/python3.12/site-packages/robm_interfaces/msg/__init__.py
[18.818s] -- Symlinking: /home/aichou/uni_projects/ROBM/robm-pixi/install/robm_interfaces/lib/python3.12/site-packages/robm_interfaces/msg/_color.py
[18.824s] -- Symlinking: /home/aichou/uni_projects/ROBM/robm-pixi/install/robm_interfaces/lib/python3.12/site-packages/robm_interfaces/msg/_color_s.c
[18.830s] -- Symlinking: /home/aichou/uni_projects/ROBM/robm-pixi/install/robm_interfaces/lib/python3.12/site-packages/robm_interfaces/msg/_gripper_command.py
[18.838s] -- Symlinking: /home/aichou/uni_projects/ROBM/robm-pixi/install/robm_interfaces/lib/python3.12/site-packages/robm_interfaces/msg/_gripper_command_s.c
[18.846s] -- Symlinking: /home/aichou/uni_projects/ROBM/robm-pixi/install/robm_interfaces/lib/python3.12/site-packages/robm_interfaces/msg/_rover_motors_cmd.py
[18.852s] -- Symlinking: /home/aichou/uni_projects/ROBM/robm-pixi/install/robm_interfaces/lib/python3.12/site-packages/robm_interfaces/msg/_rover_motors_cmd_s.c
[18.860s] -- Symlinking: /home/aichou/uni_projects/ROBM/robm-pixi/install/robm_interfaces/lib/python3.12/site-packages/robm_interfaces/msg/_servo_command.py
[18.869s] -- Symlinking: /home/aichou/uni_projects/ROBM/robm-pixi/install/robm_interfaces/lib/python3.12/site-packages/robm_interfaces/msg/_servo_command_s.c
[18.875s] -- Symlinking: /home/aichou/uni_projects/ROBM/robm-pixi/install/robm_interfaces/lib/python3.12/site-packages/robm_interfaces/robm_interfaces_s__rosidl_typesupport_c.so
[18.882s] -- Symlinking: /home/aichou/uni_projects/ROBM/robm-pixi/install/robm_interfaces/lib/python3.12/site-packages/robm_interfaces/robm_interfaces_s__rosidl_typesupport_fastrtps_c.so
[18.893s] -- Symlinking: /home/aichou/uni_projects/ROBM/robm-pixi/install/robm_interfaces/lib/python3.12/site-packages/robm_interfaces/robm_interfaces_s__rosidl_typesupport_introspection_c.so
[18.901s] -- Up-to-date symlink: /home/aichou/uni_projects/ROBM/robm-pixi/install/robm_interfaces/lib/python3.12/site-packages/robm_interfaces/robm_interfaces_s__rosidl_typesupport_fastrtps_c.so
[18.901s] -- Up-to-date symlink: /home/aichou/uni_projects/ROBM/robm-pixi/install/robm_interfaces/lib/python3.12/site-packages/robm_interfaces/robm_interfaces_s__rosidl_typesupport_introspection_c.so
[18.901s] -- Up-to-date symlink: /home/aichou/uni_projects/ROBM/robm-pixi/install/robm_interfaces/lib/python3.12/site-packages/robm_interfaces/robm_interfaces_s__rosidl_typesupport_c.so
[18.901s] -- Symlinking: /home/aichou/uni_projects/ROBM/robm-pixi/install/robm_interfaces/share/robm_interfaces/msg/Color.idl
[18.907s] -- Symlinking: /home/aichou/uni_projects/ROBM/robm-pixi/install/robm_interfaces/share/robm_interfaces/msg/RoverMotorsCmd.idl
[18.914s] -- Symlinking: /home/aichou/uni_projects/ROBM/robm-pixi/install/robm_interfaces/share/robm_interfaces/msg/GripperCommand.idl
[18.920s] -- Symlinking: /home/aichou/uni_projects/ROBM/robm-pixi/install/robm_interfaces/share/robm_interfaces/msg/ServoCommand.idl
[18.927s] -- Symlinking: /home/aichou/uni_projects/ROBM/robm-pixi/install/robm_interfaces/share/robm_interfaces/msg/Color.msg
[18.933s] -- Symlinking: /home/aichou/uni_projects/ROBM/robm-pixi/install/robm_interfaces/share/robm_interfaces/msg/RoverMotorsCmd.msg
[18.940s] -- Symlinking: /home/aichou/uni_projects/ROBM/robm-pixi/install/robm_interfaces/share/robm_interfaces/msg/GripperCommand.msg
[18.948s] -- Symlinking: /home/aichou/uni_projects/ROBM/robm-pixi/install/robm_interfaces/share/robm_interfaces/msg/ServoCommand.msg
[18.954s] -- Symlinking: /home/aichou/uni_projects/ROBM/robm-pixi/install/robm_interfaces/share/ament_index/resource_index/package_run_dependencies/robm_interfaces
[18.963s] -- Symlinking: /home/aichou/uni_projects/ROBM/robm-pixi/install/robm_interfaces/share/ament_index/resource_index/parent_prefix_path/robm_interfaces
[18.971s] -- Symlinking: /home/aichou/uni_projects/ROBM/robm-pixi/install/robm_interfaces/share/robm_interfaces/environment/ament_prefix_path.sh
[18.977s] -- Symlinking: /home/aichou/uni_projects/ROBM/robm-pixi/install/robm_interfaces/share/robm_interfaces/environment/ament_prefix_path.dsv
[18.985s] -- Symlinking: /home/aichou/uni_projects/ROBM/robm-pixi/install/robm_interfaces/share/robm_interfaces/environment/path.sh
[18.991s] -- Symlinking: /home/aichou/uni_projects/ROBM/robm-pixi/install/robm_interfaces/share/robm_interfaces/environment/path.dsv
[18.997s] -- Symlinking: /home/aichou/uni_projects/ROBM/robm-pixi/install/robm_interfaces/share/robm_interfaces/local_setup.bash
[19.003s] -- Symlinking: /home/aichou/uni_projects/ROBM/robm-pixi/install/robm_interfaces/share/robm_interfaces/local_setup.sh
[19.009s] -- Symlinking: /home/aichou/uni_projects/ROBM/robm-pixi/install/robm_interfaces/share/robm_interfaces/local_setup.zsh
[19.016s] -- Symlinking: /home/aichou/uni_projects/ROBM/robm-pixi/install/robm_interfaces/share/robm_interfaces/local_setup.dsv
[19.023s] -- Symlinking: /home/aichou/uni_projects/ROBM/robm-pixi/install/robm_interfaces/share/robm_interfaces/package.dsv
[19.030s] -- Symlinking: /home/aichou/uni_projects/ROBM/robm-pixi/install/robm_interfaces/share/ament_index/resource_index/packages/robm_interfaces
[19.037s] -- Symlinking: /home/aichou/uni_projects/ROBM/robm-pixi/install/robm_interfaces/share/robm_interfaces/cmake/rosidl_cmake-extras.cmake
[19.044s] -- Symlinking: /home/aichou/uni_projects/ROBM/robm-pixi/install/robm_interfaces/share/robm_interfaces/cmake/ament_cmake_export_dependencies-extras.cmake
[19.050s] -- Symlinking: /home/aichou/uni_projects/ROBM/robm-pixi/install/robm_interfaces/share/robm_interfaces/cmake/ament_cmake_export_include_directories-extras.cmake
[19.059s] -- Symlinking: /home/aichou/uni_projects/ROBM/robm-pixi/install/robm_interfaces/share/robm_interfaces/cmake/ament_cmake_export_libraries-extras.cmake
[19.066s] -- Symlinking: /home/aichou/uni_projects/ROBM/robm-pixi/install/robm_interfaces/share/robm_interfaces/cmake/ament_cmake_export_targets-extras.cmake
[19.073s] -- Symlinking: /home/aichou/uni_projects/ROBM/robm-pixi/install/robm_interfaces/share/robm_interfaces/cmake/rosidl_cmake_export_typesupport_targets-extras.cmake
[19.079s] -- Symlinking: /home/aichou/uni_projects/ROBM/robm-pixi/install/robm_interfaces/share/robm_interfaces/cmake/rosidl_cmake_export_typesupport_libraries-extras.cmake
[19.085s] -- Symlinking: /home/aichou/uni_projects/ROBM/robm-pixi/install/robm_interfaces/share/robm_interfaces/cmake/robm_interfacesConfig.cmake
[19.092s] -- Symlinking: /home/aichou/uni_projects/ROBM/robm-pixi/install/robm_interfaces/share/robm_interfaces/cmake/robm_interfacesConfig-version.cmake
[19.098s] -- Symlinking: /home/aichou/uni_projects/ROBM/robm-pixi/install/robm_interfaces/share/robm_interfaces/package.xml
[19.104s] -- Installing: /home/aichou/uni_projects/ROBM/robm-pixi/install/robm_interfaces/lib/librobm_interfaces__rosidl_generator_c.so
[19.104s] -- Installing: /home/aichou/uni_projects/ROBM/robm-pixi/install/robm_interfaces/lib/librobm_interfaces__rosidl_typesupport_fastrtps_c.so
[19.104s] -- Set non-toolchain portion of runtime path of "/home/aichou/uni_projects/ROBM/robm-pixi/install/robm_interfaces/lib/librobm_interfaces__rosidl_typesupport_fastrtps_c.so" to ""
[19.105s] -- Installing: /home/aichou/uni_projects/ROBM/robm-pixi/install/robm_interfaces/lib/librobm_interfaces__rosidl_typesupport_fastrtps_cpp.so
[19.105s] -- Set non-toolchain portion of runtime path of "/home/aichou/uni_projects/ROBM/robm-pixi/install/robm_interfaces/lib/librobm_interfaces__rosidl_typesupport_fastrtps_cpp.so" to ""
[19.105s] -- Installing: /home/aichou/uni_projects/ROBM/robm-pixi/install/robm_interfaces/lib/librobm_interfaces__rosidl_typesupport_introspection_c.so
[19.105s] -- Set non-toolchain portion of runtime path of "/home/aichou/uni_projects/ROBM/robm-pixi/install/robm_interfaces/lib/librobm_interfaces__rosidl_typesupport_introspection_c.so" to ""
[19.105s] -- Installing: /home/aichou/uni_projects/ROBM/robm-pixi/install/robm_interfaces/lib/librobm_interfaces__rosidl_typesupport_c.so
[19.105s] -- Set non-toolchain portion of runtime path of "/home/aichou/uni_projects/ROBM/robm-pixi/install/robm_interfaces/lib/librobm_interfaces__rosidl_typesupport_c.so" to ""
[19.106s] -- Installing: /home/aichou/uni_projects/ROBM/robm-pixi/install/robm_interfaces/lib/librobm_interfaces__rosidl_typesupport_introspection_cpp.so
[19.106s] -- Set non-toolchain portion of runtime path of "/home/aichou/uni_projects/ROBM/robm-pixi/install/robm_interfaces/lib/librobm_interfaces__rosidl_typesupport_introspection_cpp.so" to ""
[19.106s] -- Installing: /home/aichou/uni_projects/ROBM/robm-pixi/install/robm_interfaces/lib/librobm_interfaces__rosidl_typesupport_cpp.so
[19.106s] -- Set non-toolchain portion of runtime path of "/home/aichou/uni_projects/ROBM/robm-pixi/install/robm_interfaces/lib/librobm_interfaces__rosidl_typesupport_cpp.so" to ""
[19.203s] Listing '/home/aichou/uni_projects/ROBM/robm-pixi/install/robm_interfaces/lib/python3.12/site-packages/robm_interfaces'...
[19.203s] Compiling '/home/aichou/uni_projects/ROBM/robm-pixi/install/robm_interfaces/lib/python3.12/site-packages/robm_interfaces/__init__.py'...
[19.203s] Listing '/home/aichou/uni_projects/ROBM/robm-pixi/install/robm_interfaces/lib/python3.12/site-packages/robm_interfaces/msg'...
[19.203s] Compiling '/home/aichou/uni_projects/ROBM/robm-pixi/install/robm_interfaces/lib/python3.12/site-packages/robm_interfaces/msg/__init__.py'...
[19.203s] Compiling '/home/aichou/uni_projects/ROBM/robm-pixi/install/robm_interfaces/lib/python3.12/site-packages/robm_interfaces/msg/_color.py'...
[19.203s] Compiling '/home/aichou/uni_projects/ROBM/robm-pixi/install/robm_interfaces/lib/python3.12/site-packages/robm_interfaces/msg/_gripper_command.py'...
[19.203s] Compiling '/home/aichou/uni_projects/ROBM/robm-pixi/install/robm_interfaces/lib/python3.12/site-packages/robm_interfaces/msg/_rover_motors_cmd.py'...
[19.203s] Compiling '/home/aichou/uni_projects/ROBM/robm-pixi/install/robm_interfaces/lib/python3.12/site-packages/robm_interfaces/msg/_servo_command.py'...
[19.212s] -- Installing: /home/aichou/uni_projects/ROBM/robm-pixi/install/robm_interfaces/lib/librobm_interfaces__rosidl_generator_py.so
[19.212s] -- Set non-toolchain portion of runtime path of "/home/aichou/uni_projects/ROBM/robm-pixi/install/robm_interfaces/lib/librobm_interfaces__rosidl_generator_py.so" to ""
[19.212s] -- Installing: /home/aichou/uni_projects/ROBM/robm-pixi/install/robm_interfaces/share/robm_interfaces/cmake/export_robm_interfaces__rosidl_generator_cExport.cmake
[19.212s] -- Installing: /home/aichou/uni_projects/ROBM/robm-pixi/install/robm_interfaces/share/robm_interfaces/cmake/export_robm_interfaces__rosidl_generator_cExport-noconfig.cmake
[19.213s] -- Installing: /home/aichou/uni_projects/ROBM/robm-pixi/install/robm_interfaces/share/robm_interfaces/cmake/export_robm_interfaces__rosidl_typesupport_fastrtps_cExport.cmake
[19.213s] -- Installing: /home/aichou/uni_projects/ROBM/robm-pixi/install/robm_interfaces/share/robm_interfaces/cmake/export_robm_interfaces__rosidl_typesupport_fastrtps_cExport-noconfig.cmake
[19.213s] -- Installing: /home/aichou/uni_projects/ROBM/robm-pixi/install/robm_interfaces/share/robm_interfaces/cmake/export_robm_interfaces__rosidl_generator_cppExport.cmake
[19.213s] -- Installing: /home/aichou/uni_projects/ROBM/robm-pixi/install/robm_interfaces/share/robm_interfaces/cmake/export_robm_interfaces__rosidl_typesupport_fastrtps_cppExport.cmake
[19.213s] -- Installing: /home/aichou/uni_projects/ROBM/robm-pixi/install/robm_interfaces/share/robm_interfaces/cmake/export_robm_interfaces__rosidl_typesupport_fastrtps_cppExport-noconfig.cmake
[19.213s] -- Installing: /home/aichou/uni_projects/ROBM/robm-pixi/install/robm_interfaces/share/robm_interfaces/cmake/robm_interfaces__rosidl_typesupport_introspection_cExport.cmake
[19.213s] -- Installing: /home/aichou/uni_projects/ROBM/robm-pixi/install/robm_interfaces/share/robm_interfaces/cmake/robm_interfaces__rosidl_typesupport_introspection_cExport-noconfig.cmake
[19.213s] -- Installing: /home/aichou/uni_projects/ROBM/robm-pixi/install/robm_interfaces/share/robm_interfaces/cmake/robm_interfaces__rosidl_typesupport_cExport.cmake
[19.213s] -- Installing: /home/aichou/uni_projects/ROBM/robm-pixi/install/robm_interfaces/share/robm_interfaces/cmake/robm_interfaces__rosidl_typesupport_cExport-noconfig.cmake
[19.213s] -- Installing: /home/aichou/uni_projects/ROBM/robm-pixi/install/robm_interfaces/share/robm_interfaces/cmake/robm_interfaces__rosidl_typesupport_introspection_cppExport.cmake
[19.213s] -- Installing: /home/aichou/uni_projects/ROBM/robm-pixi/install/robm_interfaces/share/robm_interfaces/cmake/robm_interfaces__rosidl_typesupport_introspection_cppExport-noconfig.cmake
[19.213s] -- Installing: /home/aichou/uni_projects/ROBM/robm-pixi/install/robm_interfaces/share/robm_interfaces/cmake/robm_interfaces__rosidl_typesupport_cppExport.cmake
[19.217s] -- Installing: /home/aichou/uni_projects/ROBM/robm-pixi/install/robm_interfaces/share/robm_interfaces/cmake/robm_interfaces__rosidl_typesupport_cppExport-noconfig.cmake
[19.217s] -- Installing: /home/aichou/uni_projects/ROBM/robm-pixi/install/robm_interfaces/share/robm_interfaces/cmake/export_robm_interfaces__rosidl_generator_pyExport.cmake
[19.217s] -- Installing: /home/aichou/uni_projects/ROBM/robm-pixi/install/robm_interfaces/share/robm_interfaces/cmake/export_robm_interfaces__rosidl_generator_pyExport-noconfig.cmake
[19.218s] Invoked command in '/home/aichou/uni_projects/ROBM/robm-pixi/build/robm_interfaces' returned '0': CONDA_ENV_SHLVL_2_PIXI_PROMPT=(robm) PIXI_PROMPT=(robm) PS1=(robm) \[\e]0;\u@\h: \w\a\]${debian_chroot:+($debian_chroot)}\[\033[01;32m\]\u@\h\[\033[00m\]:\[\033[01;34m\]\w\[\033[00m\]\$ /home/aichou/uni_projects/ROBM/robm-pixi/.pixi/envs/default/bin/cmake --install /home/aichou/uni_projects/ROBM/robm-pixi/build/robm_interfaces
