[2.378s] Invoking command in '/home/aichou/uni_projects/ROBM/robm-pixi/build/robm_bridge': CONDA_ENV_SHLVL_2_PIXI_PROMPT=(robm) PIXI_PROMPT=(robm) PS1=(robm) \[\e]0;\u@\h: \w\a\]${debian_chroot:+($debian_chroot)}\[\033[01;32m\]\u@\h\[\033[00m\]:\[\033[01;34m\]\w\[\033[00m\]\$ PYTHONPATH=/home/aichou/uni_projects/ROBM/robm-pixi/build/robm_bridge/prefix_override:/home/aichou/uni_projects/ROBM/robm-pixi/.pixi/envs/default/lib/python3.12/site-packages/colcon_core/task/python/colcon_distutils_commands:/home/aichou/uni_projects/ROBM/robm-pixi/install/robm_bridge/lib/python3.12/site-packages:/home/aichou/uni_projects/ROBM/robm-pixi/install/robm_interfaces/lib/python3.12/site-packages:/home/aichou/uni_projects/ROBM/robm-pixi/build/robm_bridge:/home/aichou/uni_projects/ROBM/robm-pixi/install/robm_bridge/lib/python3.12/site-packages:/home/aichou/uni_projects/ROBM/robm-pixi/.pixi/envs/default/lib/python/site-packages:/home/aichou/uni_projects/ROBM/robm-pixi/.pixi/envs/default/lib/python3.12/site-packages /home/aichou/uni_projects/ROBM/robm-pixi/.pixi/envs/default/bin/python3.12 -W ignore:setup.py install is deprecated -W ignore:easy_install command is deprecated setup.py develop --editable --build-directory /home/aichou/uni_projects/ROBM/robm-pixi/build/robm_bridge/build --no-deps symlink_data
[2.579s] /home/aichou/uni_projects/ROBM/robm-pixi/.pixi/envs/default/lib/python3.12/site-packages/setuptools/_distutils/dist.py:289: UserWarning: Unknown distribution option: 'tests_require'
[2.580s]   warnings.warn(msg)
[2.735s] running develop
[2.969s] running egg_info
[2.994s] writing robm_bridge.egg-info/PKG-INFO
[2.995s] writing dependency_links to robm_bridge.egg-info/dependency_links.txt
[2.995s] writing entry points to robm_bridge.egg-info/entry_points.txt
[2.996s] writing requirements to robm_bridge.egg-info/requires.txt
[2.997s] writing top-level names to robm_bridge.egg-info/top_level.txt
[3.041s] reading manifest file 'robm_bridge.egg-info/SOURCES.txt'
[3.043s] writing manifest file 'robm_bridge.egg-info/SOURCES.txt'
[3.063s] running build_ext
[3.063s] Creating /home/aichou/uni_projects/ROBM/robm-pixi/install/robm_bridge/lib/python3.12/site-packages/robm-bridge.egg-link (link to .)
[3.064s] Installing udp_bridge script to /home/aichou/uni_projects/ROBM/robm-pixi/install/robm_bridge/lib/robm_bridge
[3.064s] Installing zenoh_bridge script to /home/aichou/uni_projects/ROBM/robm-pixi/install/robm_bridge/lib/robm_bridge
[3.064s] 
[3.065s] Installed /home/aichou/uni_projects/ROBM/robm-pixi/build/robm_bridge
[3.065s] running symlink_data
[3.104s] Invoked command in '/home/aichou/uni_projects/ROBM/robm-pixi/build/robm_bridge' returned '0': CONDA_ENV_SHLVL_2_PIXI_PROMPT=(robm) PIXI_PROMPT=(robm) PS1=(robm) \[\e]0;\u@\h: \w\a\]${debian_chroot:+($debian_chroot)}\[\033[01;32m\]\u@\h\[\033[00m\]:\[\033[01;34m\]\w\[\033[00m\]\$ PYTHONPATH=/home/aichou/uni_projects/ROBM/robm-pixi/build/robm_bridge/prefix_override:/home/aichou/uni_projects/ROBM/robm-pixi/.pixi/envs/default/lib/python3.12/site-packages/colcon_core/task/python/colcon_distutils_commands:/home/aichou/uni_projects/ROBM/robm-pixi/install/robm_bridge/lib/python3.12/site-packages:/home/aichou/uni_projects/ROBM/robm-pixi/install/robm_interfaces/lib/python3.12/site-packages:/home/aichou/uni_projects/ROBM/robm-pixi/build/robm_bridge:/home/aichou/uni_projects/ROBM/robm-pixi/install/robm_bridge/lib/python3.12/site-packages:/home/aichou/uni_projects/ROBM/robm-pixi/.pixi/envs/default/lib/python/site-packages:/home/aichou/uni_projects/ROBM/robm-pixi/.pixi/envs/default/lib/python3.12/site-packages /home/aichou/uni_projects/ROBM/robm-pixi/.pixi/envs/default/bin/python3.12 -W ignore:setup.py install is deprecated -W ignore:easy_install command is deprecated setup.py develop --editable --build-directory /home/aichou/uni_projects/ROBM/robm-pixi/build/robm_bridge/build --no-deps symlink_data
