[0.030s] Invoking command in '/home/aichou/uni_projects/ROBM/robm-pixi/build/teleop_tools_msgs': CMAKE_PREFIX_PATH=${CMAKE_PREFIX_PATH}:/home/aichou/uni_projects/ROBM/robm-pixi/install/robm_tp1_color:/home/aichou/uni_projects/ROBM/robm-pixi/install/robm_bridge CONDA_ENV_SHLVL_2_PIXI_PROMPT=(robm) PIXI_PROMPT=(robm) PS1=(robm) \[\e]0;\u@\h: \w\a\]${debian_chroot:+($debian_chroot)}\[\033[01;32m\]\u@\h\[\033[00m\]:\[\033[01;34m\]\w\[\033[00m\]\$ /home/aichou/uni_projects/ROBM/robm-pixi/.pixi/envs/default/bin/cmake /home/aichou/uni_projects/ROBM/robm-pixi/src/teleop_tools/teleop_tools_msgs -DCMAKE_EXPORT_COMPILE_COMMANDS=ON -DPython_FIND_VIRTUALENV=ONLY -DPython3_FIND_VIRTUALENV=ONLY -DAMENT_CMAKE_SYMLINK_INSTALL=1 -DCMAKE_INSTALL_PREFIX=/home/aichou/uni_projects/ROBM/robm-pixi/install/teleop_tools_msgs
[0.410s] -- The C compiler identification is GNU 14.3.0
[0.413s] [0mCMake Deprecation Warning at CMakeLists.txt:1 (cmake_minimum_required):
[0.413s]   Compatibility with CMake < 3.10 will be removed from a future version of
[0.413s]   CMake.
[0.413s] 
[0.413s]   Update the VERSION argument <min> value.  Or, use the <min>...<max> syntax
[0.413s]   to tell CMake that the project requires at least <min> but has been updated
[0.413s]   to work with policies introduced by <max> or earlier.
[0.413s] 
[0.413s] [0m
[1.882s] -- The CXX compiler identification is GNU 14.3.0
[2.715s] -- Detecting C compiler ABI info
[2.822s] -- Detecting C compiler ABI info - done
[2.834s] -- Check for working C compiler: /home/aichou/uni_projects/ROBM/robm-pixi/.pixi/envs/default/bin/x86_64-conda-linux-gnu-cc - skipped
[2.835s] -- Detecting C compile features
[2.836s] -- Detecting C compile features - done
[2.843s] -- Detecting CXX compiler ABI info
[2.964s] -- Detecting CXX compiler ABI info - done
[2.979s] -- Check for working CXX compiler: /home/aichou/uni_projects/ROBM/robm-pixi/.pixi/envs/default/bin/x86_64-conda-linux-gnu-c++ - skipped
[2.979s] -- Detecting CXX compile features
[2.979s] -- Detecting CXX compile features - done
[2.989s] -- Found ament_cmake: 2.7.3 (/home/aichou/uni_projects/ROBM/robm-pixi/.pixi/envs/default/share/ament_cmake/cmake)
[3.058s] -- Found Python3: /home/aichou/uni_projects/ROBM/robm-pixi/.pixi/envs/default/bin/python3 (found version "3.12.12") found components: Interpreter
[3.103s] -- Override CMake install command with custom implementation using symlinks instead of copying resources
[3.146s] -- Found rosidl_default_generators: 1.7.1 (/home/aichou/uni_projects/ROBM/robm-pixi/.pixi/envs/default/share/rosidl_default_generators/cmake)
[3.154s] -- Using all available rosidl_typesupport_c: rosidl_typesupport_fastrtps_c;rosidl_typesupport_introspection_c
[3.270s] -- Using all available rosidl_typesupport_cpp: rosidl_typesupport_fastrtps_cpp;rosidl_typesupport_introspection_cpp
[3.317s] -- Found rosidl_adapter: 4.9.5 (/home/aichou/uni_projects/ROBM/robm-pixi/.pixi/envs/default/share/rosidl_adapter/cmake)
[3.320s] -- Found ament_lint_auto: 0.19.2 (/home/aichou/uni_projects/ROBM/robm-pixi/.pixi/envs/default/share/ament_lint_auto/cmake)
[3.739s] -- Found ament_cmake_ros_core: 0.14.3 (/home/aichou/uni_projects/ROBM/robm-pixi/.pixi/envs/default/share/ament_cmake_ros_core/cmake)
[3.955s] -- Using all available rosidl_typesupport_c: rosidl_typesupport_fastrtps_c;rosidl_typesupport_introspection_c
[4.254s] -- Using all available rosidl_typesupport_cpp: rosidl_typesupport_fastrtps_cpp;rosidl_typesupport_introspection_cpp
[4.519s] -- Found Python3: /home/aichou/uni_projects/ROBM/robm-pixi/.pixi/envs/default/bin/python3 (found version "3.12.12") found components: Interpreter Development NumPy Development.Module Development.Embed
[4.545s] -- Added test 'copyright' to check source files copyright and LICENSE
[4.547s] -- Added test 'lint_cmake' to check CMake code style
[4.548s] -- Added test 'xmllint' to check XML markup files
[4.553s] -- Configuring done (4.5s)
[4.592s] -- Generating done (0.0s)
[4.592s] [33mCMake Warning:
[4.592s]   Manually-specified variables were not used by the project:
[4.592s] 
[4.592s]     Python_FIND_VIRTUALENV
[4.592s] 
[4.592s] [0m
[4.599s] -- Build files have been written to: /home/aichou/uni_projects/ROBM/robm-pixi/build/teleop_tools_msgs
[4.605s] Invoked command in '/home/aichou/uni_projects/ROBM/robm-pixi/build/teleop_tools_msgs' returned '0': CMAKE_PREFIX_PATH=${CMAKE_PREFIX_PATH}:/home/aichou/uni_projects/ROBM/robm-pixi/install/robm_tp1_color:/home/aichou/uni_projects/ROBM/robm-pixi/install/robm_bridge CONDA_ENV_SHLVL_2_PIXI_PROMPT=(robm) PIXI_PROMPT=(robm) PS1=(robm) \[\e]0;\u@\h: \w\a\]${debian_chroot:+($debian_chroot)}\[\033[01;32m\]\u@\h\[\033[00m\]:\[\033[01;34m\]\w\[\033[00m\]\$ /home/aichou/uni_projects/ROBM/robm-pixi/.pixi/envs/default/bin/cmake /home/aichou/uni_projects/ROBM/robm-pixi/src/teleop_tools/teleop_tools_msgs -DCMAKE_EXPORT_COMPILE_COMMANDS=ON -DPython_FIND_VIRTUALENV=ONLY -DPython3_FIND_VIRTUALENV=ONLY -DAMENT_CMAKE_SYMLINK_INSTALL=1 -DCMAKE_INSTALL_PREFIX=/home/aichou/uni_projects/ROBM/robm-pixi/install/teleop_tools_msgs
[4.606s] Invoking command in '/home/aichou/uni_projects/ROBM/robm-pixi/build/teleop_tools_msgs': CMAKE_PREFIX_PATH=${CMAKE_PREFIX_PATH}:/home/aichou/uni_projects/ROBM/robm-pixi/install/robm_tp1_color:/home/aichou/uni_projects/ROBM/robm-pixi/install/robm_bridge CONDA_ENV_SHLVL_2_PIXI_PROMPT=(robm) PIXI_PROMPT=(robm) PS1=(robm) \[\e]0;\u@\h: \w\a\]${debian_chroot:+($debian_chroot)}\[\033[01;32m\]\u@\h\[\033[00m\]:\[\033[01;34m\]\w\[\033[00m\]\$ /home/aichou/uni_projects/ROBM/robm-pixi/.pixi/envs/default/bin/cmake --build /home/aichou/uni_projects/ROBM/robm-pixi/build/teleop_tools_msgs -- -j22 -l22
[4.625s] [  2%] [1m[34mGenerating type hashes for ROS interfaces[0m
[4.628s] [  2%] Built target ament_cmake_python_symlink_teleop_tools_msgs
[4.737s] [  2%] Built target teleop_tools_msgs__rosidl_generator_type_description
[4.741s] [  5%] [1m[34mGenerating C code for ROS interfaces[0m
[4.746s] [  8%] [1m[34mGenerating C++ code for ROS interfaces[0m
[4.748s] running egg_info
[4.757s] creating teleop_tools_msgs.egg-info
[4.758s] writing teleop_tools_msgs.egg-info/PKG-INFO
[4.758s] writing dependency_links to teleop_tools_msgs.egg-info/dependency_links.txt
[4.758s] writing top-level names to teleop_tools_msgs.egg-info/top_level.txt
[4.758s] writing manifest file 'teleop_tools_msgs.egg-info/SOURCES.txt'
[4.793s] reading manifest file 'teleop_tools_msgs.egg-info/SOURCES.txt'
[4.794s] writing manifest file 'teleop_tools_msgs.egg-info/SOURCES.txt'
[4.813s] [  8%] Built target ament_cmake_python_build_teleop_tools_msgs_egg
[4.963s] [  8%] Built target teleop_tools_msgs__cpp
[4.967s] [ 11%] [32mBuilding C object CMakeFiles/teleop_tools_msgs__rosidl_generator_c.dir/rosidl_generator_c/teleop_tools_msgs/action/detail/increment__description.c.o[0m
[4.967s] [ 14%] [32mBuilding C object CMakeFiles/teleop_tools_msgs__rosidl_generator_c.dir/rosidl_generator_c/teleop_tools_msgs/action/detail/increment__functions.c.o[0m
[4.967s] [ 17%] [32mBuilding C object CMakeFiles/teleop_tools_msgs__rosidl_generator_c.dir/rosidl_generator_c/teleop_tools_msgs/action/detail/increment__type_support.c.o[0m
[5.364s] [ 20%] [1m[32mLinking C shared library libteleop_tools_msgs__rosidl_generator_c.so[0m
[5.475s] [ 20%] Built target teleop_tools_msgs__rosidl_generator_c
[5.480s] [ 26%] [1m[34mGenerating C type support dispatch for ROS interfaces[0m
[5.480s] [ 26%] [1m[34mGenerating C introspection for ROS interfaces[0m
[5.480s] [ 29%] [1m[34mGenerating C++ type support for eProsima Fast-RTPS[0m
[5.480s] [ 32%] [1m[34mGenerating C type support for eProsima Fast-RTPS[0m
[5.480s] [ 35%] [1m[34mGenerating C++ type support dispatch for ROS interfaces[0m
[5.481s] [ 38%] [1m[34mGenerating C++ introspection for ROS interfaces[0m
[5.633s] [ 41%] [32mBuilding CXX object CMakeFiles/teleop_tools_msgs__rosidl_typesupport_c.dir/rosidl_typesupport_c/teleop_tools_msgs/action/increment__type_support.cpp.o[0m
[5.646s] [ 44%] [32mBuilding CXX object CMakeFiles/teleop_tools_msgs__rosidl_typesupport_cpp.dir/rosidl_typesupport_cpp/teleop_tools_msgs/action/increment__type_support.cpp.o[0m
[5.685s] [ 47%] [32mBuilding CXX object CMakeFiles/teleop_tools_msgs__rosidl_typesupport_introspection_cpp.dir/rosidl_typesupport_introspection_cpp/teleop_tools_msgs/action/detail/increment__type_support.cpp.o[0m
[5.693s] [ 50%] [32mBuilding C object CMakeFiles/teleop_tools_msgs__rosidl_typesupport_introspection_c.dir/rosidl_typesupport_introspection_c/teleop_tools_msgs/action/detail/increment__type_support.c.o[0m
[5.702s] [ 52%] [1m[32mLinking CXX shared library libteleop_tools_msgs__rosidl_typesupport_c.so[0m
[5.763s] [ 55%] [32mBuilding CXX object CMakeFiles/teleop_tools_msgs__rosidl_typesupport_fastrtps_cpp.dir/rosidl_typesupport_fastrtps_cpp/teleop_tools_msgs/action/detail/dds_fastrtps/increment__type_support.cpp.o[0m
[5.786s] [ 58%] [32mBuilding CXX object CMakeFiles/teleop_tools_msgs__rosidl_typesupport_fastrtps_c.dir/rosidl_typesupport_fastrtps_c/teleop_tools_msgs/action/detail/increment__type_support_c.cpp.o[0m
[5.790s] [ 61%] [1m[32mLinking C shared library libteleop_tools_msgs__rosidl_typesupport_introspection_c.so[0m
[5.824s] [ 61%] Built target teleop_tools_msgs__rosidl_typesupport_c
[5.901s] [ 61%] Built target teleop_tools_msgs__rosidl_typesupport_introspection_c
[6.341s] [ 64%] [1m[32mLinking CXX shared library libteleop_tools_msgs__rosidl_typesupport_cpp.so[0m
[6.474s] [ 64%] Built target teleop_tools_msgs__rosidl_typesupport_cpp
[6.484s] [ 67%] [1m[32mLinking CXX shared library libteleop_tools_msgs__rosidl_typesupport_fastrtps_c.so[0m
[6.501s] [ 70%] [1m[32mLinking CXX shared library libteleop_tools_msgs__rosidl_typesupport_introspection_cpp.so[0m
[6.600s] [ 70%] Built target teleop_tools_msgs__rosidl_typesupport_fastrtps_c
[6.621s] [ 70%] Built target teleop_tools_msgs__rosidl_typesupport_introspection_cpp
[6.891s] [ 73%] [1m[32mLinking CXX shared library libteleop_tools_msgs__rosidl_typesupport_fastrtps_cpp.so[0m
[6.995s] [ 73%] Built target teleop_tools_msgs__rosidl_typesupport_fastrtps_cpp
[7.002s] [ 73%] Built target teleop_tools_msgs
[7.009s] [ 76%] [1m[34mGenerating Python code for ROS interfaces[0m
[7.337s] [ 76%] Built target teleop_tools_msgs__py
[7.344s] [ 79%] [32mBuilding C object CMakeFiles/teleop_tools_msgs__rosidl_generator_py.dir/rosidl_generator_py/teleop_tools_msgs/action/_increment_s.c.o[0m
[7.713s] [ 82%] [1m[32mLinking C shared library libteleop_tools_msgs__rosidl_generator_py.so[0m
[7.825s] [ 82%] Built target teleop_tools_msgs__rosidl_generator_py
[7.833s] [ 91%] [32mBuilding C object CMakeFiles/teleop_tools_msgs_s__rosidl_typesupport_fastrtps_c.dir/rosidl_generator_py/teleop_tools_msgs/_teleop_tools_msgs_s.ep.rosidl_typesupport_fastrtps_c.c.o[0m
[7.833s] [ 91%] [32mBuilding C object CMakeFiles/teleop_tools_msgs_s__rosidl_typesupport_introspection_c.dir/rosidl_generator_py/teleop_tools_msgs/_teleop_tools_msgs_s.ep.rosidl_typesupport_introspection_c.c.o[0m
[7.833s] [ 91%] [32mBuilding C object CMakeFiles/teleop_tools_msgs_s__rosidl_typesupport_c.dir/rosidl_generator_py/teleop_tools_msgs/_teleop_tools_msgs_s.ep.rosidl_typesupport_c.c.o[0m
[7.984s] [ 94%] [1m[32mLinking C shared module rosidl_generator_py/teleop_tools_msgs/teleop_tools_msgs_s__rosidl_typesupport_fastrtps_c.so[0m
[7.985s] [ 97%] [1m[32mLinking C shared module rosidl_generator_py/teleop_tools_msgs/teleop_tools_msgs_s__rosidl_typesupport_c.so[0m
[7.985s] [100%] [1m[32mLinking C shared module rosidl_generator_py/teleop_tools_msgs/teleop_tools_msgs_s__rosidl_typesupport_introspection_c.so[0m
[8.051s] [100%] Built target teleop_tools_msgs_s__rosidl_typesupport_introspection_c
[8.051s] [100%] Built target teleop_tools_msgs_s__rosidl_typesupport_fastrtps_c
[8.053s] [100%] Built target teleop_tools_msgs_s__rosidl_typesupport_c
[8.057s] Invoked command in '/home/aichou/uni_projects/ROBM/robm-pixi/build/teleop_tools_msgs' returned '0': CMAKE_PREFIX_PATH=${CMAKE_PREFIX_PATH}:/home/aichou/uni_projects/ROBM/robm-pixi/install/robm_tp1_color:/home/aichou/uni_projects/ROBM/robm-pixi/install/robm_bridge CONDA_ENV_SHLVL_2_PIXI_PROMPT=(robm) PIXI_PROMPT=(robm) PS1=(robm) \[\e]0;\u@\h: \w\a\]${debian_chroot:+($debian_chroot)}\[\033[01;32m\]\u@\h\[\033[00m\]:\[\033[01;34m\]\w\[\033[00m\]\$ /home/aichou/uni_projects/ROBM/robm-pixi/.pixi/envs/default/bin/cmake --build /home/aichou/uni_projects/ROBM/robm-pixi/build/teleop_tools_msgs -- -j22 -l22
[8.058s] Invoking command in '/home/aichou/uni_projects/ROBM/robm-pixi/build/teleop_tools_msgs': CMAKE_PREFIX_PATH=${CMAKE_PREFIX_PATH}:/home/aichou/uni_projects/ROBM/robm-pixi/install/robm_tp1_color:/home/aichou/uni_projects/ROBM/robm-pixi/install/robm_bridge CONDA_ENV_SHLVL_2_PIXI_PROMPT=(robm) PIXI_PROMPT=(robm) PS1=(robm) \[\e]0;\u@\h: \w\a\]${debian_chroot:+($debian_chroot)}\[\033[01;32m\]\u@\h\[\033[00m\]:\[\033[01;34m\]\w\[\033[00m\]\$ /home/aichou/uni_projects/ROBM/robm-pixi/.pixi/envs/default/bin/cmake --install /home/aichou/uni_projects/ROBM/robm-pixi/build/teleop_tools_msgs
[8.062s] -- Install configuration: ""
[8.063s] -- Execute custom install script
[8.063s] -- Symlinking: /home/aichou/uni_projects/ROBM/robm-pixi/install/teleop_tools_msgs/share/ament_index/resource_index/rosidl_interfaces/teleop_tools_msgs
[8.070s] -- Symlinking: /home/aichou/uni_projects/ROBM/robm-pixi/install/teleop_tools_msgs/share/teleop_tools_msgs/action/Increment.json
[8.076s] -- Symlinking: /home/aichou/uni_projects/ROBM/robm-pixi/install/teleop_tools_msgs/include/teleop_tools_msgs/teleop_tools_msgs/action/detail/increment__functions.h
[8.080s] -- Symlinking: /home/aichou/uni_projects/ROBM/robm-pixi/install/teleop_tools_msgs/include/teleop_tools_msgs/teleop_tools_msgs/action/detail/increment__struct.h
[8.084s] -- Symlinking: /home/aichou/uni_projects/ROBM/robm-pixi/install/teleop_tools_msgs/include/teleop_tools_msgs/teleop_tools_msgs/action/detail/increment__type_support.h
[8.087s] -- Symlinking: /home/aichou/uni_projects/ROBM/robm-pixi/install/teleop_tools_msgs/include/teleop_tools_msgs/teleop_tools_msgs/action/increment.h
[8.091s] -- Symlinking: /home/aichou/uni_projects/ROBM/robm-pixi/install/teleop_tools_msgs/include/teleop_tools_msgs/teleop_tools_msgs/msg/rosidl_generator_c__visibility_control.h
[8.096s] -- Symlinking: /home/aichou/uni_projects/ROBM/robm-pixi/install/teleop_tools_msgs/share/teleop_tools_msgs/environment/library_path.sh
[8.101s] -- Symlinking: /home/aichou/uni_projects/ROBM/robm-pixi/install/teleop_tools_msgs/share/teleop_tools_msgs/environment/library_path.dsv
[8.106s] -- Symlinking: /home/aichou/uni_projects/ROBM/robm-pixi/install/teleop_tools_msgs/include/teleop_tools_msgs/teleop_tools_msgs/action/detail/increment__rosidl_typesupport_fastrtps_c.h
[8.110s] -- Symlinking: /home/aichou/uni_projects/ROBM/robm-pixi/install/teleop_tools_msgs/include/teleop_tools_msgs/teleop_tools_msgs/msg/rosidl_typesupport_fastrtps_c__visibility_control.h
[8.113s] -- Symlinking: /home/aichou/uni_projects/ROBM/robm-pixi/install/teleop_tools_msgs/include/teleop_tools_msgs/teleop_tools_msgs/action/detail/increment__rosidl_typesupport_introspection_c.h
[8.117s] -- Symlinking: /home/aichou/uni_projects/ROBM/robm-pixi/install/teleop_tools_msgs/include/teleop_tools_msgs/teleop_tools_msgs/msg/rosidl_typesupport_introspection_c__visibility_control.h
[8.121s] -- Symlinking: /home/aichou/uni_projects/ROBM/robm-pixi/install/teleop_tools_msgs/include/teleop_tools_msgs/teleop_tools_msgs/action/detail/increment__builder.hpp
[8.124s] -- Symlinking: /home/aichou/uni_projects/ROBM/robm-pixi/install/teleop_tools_msgs/include/teleop_tools_msgs/teleop_tools_msgs/action/detail/increment__struct.hpp
[8.128s] -- Symlinking: /home/aichou/uni_projects/ROBM/robm-pixi/install/teleop_tools_msgs/include/teleop_tools_msgs/teleop_tools_msgs/action/detail/increment__traits.hpp
[8.132s] -- Symlinking: /home/aichou/uni_projects/ROBM/robm-pixi/install/teleop_tools_msgs/include/teleop_tools_msgs/teleop_tools_msgs/action/detail/increment__type_support.hpp
[8.136s] -- Symlinking: /home/aichou/uni_projects/ROBM/robm-pixi/install/teleop_tools_msgs/include/teleop_tools_msgs/teleop_tools_msgs/action/increment.hpp
[8.139s] -- Symlinking: /home/aichou/uni_projects/ROBM/robm-pixi/install/teleop_tools_msgs/include/teleop_tools_msgs/teleop_tools_msgs/msg/rosidl_generator_cpp__visibility_control.hpp
[8.144s] -- Symlinking: /home/aichou/uni_projects/ROBM/robm-pixi/install/teleop_tools_msgs/include/teleop_tools_msgs/teleop_tools_msgs/action/detail/increment__rosidl_typesupport_fastrtps_cpp.hpp
[8.149s] -- Symlinking: /home/aichou/uni_projects/ROBM/robm-pixi/install/teleop_tools_msgs/include/teleop_tools_msgs/teleop_tools_msgs/msg/rosidl_typesupport_fastrtps_cpp__visibility_control.h
[8.153s] -- Symlinking: /home/aichou/uni_projects/ROBM/robm-pixi/install/teleop_tools_msgs/include/teleop_tools_msgs/teleop_tools_msgs/action/detail/increment__rosidl_typesupport_introspection_cpp.hpp
[8.157s] -- Symlinking: /home/aichou/uni_projects/ROBM/robm-pixi/install/teleop_tools_msgs/share/teleop_tools_msgs/environment/pythonpath.sh
[8.163s] -- Symlinking: /home/aichou/uni_projects/ROBM/robm-pixi/install/teleop_tools_msgs/share/teleop_tools_msgs/environment/pythonpath.dsv
[8.167s] -- Symlinking: /home/aichou/uni_projects/ROBM/robm-pixi/install/teleop_tools_msgs/lib/python3.12/site-packages/teleop_tools_msgs-2.0.0-py3.12.egg-info/PKG-INFO
[8.173s] -- Symlinking: /home/aichou/uni_projects/ROBM/robm-pixi/install/teleop_tools_msgs/lib/python3.12/site-packages/teleop_tools_msgs-2.0.0-py3.12.egg-info/SOURCES.txt
[8.178s] -- Symlinking: /home/aichou/uni_projects/ROBM/robm-pixi/install/teleop_tools_msgs/lib/python3.12/site-packages/teleop_tools_msgs-2.0.0-py3.12.egg-info/dependency_links.txt
[8.183s] -- Symlinking: /home/aichou/uni_projects/ROBM/robm-pixi/install/teleop_tools_msgs/lib/python3.12/site-packages/teleop_tools_msgs-2.0.0-py3.12.egg-info/top_level.txt
[8.188s] -- Symlinking: /home/aichou/uni_projects/ROBM/robm-pixi/install/teleop_tools_msgs/lib/python3.12/site-packages/teleop_tools_msgs/__init__.py
[8.193s] -- Symlinking: /home/aichou/uni_projects/ROBM/robm-pixi/install/teleop_tools_msgs/lib/python3.12/site-packages/teleop_tools_msgs/_teleop_tools_msgs_s.ep.rosidl_typesupport_c.c
[8.197s] -- Symlinking: /home/aichou/uni_projects/ROBM/robm-pixi/install/teleop_tools_msgs/lib/python3.12/site-packages/teleop_tools_msgs/_teleop_tools_msgs_s.ep.rosidl_typesupport_fastrtps_c.c
[8.201s] -- Symlinking: /home/aichou/uni_projects/ROBM/robm-pixi/install/teleop_tools_msgs/lib/python3.12/site-packages/teleop_tools_msgs/_teleop_tools_msgs_s.ep.rosidl_typesupport_introspection_c.c
[8.206s] -- Symlinking: /home/aichou/uni_projects/ROBM/robm-pixi/install/teleop_tools_msgs/lib/python3.12/site-packages/teleop_tools_msgs/action/__init__.py
[8.210s] -- Symlinking: /home/aichou/uni_projects/ROBM/robm-pixi/install/teleop_tools_msgs/lib/python3.12/site-packages/teleop_tools_msgs/action/_increment.py
[8.214s] -- Symlinking: /home/aichou/uni_projects/ROBM/robm-pixi/install/teleop_tools_msgs/lib/python3.12/site-packages/teleop_tools_msgs/action/_increment_s.c
[8.219s] -- Symlinking: /home/aichou/uni_projects/ROBM/robm-pixi/install/teleop_tools_msgs/lib/python3.12/site-packages/teleop_tools_msgs/teleop_tools_msgs_s__rosidl_typesupport_c.so
[8.225s] -- Symlinking: /home/aichou/uni_projects/ROBM/robm-pixi/install/teleop_tools_msgs/lib/python3.12/site-packages/teleop_tools_msgs/teleop_tools_msgs_s__rosidl_typesupport_fastrtps_c.so
[8.229s] -- Symlinking: /home/aichou/uni_projects/ROBM/robm-pixi/install/teleop_tools_msgs/lib/python3.12/site-packages/teleop_tools_msgs/teleop_tools_msgs_s__rosidl_typesupport_introspection_c.so
[8.234s] -- Up-to-date symlink: /home/aichou/uni_projects/ROBM/robm-pixi/install/teleop_tools_msgs/lib/python3.12/site-packages/teleop_tools_msgs/teleop_tools_msgs_s__rosidl_typesupport_fastrtps_c.so
[8.234s] -- Up-to-date symlink: /home/aichou/uni_projects/ROBM/robm-pixi/install/teleop_tools_msgs/lib/python3.12/site-packages/teleop_tools_msgs/teleop_tools_msgs_s__rosidl_typesupport_introspection_c.so
[8.234s] -- Up-to-date symlink: /home/aichou/uni_projects/ROBM/robm-pixi/install/teleop_tools_msgs/lib/python3.12/site-packages/teleop_tools_msgs/teleop_tools_msgs_s__rosidl_typesupport_c.so
[8.234s] -- Symlinking: /home/aichou/uni_projects/ROBM/robm-pixi/install/teleop_tools_msgs/share/teleop_tools_msgs/action/Increment.idl
[8.241s] -- Symlinking: /home/aichou/uni_projects/ROBM/robm-pixi/install/teleop_tools_msgs/share/teleop_tools_msgs/action/Increment.action
[8.245s] -- Symlinking: /home/aichou/uni_projects/ROBM/robm-pixi/install/teleop_tools_msgs/share/ament_index/resource_index/package_run_dependencies/teleop_tools_msgs
[8.249s] -- Symlinking: /home/aichou/uni_projects/ROBM/robm-pixi/install/teleop_tools_msgs/share/ament_index/resource_index/parent_prefix_path/teleop_tools_msgs
[8.254s] -- Symlinking: /home/aichou/uni_projects/ROBM/robm-pixi/install/teleop_tools_msgs/share/teleop_tools_msgs/environment/ament_prefix_path.sh
[8.258s] -- Symlinking: /home/aichou/uni_projects/ROBM/robm-pixi/install/teleop_tools_msgs/share/teleop_tools_msgs/environment/ament_prefix_path.dsv
[8.261s] -- Symlinking: /home/aichou/uni_projects/ROBM/robm-pixi/install/teleop_tools_msgs/share/teleop_tools_msgs/environment/path.sh
[8.266s] -- Symlinking: /home/aichou/uni_projects/ROBM/robm-pixi/install/teleop_tools_msgs/share/teleop_tools_msgs/environment/path.dsv
[8.270s] -- Symlinking: /home/aichou/uni_projects/ROBM/robm-pixi/install/teleop_tools_msgs/share/teleop_tools_msgs/local_setup.bash
[8.274s] -- Symlinking: /home/aichou/uni_projects/ROBM/robm-pixi/install/teleop_tools_msgs/share/teleop_tools_msgs/local_setup.sh
[8.277s] -- Symlinking: /home/aichou/uni_projects/ROBM/robm-pixi/install/teleop_tools_msgs/share/teleop_tools_msgs/local_setup.zsh
[8.281s] -- Symlinking: /home/aichou/uni_projects/ROBM/robm-pixi/install/teleop_tools_msgs/share/teleop_tools_msgs/local_setup.dsv
[8.286s] -- Symlinking: /home/aichou/uni_projects/ROBM/robm-pixi/install/teleop_tools_msgs/share/teleop_tools_msgs/package.dsv
[8.290s] -- Symlinking: /home/aichou/uni_projects/ROBM/robm-pixi/install/teleop_tools_msgs/share/ament_index/resource_index/packages/teleop_tools_msgs
[8.293s] -- Symlinking: /home/aichou/uni_projects/ROBM/robm-pixi/install/teleop_tools_msgs/share/teleop_tools_msgs/cmake/rosidl_cmake-extras.cmake
[8.296s] -- Symlinking: /home/aichou/uni_projects/ROBM/robm-pixi/install/teleop_tools_msgs/share/teleop_tools_msgs/cmake/ament_cmake_export_dependencies-extras.cmake
[8.300s] -- Symlinking: /home/aichou/uni_projects/ROBM/robm-pixi/install/teleop_tools_msgs/share/teleop_tools_msgs/cmake/ament_cmake_export_include_directories-extras.cmake
[8.303s] -- Symlinking: /home/aichou/uni_projects/ROBM/robm-pixi/install/teleop_tools_msgs/share/teleop_tools_msgs/cmake/ament_cmake_export_libraries-extras.cmake
[8.306s] -- Symlinking: /home/aichou/uni_projects/ROBM/robm-pixi/install/teleop_tools_msgs/share/teleop_tools_msgs/cmake/ament_cmake_export_targets-extras.cmake
[8.310s] -- Symlinking: /home/aichou/uni_projects/ROBM/robm-pixi/install/teleop_tools_msgs/share/teleop_tools_msgs/cmake/rosidl_cmake_export_typesupport_targets-extras.cmake
[8.314s] -- Symlinking: /home/aichou/uni_projects/ROBM/robm-pixi/install/teleop_tools_msgs/share/teleop_tools_msgs/cmake/rosidl_cmake_export_typesupport_libraries-extras.cmake
[8.317s] -- Symlinking: /home/aichou/uni_projects/ROBM/robm-pixi/install/teleop_tools_msgs/share/teleop_tools_msgs/cmake/teleop_tools_msgsConfig.cmake
[8.321s] -- Symlinking: /home/aichou/uni_projects/ROBM/robm-pixi/install/teleop_tools_msgs/share/teleop_tools_msgs/cmake/teleop_tools_msgsConfig-version.cmake
[8.326s] -- Symlinking: /home/aichou/uni_projects/ROBM/robm-pixi/install/teleop_tools_msgs/share/teleop_tools_msgs/package.xml
[8.331s] -- Installing: /home/aichou/uni_projects/ROBM/robm-pixi/install/teleop_tools_msgs/lib/libteleop_tools_msgs__rosidl_generator_c.so
[8.331s] -- Installing: /home/aichou/uni_projects/ROBM/robm-pixi/install/teleop_tools_msgs/lib/libteleop_tools_msgs__rosidl_typesupport_fastrtps_c.so
[8.331s] -- Set non-toolchain portion of runtime path of "/home/aichou/uni_projects/ROBM/robm-pixi/install/teleop_tools_msgs/lib/libteleop_tools_msgs__rosidl_typesupport_fastrtps_c.so" to ""
[8.331s] -- Installing: /home/aichou/uni_projects/ROBM/robm-pixi/install/teleop_tools_msgs/lib/libteleop_tools_msgs__rosidl_typesupport_introspection_c.so
[8.331s] -- Set non-toolchain portion of runtime path of "/home/aichou/uni_projects/ROBM/robm-pixi/install/teleop_tools_msgs/lib/libteleop_tools_msgs__rosidl_typesupport_introspection_c.so" to ""
[8.331s] -- Installing: /home/aichou/uni_projects/ROBM/robm-pixi/install/teleop_tools_msgs/lib/libteleop_tools_msgs__rosidl_typesupport_c.so
[8.331s] -- Set non-toolchain portion of runtime path of "/home/aichou/uni_projects/ROBM/robm-pixi/install/teleop_tools_msgs/lib/libteleop_tools_msgs__rosidl_typesupport_c.so" to ""
[8.331s] -- Installing: /home/aichou/uni_projects/ROBM/robm-pixi/install/teleop_tools_msgs/lib/libteleop_tools_msgs__rosidl_typesupport_fastrtps_cpp.so
[8.332s] -- Set non-toolchain portion of runtime path of "/home/aichou/uni_projects/ROBM/robm-pixi/install/teleop_tools_msgs/lib/libteleop_tools_msgs__rosidl_typesupport_fastrtps_cpp.so" to ""
[8.332s] -- Installing: /home/aichou/uni_projects/ROBM/robm-pixi/install/teleop_tools_msgs/lib/libteleop_tools_msgs__rosidl_typesupport_introspection_cpp.so
[8.332s] -- Set non-toolchain portion of runtime path of "/home/aichou/uni_projects/ROBM/robm-pixi/install/teleop_tools_msgs/lib/libteleop_tools_msgs__rosidl_typesupport_introspection_cpp.so" to ""
[8.332s] -- Installing: /home/aichou/uni_projects/ROBM/robm-pixi/install/teleop_tools_msgs/lib/libteleop_tools_msgs__rosidl_typesupport_cpp.so
[8.332s] -- Set non-toolchain portion of runtime path of "/home/aichou/uni_projects/ROBM/robm-pixi/install/teleop_tools_msgs/lib/libteleop_tools_msgs__rosidl_typesupport_cpp.so" to ""
[8.363s] Listing '/home/aichou/uni_projects/ROBM/robm-pixi/install/teleop_tools_msgs/lib/python3.12/site-packages/teleop_tools_msgs'...
[8.363s] Compiling '/home/aichou/uni_projects/ROBM/robm-pixi/install/teleop_tools_msgs/lib/python3.12/site-packages/teleop_tools_msgs/__init__.py'...
[8.363s] Listing '/home/aichou/uni_projects/ROBM/robm-pixi/install/teleop_tools_msgs/lib/python3.12/site-packages/teleop_tools_msgs/action'...
[8.363s] Compiling '/home/aichou/uni_projects/ROBM/robm-pixi/install/teleop_tools_msgs/lib/python3.12/site-packages/teleop_tools_msgs/action/__init__.py'...
[8.363s] Compiling '/home/aichou/uni_projects/ROBM/robm-pixi/install/teleop_tools_msgs/lib/python3.12/site-packages/teleop_tools_msgs/action/_increment.py'...
[8.367s] -- Installing: /home/aichou/uni_projects/ROBM/robm-pixi/install/teleop_tools_msgs/lib/libteleop_tools_msgs__rosidl_generator_py.so
[8.367s] -- Set non-toolchain portion of runtime path of "/home/aichou/uni_projects/ROBM/robm-pixi/install/teleop_tools_msgs/lib/libteleop_tools_msgs__rosidl_generator_py.so" to ""
[8.367s] -- Installing: /home/aichou/uni_projects/ROBM/robm-pixi/install/teleop_tools_msgs/share/teleop_tools_msgs/cmake/export_teleop_tools_msgs__rosidl_generator_cExport.cmake
[8.367s] -- Installing: /home/aichou/uni_projects/ROBM/robm-pixi/install/teleop_tools_msgs/share/teleop_tools_msgs/cmake/export_teleop_tools_msgs__rosidl_generator_cExport-noconfig.cmake
[8.367s] -- Installing: /home/aichou/uni_projects/ROBM/robm-pixi/install/teleop_tools_msgs/share/teleop_tools_msgs/cmake/export_teleop_tools_msgs__rosidl_typesupport_fastrtps_cExport.cmake
[8.367s] -- Installing: /home/aichou/uni_projects/ROBM/robm-pixi/install/teleop_tools_msgs/share/teleop_tools_msgs/cmake/export_teleop_tools_msgs__rosidl_typesupport_fastrtps_cExport-noconfig.cmake
[8.367s] -- Installing: /home/aichou/uni_projects/ROBM/robm-pixi/install/teleop_tools_msgs/share/teleop_tools_msgs/cmake/teleop_tools_msgs__rosidl_typesupport_introspection_cExport.cmake
[8.367s] -- Installing: /home/aichou/uni_projects/ROBM/robm-pixi/install/teleop_tools_msgs/share/teleop_tools_msgs/cmake/teleop_tools_msgs__rosidl_typesupport_introspection_cExport-noconfig.cmake
[8.368s] -- Installing: /home/aichou/uni_projects/ROBM/robm-pixi/install/teleop_tools_msgs/share/teleop_tools_msgs/cmake/teleop_tools_msgs__rosidl_typesupport_cExport.cmake
[8.368s] -- Installing: /home/aichou/uni_projects/ROBM/robm-pixi/install/teleop_tools_msgs/share/teleop_tools_msgs/cmake/teleop_tools_msgs__rosidl_typesupport_cExport-noconfig.cmake
[8.368s] -- Installing: /home/aichou/uni_projects/ROBM/robm-pixi/install/teleop_tools_msgs/share/teleop_tools_msgs/cmake/export_teleop_tools_msgs__rosidl_generator_cppExport.cmake
[8.368s] -- Installing: /home/aichou/uni_projects/ROBM/robm-pixi/install/teleop_tools_msgs/share/teleop_tools_msgs/cmake/export_teleop_tools_msgs__rosidl_typesupport_fastrtps_cppExport.cmake
[8.368s] -- Installing: /home/aichou/uni_projects/ROBM/robm-pixi/install/teleop_tools_msgs/share/teleop_tools_msgs/cmake/export_teleop_tools_msgs__rosidl_typesupport_fastrtps_cppExport-noconfig.cmake
[8.368s] -- Installing: /home/aichou/uni_projects/ROBM/robm-pixi/install/teleop_tools_msgs/share/teleop_tools_msgs/cmake/teleop_tools_msgs__rosidl_typesupport_introspection_cppExport.cmake
[8.368s] -- Installing: /home/aichou/uni_projects/ROBM/robm-pixi/install/teleop_tools_msgs/share/teleop_tools_msgs/cmake/teleop_tools_msgs__rosidl_typesupport_introspection_cppExport-noconfig.cmake
[8.369s] -- Installing: /home/aichou/uni_projects/ROBM/robm-pixi/install/teleop_tools_msgs/share/teleop_tools_msgs/cmake/teleop_tools_msgs__rosidl_typesupport_cppExport.cmake
[8.369s] -- Installing: /home/aichou/uni_projects/ROBM/robm-pixi/install/teleop_tools_msgs/share/teleop_tools_msgs/cmake/teleop_tools_msgs__rosidl_typesupport_cppExport-noconfig.cmake
[8.369s] -- Installing: /home/aichou/uni_projects/ROBM/robm-pixi/install/teleop_tools_msgs/share/teleop_tools_msgs/cmake/export_teleop_tools_msgs__rosidl_generator_pyExport.cmake
[8.369s] -- Installing: /home/aichou/uni_projects/ROBM/robm-pixi/install/teleop_tools_msgs/share/teleop_tools_msgs/cmake/export_teleop_tools_msgs__rosidl_generator_pyExport-noconfig.cmake
[8.370s] Invoked command in '/home/aichou/uni_projects/ROBM/robm-pixi/build/teleop_tools_msgs' returned '0': CMAKE_PREFIX_PATH=${CMAKE_PREFIX_PATH}:/home/aichou/uni_projects/ROBM/robm-pixi/install/robm_tp1_color:/home/aichou/uni_projects/ROBM/robm-pixi/install/robm_bridge CONDA_ENV_SHLVL_2_PIXI_PROMPT=(robm) PIXI_PROMPT=(robm) PS1=(robm) \[\e]0;\u@\h: \w\a\]${debian_chroot:+($debian_chroot)}\[\033[01;32m\]\u@\h\[\033[00m\]:\[\033[01;34m\]\w\[\033[00m\]\$ /home/aichou/uni_projects/ROBM/robm-pixi/.pixi/envs/default/bin/cmake --install /home/aichou/uni_projects/ROBM/robm-pixi/build/teleop_tools_msgs
