[1.084s] Invoking command in '/home/aichou/uni_projects/ROBM/robm-pixi/src/robm_tp2_move': PIXI_PROMPT=(robm) PS1=(robm) \[\e]0;\u@\h: \w\a\]${debian_chroot:+($debian_chroot)}\[\033[01;32m\]\u@\h\[\033[00m\]:\[\033[01;34m\]\w\[\033[00m\]\$ PYTHONPATH=/home/aichou/uni_projects/ROBM/robm-pixi/build/robm_tp2_move/prefix_override:/home/aichou/uni_projects/ROBM/robm-pixi/.pixi/envs/default/lib/python3.12/site-packages/colcon_core/task/python/colcon_distutils_commands:/home/aichou/uni_projects/ROBM/robm-pixi/install/robm_tp2_move/lib/python3.12/site-packages:${PYTHONPATH} /home/aichou/uni_projects/ROBM/robm-pixi/.pixi/envs/default/bin/python3.12 -W ignore:setup.py install is deprecated -W ignore:easy_install command is deprecated setup.py egg_info --egg-base ../../build/robm_tp2_move build --build-base /home/aichou/uni_projects/ROBM/robm-pixi/build/robm_tp2_move/build install --record /home/aichou/uni_projects/ROBM/robm-pixi/build/robm_tp2_move/install.log --single-version-externally-managed install_data
[1.252s] running egg_info
[1.262s] writing ../../build/robm_tp2_move/robm_tp2_move.egg-info/PKG-INFO
[1.264s] writing dependency_links to ../../build/robm_tp2_move/robm_tp2_move.egg-info/dependency_links.txt
[1.264s] writing entry points to ../../build/robm_tp2_move/robm_tp2_move.egg-info/entry_points.txt
[1.265s] writing requirements to ../../build/robm_tp2_move/robm_tp2_move.egg-info/requires.txt
[1.265s] writing top-level names to ../../build/robm_tp2_move/robm_tp2_move.egg-info/top_level.txt
[1.285s] reading manifest file '../../build/robm_tp2_move/robm_tp2_move.egg-info/SOURCES.txt'
[1.287s] writing manifest file '../../build/robm_tp2_move/robm_tp2_move.egg-info/SOURCES.txt'
[1.287s] running build
[1.287s] running build_py
[1.287s] copying robm_tp2_move/tourne_motor.py -> /home/aichou/uni_projects/ROBM/robm-pixi/build/robm_tp2_move/build/lib/robm_tp2_move
[1.288s] copying robm_tp2_move/gauche_motor.py -> /home/aichou/uni_projects/ROBM/robm-pixi/build/robm_tp2_move/build/lib/robm_tp2_move
[1.288s] copying robm_tp2_move/__init__.py -> /home/aichou/uni_projects/ROBM/robm-pixi/build/robm_tp2_move/build/lib/robm_tp2_move
[1.288s] copying robm_tp2_move/avance_motor.py -> /home/aichou/uni_projects/ROBM/robm-pixi/build/robm_tp2_move/build/lib/robm_tp2_move
[1.289s] running install
[1.291s] running install_lib
[1.302s] copying /home/aichou/uni_projects/ROBM/robm-pixi/build/robm_tp2_move/build/lib/robm_tp2_move/tourne_motor.py -> /home/aichou/uni_projects/ROBM/robm-pixi/install/robm_tp2_move/lib/python3.12/site-packages/robm_tp2_move
[1.303s] copying /home/aichou/uni_projects/ROBM/robm-pixi/build/robm_tp2_move/build/lib/robm_tp2_move/gauche_motor.py -> /home/aichou/uni_projects/ROBM/robm-pixi/install/robm_tp2_move/lib/python3.12/site-packages/robm_tp2_move
[1.303s] copying /home/aichou/uni_projects/ROBM/robm-pixi/build/robm_tp2_move/build/lib/robm_tp2_move/avance_motor.py -> /home/aichou/uni_projects/ROBM/robm-pixi/install/robm_tp2_move/lib/python3.12/site-packages/robm_tp2_move
[1.303s] byte-compiling /home/aichou/uni_projects/ROBM/robm-pixi/install/robm_tp2_move/lib/python3.12/site-packages/robm_tp2_move/tourne_motor.py to tourne_motor.cpython-312.pyc
[1.304s] byte-compiling /home/aichou/uni_projects/ROBM/robm-pixi/install/robm_tp2_move/lib/python3.12/site-packages/robm_tp2_move/gauche_motor.py to gauche_motor.cpython-312.pyc
[1.304s] byte-compiling /home/aichou/uni_projects/ROBM/robm-pixi/install/robm_tp2_move/lib/python3.12/site-packages/robm_tp2_move/avance_motor.py to avance_motor.cpython-312.pyc
[1.305s] running install_data
[1.305s] copying resource/robm_tp2_move -> /home/aichou/uni_projects/ROBM/robm-pixi/install/robm_tp2_move/share/ament_index/resource_index/packages
[1.305s] copying package.xml -> /home/aichou/uni_projects/ROBM/robm-pixi/install/robm_tp2_move/share/robm_tp2_move
[1.306s] running install_egg_info
[1.317s] removing '/home/aichou/uni_projects/ROBM/robm-pixi/install/robm_tp2_move/lib/python3.12/site-packages/robm_tp2_move-0.0.0-py3.12.egg-info' (and everything under it)
[1.317s] Copying ../../build/robm_tp2_move/robm_tp2_move.egg-info to /home/aichou/uni_projects/ROBM/robm-pixi/install/robm_tp2_move/lib/python3.12/site-packages/robm_tp2_move-0.0.0-py3.12.egg-info
[1.318s] running install_scripts
[1.390s] Installing avance_motor script to /home/aichou/uni_projects/ROBM/robm-pixi/install/robm_tp2_move/lib/robm_tp2_move
[1.390s] Installing gauche_motor script to /home/aichou/uni_projects/ROBM/robm-pixi/install/robm_tp2_move/lib/robm_tp2_move
[1.390s] Installing tourne_motor script to /home/aichou/uni_projects/ROBM/robm-pixi/install/robm_tp2_move/lib/robm_tp2_move
[1.390s] writing list of installed files to '/home/aichou/uni_projects/ROBM/robm-pixi/build/robm_tp2_move/install.log'
[1.418s] Invoked command in '/home/aichou/uni_projects/ROBM/robm-pixi/src/robm_tp2_move' returned '0': PIXI_PROMPT=(robm) PS1=(robm) \[\e]0;\u@\h: \w\a\]${debian_chroot:+($debian_chroot)}\[\033[01;32m\]\u@\h\[\033[00m\]:\[\033[01;34m\]\w\[\033[00m\]\$ PYTHONPATH=/home/aichou/uni_projects/ROBM/robm-pixi/build/robm_tp2_move/prefix_override:/home/aichou/uni_projects/ROBM/robm-pixi/.pixi/envs/default/lib/python3.12/site-packages/colcon_core/task/python/colcon_distutils_commands:/home/aichou/uni_projects/ROBM/robm-pixi/install/robm_tp2_move/lib/python3.12/site-packages:${PYTHONPATH} /home/aichou/uni_projects/ROBM/robm-pixi/.pixi/envs/default/bin/python3.12 -W ignore:setup.py install is deprecated -W ignore:easy_install command is deprecated setup.py egg_info --egg-base ../../build/robm_tp2_move build --build-base /home/aichou/uni_projects/ROBM/robm-pixi/build/robm_tp2_move/build install --record /home/aichou/uni_projects/ROBM/robm-pixi/build/robm_tp2_move/install.log --single-version-externally-managed install_data
