[1.542s] [34mcolcon[0m [1;30mDEBUG[0m [32mCommand line arguments: ['/home/aichou/uni_projects/ROBM/robm-pixi/.pixi/envs/default/bin/colcon', 'build', '--symlink-install', '--cmake-args', '-DCMAKE_EXPORT_COMPILE_COMMANDS=ON', '-DPython_FIND_VIRTUALENV=ONLY', '-DPython3_FIND_VIRTUALENV=ONLY'][0m
[1.542s] [34mcolcon[0m [1;30mDEBUG[0m [32mParsed command line arguments: Namespace(log_base=None, log_level=None, verb_name='build', build_base='build', install_base='install', merge_install=False, symlink_install=True, test_result_base=None, continue_on_error=False, executor='parallel', parallel_workers=22, event_handlers=None, ignore_user_meta=False, metas=['./colcon.meta'], base_paths=['.'], packages_ignore=None, packages_ignore_regex=None, paths=None, packages_up_to=None, packages_up_to_regex=None, packages_above=None, packages_above_and_dependencies=None, packages_above_depth=None, packages_select_by_dep=None, packages_skip_by_dep=None, packages_skip_up_to=None, packages_select_build_failed=False, packages_skip_build_finished=False, packages_select_test_failures=False, packages_skip_test_passed=False, packages_select=None, packages_skip=None, packages_select_regex=None, packages_skip_regex=None, packages_start=None, packages_end=None, cmake_args=['-DCMAKE_EXPORT_COMPILE_COMMANDS=ON', '-DPython_FIND_VIRTUALENV=ONLY', '-DPython3_FIND_VIRTUALENV=ONLY'], cmake_target=None, cmake_target_skip_unavailable=False, cmake_clean_cache=False, cmake_clean_first=False, cmake_force_configure=False, ament_cmake_args=None, catkin_cmake_args=None, catkin_skip_building_tests=False, verb_parser=<colcon_defaults.argument_parser.defaults.DefaultArgumentsDecorator object at 0x7f4730ada330>, verb_extension=<colcon_core.verb.build.BuildVerb object at 0x7f4730ada150>, main=<bound method BuildVerb.main of <colcon_core.verb.build.BuildVerb object at 0x7f4730ada150>>)[0m
[1.927s] [34mcolcon.colcon_core.package_discovery[0m [1;30mLevel 1[0m discover_packages(colcon_meta) check parameters
[1.927s] [34mcolcon.colcon_core.package_discovery[0m [1;30mLevel 1[0m discover_packages(recursive) check parameters
[1.927s] [34mcolcon.colcon_core.package_discovery[0m [1;30mLevel 1[0m discover_packages(ignore) check parameters
[1.927s] [34mcolcon.colcon_core.package_discovery[0m [1;30mLevel 1[0m discover_packages(path) check parameters
[1.927s] [34mcolcon.colcon_core.package_discovery[0m [1;30mLevel 1[0m discover_packages(colcon_meta) discover
[1.927s] [34mcolcon.colcon_core.package_discovery[0m [1;30mLevel 1[0m discover_packages(recursive) discover
[1.927s] [34mcolcon.colcon_core.package_discovery[0m [1;30mINFO[0m Crawling recursively for packages in '/home/aichou/uni_projects/ROBM/robm-pixi'
[1.927s] [34mcolcon.colcon_core.package_identification[0m [1;30mLevel 1[0m _identify(.) by extensions ['ignore', 'ignore_ament_install']
[1.927s] [34mcolcon.colcon_core.package_identification[0m [1;30mLevel 1[0m _identify(.) by extension 'ignore'
[1.927s] [34mcolcon.colcon_core.package_identification[0m [1;30mLevel 1[0m _identify(.) by extension 'ignore_ament_install'
[1.928s] [34mcolcon.colcon_core.package_identification[0m [1;30mLevel 1[0m _identify(.) by extensions ['colcon_pkg']
[1.928s] [34mcolcon.colcon_core.package_identification[0m [1;30mLevel 1[0m _identify(.) by extension 'colcon_pkg'
[1.928s] [34mcolcon.colcon_core.package_identification[0m [1;30mLevel 1[0m _identify(.) by extensions ['colcon_meta']
[1.928s] [34mcolcon.colcon_core.package_identification[0m [1;30mLevel 1[0m _identify(.) by extension 'colcon_meta'
[1.928s] [34mcolcon.colcon_core.package_identification[0m [1;30mLevel 1[0m _identify(.) by extensions ['ros']
[1.928s] [34mcolcon.colcon_core.package_identification[0m [1;30mLevel 1[0m _identify(.) by extension 'ros'
[2.106s] [34mcolcon.colcon_core.package_identification[0m [1;30mLevel 1[0m _identify(.) by extensions ['cmake', 'python']
[2.106s] [34mcolcon.colcon_core.package_identification[0m [1;30mLevel 1[0m _identify(.) by extension 'cmake'
[2.106s] [34mcolcon.colcon_core.package_identification[0m [1;30mLevel 1[0m _identify(.) by extension 'python'
[2.106s] [34mcolcon.colcon_core.package_identification[0m [1;30mLevel 1[0m _identify(.) by extensions ['python_setup_py']
[2.106s] [34mcolcon.colcon_core.package_identification[0m [1;30mLevel 1[0m _identify(.) by extension 'python_setup_py'
[2.106s] [34mcolcon.colcon_core.package_identification[0m [1;30mLevel 1[0m _identify(build) by extensions ['ignore', 'ignore_ament_install']
[2.106s] [34mcolcon.colcon_core.package_identification[0m [1;30mLevel 1[0m _identify(build) by extension 'ignore'
[2.106s] [34mcolcon.colcon_core.package_identification[0m [1;30mLevel 1[0m _identify(build) ignored
[2.106s] [34mcolcon.colcon_core.package_identification[0m [1;30mLevel 1[0m _identify(install) by extensions ['ignore', 'ignore_ament_install']
[2.107s] [34mcolcon.colcon_core.package_identification[0m [1;30mLevel 1[0m _identify(install) by extension 'ignore'
[2.107s] [34mcolcon.colcon_core.package_identification[0m [1;30mLevel 1[0m _identify(install) ignored
[2.107s] [34mcolcon.colcon_core.package_identification[0m [1;30mLevel 1[0m _identify(log) by extensions ['ignore', 'ignore_ament_install']
[2.107s] [34mcolcon.colcon_core.package_identification[0m [1;30mLevel 1[0m _identify(log) by extension 'ignore'
[2.107s] [34mcolcon.colcon_core.package_identification[0m [1;30mLevel 1[0m _identify(log) ignored
[2.107s] [34mcolcon.colcon_core.package_identification[0m [1;30mLevel 1[0m _identify(src) by extensions ['ignore', 'ignore_ament_install']
[2.107s] [34mcolcon.colcon_core.package_identification[0m [1;30mLevel 1[0m _identify(src) by extension 'ignore'
[2.107s] [34mcolcon.colcon_core.package_identification[0m [1;30mLevel 1[0m _identify(src) by extension 'ignore_ament_install'
[2.107s] [34mcolcon.colcon_core.package_identification[0m [1;30mLevel 1[0m _identify(src) by extensions ['colcon_pkg']
[2.107s] [34mcolcon.colcon_core.package_identification[0m [1;30mLevel 1[0m _identify(src) by extension 'colcon_pkg'
[2.107s] [34mcolcon.colcon_core.package_identification[0m [1;30mLevel 1[0m _identify(src) by extensions ['colcon_meta']
[2.107s] [34mcolcon.colcon_core.package_identification[0m [1;30mLevel 1[0m _identify(src) by extension 'colcon_meta'
[2.107s] [34mcolcon.colcon_core.package_identification[0m [1;30mLevel 1[0m _identify(src) by extensions ['ros']
[2.107s] [34mcolcon.colcon_core.package_identification[0m [1;30mLevel 1[0m _identify(src) by extension 'ros'
[2.107s] [34mcolcon.colcon_core.package_identification[0m [1;30mLevel 1[0m _identify(src) by extensions ['cmake', 'python']
[2.107s] [34mcolcon.colcon_core.package_identification[0m [1;30mLevel 1[0m _identify(src) by extension 'cmake'
[2.107s] [34mcolcon.colcon_core.package_identification[0m [1;30mLevel 1[0m _identify(src) by extension 'python'
[2.107s] [34mcolcon.colcon_core.package_identification[0m [1;30mLevel 1[0m _identify(src) by extensions ['python_setup_py']
[2.107s] [34mcolcon.colcon_core.package_identification[0m [1;30mLevel 1[0m _identify(src) by extension 'python_setup_py'
[2.108s] [34mcolcon.colcon_core.package_identification[0m [1;30mLevel 1[0m _identify(src/robm_bridge) by extensions ['ignore', 'ignore_ament_install']
[2.108s] [34mcolcon.colcon_core.package_identification[0m [1;30mLevel 1[0m _identify(src/robm_bridge) by extension 'ignore'
[2.108s] [34mcolcon.colcon_core.package_identification[0m [1;30mLevel 1[0m _identify(src/robm_bridge) by extension 'ignore_ament_install'
[2.108s] [34mcolcon.colcon_core.package_identification[0m [1;30mLevel 1[0m _identify(src/robm_bridge) by extensions ['colcon_pkg']
[2.108s] [34mcolcon.colcon_core.package_identification[0m [1;30mLevel 1[0m _identify(src/robm_bridge) by extension 'colcon_pkg'
[2.108s] [34mcolcon.colcon_core.package_identification[0m [1;30mLevel 1[0m _identify(src/robm_bridge) by extensions ['colcon_meta']
[2.108s] [34mcolcon.colcon_core.package_identification[0m [1;30mLevel 1[0m _identify(src/robm_bridge) by extension 'colcon_meta'
[2.108s] [34mcolcon.colcon_core.package_identification[0m [1;30mLevel 1[0m _identify(src/robm_bridge) by extensions ['ros']
[2.108s] [34mcolcon.colcon_core.package_identification[0m [1;30mLevel 1[0m _identify(src/robm_bridge) by extension 'ros'
[2.121s] [34mcolcon.colcon_core.package_identification[0m [1;30mDEBUG[0m [32mPackage 'src/robm_bridge' with type 'ros.ament_python' and name 'robm_bridge'[0m
[2.121s] [34mcolcon.colcon_core.package_identification[0m [1;30mLevel 1[0m _identify(src/robm_interfaces) by extensions ['ignore', 'ignore_ament_install']
[2.121s] [34mcolcon.colcon_core.package_identification[0m [1;30mLevel 1[0m _identify(src/robm_interfaces) by extension 'ignore'
[2.121s] [34mcolcon.colcon_core.package_identification[0m [1;30mLevel 1[0m _identify(src/robm_interfaces) by extension 'ignore_ament_install'
[2.121s] [34mcolcon.colcon_core.package_identification[0m [1;30mLevel 1[0m _identify(src/robm_interfaces) by extensions ['colcon_pkg']
[2.121s] [34mcolcon.colcon_core.package_identification[0m [1;30mLevel 1[0m _identify(src/robm_interfaces) by extension 'colcon_pkg'
[2.121s] [34mcolcon.colcon_core.package_identification[0m [1;30mLevel 1[0m _identify(src/robm_interfaces) by extensions ['colcon_meta']
[2.121s] [34mcolcon.colcon_core.package_identification[0m [1;30mLevel 1[0m _identify(src/robm_interfaces) by extension 'colcon_meta'
[2.121s] [34mcolcon.colcon_core.package_identification[0m [1;30mLevel 1[0m _identify(src/robm_interfaces) by extensions ['ros']
[2.121s] [34mcolcon.colcon_core.package_identification[0m [1;30mLevel 1[0m _identify(src/robm_interfaces) by extension 'ros'
[2.122s] [34mcolcon.colcon_core.package_identification[0m [1;30mDEBUG[0m [32mPackage 'src/robm_interfaces' with type 'ros.ament_cmake' and name 'robm_interfaces'[0m
[2.122s] [34mcolcon.colcon_core.package_discovery[0m [1;30mLevel 1[0m discover_packages(recursive) using defaults
[2.122s] [34mcolcon.colcon_core.package_discovery[0m [1;30mLevel 1[0m discover_packages(ignore) discover
[2.122s] [34mcolcon.colcon_core.package_discovery[0m [1;30mLevel 1[0m discover_packages(ignore) using defaults
[2.122s] [34mcolcon.colcon_core.package_discovery[0m [1;30mLevel 1[0m discover_packages(path) discover
[2.122s] [34mcolcon.colcon_core.package_discovery[0m [1;30mLevel 1[0m discover_packages(path) using defaults
[2.199s] [34mcolcon.colcon_core.verb[0m [1;30mLevel 5[0m set package 'robm_interfaces' build argument 'cmake_args' from command line to '['-DCMAKE_EXPORT_COMPILE_COMMANDS=ON', '-DPython_FIND_VIRTUALENV=ONLY', '-DPython3_FIND_VIRTUALENV=ONLY']'
[2.199s] [34mcolcon.colcon_core.verb[0m [1;30mLevel 5[0m set package 'robm_interfaces' build argument 'cmake_target' from command line to 'None'
[2.199s] [34mcolcon.colcon_core.verb[0m [1;30mLevel 5[0m set package 'robm_interfaces' build argument 'cmake_target_skip_unavailable' from command line to 'False'
[2.199s] [34mcolcon.colcon_core.verb[0m [1;30mLevel 5[0m set package 'robm_interfaces' build argument 'cmake_clean_cache' from command line to 'False'
[2.199s] [34mcolcon.colcon_core.verb[0m [1;30mLevel 5[0m set package 'robm_interfaces' build argument 'cmake_clean_first' from command line to 'False'
[2.199s] [34mcolcon.colcon_core.verb[0m [1;30mLevel 5[0m set package 'robm_interfaces' build argument 'cmake_force_configure' from command line to 'False'
[2.199s] [34mcolcon.colcon_core.verb[0m [1;30mLevel 5[0m set package 'robm_interfaces' build argument 'ament_cmake_args' from command line to 'None'
[2.199s] [34mcolcon.colcon_core.verb[0m [1;30mLevel 5[0m set package 'robm_interfaces' build argument 'catkin_cmake_args' from command line to 'None'
[2.199s] [34mcolcon.colcon_core.verb[0m [1;30mLevel 5[0m set package 'robm_interfaces' build argument 'catkin_skip_building_tests' from command line to 'False'
[2.199s] [34mcolcon.colcon_core.verb[0m [1;30mDEBUG[0m [32mBuilding package 'robm_interfaces' with the following arguments: {'ament_cmake_args': None, 'build_base': '/home/aichou/uni_projects/ROBM/robm-pixi/build/robm_interfaces', 'catkin_cmake_args': None, 'catkin_skip_building_tests': False, 'cmake_args': ['-DCMAKE_EXPORT_COMPILE_COMMANDS=ON', '-DPython_FIND_VIRTUALENV=ONLY', '-DPython3_FIND_VIRTUALENV=ONLY'], 'cmake_clean_cache': False, 'cmake_clean_first': False, 'cmake_force_configure': False, 'cmake_target': None, 'cmake_target_skip_unavailable': False, 'install_base': '/home/aichou/uni_projects/ROBM/robm-pixi/install/robm_interfaces', 'merge_install': False, 'path': '/home/aichou/uni_projects/ROBM/robm-pixi/src/robm_interfaces', 'symlink_install': True, 'test_result_base': None}[0m
[2.200s] [34mcolcon.colcon_core.verb[0m [1;30mLevel 5[0m set package 'robm_bridge' build argument 'cmake_args' from command line to '['-DCMAKE_EXPORT_COMPILE_COMMANDS=ON', '-DPython_FIND_VIRTUALENV=ONLY', '-DPython3_FIND_VIRTUALENV=ONLY']'
[2.200s] [34mcolcon.colcon_core.verb[0m [1;30mLevel 5[0m set package 'robm_bridge' build argument 'cmake_target' from command line to 'None'
[2.200s] [34mcolcon.colcon_core.verb[0m [1;30mLevel 5[0m set package 'robm_bridge' build argument 'cmake_target_skip_unavailable' from command line to 'False'
[2.200s] [34mcolcon.colcon_core.verb[0m [1;30mLevel 5[0m set package 'robm_bridge' build argument 'cmake_clean_cache' from command line to 'False'
[2.200s] [34mcolcon.colcon_core.verb[0m [1;30mLevel 5[0m set package 'robm_bridge' build argument 'cmake_clean_first' from command line to 'False'
[2.200s] [34mcolcon.colcon_core.verb[0m [1;30mLevel 5[0m set package 'robm_bridge' build argument 'cmake_force_configure' from command line to 'False'
[2.200s] [34mcolcon.colcon_core.verb[0m [1;30mLevel 5[0m set package 'robm_bridge' build argument 'ament_cmake_args' from command line to 'None'
[2.200s] [34mcolcon.colcon_core.verb[0m [1;30mLevel 5[0m set package 'robm_bridge' build argument 'catkin_cmake_args' from command line to 'None'
[2.200s] [34mcolcon.colcon_core.verb[0m [1;30mLevel 5[0m set package 'robm_bridge' build argument 'catkin_skip_building_tests' from command line to 'False'
[2.200s] [34mcolcon.colcon_core.verb[0m [1;30mDEBUG[0m [32mBuilding package 'robm_bridge' with the following arguments: {'ament_cmake_args': None, 'build_base': '/home/aichou/uni_projects/ROBM/robm-pixi/build/robm_bridge', 'catkin_cmake_args': None, 'catkin_skip_building_tests': False, 'cmake_args': ['-DCMAKE_EXPORT_COMPILE_COMMANDS=ON', '-DPython_FIND_VIRTUALENV=ONLY', '-DPython3_FIND_VIRTUALENV=ONLY'], 'cmake_clean_cache': False, 'cmake_clean_first': False, 'cmake_force_configure': False, 'cmake_target': None, 'cmake_target_skip_unavailable': False, 'install_base': '/home/aichou/uni_projects/ROBM/robm-pixi/install/robm_bridge', 'merge_install': False, 'path': '/home/aichou/uni_projects/ROBM/robm-pixi/src/robm_bridge', 'symlink_install': True, 'test_result_base': None}[0m
[2.200s] [34mcolcon.colcon_core.executor[0m [1;30mINFO[0m Executing jobs using 'parallel' executor
[2.201s] [34mcolcon.colcon_parallel_executor.executor.parallel[0m [1;30mDEBUG[0m [32mrun_until_complete[0m
[2.202s] [34mcolcon.colcon_ros.task.ament_cmake.build[0m [1;30mINFO[0m Building ROS package in '/home/aichou/uni_projects/ROBM/robm-pixi/src/robm_interfaces' with build type 'ament_cmake'
[2.202s] [34mcolcon.colcon_cmake.task.cmake.build[0m [1;30mINFO[0m Building CMake package in '/home/aichou/uni_projects/ROBM/robm-pixi/src/robm_interfaces'
[2.216s] [34mcolcon.colcon_core.plugin_system[0m [1;30mINFO[0m Skipping extension 'colcon_core.shell.bat': Not used on non-Windows systems
[2.217s] [34mcolcon.colcon_core.shell[0m [1;30mINFO[0m Skip shell extension 'powershell' for command environment: Not usable outside of PowerShell
[2.217s] [34mcolcon.colcon_core.shell[0m [1;30mDEBUG[0m [32mSkip shell extension 'dsv' for command environment[0m
[2.235s] [34mcolcon.colcon_core.event_handler.log_command[0m [1;30mDEBUG[0m [32mInvoking command in '/home/aichou/uni_projects/ROBM/robm-pixi/build/robm_interfaces': CONDA_ENV_SHLVL_2_PIXI_PROMPT=(robm) PIXI_PROMPT=(robm) PS1=(robm) \[\e]0;\u@\h: \w\a\]${debian_chroot:+($debian_chroot)}\[\033[01;32m\]\u@\h\[\033[00m\]:\[\033[01;34m\]\w\[\033[00m\]\$ /home/aichou/uni_projects/ROBM/robm-pixi/.pixi/envs/default/bin/cmake /home/aichou/uni_projects/ROBM/robm-pixi/src/robm_interfaces -DCMAKE_EXPORT_COMPILE_COMMANDS=ON -DPython_FIND_VIRTUALENV=ONLY -DPython3_FIND_VIRTUALENV=ONLY -DAMENT_CMAKE_SYMLINK_INSTALL=1 -DCMAKE_INSTALL_PREFIX=/home/aichou/uni_projects/ROBM/robm-pixi/install/robm_interfaces[0m
[13.679s] [34mcolcon.colcon_core.event_handler.log_command[0m [1;30mDEBUG[0m [32mInvoked command in '/home/aichou/uni_projects/ROBM/robm-pixi/build/robm_interfaces' returned '0': CONDA_ENV_SHLVL_2_PIXI_PROMPT=(robm) PIXI_PROMPT=(robm) PS1=(robm) \[\e]0;\u@\h: \w\a\]${debian_chroot:+($debian_chroot)}\[\033[01;32m\]\u@\h\[\033[00m\]:\[\033[01;34m\]\w\[\033[00m\]\$ /home/aichou/uni_projects/ROBM/robm-pixi/.pixi/envs/default/bin/cmake /home/aichou/uni_projects/ROBM/robm-pixi/src/robm_interfaces -DCMAKE_EXPORT_COMPILE_COMMANDS=ON -DPython_FIND_VIRTUALENV=ONLY -DPython3_FIND_VIRTUALENV=ONLY -DAMENT_CMAKE_SYMLINK_INSTALL=1 -DCMAKE_INSTALL_PREFIX=/home/aichou/uni_projects/ROBM/robm-pixi/install/robm_interfaces[0m
[13.681s] [34mcolcon.colcon_core.event_handler.log_command[0m [1;30mDEBUG[0m [32mInvoking command in '/home/aichou/uni_projects/ROBM/robm-pixi/build/robm_interfaces': CONDA_ENV_SHLVL_2_PIXI_PROMPT=(robm) PIXI_PROMPT=(robm) PS1=(robm) \[\e]0;\u@\h: \w\a\]${debian_chroot:+($debian_chroot)}\[\033[01;32m\]\u@\h\[\033[00m\]:\[\033[01;34m\]\w\[\033[00m\]\$ /home/aichou/uni_projects/ROBM/robm-pixi/.pixi/envs/default/bin/cmake --build /home/aichou/uni_projects/ROBM/robm-pixi/build/robm_interfaces -- -j22 -l22[0m
[18.263s] [34mcolcon.colcon_core.event_handler.log_command[0m [1;30mDEBUG[0m [32mInvoked command in '/home/aichou/uni_projects/ROBM/robm-pixi/build/robm_interfaces' returned '0': CONDA_ENV_SHLVL_2_PIXI_PROMPT=(robm) PIXI_PROMPT=(robm) PS1=(robm) \[\e]0;\u@\h: \w\a\]${debian_chroot:+($debian_chroot)}\[\033[01;32m\]\u@\h\[\033[00m\]:\[\033[01;34m\]\w\[\033[00m\]\$ /home/aichou/uni_projects/ROBM/robm-pixi/.pixi/envs/default/bin/cmake --build /home/aichou/uni_projects/ROBM/robm-pixi/build/robm_interfaces -- -j22 -l22[0m
[18.271s] [34mcolcon.colcon_core.event_handler.log_command[0m [1;30mDEBUG[0m [32mInvoking command in '/home/aichou/uni_projects/ROBM/robm-pixi/build/robm_interfaces': CONDA_ENV_SHLVL_2_PIXI_PROMPT=(robm) PIXI_PROMPT=(robm) PS1=(robm) \[\e]0;\u@\h: \w\a\]${debian_chroot:+($debian_chroot)}\[\033[01;32m\]\u@\h\[\033[00m\]:\[\033[01;34m\]\w\[\033[00m\]\$ /home/aichou/uni_projects/ROBM/robm-pixi/.pixi/envs/default/bin/cmake --install /home/aichou/uni_projects/ROBM/robm-pixi/build/robm_interfaces[0m
[19.210s] [34mcolcon.colcon_core.environment[0m [1;30mLevel 1[0m create_environment_scripts_only(robm_interfaces)
[19.212s] [34mcolcon.colcon_core.event_handler.log_command[0m [1;30mDEBUG[0m [32mInvoked command in '/home/aichou/uni_projects/ROBM/robm-pixi/build/robm_interfaces' returned '0': CONDA_ENV_SHLVL_2_PIXI_PROMPT=(robm) PIXI_PROMPT=(robm) PS1=(robm) \[\e]0;\u@\h: \w\a\]${debian_chroot:+($debian_chroot)}\[\033[01;32m\]\u@\h\[\033[00m\]:\[\033[01;34m\]\w\[\033[00m\]\$ /home/aichou/uni_projects/ROBM/robm-pixi/.pixi/envs/default/bin/cmake --install /home/aichou/uni_projects/ROBM/robm-pixi/build/robm_interfaces[0m
[19.232s] [34mcolcon.colcon_core.environment[0m [1;30mLevel 1[0m checking '/home/aichou/uni_projects/ROBM/robm-pixi/install/robm_interfaces' for CMake module files
[19.233s] [34mcolcon.colcon_core.environment[0m [1;30mLevel 1[0m checking '/home/aichou/uni_projects/ROBM/robm-pixi/install/robm_interfaces' for CMake config files
[19.233s] [34mcolcon.colcon_core.shell[0m [1;30mLevel 1[0m create_environment_hook('robm_interfaces', 'cmake_prefix_path')
[19.233s] [34mcolcon.colcon_core.shell[0m [1;30mINFO[0m Creating environment hook '/home/aichou/uni_projects/ROBM/robm-pixi/install/robm_interfaces/share/robm_interfaces/hook/cmake_prefix_path.ps1'
[19.235s] [34mcolcon.colcon_core.shell[0m [1;30mINFO[0m Creating environment descriptor '/home/aichou/uni_projects/ROBM/robm-pixi/install/robm_interfaces/share/robm_interfaces/hook/cmake_prefix_path.dsv'
[19.236s] [34mcolcon.colcon_core.shell[0m [1;30mINFO[0m Creating environment hook '/home/aichou/uni_projects/ROBM/robm-pixi/install/robm_interfaces/share/robm_interfaces/hook/cmake_prefix_path.sh'
[19.237s] [34mcolcon.colcon_core.environment[0m [1;30mLevel 1[0m checking '/home/aichou/uni_projects/ROBM/robm-pixi/install/robm_interfaces/lib'
[19.238s] [34mcolcon.colcon_core.shell[0m [1;30mLevel 1[0m create_environment_hook('robm_interfaces', 'ld_library_path_lib')
[19.238s] [34mcolcon.colcon_core.shell[0m [1;30mINFO[0m Creating environment hook '/home/aichou/uni_projects/ROBM/robm-pixi/install/robm_interfaces/share/robm_interfaces/hook/ld_library_path_lib.ps1'
[19.238s] [34mcolcon.colcon_core.shell[0m [1;30mINFO[0m Creating environment descriptor '/home/aichou/uni_projects/ROBM/robm-pixi/install/robm_interfaces/share/robm_interfaces/hook/ld_library_path_lib.dsv'
[19.238s] [34mcolcon.colcon_core.shell[0m [1;30mINFO[0m Creating environment hook '/home/aichou/uni_projects/ROBM/robm-pixi/install/robm_interfaces/share/robm_interfaces/hook/ld_library_path_lib.sh'
[19.239s] [34mcolcon.colcon_core.environment[0m [1;30mLevel 1[0m checking '/home/aichou/uni_projects/ROBM/robm-pixi/install/robm_interfaces/bin'
[19.239s] [34mcolcon.colcon_core.environment[0m [1;30mLevel 1[0m checking '/home/aichou/uni_projects/ROBM/robm-pixi/install/robm_interfaces/lib/pkgconfig/robm_interfaces.pc'
[19.241s] [34mcolcon.colcon_core.environment[0m [1;30mLevel 1[0m checking '/home/aichou/uni_projects/ROBM/robm-pixi/install/robm_interfaces/lib/python3.12/site-packages'
[19.241s] [34mcolcon.colcon_core.shell[0m [1;30mLevel 1[0m create_environment_hook('robm_interfaces', 'pythonpath')
[19.241s] [34mcolcon.colcon_core.shell[0m [1;30mINFO[0m Creating environment hook '/home/aichou/uni_projects/ROBM/robm-pixi/install/robm_interfaces/share/robm_interfaces/hook/pythonpath.ps1'
[19.242s] [34mcolcon.colcon_core.shell[0m [1;30mINFO[0m Creating environment descriptor '/home/aichou/uni_projects/ROBM/robm-pixi/install/robm_interfaces/share/robm_interfaces/hook/pythonpath.dsv'
[19.242s] [34mcolcon.colcon_core.shell[0m [1;30mINFO[0m Creating environment hook '/home/aichou/uni_projects/ROBM/robm-pixi/install/robm_interfaces/share/robm_interfaces/hook/pythonpath.sh'
[19.243s] [34mcolcon.colcon_core.environment[0m [1;30mLevel 1[0m checking '/home/aichou/uni_projects/ROBM/robm-pixi/install/robm_interfaces/bin'
[19.243s] [34mcolcon.colcon_core.shell[0m [1;30mINFO[0m Creating package script '/home/aichou/uni_projects/ROBM/robm-pixi/install/robm_interfaces/share/robm_interfaces/package.ps1'
[19.245s] [34mcolcon.colcon_core.shell[0m [1;30mINFO[0m Creating package descriptor '/home/aichou/uni_projects/ROBM/robm-pixi/install/robm_interfaces/share/robm_interfaces/package.dsv'
[19.246s] [34mcolcon.colcon_core.shell[0m [1;30mINFO[0m Creating package script '/home/aichou/uni_projects/ROBM/robm-pixi/install/robm_interfaces/share/robm_interfaces/package.sh'
[19.247s] [34mcolcon.colcon_core.shell[0m [1;30mINFO[0m Creating package script '/home/aichou/uni_projects/ROBM/robm-pixi/install/robm_interfaces/share/robm_interfaces/package.bash'
[19.249s] [34mcolcon.colcon_core.shell[0m [1;30mINFO[0m Creating package script '/home/aichou/uni_projects/ROBM/robm-pixi/install/robm_interfaces/share/robm_interfaces/package.zsh'
[19.251s] [34mcolcon.colcon_core.environment[0m [1;30mLevel 1[0m create_file_with_runtime_dependencies(/home/aichou/uni_projects/ROBM/robm-pixi/install/robm_interfaces/share/colcon-core/packages/robm_interfaces)
[19.252s] [34mcolcon.colcon_core.environment[0m [1;30mLevel 1[0m create_environment_scripts_only(robm_interfaces)
[19.252s] [34mcolcon.colcon_core.environment[0m [1;30mLevel 1[0m checking '/home/aichou/uni_projects/ROBM/robm-pixi/install/robm_interfaces' for CMake module files
[19.253s] [34mcolcon.colcon_core.environment[0m [1;30mLevel 1[0m checking '/home/aichou/uni_projects/ROBM/robm-pixi/install/robm_interfaces' for CMake config files
[19.253s] [34mcolcon.colcon_core.shell[0m [1;30mLevel 1[0m create_environment_hook('robm_interfaces', 'cmake_prefix_path')
[19.253s] [34mcolcon.colcon_core.shell[0m [1;30mINFO[0m Creating environment hook '/home/aichou/uni_projects/ROBM/robm-pixi/install/robm_interfaces/share/robm_interfaces/hook/cmake_prefix_path.ps1'
[19.254s] [34mcolcon.colcon_core.shell[0m [1;30mINFO[0m Creating environment descriptor '/home/aichou/uni_projects/ROBM/robm-pixi/install/robm_interfaces/share/robm_interfaces/hook/cmake_prefix_path.dsv'
[19.255s] [34mcolcon.colcon_core.shell[0m [1;30mINFO[0m Creating environment hook '/home/aichou/uni_projects/ROBM/robm-pixi/install/robm_interfaces/share/robm_interfaces/hook/cmake_prefix_path.sh'
[19.255s] [34mcolcon.colcon_core.environment[0m [1;30mLevel 1[0m checking '/home/aichou/uni_projects/ROBM/robm-pixi/install/robm_interfaces/lib'
[19.255s] [34mcolcon.colcon_core.shell[0m [1;30mLevel 1[0m create_environment_hook('robm_interfaces', 'ld_library_path_lib')
[19.256s] [34mcolcon.colcon_core.shell[0m [1;30mINFO[0m Creating environment hook '/home/aichou/uni_projects/ROBM/robm-pixi/install/robm_interfaces/share/robm_interfaces/hook/ld_library_path_lib.ps1'
[19.256s] [34mcolcon.colcon_core.shell[0m [1;30mINFO[0m Creating environment descriptor '/home/aichou/uni_projects/ROBM/robm-pixi/install/robm_interfaces/share/robm_interfaces/hook/ld_library_path_lib.dsv'
[19.256s] [34mcolcon.colcon_core.shell[0m [1;30mINFO[0m Creating environment hook '/home/aichou/uni_projects/ROBM/robm-pixi/install/robm_interfaces/share/robm_interfaces/hook/ld_library_path_lib.sh'
[19.257s] [34mcolcon.colcon_core.environment[0m [1;30mLevel 1[0m checking '/home/aichou/uni_projects/ROBM/robm-pixi/install/robm_interfaces/bin'
[19.257s] [34mcolcon.colcon_core.environment[0m [1;30mLevel 1[0m checking '/home/aichou/uni_projects/ROBM/robm-pixi/install/robm_interfaces/lib/pkgconfig/robm_interfaces.pc'
[19.257s] [34mcolcon.colcon_core.environment[0m [1;30mLevel 1[0m checking '/home/aichou/uni_projects/ROBM/robm-pixi/install/robm_interfaces/lib/python3.12/site-packages'
[19.257s] [34mcolcon.colcon_core.shell[0m [1;30mLevel 1[0m create_environment_hook('robm_interfaces', 'pythonpath')
[19.257s] [34mcolcon.colcon_core.shell[0m [1;30mINFO[0m Creating environment hook '/home/aichou/uni_projects/ROBM/robm-pixi/install/robm_interfaces/share/robm_interfaces/hook/pythonpath.ps1'
[19.258s] [34mcolcon.colcon_core.shell[0m [1;30mINFO[0m Creating environment descriptor '/home/aichou/uni_projects/ROBM/robm-pixi/install/robm_interfaces/share/robm_interfaces/hook/pythonpath.dsv'
[19.258s] [34mcolcon.colcon_core.shell[0m [1;30mINFO[0m Creating environment hook '/home/aichou/uni_projects/ROBM/robm-pixi/install/robm_interfaces/share/robm_interfaces/hook/pythonpath.sh'
[19.259s] [34mcolcon.colcon_core.environment[0m [1;30mLevel 1[0m checking '/home/aichou/uni_projects/ROBM/robm-pixi/install/robm_interfaces/bin'
[19.259s] [34mcolcon.colcon_core.shell[0m [1;30mINFO[0m Creating package script '/home/aichou/uni_projects/ROBM/robm-pixi/install/robm_interfaces/share/robm_interfaces/package.ps1'
[19.260s] [34mcolcon.colcon_core.shell[0m [1;30mINFO[0m Creating package descriptor '/home/aichou/uni_projects/ROBM/robm-pixi/install/robm_interfaces/share/robm_interfaces/package.dsv'
[19.260s] [34mcolcon.colcon_core.shell[0m [1;30mINFO[0m Creating package script '/home/aichou/uni_projects/ROBM/robm-pixi/install/robm_interfaces/share/robm_interfaces/package.sh'
[19.261s] [34mcolcon.colcon_core.shell[0m [1;30mINFO[0m Creating package script '/home/aichou/uni_projects/ROBM/robm-pixi/install/robm_interfaces/share/robm_interfaces/package.bash'
[19.261s] [34mcolcon.colcon_core.shell[0m [1;30mINFO[0m Creating package script '/home/aichou/uni_projects/ROBM/robm-pixi/install/robm_interfaces/share/robm_interfaces/package.zsh'
[19.261s] [34mcolcon.colcon_core.environment[0m [1;30mLevel 1[0m create_file_with_runtime_dependencies(/home/aichou/uni_projects/ROBM/robm-pixi/install/robm_interfaces/share/colcon-core/packages/robm_interfaces)
[19.263s] [34mcolcon.colcon_ros.task.ament_python.build[0m [1;30mINFO[0m Building ROS package in '/home/aichou/uni_projects/ROBM/robm-pixi/src/robm_bridge' with build type 'ament_python'
[19.263s] [34mcolcon.colcon_core.shell[0m [1;30mLevel 1[0m create_environment_hook('robm_bridge', 'ament_prefix_path')
[19.263s] [34mcolcon.colcon_core.shell[0m [1;30mINFO[0m Creating environment hook '/home/aichou/uni_projects/ROBM/robm-pixi/install/robm_bridge/share/robm_bridge/hook/ament_prefix_path.ps1'
[19.265s] [34mcolcon.colcon_core.shell[0m [1;30mINFO[0m Creating environment descriptor '/home/aichou/uni_projects/ROBM/robm-pixi/install/robm_bridge/share/robm_bridge/hook/ament_prefix_path.dsv'
[19.265s] [34mcolcon.colcon_core.shell[0m [1;30mINFO[0m Creating environment hook '/home/aichou/uni_projects/ROBM/robm-pixi/install/robm_bridge/share/robm_bridge/hook/ament_prefix_path.sh'
[19.266s] [34mcolcon.colcon_core.shell[0m [1;30mINFO[0m Skip shell extension 'powershell' for command environment: Not usable outside of PowerShell
[19.266s] [34mcolcon.colcon_core.shell[0m [1;30mDEBUG[0m [32mSkip shell extension 'dsv' for command environment[0m
[19.891s] [34mcolcon.colcon_core.task.python.build[0m [1;30mINFO[0m Building Python package in '/home/aichou/uni_projects/ROBM/robm-pixi/src/robm_bridge'
[19.891s] [34mcolcon.colcon_core.shell[0m [1;30mINFO[0m Skip shell extension 'powershell' for command environment: Not usable outside of PowerShell
[19.891s] [34mcolcon.colcon_core.shell[0m [1;30mDEBUG[0m [32mSkip shell extension 'dsv' for command environment[0m
[21.283s] [34mcolcon.colcon_core.event_handler.log_command[0m [1;30mDEBUG[0m [32mInvoking command in '/home/aichou/uni_projects/ROBM/robm-pixi/build/robm_bridge': AMENT_PREFIX_PATH=/home/aichou/uni_projects/ROBM/robm-pixi/install/robm_interfaces:${AMENT_PREFIX_PATH} CMAKE_PREFIX_PATH=/home/aichou/uni_projects/ROBM/robm-pixi/install/robm_interfaces:${CMAKE_PREFIX_PATH} CONDA_ENV_SHLVL_2_PIXI_PROMPT=(robm) LD_LIBRARY_PATH=/home/aichou/uni_projects/ROBM/robm-pixi/install/robm_interfaces/lib:${LD_LIBRARY_PATH} PIXI_PROMPT=(robm) PS1=(robm) \[\e]0;\u@\h: \w\a\]${debian_chroot:+($debian_chroot)}\[\033[01;32m\]\u@\h\[\033[00m\]:\[\033[01;34m\]\w\[\033[00m\]\$ PYTHONPATH=/home/aichou/uni_projects/ROBM/robm-pixi/build/robm_bridge/prefix_override:/home/aichou/uni_projects/ROBM/robm-pixi/.pixi/envs/default/lib/python3.12/site-packages/colcon_core/task/python/colcon_distutils_commands:/home/aichou/uni_projects/ROBM/robm-pixi/install/robm_bridge/lib/python3.12/site-packages:/home/aichou/uni_projects/ROBM/robm-pixi/install/robm_interfaces/lib/python3.12/site-packages:${PYTHONPATH} /home/aichou/uni_projects/ROBM/robm-pixi/.pixi/envs/default/bin/python3.12 -W ignore:setup.py install is deprecated -W ignore:easy_install command is deprecated setup.py develop --editable --build-directory /home/aichou/uni_projects/ROBM/robm-pixi/build/robm_bridge/build --no-deps symlink_data[0m
[22.061s] [34mcolcon.colcon_core.shell[0m [1;30mLevel 1[0m create_environment_hook('robm_bridge', 'pythonpath_develop')
[22.062s] [34mcolcon.colcon_core.shell[0m [1;30mINFO[0m Creating environment hook '/home/aichou/uni_projects/ROBM/robm-pixi/build/robm_bridge/share/robm_bridge/hook/pythonpath_develop.ps1'
[22.064s] [34mcolcon.colcon_core.event_handler.log_command[0m [1;30mDEBUG[0m [32mInvoked command in '/home/aichou/uni_projects/ROBM/robm-pixi/build/robm_bridge' returned '0': AMENT_PREFIX_PATH=/home/aichou/uni_projects/ROBM/robm-pixi/install/robm_interfaces:${AMENT_PREFIX_PATH} CMAKE_PREFIX_PATH=/home/aichou/uni_projects/ROBM/robm-pixi/install/robm_interfaces:${CMAKE_PREFIX_PATH} CONDA_ENV_SHLVL_2_PIXI_PROMPT=(robm) LD_LIBRARY_PATH=/home/aichou/uni_projects/ROBM/robm-pixi/install/robm_interfaces/lib:${LD_LIBRARY_PATH} PIXI_PROMPT=(robm) PS1=(robm) \[\e]0;\u@\h: \w\a\]${debian_chroot:+($debian_chroot)}\[\033[01;32m\]\u@\h\[\033[00m\]:\[\033[01;34m\]\w\[\033[00m\]\$ PYTHONPATH=/home/aichou/uni_projects/ROBM/robm-pixi/build/robm_bridge/prefix_override:/home/aichou/uni_projects/ROBM/robm-pixi/.pixi/envs/default/lib/python3.12/site-packages/colcon_core/task/python/colcon_distutils_commands:/home/aichou/uni_projects/ROBM/robm-pixi/install/robm_bridge/lib/python3.12/site-packages:/home/aichou/uni_projects/ROBM/robm-pixi/install/robm_interfaces/lib/python3.12/site-packages:${PYTHONPATH} /home/aichou/uni_projects/ROBM/robm-pixi/.pixi/envs/default/bin/python3.12 -W ignore:setup.py install is deprecated -W ignore:easy_install command is deprecated setup.py develop --editable --build-directory /home/aichou/uni_projects/ROBM/robm-pixi/build/robm_bridge/build --no-deps symlink_data[0m
[22.064s] [34mcolcon.colcon_core.shell[0m [1;30mINFO[0m Creating environment descriptor '/home/aichou/uni_projects/ROBM/robm-pixi/build/robm_bridge/share/robm_bridge/hook/pythonpath_develop.dsv'
[22.065s] [34mcolcon.colcon_core.shell[0m [1;30mINFO[0m Creating environment hook '/home/aichou/uni_projects/ROBM/robm-pixi/build/robm_bridge/share/robm_bridge/hook/pythonpath_develop.sh'
[22.066s] [34mcolcon.colcon_core.environment[0m [1;30mLevel 1[0m checking '/home/aichou/uni_projects/ROBM/robm-pixi/install/robm_bridge' for CMake module files
[22.067s] [34mcolcon.colcon_core.environment[0m [1;30mLevel 1[0m checking '/home/aichou/uni_projects/ROBM/robm-pixi/install/robm_bridge' for CMake config files
[22.067s] [34mcolcon.colcon_core.environment[0m [1;30mLevel 1[0m checking '/home/aichou/uni_projects/ROBM/robm-pixi/install/robm_bridge/lib'
[22.068s] [34mcolcon.colcon_core.environment[0m [1;30mLevel 1[0m checking '/home/aichou/uni_projects/ROBM/robm-pixi/install/robm_bridge/bin'
[22.068s] [34mcolcon.colcon_core.environment[0m [1;30mLevel 1[0m checking '/home/aichou/uni_projects/ROBM/robm-pixi/install/robm_bridge/lib/pkgconfig/robm_bridge.pc'
[22.068s] [34mcolcon.colcon_core.environment[0m [1;30mLevel 1[0m checking '/home/aichou/uni_projects/ROBM/robm-pixi/install/robm_bridge/lib/python3.12/site-packages'
[22.069s] [34mcolcon.colcon_core.shell[0m [1;30mLevel 1[0m create_environment_hook('robm_bridge', 'pythonpath')
[22.069s] [34mcolcon.colcon_core.shell[0m [1;30mINFO[0m Creating environment hook '/home/aichou/uni_projects/ROBM/robm-pixi/install/robm_bridge/share/robm_bridge/hook/pythonpath.ps1'
[22.069s] [34mcolcon.colcon_core.shell[0m [1;30mINFO[0m Creating environment descriptor '/home/aichou/uni_projects/ROBM/robm-pixi/install/robm_bridge/share/robm_bridge/hook/pythonpath.dsv'
[22.070s] [34mcolcon.colcon_core.shell[0m [1;30mINFO[0m Creating environment hook '/home/aichou/uni_projects/ROBM/robm-pixi/install/robm_bridge/share/robm_bridge/hook/pythonpath.sh'
[22.071s] [34mcolcon.colcon_core.environment[0m [1;30mLevel 1[0m checking '/home/aichou/uni_projects/ROBM/robm-pixi/install/robm_bridge/bin'
[22.071s] [34mcolcon.colcon_core.environment[0m [1;30mLevel 1[0m create_environment_scripts_only(robm_bridge)
[22.072s] [34mcolcon.colcon_core.shell[0m [1;30mINFO[0m Creating package script '/home/aichou/uni_projects/ROBM/robm-pixi/install/robm_bridge/share/robm_bridge/package.ps1'
[22.073s] [34mcolcon.colcon_core.shell[0m [1;30mINFO[0m Creating package descriptor '/home/aichou/uni_projects/ROBM/robm-pixi/install/robm_bridge/share/robm_bridge/package.dsv'
[22.074s] [34mcolcon.colcon_core.shell[0m [1;30mINFO[0m Creating package script '/home/aichou/uni_projects/ROBM/robm-pixi/install/robm_bridge/share/robm_bridge/package.sh'
[22.074s] [34mcolcon.colcon_core.shell[0m [1;30mINFO[0m Creating package script '/home/aichou/uni_projects/ROBM/robm-pixi/install/robm_bridge/share/robm_bridge/package.bash'
[22.075s] [34mcolcon.colcon_core.shell[0m [1;30mINFO[0m Creating package script '/home/aichou/uni_projects/ROBM/robm-pixi/install/robm_bridge/share/robm_bridge/package.zsh'
[22.076s] [34mcolcon.colcon_core.environment[0m [1;30mLevel 1[0m create_file_with_runtime_dependencies(/home/aichou/uni_projects/ROBM/robm-pixi/install/robm_bridge/share/colcon-core/packages/robm_bridge)
[22.076s] [34mcolcon.colcon_parallel_executor.executor.parallel[0m [1;30mDEBUG[0m [32mclosing loop[0m
[22.077s] [34mcolcon.colcon_parallel_executor.executor.parallel[0m [1;30mDEBUG[0m [32mloop closed[0m
[22.077s] [34mcolcon.colcon_parallel_executor.executor.parallel[0m [1;30mDEBUG[0m [32mrun_until_complete finished with '0'[0m
[22.078s] [34mcolcon.colcon_core.event_reactor[0m [1;30mDEBUG[0m [32mjoining thread[0m
[22.080s] [34mcolcon.colcon_core.event_reactor[0m [1;30mDEBUG[0m [32mjoined thread[0m
[22.080s] [34mcolcon.colcon_core.shell[0m [1;30mINFO[0m Creating prefix script '/home/aichou/uni_projects/ROBM/robm-pixi/install/local_setup.ps1'
[22.084s] [34mcolcon.colcon_core.shell[0m [1;30mINFO[0m Creating prefix util module '/home/aichou/uni_projects/ROBM/robm-pixi/install/_local_setup_util_ps1.py'
[22.087s] [34mcolcon.colcon_core.shell[0m [1;30mINFO[0m Creating prefix chain script '/home/aichou/uni_projects/ROBM/robm-pixi/install/setup.ps1'
[22.089s] [34mcolcon.colcon_core.shell[0m [1;30mINFO[0m Creating prefix script '/home/aichou/uni_projects/ROBM/robm-pixi/install/local_setup.sh'
[22.090s] [34mcolcon.colcon_core.shell[0m [1;30mINFO[0m Creating prefix util module '/home/aichou/uni_projects/ROBM/robm-pixi/install/_local_setup_util_sh.py'
[22.091s] [34mcolcon.colcon_core.shell[0m [1;30mINFO[0m Creating prefix chain script '/home/aichou/uni_projects/ROBM/robm-pixi/install/setup.sh'
[22.093s] [34mcolcon.colcon_core.shell[0m [1;30mINFO[0m Creating prefix script '/home/aichou/uni_projects/ROBM/robm-pixi/install/local_setup.bash'
[22.094s] [34mcolcon.colcon_core.shell[0m [1;30mINFO[0m Creating prefix chain script '/home/aichou/uni_projects/ROBM/robm-pixi/install/setup.bash'
[22.096s] [34mcolcon.colcon_core.shell[0m [1;30mINFO[0m Creating prefix script '/home/aichou/uni_projects/ROBM/robm-pixi/install/local_setup.zsh'
[22.097s] [34mcolcon.colcon_core.shell[0m [1;30mINFO[0m Creating prefix chain script '/home/aichou/uni_projects/ROBM/robm-pixi/install/setup.zsh'
