[0.819s] Invoking command in '/home/aichou/uni_projects/ROBM/robm-pixi/build/key_teleop': CONDA_ENV_SHLVL_2_PIXI_PROMPT=(robm) PIXI_PROMPT=(robm) PS1=(robm) \[\e]0;\u@\h: \w\a\]${debian_chroot:+($debian_chroot)}\[\033[01;32m\]\u@\h\[\033[00m\]:\[\033[01;34m\]\w\[\033[00m\]\$ PYTHONPATH=/home/aichou/uni_projects/ROBM/robm-pixi/build/key_teleop/prefix_override:/home/aichou/uni_projects/ROBM/robm-pixi/.pixi/envs/default/lib/python3.12/site-packages/colcon_core/task/python/colcon_distutils_commands:/home/aichou/uni_projects/ROBM/robm-pixi/install/key_teleop/lib/python3.12/site-packages:${PYTHONPATH} /home/aichou/uni_projects/ROBM/robm-pixi/.pixi/envs/default/bin/python3.12 -W ignore:setup.py install is deprecated -W ignore:easy_install command is deprecated setup.py develop --editable --build-directory /home/aichou/uni_projects/ROBM/robm-pixi/build/key_teleop/build --no-deps symlink_data
[0.918s] /home/aichou/uni_projects/ROBM/robm-pixi/.pixi/envs/default/lib/python3.12/site-packages/setuptools/_distutils/dist.py:289: UserWarning: Unknown distribution option: 'tests_require'
[0.918s]   warnings.warn(msg)
[0.937s] /home/aichou/uni_projects/ROBM/robm-pixi/.pixi/envs/default/lib/python3.12/site-packages/setuptools/dist.py:759: SetuptoolsDeprecationWarning: License classifiers are deprecated.
[0.937s] !!
[0.937s] 
[0.937s]         ********************************************************************************
[0.937s]         Please consider removing the following classifiers in favor of a SPDX license expression:
[0.937s] 
[0.937s]         License :: OSI Approved :: BSD
[0.937s] 
[0.937s]         See https://packaging.python.org/en/latest/guides/writing-pyproject-toml/#license for details.
[0.937s]         ********************************************************************************
[0.937s] 
[0.937s] !!
[0.937s]   self._finalize_license_expression()
[1.004s] running develop
[1.111s] running egg_info
[1.121s] creating key_teleop.egg-info
[1.121s] writing key_teleop.egg-info/PKG-INFO
[1.121s] writing dependency_links to key_teleop.egg-info/dependency_links.txt
[1.122s] writing entry points to key_teleop.egg-info/entry_points.txt
[1.122s] writing requirements to key_teleop.egg-info/requires.txt
[1.122s] writing top-level names to key_teleop.egg-info/top_level.txt
[1.122s] writing manifest file 'key_teleop.egg-info/SOURCES.txt'
[1.159s] reading manifest file 'key_teleop.egg-info/SOURCES.txt'
[1.165s] writing manifest file 'key_teleop.egg-info/SOURCES.txt'
[1.186s] running build_ext
[1.186s] Creating /home/aichou/uni_projects/ROBM/robm-pixi/install/key_teleop/lib/python3.12/site-packages/key-teleop.egg-link (link to .)
[1.187s] Installing key_teleop script to /home/aichou/uni_projects/ROBM/robm-pixi/install/key_teleop/lib/key_teleop
[1.187s] 
[1.187s] Installed /home/aichou/uni_projects/ROBM/robm-pixi/build/key_teleop
[1.188s] running symlink_data
[1.188s] symbolically linking /home/aichou/uni_projects/ROBM/robm-pixi/build/key_teleop/package.xml -> /home/aichou/uni_projects/ROBM/robm-pixi/install/key_teleop/share/key_teleop
[1.188s] creating /home/aichou/uni_projects/ROBM/robm-pixi/install/key_teleop/share/key_teleop/config
[1.189s] symbolically linking /home/aichou/uni_projects/ROBM/robm-pixi/build/key_teleop/config/key_teleop.yaml -> /home/aichou/uni_projects/ROBM/robm-pixi/install/key_teleop/share/key_teleop/config
[1.189s] creating /home/aichou/uni_projects/ROBM/robm-pixi/install/key_teleop/share/ament_index/resource_index/packages
[1.190s] symbolically linking /home/aichou/uni_projects/ROBM/robm-pixi/build/key_teleop/resource/key_teleop -> /home/aichou/uni_projects/ROBM/robm-pixi/install/key_teleop/share/ament_index/resource_index/packages
[1.220s] Invoked command in '/home/aichou/uni_projects/ROBM/robm-pixi/build/key_teleop' returned '0': CONDA_ENV_SHLVL_2_PIXI_PROMPT=(robm) PIXI_PROMPT=(robm) PS1=(robm) \[\e]0;\u@\h: \w\a\]${debian_chroot:+($debian_chroot)}\[\033[01;32m\]\u@\h\[\033[00m\]:\[\033[01;34m\]\w\[\033[00m\]\$ PYTHONPATH=/home/aichou/uni_projects/ROBM/robm-pixi/build/key_teleop/prefix_override:/home/aichou/uni_projects/ROBM/robm-pixi/.pixi/envs/default/lib/python3.12/site-packages/colcon_core/task/python/colcon_distutils_commands:/home/aichou/uni_projects/ROBM/robm-pixi/install/key_teleop/lib/python3.12/site-packages:${PYTHONPATH} /home/aichou/uni_projects/ROBM/robm-pixi/.pixi/envs/default/bin/python3.12 -W ignore:setup.py install is deprecated -W ignore:easy_install command is deprecated setup.py develop --editable --build-directory /home/aichou/uni_projects/ROBM/robm-pixi/build/key_teleop/build --no-deps symlink_data
